ARM GAS  C:\Users\28576\AppData\Local\Temp\ccIAIsbk.s 			page 1


   1              		.cpu cortex-m7
   2              		.arch armv7e-m
   3              		.fpu fpv5-d16
   4              		.eabi_attribute 28, 1
   5              		.eabi_attribute 20, 1
   6              		.eabi_attribute 21, 1
   7              		.eabi_attribute 23, 3
   8              		.eabi_attribute 24, 1
   9              		.eabi_attribute 25, 1
  10              		.eabi_attribute 26, 1
  11              		.eabi_attribute 30, 1
  12              		.eabi_attribute 34, 1
  13              		.eabi_attribute 18, 4
  14              		.file	"lv_array.c"
  15              		.text
  16              	.Ltext0:
  17              		.cfi_sections	.debug_frame
  18              		.file 1 "../../Middlewares/LVGL/GUI/lvgl/src/misc/lv_array.c"
  19              		.section	.text.lv_array_init,"ax",%progbits
  20              		.align	1
  21              		.global	lv_array_init
  22              		.syntax unified
  23              		.thumb
  24              		.thumb_func
  26              	lv_array_init:
  27              	.LVL0:
  28              	.LFB9:
   1:../../Middlewares/LVGL/GUI/lvgl/src/misc/lv_array.c **** /**
   2:../../Middlewares/LVGL/GUI/lvgl/src/misc/lv_array.c ****  * @file lv_array.c
   3:../../Middlewares/LVGL/GUI/lvgl/src/misc/lv_array.c ****  * Array.
   4:../../Middlewares/LVGL/GUI/lvgl/src/misc/lv_array.c ****  * The nodes are dynamically allocated by the 'lv_mem' module,
   5:../../Middlewares/LVGL/GUI/lvgl/src/misc/lv_array.c ****  */
   6:../../Middlewares/LVGL/GUI/lvgl/src/misc/lv_array.c **** 
   7:../../Middlewares/LVGL/GUI/lvgl/src/misc/lv_array.c **** /*********************
   8:../../Middlewares/LVGL/GUI/lvgl/src/misc/lv_array.c ****  *      INCLUDES
   9:../../Middlewares/LVGL/GUI/lvgl/src/misc/lv_array.c ****  *********************/
  10:../../Middlewares/LVGL/GUI/lvgl/src/misc/lv_array.c **** #include "lv_array.h"
  11:../../Middlewares/LVGL/GUI/lvgl/src/misc/lv_array.c **** #include "../stdlib/lv_mem.h"
  12:../../Middlewares/LVGL/GUI/lvgl/src/misc/lv_array.c **** #include "../stdlib/lv_string.h"
  13:../../Middlewares/LVGL/GUI/lvgl/src/misc/lv_array.c **** 
  14:../../Middlewares/LVGL/GUI/lvgl/src/misc/lv_array.c **** #include "lv_assert.h"
  15:../../Middlewares/LVGL/GUI/lvgl/src/misc/lv_array.c **** /*********************
  16:../../Middlewares/LVGL/GUI/lvgl/src/misc/lv_array.c ****  *      DEFINES
  17:../../Middlewares/LVGL/GUI/lvgl/src/misc/lv_array.c ****  *********************/
  18:../../Middlewares/LVGL/GUI/lvgl/src/misc/lv_array.c **** 
  19:../../Middlewares/LVGL/GUI/lvgl/src/misc/lv_array.c **** /**********************
  20:../../Middlewares/LVGL/GUI/lvgl/src/misc/lv_array.c ****  *      TYPEDEFS
  21:../../Middlewares/LVGL/GUI/lvgl/src/misc/lv_array.c ****  **********************/
  22:../../Middlewares/LVGL/GUI/lvgl/src/misc/lv_array.c **** 
  23:../../Middlewares/LVGL/GUI/lvgl/src/misc/lv_array.c **** /**********************
  24:../../Middlewares/LVGL/GUI/lvgl/src/misc/lv_array.c ****  *  STATIC PROTOTYPES
  25:../../Middlewares/LVGL/GUI/lvgl/src/misc/lv_array.c ****  **********************/
  26:../../Middlewares/LVGL/GUI/lvgl/src/misc/lv_array.c **** 
  27:../../Middlewares/LVGL/GUI/lvgl/src/misc/lv_array.c **** /**********************
  28:../../Middlewares/LVGL/GUI/lvgl/src/misc/lv_array.c ****  *  STATIC VARIABLES
  29:../../Middlewares/LVGL/GUI/lvgl/src/misc/lv_array.c ****  **********************/
  30:../../Middlewares/LVGL/GUI/lvgl/src/misc/lv_array.c **** 
ARM GAS  C:\Users\28576\AppData\Local\Temp\ccIAIsbk.s 			page 2


  31:../../Middlewares/LVGL/GUI/lvgl/src/misc/lv_array.c **** /**********************
  32:../../Middlewares/LVGL/GUI/lvgl/src/misc/lv_array.c ****  *      MACROS
  33:../../Middlewares/LVGL/GUI/lvgl/src/misc/lv_array.c ****  **********************/
  34:../../Middlewares/LVGL/GUI/lvgl/src/misc/lv_array.c **** 
  35:../../Middlewares/LVGL/GUI/lvgl/src/misc/lv_array.c **** /**********************
  36:../../Middlewares/LVGL/GUI/lvgl/src/misc/lv_array.c ****  *   GLOBAL FUNCTIONS
  37:../../Middlewares/LVGL/GUI/lvgl/src/misc/lv_array.c ****  **********************/
  38:../../Middlewares/LVGL/GUI/lvgl/src/misc/lv_array.c **** void lv_array_init(lv_array_t * array, uint32_t capacity, uint32_t element_size)
  39:../../Middlewares/LVGL/GUI/lvgl/src/misc/lv_array.c **** {
  29              		.loc 1 39 1 view -0
  30              		.cfi_startproc
  31              		@ args = 0, pretend = 0, frame = 0
  32              		@ frame_needed = 0, uses_anonymous_args = 0
  33              		.loc 1 39 1 is_stmt 0 view .LVU1
  34 0000 10B5     		push	{r4, lr}
  35              	.LCFI0:
  36              		.cfi_def_cfa_offset 8
  37              		.cfi_offset 4, -8
  38              		.cfi_offset 14, -4
  39 0002 0446     		mov	r4, r0
  40:../../Middlewares/LVGL/GUI/lvgl/src/misc/lv_array.c ****     array->size = 0;
  40              		.loc 1 40 5 is_stmt 1 view .LVU2
  41              		.loc 1 40 17 is_stmt 0 view .LVU3
  42 0004 0023     		movs	r3, #0
  43 0006 4360     		str	r3, [r0, #4]
  41:../../Middlewares/LVGL/GUI/lvgl/src/misc/lv_array.c ****     array->capacity = capacity;
  44              		.loc 1 41 5 is_stmt 1 view .LVU4
  45              		.loc 1 41 21 is_stmt 0 view .LVU5
  46 0008 8160     		str	r1, [r0, #8]
  42:../../Middlewares/LVGL/GUI/lvgl/src/misc/lv_array.c ****     array->element_size = element_size;
  47              		.loc 1 42 5 is_stmt 1 view .LVU6
  48              		.loc 1 42 25 is_stmt 0 view .LVU7
  49 000a C260     		str	r2, [r0, #12]
  43:../../Middlewares/LVGL/GUI/lvgl/src/misc/lv_array.c **** 
  44:../../Middlewares/LVGL/GUI/lvgl/src/misc/lv_array.c ****     array->data = lv_malloc(capacity * element_size);
  50              		.loc 1 44 5 is_stmt 1 view .LVU8
  51              		.loc 1 44 19 is_stmt 0 view .LVU9
  52 000c 02FB01F0 		mul	r0, r2, r1
  53              	.LVL1:
  54              		.loc 1 44 19 view .LVU10
  55 0010 FFF7FEFF 		bl	lv_malloc
  56              	.LVL2:
  57              		.loc 1 44 17 discriminator 1 view .LVU11
  58 0014 2060     		str	r0, [r4]
  45:../../Middlewares/LVGL/GUI/lvgl/src/misc/lv_array.c ****     array->inner_alloc = true;
  59              		.loc 1 45 5 is_stmt 1 view .LVU12
  60              		.loc 1 45 24 is_stmt 0 view .LVU13
  61 0016 0123     		movs	r3, #1
  62 0018 2374     		strb	r3, [r4, #16]
  46:../../Middlewares/LVGL/GUI/lvgl/src/misc/lv_array.c ****     LV_ASSERT_MALLOC(array->data);
  63              		.loc 1 46 5 is_stmt 1 view .LVU14
  64              		.loc 1 46 5 view .LVU15
  65 001a 00B1     		cbz	r0, .L3
  47:../../Middlewares/LVGL/GUI/lvgl/src/misc/lv_array.c **** }
  66              		.loc 1 47 1 is_stmt 0 view .LVU16
  67 001c 10BD     		pop	{r4, pc}
  68              	.LVL3:
ARM GAS  C:\Users\28576\AppData\Local\Temp\ccIAIsbk.s 			page 3


  69              	.L3:
  46:../../Middlewares/LVGL/GUI/lvgl/src/misc/lv_array.c ****     LV_ASSERT_MALLOC(array->data);
  70              		.loc 1 46 5 is_stmt 1 view .LVU17
  46:../../Middlewares/LVGL/GUI/lvgl/src/misc/lv_array.c ****     LV_ASSERT_MALLOC(array->data);
  71              		.loc 1 46 5 view .LVU18
  46:../../Middlewares/LVGL/GUI/lvgl/src/misc/lv_array.c ****     LV_ASSERT_MALLOC(array->data);
  72              		.loc 1 46 5 view .LVU19
  46:../../Middlewares/LVGL/GUI/lvgl/src/misc/lv_array.c ****     LV_ASSERT_MALLOC(array->data);
  73              		.loc 1 46 5 view .LVU20
  46:../../Middlewares/LVGL/GUI/lvgl/src/misc/lv_array.c ****     LV_ASSERT_MALLOC(array->data);
  74              		.loc 1 46 5 view .LVU21
  75 001e FEE7     		b	.L3
  76              		.cfi_endproc
  77              	.LFE9:
  79              		.section	.text.lv_array_init_from_buf,"ax",%progbits
  80              		.align	1
  81              		.global	lv_array_init_from_buf
  82              		.syntax unified
  83              		.thumb
  84              		.thumb_func
  86              	lv_array_init_from_buf:
  87              	.LVL4:
  88              	.LFB10:
  48:../../Middlewares/LVGL/GUI/lvgl/src/misc/lv_array.c **** 
  49:../../Middlewares/LVGL/GUI/lvgl/src/misc/lv_array.c **** void lv_array_init_from_buf(lv_array_t * array, void * buf, uint32_t capacity, uint32_t element_siz
  50:../../Middlewares/LVGL/GUI/lvgl/src/misc/lv_array.c **** {
  89              		.loc 1 50 1 view -0
  90              		.cfi_startproc
  91              		@ args = 0, pretend = 0, frame = 0
  92              		@ frame_needed = 0, uses_anonymous_args = 0
  93              		@ link register save eliminated.
  51:../../Middlewares/LVGL/GUI/lvgl/src/misc/lv_array.c ****     LV_ASSERT_NULL(buf);
  94              		.loc 1 51 5 view .LVU23
  95              		.loc 1 51 5 view .LVU24
  96 0000 8C46     		mov	ip, r1
  97 0002 39B1     		cbz	r1, .L7
  98              		.loc 1 51 5 view .LVU25
  99              		.loc 1 51 24 view .LVU26
  52:../../Middlewares/LVGL/GUI/lvgl/src/misc/lv_array.c ****     array->size = 0;
 100              		.loc 1 52 5 view .LVU27
 101              		.loc 1 52 17 is_stmt 0 view .LVU28
 102 0004 0021     		movs	r1, #0
 103              	.LVL5:
 104              		.loc 1 52 17 view .LVU29
 105 0006 4160     		str	r1, [r0, #4]
  53:../../Middlewares/LVGL/GUI/lvgl/src/misc/lv_array.c ****     array->capacity = capacity;
 106              		.loc 1 53 5 is_stmt 1 view .LVU30
 107              		.loc 1 53 21 is_stmt 0 view .LVU31
 108 0008 8260     		str	r2, [r0, #8]
  54:../../Middlewares/LVGL/GUI/lvgl/src/misc/lv_array.c ****     array->element_size = element_size;
 109              		.loc 1 54 5 is_stmt 1 view .LVU32
 110              		.loc 1 54 25 is_stmt 0 view .LVU33
 111 000a C360     		str	r3, [r0, #12]
  55:../../Middlewares/LVGL/GUI/lvgl/src/misc/lv_array.c **** 
  56:../../Middlewares/LVGL/GUI/lvgl/src/misc/lv_array.c ****     array->data = buf;
 112              		.loc 1 56 5 is_stmt 1 view .LVU34
 113              		.loc 1 56 17 is_stmt 0 view .LVU35
ARM GAS  C:\Users\28576\AppData\Local\Temp\ccIAIsbk.s 			page 4


 114 000c C0F800C0 		str	ip, [r0]
  57:../../Middlewares/LVGL/GUI/lvgl/src/misc/lv_array.c ****     array->inner_alloc = false;
 115              		.loc 1 57 5 is_stmt 1 view .LVU36
 116              		.loc 1 57 24 is_stmt 0 view .LVU37
 117 0010 0174     		strb	r1, [r0, #16]
  58:../../Middlewares/LVGL/GUI/lvgl/src/misc/lv_array.c **** }
 118              		.loc 1 58 1 view .LVU38
 119 0012 7047     		bx	lr
 120              	.LVL6:
 121              	.L7:
  51:../../Middlewares/LVGL/GUI/lvgl/src/misc/lv_array.c ****     array->size = 0;
 122              		.loc 1 51 5 is_stmt 1 view .LVU39
  51:../../Middlewares/LVGL/GUI/lvgl/src/misc/lv_array.c ****     array->size = 0;
 123              		.loc 1 51 5 view .LVU40
  51:../../Middlewares/LVGL/GUI/lvgl/src/misc/lv_array.c ****     array->size = 0;
 124              		.loc 1 51 5 view .LVU41
  51:../../Middlewares/LVGL/GUI/lvgl/src/misc/lv_array.c ****     array->size = 0;
 125              		.loc 1 51 5 view .LVU42
  51:../../Middlewares/LVGL/GUI/lvgl/src/misc/lv_array.c ****     array->size = 0;
 126              		.loc 1 51 5 view .LVU43
 127 0014 FEE7     		b	.L7
 128              		.cfi_endproc
 129              	.LFE10:
 131              		.section	.text.lv_array_deinit,"ax",%progbits
 132              		.align	1
 133              		.global	lv_array_deinit
 134              		.syntax unified
 135              		.thumb
 136              		.thumb_func
 138              	lv_array_deinit:
 139              	.LVL7:
 140              	.LFB11:
  59:../../Middlewares/LVGL/GUI/lvgl/src/misc/lv_array.c **** 
  60:../../Middlewares/LVGL/GUI/lvgl/src/misc/lv_array.c **** void lv_array_deinit(lv_array_t * array)
  61:../../Middlewares/LVGL/GUI/lvgl/src/misc/lv_array.c **** {
 141              		.loc 1 61 1 view -0
 142              		.cfi_startproc
 143              		@ args = 0, pretend = 0, frame = 0
 144              		@ frame_needed = 0, uses_anonymous_args = 0
 145              		.loc 1 61 1 is_stmt 0 view .LVU45
 146 0000 10B5     		push	{r4, lr}
 147              	.LCFI1:
 148              		.cfi_def_cfa_offset 8
 149              		.cfi_offset 4, -8
 150              		.cfi_offset 14, -4
 151 0002 0446     		mov	r4, r0
  62:../../Middlewares/LVGL/GUI/lvgl/src/misc/lv_array.c ****     if(array->data) {
 152              		.loc 1 62 5 is_stmt 1 view .LVU46
 153              		.loc 1 62 13 is_stmt 0 view .LVU47
 154 0004 0068     		ldr	r0, [r0]
 155              	.LVL8:
 156              		.loc 1 62 7 view .LVU48
 157 0006 18B1     		cbz	r0, .L9
  63:../../Middlewares/LVGL/GUI/lvgl/src/misc/lv_array.c ****         if(array->inner_alloc) lv_free(array->data);
 158              		.loc 1 63 9 is_stmt 1 view .LVU49
 159              		.loc 1 63 17 is_stmt 0 view .LVU50
 160 0008 237C     		ldrb	r3, [r4, #16]	@ zero_extendqisi2
ARM GAS  C:\Users\28576\AppData\Local\Temp\ccIAIsbk.s 			page 5


 161              		.loc 1 63 11 view .LVU51
 162 000a 2BB9     		cbnz	r3, .L12
 163              	.L10:
  64:../../Middlewares/LVGL/GUI/lvgl/src/misc/lv_array.c ****         array->data = NULL;
 164              		.loc 1 64 9 is_stmt 1 view .LVU52
 165              		.loc 1 64 21 is_stmt 0 view .LVU53
 166 000c 0023     		movs	r3, #0
 167 000e 2360     		str	r3, [r4]
 168              	.L9:
  65:../../Middlewares/LVGL/GUI/lvgl/src/misc/lv_array.c ****     }
  66:../../Middlewares/LVGL/GUI/lvgl/src/misc/lv_array.c **** 
  67:../../Middlewares/LVGL/GUI/lvgl/src/misc/lv_array.c ****     array->size = 0;
 169              		.loc 1 67 5 is_stmt 1 view .LVU54
 170              		.loc 1 67 17 is_stmt 0 view .LVU55
 171 0010 0023     		movs	r3, #0
 172 0012 6360     		str	r3, [r4, #4]
  68:../../Middlewares/LVGL/GUI/lvgl/src/misc/lv_array.c ****     array->capacity = 0;
 173              		.loc 1 68 5 is_stmt 1 view .LVU56
 174              		.loc 1 68 21 is_stmt 0 view .LVU57
 175 0014 A360     		str	r3, [r4, #8]
  69:../../Middlewares/LVGL/GUI/lvgl/src/misc/lv_array.c **** }
 176              		.loc 1 69 1 view .LVU58
 177 0016 10BD     		pop	{r4, pc}
 178              	.LVL9:
 179              	.L12:
  63:../../Middlewares/LVGL/GUI/lvgl/src/misc/lv_array.c ****         array->data = NULL;
 180              		.loc 1 63 32 is_stmt 1 discriminator 1 view .LVU59
 181 0018 FFF7FEFF 		bl	lv_free
 182              	.LVL10:
 183 001c F6E7     		b	.L10
 184              		.cfi_endproc
 185              	.LFE11:
 187              		.section	.text.lv_array_copy,"ax",%progbits
 188              		.align	1
 189              		.global	lv_array_copy
 190              		.syntax unified
 191              		.thumb
 192              		.thumb_func
 194              	lv_array_copy:
 195              	.LVL11:
 196              	.LFB12:
  70:../../Middlewares/LVGL/GUI/lvgl/src/misc/lv_array.c **** 
  71:../../Middlewares/LVGL/GUI/lvgl/src/misc/lv_array.c **** void lv_array_copy(lv_array_t * target, const lv_array_t * source)
  72:../../Middlewares/LVGL/GUI/lvgl/src/misc/lv_array.c **** {
 197              		.loc 1 72 1 view -0
 198              		.cfi_startproc
 199              		@ args = 0, pretend = 0, frame = 0
 200              		@ frame_needed = 0, uses_anonymous_args = 0
 201              		.loc 1 72 1 is_stmt 0 view .LVU61
 202 0000 38B5     		push	{r3, r4, r5, lr}
 203              	.LCFI2:
 204              		.cfi_def_cfa_offset 16
 205              		.cfi_offset 3, -16
 206              		.cfi_offset 4, -12
 207              		.cfi_offset 5, -8
 208              		.cfi_offset 14, -4
  73:../../Middlewares/LVGL/GUI/lvgl/src/misc/lv_array.c ****     if(lv_array_is_empty(source)) {
ARM GAS  C:\Users\28576\AppData\Local\Temp\ccIAIsbk.s 			page 6


 209              		.loc 1 73 5 is_stmt 1 view .LVU62
 210              	.LVL12:
 211              	.LBB6:
 212              	.LBI6:
 213              		.file 2 "../../Middlewares/LVGL/GUI/lvgl/src/misc/lv_array.h"
   1:../../Middlewares/LVGL/GUI/lvgl/src/misc/lv_array.h **** /**
   2:../../Middlewares/LVGL/GUI/lvgl/src/misc/lv_array.h ****  * @file lv_array.h
   3:../../Middlewares/LVGL/GUI/lvgl/src/misc/lv_array.h ****  * Array. The elements are dynamically allocated by the 'lv_mem' module.
   4:../../Middlewares/LVGL/GUI/lvgl/src/misc/lv_array.h ****  */
   5:../../Middlewares/LVGL/GUI/lvgl/src/misc/lv_array.h **** 
   6:../../Middlewares/LVGL/GUI/lvgl/src/misc/lv_array.h **** #ifndef LV_ARRAY_H
   7:../../Middlewares/LVGL/GUI/lvgl/src/misc/lv_array.h **** #define LV_ARRAY_H
   8:../../Middlewares/LVGL/GUI/lvgl/src/misc/lv_array.h **** 
   9:../../Middlewares/LVGL/GUI/lvgl/src/misc/lv_array.h **** #ifdef __cplusplus
  10:../../Middlewares/LVGL/GUI/lvgl/src/misc/lv_array.h **** extern "C" {
  11:../../Middlewares/LVGL/GUI/lvgl/src/misc/lv_array.h **** #endif
  12:../../Middlewares/LVGL/GUI/lvgl/src/misc/lv_array.h **** 
  13:../../Middlewares/LVGL/GUI/lvgl/src/misc/lv_array.h **** /*********************
  14:../../Middlewares/LVGL/GUI/lvgl/src/misc/lv_array.h ****  *      INCLUDES
  15:../../Middlewares/LVGL/GUI/lvgl/src/misc/lv_array.h ****  *********************/
  16:../../Middlewares/LVGL/GUI/lvgl/src/misc/lv_array.h **** #include "lv_types.h"
  17:../../Middlewares/LVGL/GUI/lvgl/src/misc/lv_array.h **** 
  18:../../Middlewares/LVGL/GUI/lvgl/src/misc/lv_array.h **** /*********************
  19:../../Middlewares/LVGL/GUI/lvgl/src/misc/lv_array.h ****  *      DEFINES
  20:../../Middlewares/LVGL/GUI/lvgl/src/misc/lv_array.h ****  *********************/
  21:../../Middlewares/LVGL/GUI/lvgl/src/misc/lv_array.h **** 
  22:../../Middlewares/LVGL/GUI/lvgl/src/misc/lv_array.h **** #ifndef LV_ARRAY_DEFAULT_CAPACITY
  23:../../Middlewares/LVGL/GUI/lvgl/src/misc/lv_array.h **** #define LV_ARRAY_DEFAULT_CAPACITY  4
  24:../../Middlewares/LVGL/GUI/lvgl/src/misc/lv_array.h **** #endif
  25:../../Middlewares/LVGL/GUI/lvgl/src/misc/lv_array.h **** 
  26:../../Middlewares/LVGL/GUI/lvgl/src/misc/lv_array.h **** #ifndef LV_ARRAY_DEFAULT_SHRINK_RATIO
  27:../../Middlewares/LVGL/GUI/lvgl/src/misc/lv_array.h **** #define LV_ARRAY_DEFAULT_SHRINK_RATIO 2
  28:../../Middlewares/LVGL/GUI/lvgl/src/misc/lv_array.h **** #endif
  29:../../Middlewares/LVGL/GUI/lvgl/src/misc/lv_array.h **** 
  30:../../Middlewares/LVGL/GUI/lvgl/src/misc/lv_array.h **** /**********************
  31:../../Middlewares/LVGL/GUI/lvgl/src/misc/lv_array.h ****  *      TYPEDEFS
  32:../../Middlewares/LVGL/GUI/lvgl/src/misc/lv_array.h ****  **********************/
  33:../../Middlewares/LVGL/GUI/lvgl/src/misc/lv_array.h **** 
  34:../../Middlewares/LVGL/GUI/lvgl/src/misc/lv_array.h **** /** Description of a array*/
  35:../../Middlewares/LVGL/GUI/lvgl/src/misc/lv_array.h **** struct _lv_array_t {
  36:../../Middlewares/LVGL/GUI/lvgl/src/misc/lv_array.h ****     uint8_t * data;
  37:../../Middlewares/LVGL/GUI/lvgl/src/misc/lv_array.h ****     uint32_t size;
  38:../../Middlewares/LVGL/GUI/lvgl/src/misc/lv_array.h ****     uint32_t capacity;
  39:../../Middlewares/LVGL/GUI/lvgl/src/misc/lv_array.h ****     uint32_t element_size;
  40:../../Middlewares/LVGL/GUI/lvgl/src/misc/lv_array.h **** 
  41:../../Middlewares/LVGL/GUI/lvgl/src/misc/lv_array.h ****     bool inner_alloc; /* true: data is allocated by the array; false: data is allocated by the user
  42:../../Middlewares/LVGL/GUI/lvgl/src/misc/lv_array.h **** };
  43:../../Middlewares/LVGL/GUI/lvgl/src/misc/lv_array.h **** 
  44:../../Middlewares/LVGL/GUI/lvgl/src/misc/lv_array.h **** /**********************
  45:../../Middlewares/LVGL/GUI/lvgl/src/misc/lv_array.h ****  * GLOBAL PROTOTYPES
  46:../../Middlewares/LVGL/GUI/lvgl/src/misc/lv_array.h ****  **********************/
  47:../../Middlewares/LVGL/GUI/lvgl/src/misc/lv_array.h **** 
  48:../../Middlewares/LVGL/GUI/lvgl/src/misc/lv_array.h **** /**
  49:../../Middlewares/LVGL/GUI/lvgl/src/misc/lv_array.h ****  * Init an array.
  50:../../Middlewares/LVGL/GUI/lvgl/src/misc/lv_array.h ****  * @param array pointer to an `lv_array_t` variable to initialize
  51:../../Middlewares/LVGL/GUI/lvgl/src/misc/lv_array.h ****  * @param capacity the initial capacity of the array
  52:../../Middlewares/LVGL/GUI/lvgl/src/misc/lv_array.h ****  * @param element_size the size of an element in bytes
ARM GAS  C:\Users\28576\AppData\Local\Temp\ccIAIsbk.s 			page 7


  53:../../Middlewares/LVGL/GUI/lvgl/src/misc/lv_array.h ****  */
  54:../../Middlewares/LVGL/GUI/lvgl/src/misc/lv_array.h **** void lv_array_init(lv_array_t * array, uint32_t capacity, uint32_t element_size);
  55:../../Middlewares/LVGL/GUI/lvgl/src/misc/lv_array.h **** 
  56:../../Middlewares/LVGL/GUI/lvgl/src/misc/lv_array.h **** /**
  57:../../Middlewares/LVGL/GUI/lvgl/src/misc/lv_array.h ****  * Init an array from a buffer.
  58:../../Middlewares/LVGL/GUI/lvgl/src/misc/lv_array.h ****  * @note The buffer must be large enough to store `capacity` elements. The array will not release t
  59:../../Middlewares/LVGL/GUI/lvgl/src/misc/lv_array.h ****  *       The user must ensure that the buffer is valid during the lifetime of the array. And releas
  60:../../Middlewares/LVGL/GUI/lvgl/src/misc/lv_array.h ****  * @param array pointer to an `lv_array_t` variable to initialize
  61:../../Middlewares/LVGL/GUI/lvgl/src/misc/lv_array.h ****  * @param buf pointer to a buffer to use as the array's data
  62:../../Middlewares/LVGL/GUI/lvgl/src/misc/lv_array.h ****  * @param capacity the initial capacity of the array
  63:../../Middlewares/LVGL/GUI/lvgl/src/misc/lv_array.h ****  * @param element_size the size of an element in bytes
  64:../../Middlewares/LVGL/GUI/lvgl/src/misc/lv_array.h ****  */
  65:../../Middlewares/LVGL/GUI/lvgl/src/misc/lv_array.h **** void lv_array_init_from_buf(lv_array_t * array, void * buf, uint32_t capacity, uint32_t element_siz
  66:../../Middlewares/LVGL/GUI/lvgl/src/misc/lv_array.h **** 
  67:../../Middlewares/LVGL/GUI/lvgl/src/misc/lv_array.h **** /**
  68:../../Middlewares/LVGL/GUI/lvgl/src/misc/lv_array.h ****  * Resize the array to the given capacity.
  69:../../Middlewares/LVGL/GUI/lvgl/src/misc/lv_array.h ****  * @note if the new capacity is smaller than the current size, the array will be truncated.
  70:../../Middlewares/LVGL/GUI/lvgl/src/misc/lv_array.h ****  * @param array pointer to an `lv_array_t` variable
  71:../../Middlewares/LVGL/GUI/lvgl/src/misc/lv_array.h ****  * @param new_capacity the new capacity of the array
  72:../../Middlewares/LVGL/GUI/lvgl/src/misc/lv_array.h ****  */
  73:../../Middlewares/LVGL/GUI/lvgl/src/misc/lv_array.h **** bool lv_array_resize(lv_array_t * array, uint32_t new_capacity);
  74:../../Middlewares/LVGL/GUI/lvgl/src/misc/lv_array.h **** 
  75:../../Middlewares/LVGL/GUI/lvgl/src/misc/lv_array.h **** /**
  76:../../Middlewares/LVGL/GUI/lvgl/src/misc/lv_array.h ****  * Deinit the array, and free the allocated memory
  77:../../Middlewares/LVGL/GUI/lvgl/src/misc/lv_array.h ****  * @param array pointer to an `lv_array_t` variable to deinitialize
  78:../../Middlewares/LVGL/GUI/lvgl/src/misc/lv_array.h ****  */
  79:../../Middlewares/LVGL/GUI/lvgl/src/misc/lv_array.h **** void lv_array_deinit(lv_array_t * array);
  80:../../Middlewares/LVGL/GUI/lvgl/src/misc/lv_array.h **** 
  81:../../Middlewares/LVGL/GUI/lvgl/src/misc/lv_array.h **** /**
  82:../../Middlewares/LVGL/GUI/lvgl/src/misc/lv_array.h ****  * Return how many elements are stored in the array.
  83:../../Middlewares/LVGL/GUI/lvgl/src/misc/lv_array.h ****  * @param array pointer to an `lv_array_t` variable
  84:../../Middlewares/LVGL/GUI/lvgl/src/misc/lv_array.h ****  * @return the number of elements stored in the array
  85:../../Middlewares/LVGL/GUI/lvgl/src/misc/lv_array.h ****  */
  86:../../Middlewares/LVGL/GUI/lvgl/src/misc/lv_array.h **** static inline uint32_t lv_array_size(const lv_array_t * array)
  87:../../Middlewares/LVGL/GUI/lvgl/src/misc/lv_array.h **** {
  88:../../Middlewares/LVGL/GUI/lvgl/src/misc/lv_array.h ****     return array->size;
  89:../../Middlewares/LVGL/GUI/lvgl/src/misc/lv_array.h **** }
  90:../../Middlewares/LVGL/GUI/lvgl/src/misc/lv_array.h **** 
  91:../../Middlewares/LVGL/GUI/lvgl/src/misc/lv_array.h **** /**
  92:../../Middlewares/LVGL/GUI/lvgl/src/misc/lv_array.h ****  * Return the capacity of the array, i.e. how many elements can be stored.
  93:../../Middlewares/LVGL/GUI/lvgl/src/misc/lv_array.h ****  * @param array pointer to an `lv_array_t` variable
  94:../../Middlewares/LVGL/GUI/lvgl/src/misc/lv_array.h ****  * @return the capacity of the array
  95:../../Middlewares/LVGL/GUI/lvgl/src/misc/lv_array.h ****  */
  96:../../Middlewares/LVGL/GUI/lvgl/src/misc/lv_array.h **** static inline uint32_t lv_array_capacity(const lv_array_t * array)
  97:../../Middlewares/LVGL/GUI/lvgl/src/misc/lv_array.h **** {
  98:../../Middlewares/LVGL/GUI/lvgl/src/misc/lv_array.h ****     return array->capacity;
  99:../../Middlewares/LVGL/GUI/lvgl/src/misc/lv_array.h **** }
 100:../../Middlewares/LVGL/GUI/lvgl/src/misc/lv_array.h **** 
 101:../../Middlewares/LVGL/GUI/lvgl/src/misc/lv_array.h **** /**
 102:../../Middlewares/LVGL/GUI/lvgl/src/misc/lv_array.h ****  * Return if the array is empty
 103:../../Middlewares/LVGL/GUI/lvgl/src/misc/lv_array.h ****  * @param array pointer to an `lv_array_t` variable
 104:../../Middlewares/LVGL/GUI/lvgl/src/misc/lv_array.h ****  * @return true: array is empty; false: array is not empty
 105:../../Middlewares/LVGL/GUI/lvgl/src/misc/lv_array.h ****  */
 106:../../Middlewares/LVGL/GUI/lvgl/src/misc/lv_array.h **** static inline bool lv_array_is_empty(const lv_array_t * array)
 214              		.loc 2 106 20 view .LVU63
 215              	.LBB7:
 107:../../Middlewares/LVGL/GUI/lvgl/src/misc/lv_array.h **** {
ARM GAS  C:\Users\28576\AppData\Local\Temp\ccIAIsbk.s 			page 8


 108:../../Middlewares/LVGL/GUI/lvgl/src/misc/lv_array.h ****     return array->size == 0;
 216              		.loc 2 108 5 view .LVU64
 217              		.loc 2 108 17 is_stmt 0 view .LVU65
 218 0002 4B68     		ldr	r3, [r1, #4]
 219              	.LVL13:
 220              		.loc 2 108 17 view .LVU66
 221              	.LBE7:
 222              	.LBE6:
 223              		.loc 1 73 7 discriminator 1 view .LVU67
 224 0004 03B9     		cbnz	r3, .L16
 225              	.LVL14:
 226              	.L13:
  74:../../Middlewares/LVGL/GUI/lvgl/src/misc/lv_array.c ****         return;
  75:../../Middlewares/LVGL/GUI/lvgl/src/misc/lv_array.c ****     }
  76:../../Middlewares/LVGL/GUI/lvgl/src/misc/lv_array.c ****     lv_array_deinit(target);
  77:../../Middlewares/LVGL/GUI/lvgl/src/misc/lv_array.c ****     lv_array_init(target, source->capacity, source->element_size);
  78:../../Middlewares/LVGL/GUI/lvgl/src/misc/lv_array.c ****     lv_memcpy(target->data, source->data, source->size * source->element_size);
  79:../../Middlewares/LVGL/GUI/lvgl/src/misc/lv_array.c ****     target->size = source->size;
  80:../../Middlewares/LVGL/GUI/lvgl/src/misc/lv_array.c **** }
 227              		.loc 1 80 1 view .LVU68
 228 0006 38BD     		pop	{r3, r4, r5, pc}
 229              	.LVL15:
 230              	.L16:
 231              		.loc 1 80 1 view .LVU69
 232 0008 0546     		mov	r5, r0
 233 000a 0C46     		mov	r4, r1
  76:../../Middlewares/LVGL/GUI/lvgl/src/misc/lv_array.c ****     lv_array_init(target, source->capacity, source->element_size);
 234              		.loc 1 76 5 is_stmt 1 view .LVU70
 235 000c FFF7FEFF 		bl	lv_array_deinit
 236              	.LVL16:
  77:../../Middlewares/LVGL/GUI/lvgl/src/misc/lv_array.c ****     lv_memcpy(target->data, source->data, source->size * source->element_size);
 237              		.loc 1 77 5 view .LVU71
 238 0010 E268     		ldr	r2, [r4, #12]
 239 0012 A168     		ldr	r1, [r4, #8]
 240 0014 2846     		mov	r0, r5
 241 0016 FFF7FEFF 		bl	lv_array_init
 242              	.LVL17:
  78:../../Middlewares/LVGL/GUI/lvgl/src/misc/lv_array.c ****     target->size = source->size;
 243              		.loc 1 78 5 view .LVU72
  78:../../Middlewares/LVGL/GUI/lvgl/src/misc/lv_array.c ****     target->size = source->size;
 244              		.loc 1 78 49 is_stmt 0 view .LVU73
 245 001a 6368     		ldr	r3, [r4, #4]
  78:../../Middlewares/LVGL/GUI/lvgl/src/misc/lv_array.c ****     target->size = source->size;
 246              		.loc 1 78 64 view .LVU74
 247 001c E268     		ldr	r2, [r4, #12]
  78:../../Middlewares/LVGL/GUI/lvgl/src/misc/lv_array.c ****     target->size = source->size;
 248              		.loc 1 78 5 view .LVU75
 249 001e 03FB02F2 		mul	r2, r3, r2
 250 0022 2168     		ldr	r1, [r4]
 251 0024 2868     		ldr	r0, [r5]
 252 0026 FFF7FEFF 		bl	lv_memcpy
 253              	.LVL18:
  79:../../Middlewares/LVGL/GUI/lvgl/src/misc/lv_array.c **** }
 254              		.loc 1 79 5 is_stmt 1 view .LVU76
  79:../../Middlewares/LVGL/GUI/lvgl/src/misc/lv_array.c **** }
 255              		.loc 1 79 26 is_stmt 0 view .LVU77
 256 002a 6368     		ldr	r3, [r4, #4]
ARM GAS  C:\Users\28576\AppData\Local\Temp\ccIAIsbk.s 			page 9


  79:../../Middlewares/LVGL/GUI/lvgl/src/misc/lv_array.c **** }
 257              		.loc 1 79 18 view .LVU78
 258 002c 6B60     		str	r3, [r5, #4]
 259 002e EAE7     		b	.L13
 260              		.cfi_endproc
 261              	.LFE12:
 263              		.section	.text.lv_array_resize,"ax",%progbits
 264              		.align	1
 265              		.global	lv_array_resize
 266              		.syntax unified
 267              		.thumb
 268              		.thumb_func
 270              	lv_array_resize:
 271              	.LVL19:
 272              	.LFB16:
  81:../../Middlewares/LVGL/GUI/lvgl/src/misc/lv_array.c **** 
  82:../../Middlewares/LVGL/GUI/lvgl/src/misc/lv_array.c **** void lv_array_shrink(lv_array_t * array)
  83:../../Middlewares/LVGL/GUI/lvgl/src/misc/lv_array.c **** {
  84:../../Middlewares/LVGL/GUI/lvgl/src/misc/lv_array.c ****     if(array->size <= array->capacity / LV_ARRAY_DEFAULT_SHRINK_RATIO) {
  85:../../Middlewares/LVGL/GUI/lvgl/src/misc/lv_array.c ****         lv_array_resize(array, array->size);
  86:../../Middlewares/LVGL/GUI/lvgl/src/misc/lv_array.c ****     }
  87:../../Middlewares/LVGL/GUI/lvgl/src/misc/lv_array.c **** }
  88:../../Middlewares/LVGL/GUI/lvgl/src/misc/lv_array.c **** 
  89:../../Middlewares/LVGL/GUI/lvgl/src/misc/lv_array.c **** lv_result_t lv_array_remove(lv_array_t * array, uint32_t index)
  90:../../Middlewares/LVGL/GUI/lvgl/src/misc/lv_array.c **** {
  91:../../Middlewares/LVGL/GUI/lvgl/src/misc/lv_array.c ****     if(index >= array->size) {
  92:../../Middlewares/LVGL/GUI/lvgl/src/misc/lv_array.c ****         return LV_RESULT_INVALID;
  93:../../Middlewares/LVGL/GUI/lvgl/src/misc/lv_array.c ****     }
  94:../../Middlewares/LVGL/GUI/lvgl/src/misc/lv_array.c **** 
  95:../../Middlewares/LVGL/GUI/lvgl/src/misc/lv_array.c ****     /*Shortcut*/
  96:../../Middlewares/LVGL/GUI/lvgl/src/misc/lv_array.c ****     if(index == array->size - 1) {
  97:../../Middlewares/LVGL/GUI/lvgl/src/misc/lv_array.c ****         array->size--;
  98:../../Middlewares/LVGL/GUI/lvgl/src/misc/lv_array.c ****         lv_array_shrink(array);
  99:../../Middlewares/LVGL/GUI/lvgl/src/misc/lv_array.c ****         return LV_RESULT_OK;
 100:../../Middlewares/LVGL/GUI/lvgl/src/misc/lv_array.c ****     }
 101:../../Middlewares/LVGL/GUI/lvgl/src/misc/lv_array.c **** 
 102:../../Middlewares/LVGL/GUI/lvgl/src/misc/lv_array.c ****     uint8_t * start = lv_array_at(array, index);
 103:../../Middlewares/LVGL/GUI/lvgl/src/misc/lv_array.c ****     uint8_t * remaining = start + array->element_size;
 104:../../Middlewares/LVGL/GUI/lvgl/src/misc/lv_array.c ****     uint32_t remaining_size = (array->size - index - 1) * array->element_size;
 105:../../Middlewares/LVGL/GUI/lvgl/src/misc/lv_array.c ****     lv_memmove(start, remaining, remaining_size);
 106:../../Middlewares/LVGL/GUI/lvgl/src/misc/lv_array.c ****     array->size--;
 107:../../Middlewares/LVGL/GUI/lvgl/src/misc/lv_array.c ****     lv_array_shrink(array);
 108:../../Middlewares/LVGL/GUI/lvgl/src/misc/lv_array.c ****     return LV_RESULT_OK;
 109:../../Middlewares/LVGL/GUI/lvgl/src/misc/lv_array.c **** }
 110:../../Middlewares/LVGL/GUI/lvgl/src/misc/lv_array.c **** 
 111:../../Middlewares/LVGL/GUI/lvgl/src/misc/lv_array.c **** lv_result_t lv_array_erase(lv_array_t * array, uint32_t start, uint32_t end)
 112:../../Middlewares/LVGL/GUI/lvgl/src/misc/lv_array.c **** {
 113:../../Middlewares/LVGL/GUI/lvgl/src/misc/lv_array.c ****     if(end > array->size) {
 114:../../Middlewares/LVGL/GUI/lvgl/src/misc/lv_array.c ****         end = array->size;
 115:../../Middlewares/LVGL/GUI/lvgl/src/misc/lv_array.c ****     }
 116:../../Middlewares/LVGL/GUI/lvgl/src/misc/lv_array.c **** 
 117:../../Middlewares/LVGL/GUI/lvgl/src/misc/lv_array.c ****     if(start >= end) {
 118:../../Middlewares/LVGL/GUI/lvgl/src/misc/lv_array.c ****         return LV_RESULT_INVALID;
 119:../../Middlewares/LVGL/GUI/lvgl/src/misc/lv_array.c ****     }
 120:../../Middlewares/LVGL/GUI/lvgl/src/misc/lv_array.c **** 
 121:../../Middlewares/LVGL/GUI/lvgl/src/misc/lv_array.c ****     /*Shortcut*/
 122:../../Middlewares/LVGL/GUI/lvgl/src/misc/lv_array.c ****     if(end == array->size) {
ARM GAS  C:\Users\28576\AppData\Local\Temp\ccIAIsbk.s 			page 10


 123:../../Middlewares/LVGL/GUI/lvgl/src/misc/lv_array.c ****         array->size = start;
 124:../../Middlewares/LVGL/GUI/lvgl/src/misc/lv_array.c ****         lv_array_shrink(array);
 125:../../Middlewares/LVGL/GUI/lvgl/src/misc/lv_array.c ****         return LV_RESULT_OK;
 126:../../Middlewares/LVGL/GUI/lvgl/src/misc/lv_array.c ****     }
 127:../../Middlewares/LVGL/GUI/lvgl/src/misc/lv_array.c **** 
 128:../../Middlewares/LVGL/GUI/lvgl/src/misc/lv_array.c ****     uint8_t * start_p = lv_array_at(array, start);
 129:../../Middlewares/LVGL/GUI/lvgl/src/misc/lv_array.c ****     uint8_t * remaining = start_p + (end - start) * array->element_size;
 130:../../Middlewares/LVGL/GUI/lvgl/src/misc/lv_array.c ****     uint32_t remaining_size = (array->size - end) * array->element_size;
 131:../../Middlewares/LVGL/GUI/lvgl/src/misc/lv_array.c ****     lv_memcpy(start_p, remaining, remaining_size);
 132:../../Middlewares/LVGL/GUI/lvgl/src/misc/lv_array.c ****     array->size -= (end - start);
 133:../../Middlewares/LVGL/GUI/lvgl/src/misc/lv_array.c ****     lv_array_shrink(array);
 134:../../Middlewares/LVGL/GUI/lvgl/src/misc/lv_array.c ****     return LV_RESULT_OK;
 135:../../Middlewares/LVGL/GUI/lvgl/src/misc/lv_array.c **** }
 136:../../Middlewares/LVGL/GUI/lvgl/src/misc/lv_array.c **** 
 137:../../Middlewares/LVGL/GUI/lvgl/src/misc/lv_array.c **** bool lv_array_resize(lv_array_t * array, uint32_t new_capacity)
 138:../../Middlewares/LVGL/GUI/lvgl/src/misc/lv_array.c **** {
 273              		.loc 1 138 1 is_stmt 1 view -0
 274              		.cfi_startproc
 275              		@ args = 0, pretend = 0, frame = 0
 276              		@ frame_needed = 0, uses_anonymous_args = 0
 277              		.loc 1 138 1 is_stmt 0 view .LVU80
 278 0000 70B5     		push	{r4, r5, r6, lr}
 279              	.LCFI3:
 280              		.cfi_def_cfa_offset 16
 281              		.cfi_offset 4, -16
 282              		.cfi_offset 5, -12
 283              		.cfi_offset 6, -8
 284              		.cfi_offset 14, -4
 139:../../Middlewares/LVGL/GUI/lvgl/src/misc/lv_array.c ****     if(array->inner_alloc == false) {
 285              		.loc 1 139 5 is_stmt 1 view .LVU81
 286              		.loc 1 139 13 is_stmt 0 view .LVU82
 287 0002 057C     		ldrb	r5, [r0, #16]	@ zero_extendqisi2
 288              		.loc 1 139 7 view .LVU83
 289 0004 0DB9     		cbnz	r5, .L22
 290              	.LVL20:
 291              	.L18:
 140:../../Middlewares/LVGL/GUI/lvgl/src/misc/lv_array.c ****         LV_LOG_WARN("Cannot resize array with external buffer");
 141:../../Middlewares/LVGL/GUI/lvgl/src/misc/lv_array.c ****         return false;
 142:../../Middlewares/LVGL/GUI/lvgl/src/misc/lv_array.c ****     }
 143:../../Middlewares/LVGL/GUI/lvgl/src/misc/lv_array.c **** 
 144:../../Middlewares/LVGL/GUI/lvgl/src/misc/lv_array.c ****     uint8_t * data = lv_realloc(array->data, new_capacity * array->element_size);
 145:../../Middlewares/LVGL/GUI/lvgl/src/misc/lv_array.c ****     LV_ASSERT_NULL(data);
 146:../../Middlewares/LVGL/GUI/lvgl/src/misc/lv_array.c **** 
 147:../../Middlewares/LVGL/GUI/lvgl/src/misc/lv_array.c ****     if(data == NULL) return false;
 148:../../Middlewares/LVGL/GUI/lvgl/src/misc/lv_array.c **** 
 149:../../Middlewares/LVGL/GUI/lvgl/src/misc/lv_array.c ****     array->data = data;
 150:../../Middlewares/LVGL/GUI/lvgl/src/misc/lv_array.c ****     array->capacity = new_capacity;
 151:../../Middlewares/LVGL/GUI/lvgl/src/misc/lv_array.c ****     if(array->size > new_capacity) {
 152:../../Middlewares/LVGL/GUI/lvgl/src/misc/lv_array.c ****         array->size = new_capacity;
 153:../../Middlewares/LVGL/GUI/lvgl/src/misc/lv_array.c ****     }
 154:../../Middlewares/LVGL/GUI/lvgl/src/misc/lv_array.c ****     return true;
 155:../../Middlewares/LVGL/GUI/lvgl/src/misc/lv_array.c **** }
 292              		.loc 1 155 1 view .LVU84
 293 0006 2846     		mov	r0, r5
 294 0008 70BD     		pop	{r4, r5, r6, pc}
 295              	.LVL21:
 296              	.L22:
ARM GAS  C:\Users\28576\AppData\Local\Temp\ccIAIsbk.s 			page 11


 297              		.loc 1 155 1 view .LVU85
 298 000a 0446     		mov	r4, r0
 299 000c 0B46     		mov	r3, r1
 300 000e 0E46     		mov	r6, r1
 144:../../Middlewares/LVGL/GUI/lvgl/src/misc/lv_array.c ****     LV_ASSERT_NULL(data);
 301              		.loc 1 144 5 is_stmt 1 view .LVU86
 144:../../Middlewares/LVGL/GUI/lvgl/src/misc/lv_array.c ****     LV_ASSERT_NULL(data);
 302              		.loc 1 144 66 is_stmt 0 view .LVU87
 303 0010 C168     		ldr	r1, [r0, #12]
 304              	.LVL22:
 144:../../Middlewares/LVGL/GUI/lvgl/src/misc/lv_array.c ****     LV_ASSERT_NULL(data);
 305              		.loc 1 144 22 view .LVU88
 306 0012 03FB01F1 		mul	r1, r3, r1
 307 0016 0068     		ldr	r0, [r0]
 308              	.LVL23:
 144:../../Middlewares/LVGL/GUI/lvgl/src/misc/lv_array.c ****     LV_ASSERT_NULL(data);
 309              		.loc 1 144 22 view .LVU89
 310 0018 FFF7FEFF 		bl	lv_realloc
 311              	.LVL24:
 145:../../Middlewares/LVGL/GUI/lvgl/src/misc/lv_array.c **** 
 312              		.loc 1 145 5 is_stmt 1 view .LVU90
 145:../../Middlewares/LVGL/GUI/lvgl/src/misc/lv_array.c **** 
 313              		.loc 1 145 5 view .LVU91
 314 001c 30B1     		cbz	r0, .L20
 145:../../Middlewares/LVGL/GUI/lvgl/src/misc/lv_array.c **** 
 315              		.loc 1 145 5 view .LVU92
 145:../../Middlewares/LVGL/GUI/lvgl/src/misc/lv_array.c **** 
 316              		.loc 1 145 25 view .LVU93
 147:../../Middlewares/LVGL/GUI/lvgl/src/misc/lv_array.c **** 
 317              		.loc 1 147 5 view .LVU94
 149:../../Middlewares/LVGL/GUI/lvgl/src/misc/lv_array.c ****     array->capacity = new_capacity;
 318              		.loc 1 149 5 view .LVU95
 149:../../Middlewares/LVGL/GUI/lvgl/src/misc/lv_array.c ****     array->capacity = new_capacity;
 319              		.loc 1 149 17 is_stmt 0 view .LVU96
 320 001e 2060     		str	r0, [r4]
 150:../../Middlewares/LVGL/GUI/lvgl/src/misc/lv_array.c ****     if(array->size > new_capacity) {
 321              		.loc 1 150 5 is_stmt 1 view .LVU97
 150:../../Middlewares/LVGL/GUI/lvgl/src/misc/lv_array.c ****     if(array->size > new_capacity) {
 322              		.loc 1 150 21 is_stmt 0 view .LVU98
 323 0020 A660     		str	r6, [r4, #8]
 151:../../Middlewares/LVGL/GUI/lvgl/src/misc/lv_array.c ****         array->size = new_capacity;
 324              		.loc 1 151 5 is_stmt 1 view .LVU99
 151:../../Middlewares/LVGL/GUI/lvgl/src/misc/lv_array.c ****         array->size = new_capacity;
 325              		.loc 1 151 13 is_stmt 0 view .LVU100
 326 0022 6368     		ldr	r3, [r4, #4]
 151:../../Middlewares/LVGL/GUI/lvgl/src/misc/lv_array.c ****         array->size = new_capacity;
 327              		.loc 1 151 7 view .LVU101
 328 0024 B342     		cmp	r3, r6
 329 0026 EED9     		bls	.L18
 152:../../Middlewares/LVGL/GUI/lvgl/src/misc/lv_array.c ****     }
 330              		.loc 1 152 9 is_stmt 1 view .LVU102
 152:../../Middlewares/LVGL/GUI/lvgl/src/misc/lv_array.c ****     }
 331              		.loc 1 152 21 is_stmt 0 view .LVU103
 332 0028 6660     		str	r6, [r4, #4]
 333 002a ECE7     		b	.L18
 334              	.L20:
 145:../../Middlewares/LVGL/GUI/lvgl/src/misc/lv_array.c **** 
ARM GAS  C:\Users\28576\AppData\Local\Temp\ccIAIsbk.s 			page 12


 335              		.loc 1 145 5 is_stmt 1 view .LVU104
 145:../../Middlewares/LVGL/GUI/lvgl/src/misc/lv_array.c **** 
 336              		.loc 1 145 5 view .LVU105
 145:../../Middlewares/LVGL/GUI/lvgl/src/misc/lv_array.c **** 
 337              		.loc 1 145 5 view .LVU106
 145:../../Middlewares/LVGL/GUI/lvgl/src/misc/lv_array.c **** 
 338              		.loc 1 145 5 view .LVU107
 145:../../Middlewares/LVGL/GUI/lvgl/src/misc/lv_array.c **** 
 339              		.loc 1 145 5 view .LVU108
 340 002c FEE7     		b	.L20
 341              		.cfi_endproc
 342              	.LFE16:
 344              		.section	.text.lv_array_shrink,"ax",%progbits
 345              		.align	1
 346              		.global	lv_array_shrink
 347              		.syntax unified
 348              		.thumb
 349              		.thumb_func
 351              	lv_array_shrink:
 352              	.LVL25:
 353              	.LFB13:
  83:../../Middlewares/LVGL/GUI/lvgl/src/misc/lv_array.c ****     if(array->size <= array->capacity / LV_ARRAY_DEFAULT_SHRINK_RATIO) {
 354              		.loc 1 83 1 view -0
 355              		.cfi_startproc
 356              		@ args = 0, pretend = 0, frame = 0
 357              		@ frame_needed = 0, uses_anonymous_args = 0
  83:../../Middlewares/LVGL/GUI/lvgl/src/misc/lv_array.c ****     if(array->size <= array->capacity / LV_ARRAY_DEFAULT_SHRINK_RATIO) {
 358              		.loc 1 83 1 is_stmt 0 view .LVU110
 359 0000 08B5     		push	{r3, lr}
 360              	.LCFI4:
 361              		.cfi_def_cfa_offset 8
 362              		.cfi_offset 3, -8
 363              		.cfi_offset 14, -4
  84:../../Middlewares/LVGL/GUI/lvgl/src/misc/lv_array.c ****         lv_array_resize(array, array->size);
 364              		.loc 1 84 5 is_stmt 1 view .LVU111
  84:../../Middlewares/LVGL/GUI/lvgl/src/misc/lv_array.c ****         lv_array_resize(array, array->size);
 365              		.loc 1 84 13 is_stmt 0 view .LVU112
 366 0002 4168     		ldr	r1, [r0, #4]
  84:../../Middlewares/LVGL/GUI/lvgl/src/misc/lv_array.c ****         lv_array_resize(array, array->size);
 367              		.loc 1 84 28 view .LVU113
 368 0004 8368     		ldr	r3, [r0, #8]
  84:../../Middlewares/LVGL/GUI/lvgl/src/misc/lv_array.c ****         lv_array_resize(array, array->size);
 369              		.loc 1 84 7 view .LVU114
 370 0006 B1EB530F 		cmp	r1, r3, lsr #1
 371 000a 00D9     		bls	.L26
 372              	.LVL26:
 373              	.L23:
  87:../../Middlewares/LVGL/GUI/lvgl/src/misc/lv_array.c **** 
 374              		.loc 1 87 1 view .LVU115
 375 000c 08BD     		pop	{r3, pc}
 376              	.LVL27:
 377              	.L26:
  85:../../Middlewares/LVGL/GUI/lvgl/src/misc/lv_array.c ****     }
 378              		.loc 1 85 9 is_stmt 1 view .LVU116
 379 000e FFF7FEFF 		bl	lv_array_resize
 380              	.LVL28:
  87:../../Middlewares/LVGL/GUI/lvgl/src/misc/lv_array.c **** 
ARM GAS  C:\Users\28576\AppData\Local\Temp\ccIAIsbk.s 			page 13


 381              		.loc 1 87 1 is_stmt 0 view .LVU117
 382 0012 FBE7     		b	.L23
 383              		.cfi_endproc
 384              	.LFE13:
 386              		.section	.text.lv_array_concat,"ax",%progbits
 387              		.align	1
 388              		.global	lv_array_concat
 389              		.syntax unified
 390              		.thumb
 391              		.thumb_func
 393              	lv_array_concat:
 394              	.LVL29:
 395              	.LFB17:
 156:../../Middlewares/LVGL/GUI/lvgl/src/misc/lv_array.c **** 
 157:../../Middlewares/LVGL/GUI/lvgl/src/misc/lv_array.c **** lv_result_t lv_array_concat(lv_array_t * array, const lv_array_t * other)
 158:../../Middlewares/LVGL/GUI/lvgl/src/misc/lv_array.c **** {
 396              		.loc 1 158 1 is_stmt 1 view -0
 397              		.cfi_startproc
 398              		@ args = 0, pretend = 0, frame = 0
 399              		@ frame_needed = 0, uses_anonymous_args = 0
 159:../../Middlewares/LVGL/GUI/lvgl/src/misc/lv_array.c ****     LV_ASSERT_NULL(array->data);
 400              		.loc 1 159 5 view .LVU119
 401              		.loc 1 159 5 view .LVU120
 402 0000 0368     		ldr	r3, [r0]
 403 0002 D3B1     		cbz	r3, .L29
 158:../../Middlewares/LVGL/GUI/lvgl/src/misc/lv_array.c ****     LV_ASSERT_NULL(array->data);
 404              		.loc 1 158 1 is_stmt 0 view .LVU121
 405 0004 70B5     		push	{r4, r5, r6, lr}
 406              	.LCFI5:
 407              		.cfi_def_cfa_offset 16
 408              		.cfi_offset 4, -16
 409              		.cfi_offset 5, -12
 410              		.cfi_offset 6, -8
 411              		.cfi_offset 14, -4
 412 0006 0446     		mov	r4, r0
 413 0008 0E46     		mov	r6, r1
 414              		.loc 1 159 5 is_stmt 1 view .LVU122
 415              		.loc 1 159 32 view .LVU123
 160:../../Middlewares/LVGL/GUI/lvgl/src/misc/lv_array.c ****     uint32_t size = other->size;
 416              		.loc 1 160 5 view .LVU124
 417              		.loc 1 160 14 is_stmt 0 view .LVU125
 418 000a 4D68     		ldr	r5, [r1, #4]
 419              	.LVL30:
 161:../../Middlewares/LVGL/GUI/lvgl/src/misc/lv_array.c ****     if(array->size + size > array->capacity) {
 420              		.loc 1 161 5 is_stmt 1 view .LVU126
 421              		.loc 1 161 13 is_stmt 0 view .LVU127
 422 000c 4168     		ldr	r1, [r0, #4]
 423              	.LVL31:
 424              		.loc 1 161 20 view .LVU128
 425 000e 2944     		add	r1, r1, r5
 426              		.loc 1 161 34 view .LVU129
 427 0010 8368     		ldr	r3, [r0, #8]
 428              		.loc 1 161 7 view .LVU130
 429 0012 9942     		cmp	r1, r3
 430 0014 02D9     		bls	.L30
 162:../../Middlewares/LVGL/GUI/lvgl/src/misc/lv_array.c ****         /*array is full*/
 163:../../Middlewares/LVGL/GUI/lvgl/src/misc/lv_array.c ****         if(lv_array_resize(array, array->size + size) == false) {
ARM GAS  C:\Users\28576\AppData\Local\Temp\ccIAIsbk.s 			page 14


 431              		.loc 1 163 9 is_stmt 1 view .LVU131
 432              		.loc 1 163 12 is_stmt 0 view .LVU132
 433 0016 FFF7FEFF 		bl	lv_array_resize
 434              	.LVL32:
 435              		.loc 1 163 11 discriminator 1 view .LVU133
 436 001a 68B1     		cbz	r0, .L31
 437              	.L30:
 164:../../Middlewares/LVGL/GUI/lvgl/src/misc/lv_array.c ****             return LV_RESULT_INVALID;
 165:../../Middlewares/LVGL/GUI/lvgl/src/misc/lv_array.c ****         }
 166:../../Middlewares/LVGL/GUI/lvgl/src/misc/lv_array.c ****     }
 167:../../Middlewares/LVGL/GUI/lvgl/src/misc/lv_array.c **** 
 168:../../Middlewares/LVGL/GUI/lvgl/src/misc/lv_array.c ****     uint8_t * data = array->data + array->size * array->element_size;
 438              		.loc 1 168 5 is_stmt 1 view .LVU134
 439              		.loc 1 168 27 is_stmt 0 view .LVU135
 440 001c 2068     		ldr	r0, [r4]
 441              		.loc 1 168 55 view .LVU136
 442 001e E368     		ldr	r3, [r4, #12]
 443              	.LVL33:
 169:../../Middlewares/LVGL/GUI/lvgl/src/misc/lv_array.c ****     lv_memcpy(data, other->data, array->element_size * size);
 444              		.loc 1 169 5 is_stmt 1 view .LVU137
 445 0020 05FB03F2 		mul	r2, r5, r3
 446 0024 3168     		ldr	r1, [r6]
 447 0026 6668     		ldr	r6, [r4, #4]
 448              	.LVL34:
 449              		.loc 1 169 5 is_stmt 0 view .LVU138
 450 0028 03FB0600 		mla	r0, r3, r6, r0
 451              	.LVL35:
 452              		.loc 1 169 5 view .LVU139
 453 002c FFF7FEFF 		bl	lv_memcpy
 454              	.LVL36:
 170:../../Middlewares/LVGL/GUI/lvgl/src/misc/lv_array.c ****     array->size += size;
 455              		.loc 1 170 5 is_stmt 1 view .LVU140
 456              		.loc 1 170 10 is_stmt 0 view .LVU141
 457 0030 6368     		ldr	r3, [r4, #4]
 458              		.loc 1 170 17 view .LVU142
 459 0032 2B44     		add	r3, r3, r5
 460 0034 6360     		str	r3, [r4, #4]
 171:../../Middlewares/LVGL/GUI/lvgl/src/misc/lv_array.c ****     return LV_RESULT_OK;
 461              		.loc 1 171 5 is_stmt 1 view .LVU143
 462              		.loc 1 171 12 is_stmt 0 view .LVU144
 463 0036 0120     		movs	r0, #1
 464              	.LVL37:
 465              	.L31:
 172:../../Middlewares/LVGL/GUI/lvgl/src/misc/lv_array.c **** }
 466              		.loc 1 172 1 view .LVU145
 467 0038 70BD     		pop	{r4, r5, r6, pc}
 468              	.LVL38:
 469              	.L29:
 470              	.LCFI6:
 471              		.cfi_def_cfa_offset 0
 472              		.cfi_restore 4
 473              		.cfi_restore 5
 474              		.cfi_restore 6
 475              		.cfi_restore 14
 159:../../Middlewares/LVGL/GUI/lvgl/src/misc/lv_array.c ****     uint32_t size = other->size;
 476              		.loc 1 159 5 is_stmt 1 view .LVU146
 159:../../Middlewares/LVGL/GUI/lvgl/src/misc/lv_array.c ****     uint32_t size = other->size;
ARM GAS  C:\Users\28576\AppData\Local\Temp\ccIAIsbk.s 			page 15


 477              		.loc 1 159 5 view .LVU147
 159:../../Middlewares/LVGL/GUI/lvgl/src/misc/lv_array.c ****     uint32_t size = other->size;
 478              		.loc 1 159 5 view .LVU148
 159:../../Middlewares/LVGL/GUI/lvgl/src/misc/lv_array.c ****     uint32_t size = other->size;
 479              		.loc 1 159 5 view .LVU149
 159:../../Middlewares/LVGL/GUI/lvgl/src/misc/lv_array.c ****     uint32_t size = other->size;
 480              		.loc 1 159 5 view .LVU150
 481 003a FEE7     		b	.L29
 482              		.cfi_endproc
 483              	.LFE17:
 485              		.section	.text.lv_array_push_back,"ax",%progbits
 486              		.align	1
 487              		.global	lv_array_push_back
 488              		.syntax unified
 489              		.thumb
 490              		.thumb_func
 492              	lv_array_push_back:
 493              	.LVL39:
 494              	.LFB18:
 173:../../Middlewares/LVGL/GUI/lvgl/src/misc/lv_array.c **** 
 174:../../Middlewares/LVGL/GUI/lvgl/src/misc/lv_array.c **** lv_result_t lv_array_push_back(lv_array_t * array, const void * element)
 175:../../Middlewares/LVGL/GUI/lvgl/src/misc/lv_array.c **** {
 495              		.loc 1 175 1 view -0
 496              		.cfi_startproc
 497              		@ args = 0, pretend = 0, frame = 0
 498              		@ frame_needed = 0, uses_anonymous_args = 0
 499              		.loc 1 175 1 is_stmt 0 view .LVU152
 500 0000 38B5     		push	{r3, r4, r5, lr}
 501              	.LCFI7:
 502              		.cfi_def_cfa_offset 16
 503              		.cfi_offset 3, -16
 504              		.cfi_offset 4, -12
 505              		.cfi_offset 5, -8
 506              		.cfi_offset 14, -4
 176:../../Middlewares/LVGL/GUI/lvgl/src/misc/lv_array.c ****     LV_ASSERT_NULL(array->data);
 507              		.loc 1 176 5 is_stmt 1 view .LVU153
 508              		.loc 1 176 5 view .LVU154
 509 0002 0368     		ldr	r3, [r0]
 510 0004 9BB1     		cbz	r3, .L37
 511 0006 0446     		mov	r4, r0
 512 0008 0D46     		mov	r5, r1
 513              		.loc 1 176 5 view .LVU155
 514              		.loc 1 176 32 view .LVU156
 177:../../Middlewares/LVGL/GUI/lvgl/src/misc/lv_array.c **** 
 178:../../Middlewares/LVGL/GUI/lvgl/src/misc/lv_array.c ****     if(array->size == array->capacity) {
 515              		.loc 1 178 5 view .LVU157
 516              		.loc 1 178 13 is_stmt 0 view .LVU158
 517 000a 4368     		ldr	r3, [r0, #4]
 518              		.loc 1 178 28 view .LVU159
 519 000c 8168     		ldr	r1, [r0, #8]
 520              	.LVL40:
 521              		.loc 1 178 7 view .LVU160
 522 000e 8B42     		cmp	r3, r1
 523 0010 0ED0     		beq	.L44
 524              	.LVL41:
 525              	.L38:
 179:../../Middlewares/LVGL/GUI/lvgl/src/misc/lv_array.c ****         /*array is full*/
ARM GAS  C:\Users\28576\AppData\Local\Temp\ccIAIsbk.s 			page 16


 180:../../Middlewares/LVGL/GUI/lvgl/src/misc/lv_array.c ****         if(lv_array_resize(array, array->capacity + LV_ARRAY_DEFAULT_CAPACITY) == false) {
 181:../../Middlewares/LVGL/GUI/lvgl/src/misc/lv_array.c ****             return LV_RESULT_INVALID;
 182:../../Middlewares/LVGL/GUI/lvgl/src/misc/lv_array.c ****         }
 183:../../Middlewares/LVGL/GUI/lvgl/src/misc/lv_array.c ****     }
 184:../../Middlewares/LVGL/GUI/lvgl/src/misc/lv_array.c **** 
 185:../../Middlewares/LVGL/GUI/lvgl/src/misc/lv_array.c ****     /**
 186:../../Middlewares/LVGL/GUI/lvgl/src/misc/lv_array.c ****      * When the element is NULL, it means that the user wants to add an empty element.
 187:../../Middlewares/LVGL/GUI/lvgl/src/misc/lv_array.c ****      */
 188:../../Middlewares/LVGL/GUI/lvgl/src/misc/lv_array.c ****     uint8_t * data = array->data + array->size * array->element_size;
 526              		.loc 1 188 5 is_stmt 1 view .LVU161
 527              		.loc 1 188 27 is_stmt 0 view .LVU162
 528 0012 2068     		ldr	r0, [r4]
 529              		.loc 1 188 41 view .LVU163
 530 0014 6368     		ldr	r3, [r4, #4]
 531              		.loc 1 188 55 view .LVU164
 532 0016 E268     		ldr	r2, [r4, #12]
 533              		.loc 1 188 15 view .LVU165
 534 0018 02FB0300 		mla	r0, r2, r3, r0
 535              	.LVL42:
 189:../../Middlewares/LVGL/GUI/lvgl/src/misc/lv_array.c ****     if(element) lv_memcpy(data, element, array->element_size);
 536              		.loc 1 189 5 is_stmt 1 view .LVU166
 537              		.loc 1 189 7 is_stmt 0 view .LVU167
 538 001c 2946     		mov	r1, r5
 539 001e 6DB1     		cbz	r5, .L40
 540              	.LVL43:
 541              		.loc 1 189 17 is_stmt 1 discriminator 1 view .LVU168
 542 0020 FFF7FEFF 		bl	lv_memcpy
 543              	.LVL44:
 544              	.L41:
 190:../../Middlewares/LVGL/GUI/lvgl/src/misc/lv_array.c ****     else lv_memzero(data, array->element_size);
 191:../../Middlewares/LVGL/GUI/lvgl/src/misc/lv_array.c **** 
 192:../../Middlewares/LVGL/GUI/lvgl/src/misc/lv_array.c ****     array->size++;
 545              		.loc 1 192 5 view .LVU169
 546              		.loc 1 192 10 is_stmt 0 view .LVU170
 547 0024 6368     		ldr	r3, [r4, #4]
 548              		.loc 1 192 16 view .LVU171
 549 0026 0133     		adds	r3, r3, #1
 550 0028 6360     		str	r3, [r4, #4]
 193:../../Middlewares/LVGL/GUI/lvgl/src/misc/lv_array.c ****     return LV_RESULT_OK;
 551              		.loc 1 193 5 is_stmt 1 view .LVU172
 552              		.loc 1 193 12 is_stmt 0 view .LVU173
 553 002a 0120     		movs	r0, #1
 554              	.LVL45:
 555              	.L39:
 194:../../Middlewares/LVGL/GUI/lvgl/src/misc/lv_array.c **** }
 556              		.loc 1 194 1 view .LVU174
 557 002c 38BD     		pop	{r3, r4, r5, pc}
 558              	.LVL46:
 559              	.L37:
 176:../../Middlewares/LVGL/GUI/lvgl/src/misc/lv_array.c **** 
 560              		.loc 1 176 5 is_stmt 1 view .LVU175
 176:../../Middlewares/LVGL/GUI/lvgl/src/misc/lv_array.c **** 
 561              		.loc 1 176 5 view .LVU176
 176:../../Middlewares/LVGL/GUI/lvgl/src/misc/lv_array.c **** 
 562              		.loc 1 176 5 view .LVU177
 176:../../Middlewares/LVGL/GUI/lvgl/src/misc/lv_array.c **** 
 563              		.loc 1 176 5 view .LVU178
ARM GAS  C:\Users\28576\AppData\Local\Temp\ccIAIsbk.s 			page 17


 176:../../Middlewares/LVGL/GUI/lvgl/src/misc/lv_array.c **** 
 564              		.loc 1 176 5 view .LVU179
 565 002e FEE7     		b	.L37
 566              	.LVL47:
 567              	.L44:
 180:../../Middlewares/LVGL/GUI/lvgl/src/misc/lv_array.c ****             return LV_RESULT_INVALID;
 568              		.loc 1 180 9 view .LVU180
 180:../../Middlewares/LVGL/GUI/lvgl/src/misc/lv_array.c ****             return LV_RESULT_INVALID;
 569              		.loc 1 180 12 is_stmt 0 view .LVU181
 570 0030 0431     		adds	r1, r1, #4
 571 0032 FFF7FEFF 		bl	lv_array_resize
 572              	.LVL48:
 180:../../Middlewares/LVGL/GUI/lvgl/src/misc/lv_array.c ****             return LV_RESULT_INVALID;
 573              		.loc 1 180 11 discriminator 1 view .LVU182
 574 0036 0028     		cmp	r0, #0
 575 0038 EBD1     		bne	.L38
 576 003a F7E7     		b	.L39
 577              	.LVL49:
 578              	.L40:
 190:../../Middlewares/LVGL/GUI/lvgl/src/misc/lv_array.c **** 
 579              		.loc 1 190 10 is_stmt 1 view .LVU183
 580              	.LBB8:
 581              	.LBI8:
 582              		.file 3 "../../Middlewares/LVGL/GUI/lvgl/src/misc/../stdlib/lv_string.h"
   1:../../Middlewares/LVGL/GUI/lvgl/src/misc/../stdlib/lv_string.h **** /**
   2:../../Middlewares/LVGL/GUI/lvgl/src/misc/../stdlib/lv_string.h ****  * @file lv_string.h
   3:../../Middlewares/LVGL/GUI/lvgl/src/misc/../stdlib/lv_string.h ****  *
   4:../../Middlewares/LVGL/GUI/lvgl/src/misc/../stdlib/lv_string.h ****  */
   5:../../Middlewares/LVGL/GUI/lvgl/src/misc/../stdlib/lv_string.h **** 
   6:../../Middlewares/LVGL/GUI/lvgl/src/misc/../stdlib/lv_string.h **** #ifndef LV_STRING_H
   7:../../Middlewares/LVGL/GUI/lvgl/src/misc/../stdlib/lv_string.h **** #define LV_STRING_H
   8:../../Middlewares/LVGL/GUI/lvgl/src/misc/../stdlib/lv_string.h **** 
   9:../../Middlewares/LVGL/GUI/lvgl/src/misc/../stdlib/lv_string.h **** #ifdef __cplusplus
  10:../../Middlewares/LVGL/GUI/lvgl/src/misc/../stdlib/lv_string.h **** extern "C" {
  11:../../Middlewares/LVGL/GUI/lvgl/src/misc/../stdlib/lv_string.h **** #endif
  12:../../Middlewares/LVGL/GUI/lvgl/src/misc/../stdlib/lv_string.h **** 
  13:../../Middlewares/LVGL/GUI/lvgl/src/misc/../stdlib/lv_string.h **** /*********************
  14:../../Middlewares/LVGL/GUI/lvgl/src/misc/../stdlib/lv_string.h ****  *      INCLUDES
  15:../../Middlewares/LVGL/GUI/lvgl/src/misc/../stdlib/lv_string.h ****  *********************/
  16:../../Middlewares/LVGL/GUI/lvgl/src/misc/../stdlib/lv_string.h **** #include "../lv_conf_internal.h"
  17:../../Middlewares/LVGL/GUI/lvgl/src/misc/../stdlib/lv_string.h **** #include "../misc/lv_types.h"
  18:../../Middlewares/LVGL/GUI/lvgl/src/misc/../stdlib/lv_string.h **** 
  19:../../Middlewares/LVGL/GUI/lvgl/src/misc/../stdlib/lv_string.h **** /*********************
  20:../../Middlewares/LVGL/GUI/lvgl/src/misc/../stdlib/lv_string.h ****  *      DEFINES
  21:../../Middlewares/LVGL/GUI/lvgl/src/misc/../stdlib/lv_string.h ****  *********************/
  22:../../Middlewares/LVGL/GUI/lvgl/src/misc/../stdlib/lv_string.h **** 
  23:../../Middlewares/LVGL/GUI/lvgl/src/misc/../stdlib/lv_string.h **** /**********************
  24:../../Middlewares/LVGL/GUI/lvgl/src/misc/../stdlib/lv_string.h ****  *      TYPEDEFS
  25:../../Middlewares/LVGL/GUI/lvgl/src/misc/../stdlib/lv_string.h ****  **********************/
  26:../../Middlewares/LVGL/GUI/lvgl/src/misc/../stdlib/lv_string.h **** 
  27:../../Middlewares/LVGL/GUI/lvgl/src/misc/../stdlib/lv_string.h **** /**********************
  28:../../Middlewares/LVGL/GUI/lvgl/src/misc/../stdlib/lv_string.h ****  * GLOBAL PROTOTYPES
  29:../../Middlewares/LVGL/GUI/lvgl/src/misc/../stdlib/lv_string.h ****  **********************/
  30:../../Middlewares/LVGL/GUI/lvgl/src/misc/../stdlib/lv_string.h **** 
  31:../../Middlewares/LVGL/GUI/lvgl/src/misc/../stdlib/lv_string.h **** /**
  32:../../Middlewares/LVGL/GUI/lvgl/src/misc/../stdlib/lv_string.h ****  * @brief Copies a block of memory from a source address to a destination address.
  33:../../Middlewares/LVGL/GUI/lvgl/src/misc/../stdlib/lv_string.h ****  * @param dst Pointer to the destination array where the content is to be copied.
ARM GAS  C:\Users\28576\AppData\Local\Temp\ccIAIsbk.s 			page 18


  34:../../Middlewares/LVGL/GUI/lvgl/src/misc/../stdlib/lv_string.h ****  * @param src Pointer to the source of data to be copied.
  35:../../Middlewares/LVGL/GUI/lvgl/src/misc/../stdlib/lv_string.h ****  * @param len Number of bytes to copy.
  36:../../Middlewares/LVGL/GUI/lvgl/src/misc/../stdlib/lv_string.h ****  * @return Pointer to the destination array.
  37:../../Middlewares/LVGL/GUI/lvgl/src/misc/../stdlib/lv_string.h ****  * @note The function does not check for any overlapping of the source and destination memory block
  38:../../Middlewares/LVGL/GUI/lvgl/src/misc/../stdlib/lv_string.h ****  */
  39:../../Middlewares/LVGL/GUI/lvgl/src/misc/../stdlib/lv_string.h **** void * lv_memcpy(void * dst, const void * src, size_t len);
  40:../../Middlewares/LVGL/GUI/lvgl/src/misc/../stdlib/lv_string.h **** 
  41:../../Middlewares/LVGL/GUI/lvgl/src/misc/../stdlib/lv_string.h **** /**
  42:../../Middlewares/LVGL/GUI/lvgl/src/misc/../stdlib/lv_string.h ****  * @brief Fills a block of memory with a specified value.
  43:../../Middlewares/LVGL/GUI/lvgl/src/misc/../stdlib/lv_string.h ****  * @param dst Pointer to the destination array to fill with the specified value.
  44:../../Middlewares/LVGL/GUI/lvgl/src/misc/../stdlib/lv_string.h ****  * @param v Value to be set. The value is passed as an int, but the function fills
  45:../../Middlewares/LVGL/GUI/lvgl/src/misc/../stdlib/lv_string.h ****  *          the block of memory using the unsigned char conversion of this value.
  46:../../Middlewares/LVGL/GUI/lvgl/src/misc/../stdlib/lv_string.h ****  * @param len Number of bytes to be set to the value.
  47:../../Middlewares/LVGL/GUI/lvgl/src/misc/../stdlib/lv_string.h ****  */
  48:../../Middlewares/LVGL/GUI/lvgl/src/misc/../stdlib/lv_string.h **** void lv_memset(void * dst, uint8_t v, size_t len);
  49:../../Middlewares/LVGL/GUI/lvgl/src/misc/../stdlib/lv_string.h **** 
  50:../../Middlewares/LVGL/GUI/lvgl/src/misc/../stdlib/lv_string.h **** /**
  51:../../Middlewares/LVGL/GUI/lvgl/src/misc/../stdlib/lv_string.h ****  * @brief Move a block of memory from source to destination
  52:../../Middlewares/LVGL/GUI/lvgl/src/misc/../stdlib/lv_string.h ****  * @param dst Pointer to the destination array where the content is to be copied.
  53:../../Middlewares/LVGL/GUI/lvgl/src/misc/../stdlib/lv_string.h ****  * @param src Pointer to the source of data to be copied.
  54:../../Middlewares/LVGL/GUI/lvgl/src/misc/../stdlib/lv_string.h ****  * @param len Number of bytes to copy
  55:../../Middlewares/LVGL/GUI/lvgl/src/misc/../stdlib/lv_string.h ****  * @return Pointer to the destination array.
  56:../../Middlewares/LVGL/GUI/lvgl/src/misc/../stdlib/lv_string.h ****  */
  57:../../Middlewares/LVGL/GUI/lvgl/src/misc/../stdlib/lv_string.h **** void * lv_memmove(void * dst, const void * src, size_t len);
  58:../../Middlewares/LVGL/GUI/lvgl/src/misc/../stdlib/lv_string.h **** 
  59:../../Middlewares/LVGL/GUI/lvgl/src/misc/../stdlib/lv_string.h **** /**
  60:../../Middlewares/LVGL/GUI/lvgl/src/misc/../stdlib/lv_string.h ****  * @brief This function will compare two memory blocks
  61:../../Middlewares/LVGL/GUI/lvgl/src/misc/../stdlib/lv_string.h ****  * @param p1 Pointer to the first memory block
  62:../../Middlewares/LVGL/GUI/lvgl/src/misc/../stdlib/lv_string.h ****  * @param p2 Pointer to the second memory block
  63:../../Middlewares/LVGL/GUI/lvgl/src/misc/../stdlib/lv_string.h ****  * @param len Number of bytes to compare
  64:../../Middlewares/LVGL/GUI/lvgl/src/misc/../stdlib/lv_string.h ****  * @return The difference between the value of the first unmatching byte.
  65:../../Middlewares/LVGL/GUI/lvgl/src/misc/../stdlib/lv_string.h ****  */
  66:../../Middlewares/LVGL/GUI/lvgl/src/misc/../stdlib/lv_string.h **** int lv_memcmp(const void * p1, const void * p2, size_t len);
  67:../../Middlewares/LVGL/GUI/lvgl/src/misc/../stdlib/lv_string.h **** 
  68:../../Middlewares/LVGL/GUI/lvgl/src/misc/../stdlib/lv_string.h **** /**
  69:../../Middlewares/LVGL/GUI/lvgl/src/misc/../stdlib/lv_string.h ****  * Same as `memset(dst, 0x00, len)`.
  70:../../Middlewares/LVGL/GUI/lvgl/src/misc/../stdlib/lv_string.h ****  * @param dst pointer to the destination buffer
  71:../../Middlewares/LVGL/GUI/lvgl/src/misc/../stdlib/lv_string.h ****  * @param len number of byte to set
  72:../../Middlewares/LVGL/GUI/lvgl/src/misc/../stdlib/lv_string.h ****  */
  73:../../Middlewares/LVGL/GUI/lvgl/src/misc/../stdlib/lv_string.h **** static inline void lv_memzero(void * dst, size_t len)
 583              		.loc 3 73 20 view .LVU184
 584              	.LBB9:
  74:../../Middlewares/LVGL/GUI/lvgl/src/misc/../stdlib/lv_string.h **** {
  75:../../Middlewares/LVGL/GUI/lvgl/src/misc/../stdlib/lv_string.h ****     lv_memset(dst, 0x00, len);
 585              		.loc 3 75 5 view .LVU185
 586 003c FFF7FEFF 		bl	lv_memset
 587              	.LVL50:
  76:../../Middlewares/LVGL/GUI/lvgl/src/misc/../stdlib/lv_string.h **** }
 588              		.loc 3 76 1 is_stmt 0 view .LVU186
 589 0040 F0E7     		b	.L41
 590              	.LBE9:
 591              	.LBE8:
 592              		.cfi_endproc
 593              	.LFE18:
 595              		.section	.text.lv_array_at,"ax",%progbits
 596              		.align	1
 597              		.global	lv_array_at
ARM GAS  C:\Users\28576\AppData\Local\Temp\ccIAIsbk.s 			page 19


 598              		.syntax unified
 599              		.thumb
 600              		.thumb_func
 602              	lv_array_at:
 603              	.LVL51:
 604              	.LFB19:
 195:../../Middlewares/LVGL/GUI/lvgl/src/misc/lv_array.c **** 
 196:../../Middlewares/LVGL/GUI/lvgl/src/misc/lv_array.c **** void * lv_array_at(const lv_array_t * array, uint32_t index)
 197:../../Middlewares/LVGL/GUI/lvgl/src/misc/lv_array.c **** {
 605              		.loc 1 197 1 is_stmt 1 view -0
 606              		.cfi_startproc
 607              		@ args = 0, pretend = 0, frame = 0
 608              		@ frame_needed = 0, uses_anonymous_args = 0
 609              		@ link register save eliminated.
 198:../../Middlewares/LVGL/GUI/lvgl/src/misc/lv_array.c ****     if(index >= array->size) {
 610              		.loc 1 198 5 view .LVU188
 611              		.loc 1 198 22 is_stmt 0 view .LVU189
 612 0000 4368     		ldr	r3, [r0, #4]
 613              		.loc 1 198 7 view .LVU190
 614 0002 8B42     		cmp	r3, r1
 615 0004 06D9     		bls	.L49
 199:../../Middlewares/LVGL/GUI/lvgl/src/misc/lv_array.c ****         return NULL;
 200:../../Middlewares/LVGL/GUI/lvgl/src/misc/lv_array.c ****     }
 201:../../Middlewares/LVGL/GUI/lvgl/src/misc/lv_array.c **** 
 202:../../Middlewares/LVGL/GUI/lvgl/src/misc/lv_array.c ****     LV_ASSERT_NULL(array->data);
 616              		.loc 1 202 5 is_stmt 1 view .LVU191
 617              		.loc 1 202 5 view .LVU192
 618 0006 0368     		ldr	r3, [r0]
 619 0008 1BB1     		cbz	r3, .L48
 620              		.loc 1 202 5 view .LVU193
 621              		.loc 1 202 32 view .LVU194
 203:../../Middlewares/LVGL/GUI/lvgl/src/misc/lv_array.c ****     return array->data + index * array->element_size;
 622              		.loc 1 203 5 view .LVU195
 623              		.loc 1 203 39 is_stmt 0 view .LVU196
 624 000a C068     		ldr	r0, [r0, #12]
 625              	.LVL52:
 626              		.loc 1 203 24 view .LVU197
 627 000c 01FB0030 		mla	r0, r1, r0, r3
 628 0010 7047     		bx	lr
 629              	.LVL53:
 630              	.L48:
 202:../../Middlewares/LVGL/GUI/lvgl/src/misc/lv_array.c ****     return array->data + index * array->element_size;
 631              		.loc 1 202 5 is_stmt 1 view .LVU198
 202:../../Middlewares/LVGL/GUI/lvgl/src/misc/lv_array.c ****     return array->data + index * array->element_size;
 632              		.loc 1 202 5 view .LVU199
 202:../../Middlewares/LVGL/GUI/lvgl/src/misc/lv_array.c ****     return array->data + index * array->element_size;
 633              		.loc 1 202 5 view .LVU200
 202:../../Middlewares/LVGL/GUI/lvgl/src/misc/lv_array.c ****     return array->data + index * array->element_size;
 634              		.loc 1 202 5 view .LVU201
 202:../../Middlewares/LVGL/GUI/lvgl/src/misc/lv_array.c ****     return array->data + index * array->element_size;
 635              		.loc 1 202 5 view .LVU202
 636 0012 FEE7     		b	.L48
 637              	.L49:
 199:../../Middlewares/LVGL/GUI/lvgl/src/misc/lv_array.c ****         return NULL;
 638              		.loc 1 199 16 is_stmt 0 view .LVU203
 639 0014 0020     		movs	r0, #0
 640              	.LVL54:
ARM GAS  C:\Users\28576\AppData\Local\Temp\ccIAIsbk.s 			page 20


 204:../../Middlewares/LVGL/GUI/lvgl/src/misc/lv_array.c **** }
 641              		.loc 1 204 1 view .LVU204
 642 0016 7047     		bx	lr
 643              		.cfi_endproc
 644              	.LFE19:
 646              		.section	.text.lv_array_remove,"ax",%progbits
 647              		.align	1
 648              		.global	lv_array_remove
 649              		.syntax unified
 650              		.thumb
 651              		.thumb_func
 653              	lv_array_remove:
 654              	.LVL55:
 655              	.LFB14:
  90:../../Middlewares/LVGL/GUI/lvgl/src/misc/lv_array.c ****     if(index >= array->size) {
 656              		.loc 1 90 1 is_stmt 1 view -0
 657              		.cfi_startproc
 658              		@ args = 0, pretend = 0, frame = 0
 659              		@ frame_needed = 0, uses_anonymous_args = 0
  90:../../Middlewares/LVGL/GUI/lvgl/src/misc/lv_array.c ****     if(index >= array->size) {
 660              		.loc 1 90 1 is_stmt 0 view .LVU206
 661 0000 70B5     		push	{r4, r5, r6, lr}
 662              	.LCFI8:
 663              		.cfi_def_cfa_offset 16
 664              		.cfi_offset 4, -16
 665              		.cfi_offset 5, -12
 666              		.cfi_offset 6, -8
 667              		.cfi_offset 14, -4
  91:../../Middlewares/LVGL/GUI/lvgl/src/misc/lv_array.c ****         return LV_RESULT_INVALID;
 668              		.loc 1 91 5 is_stmt 1 view .LVU207
  91:../../Middlewares/LVGL/GUI/lvgl/src/misc/lv_array.c ****         return LV_RESULT_INVALID;
 669              		.loc 1 91 22 is_stmt 0 view .LVU208
 670 0002 4668     		ldr	r6, [r0, #4]
  91:../../Middlewares/LVGL/GUI/lvgl/src/misc/lv_array.c ****         return LV_RESULT_INVALID;
 671              		.loc 1 91 7 view .LVU209
 672 0004 8E42     		cmp	r6, r1
 673 0006 1BD9     		bls	.L53
 674 0008 0446     		mov	r4, r0
 675 000a 0D46     		mov	r5, r1
  96:../../Middlewares/LVGL/GUI/lvgl/src/misc/lv_array.c ****         array->size--;
 676              		.loc 1 96 5 is_stmt 1 view .LVU210
  96:../../Middlewares/LVGL/GUI/lvgl/src/misc/lv_array.c ****         array->size--;
 677              		.loc 1 96 29 is_stmt 0 view .LVU211
 678 000c 731E     		subs	r3, r6, #1
  96:../../Middlewares/LVGL/GUI/lvgl/src/misc/lv_array.c ****         array->size--;
 679              		.loc 1 96 7 view .LVU212
 680 000e 8B42     		cmp	r3, r1
 681 0010 11D0     		beq	.L55
 102:../../Middlewares/LVGL/GUI/lvgl/src/misc/lv_array.c ****     uint8_t * remaining = start + array->element_size;
 682              		.loc 1 102 5 is_stmt 1 view .LVU213
 102:../../Middlewares/LVGL/GUI/lvgl/src/misc/lv_array.c ****     uint8_t * remaining = start + array->element_size;
 683              		.loc 1 102 23 is_stmt 0 view .LVU214
 684 0012 FFF7FEFF 		bl	lv_array_at
 685              	.LVL56:
 103:../../Middlewares/LVGL/GUI/lvgl/src/misc/lv_array.c ****     uint32_t remaining_size = (array->size - index - 1) * array->element_size;
 686              		.loc 1 103 5 is_stmt 1 view .LVU215
 103:../../Middlewares/LVGL/GUI/lvgl/src/misc/lv_array.c ****     uint32_t remaining_size = (array->size - index - 1) * array->element_size;
ARM GAS  C:\Users\28576\AppData\Local\Temp\ccIAIsbk.s 			page 21


 687              		.loc 1 103 40 is_stmt 0 view .LVU216
 688 0016 E168     		ldr	r1, [r4, #12]
 689              	.LVL57:
 104:../../Middlewares/LVGL/GUI/lvgl/src/misc/lv_array.c ****     lv_memmove(start, remaining, remaining_size);
 690              		.loc 1 104 5 is_stmt 1 view .LVU217
 104:../../Middlewares/LVGL/GUI/lvgl/src/misc/lv_array.c ****     lv_memmove(start, remaining, remaining_size);
 691              		.loc 1 104 44 is_stmt 0 view .LVU218
 692 0018 721B     		subs	r2, r6, r5
 104:../../Middlewares/LVGL/GUI/lvgl/src/misc/lv_array.c ****     lv_memmove(start, remaining, remaining_size);
 693              		.loc 1 104 52 view .LVU219
 694 001a 013A     		subs	r2, r2, #1
 695              	.LVL58:
 105:../../Middlewares/LVGL/GUI/lvgl/src/misc/lv_array.c ****     array->size--;
 696              		.loc 1 105 5 is_stmt 1 view .LVU220
 697 001c 01FB02F2 		mul	r2, r1, r2
 698              	.LVL59:
 105:../../Middlewares/LVGL/GUI/lvgl/src/misc/lv_array.c ****     array->size--;
 699              		.loc 1 105 5 is_stmt 0 view .LVU221
 700 0020 0144     		add	r1, r1, r0
 701              	.LVL60:
 105:../../Middlewares/LVGL/GUI/lvgl/src/misc/lv_array.c ****     array->size--;
 702              		.loc 1 105 5 view .LVU222
 703 0022 FFF7FEFF 		bl	lv_memmove
 704              	.LVL61:
 106:../../Middlewares/LVGL/GUI/lvgl/src/misc/lv_array.c ****     lv_array_shrink(array);
 705              		.loc 1 106 5 is_stmt 1 view .LVU223
 106:../../Middlewares/LVGL/GUI/lvgl/src/misc/lv_array.c ****     lv_array_shrink(array);
 706              		.loc 1 106 10 is_stmt 0 view .LVU224
 707 0026 6368     		ldr	r3, [r4, #4]
 106:../../Middlewares/LVGL/GUI/lvgl/src/misc/lv_array.c ****     lv_array_shrink(array);
 708              		.loc 1 106 16 view .LVU225
 709 0028 013B     		subs	r3, r3, #1
 710 002a 6360     		str	r3, [r4, #4]
 107:../../Middlewares/LVGL/GUI/lvgl/src/misc/lv_array.c ****     return LV_RESULT_OK;
 711              		.loc 1 107 5 is_stmt 1 view .LVU226
 712 002c 2046     		mov	r0, r4
 713 002e FFF7FEFF 		bl	lv_array_shrink
 714              	.LVL62:
 108:../../Middlewares/LVGL/GUI/lvgl/src/misc/lv_array.c **** }
 715              		.loc 1 108 5 view .LVU227
 108:../../Middlewares/LVGL/GUI/lvgl/src/misc/lv_array.c **** }
 716              		.loc 1 108 12 is_stmt 0 view .LVU228
 717 0032 0120     		movs	r0, #1
 718              	.LVL63:
 719              	.L51:
 109:../../Middlewares/LVGL/GUI/lvgl/src/misc/lv_array.c **** 
 720              		.loc 1 109 1 view .LVU229
 721 0034 70BD     		pop	{r4, r5, r6, pc}
 722              	.LVL64:
 723              	.L55:
  97:../../Middlewares/LVGL/GUI/lvgl/src/misc/lv_array.c ****         lv_array_shrink(array);
 724              		.loc 1 97 9 is_stmt 1 view .LVU230
  97:../../Middlewares/LVGL/GUI/lvgl/src/misc/lv_array.c ****         lv_array_shrink(array);
 725              		.loc 1 97 20 is_stmt 0 view .LVU231
 726 0036 4360     		str	r3, [r0, #4]
  98:../../Middlewares/LVGL/GUI/lvgl/src/misc/lv_array.c ****         return LV_RESULT_OK;
 727              		.loc 1 98 9 is_stmt 1 view .LVU232
ARM GAS  C:\Users\28576\AppData\Local\Temp\ccIAIsbk.s 			page 22


 728 0038 FFF7FEFF 		bl	lv_array_shrink
 729              	.LVL65:
  99:../../Middlewares/LVGL/GUI/lvgl/src/misc/lv_array.c ****     }
 730              		.loc 1 99 9 view .LVU233
  99:../../Middlewares/LVGL/GUI/lvgl/src/misc/lv_array.c ****     }
 731              		.loc 1 99 16 is_stmt 0 view .LVU234
 732 003c 0120     		movs	r0, #1
 733 003e F9E7     		b	.L51
 734              	.LVL66:
 735              	.L53:
  92:../../Middlewares/LVGL/GUI/lvgl/src/misc/lv_array.c ****     }
 736              		.loc 1 92 16 view .LVU235
 737 0040 0020     		movs	r0, #0
 738              	.LVL67:
  92:../../Middlewares/LVGL/GUI/lvgl/src/misc/lv_array.c ****     }
 739              		.loc 1 92 16 view .LVU236
 740 0042 F7E7     		b	.L51
 741              		.cfi_endproc
 742              	.LFE14:
 744              		.section	.text.lv_array_erase,"ax",%progbits
 745              		.align	1
 746              		.global	lv_array_erase
 747              		.syntax unified
 748              		.thumb
 749              		.thumb_func
 751              	lv_array_erase:
 752              	.LVL68:
 753              	.LFB15:
 112:../../Middlewares/LVGL/GUI/lvgl/src/misc/lv_array.c ****     if(end > array->size) {
 754              		.loc 1 112 1 is_stmt 1 view -0
 755              		.cfi_startproc
 756              		@ args = 0, pretend = 0, frame = 0
 757              		@ frame_needed = 0, uses_anonymous_args = 0
 112:../../Middlewares/LVGL/GUI/lvgl/src/misc/lv_array.c ****     if(end > array->size) {
 758              		.loc 1 112 1 is_stmt 0 view .LVU238
 759 0000 F8B5     		push	{r3, r4, r5, r6, r7, lr}
 760              	.LCFI9:
 761              		.cfi_def_cfa_offset 24
 762              		.cfi_offset 3, -24
 763              		.cfi_offset 4, -20
 764              		.cfi_offset 5, -16
 765              		.cfi_offset 6, -12
 766              		.cfi_offset 7, -8
 767              		.cfi_offset 14, -4
 768 0002 0746     		mov	r7, r0
 769 0004 0C46     		mov	r4, r1
 770 0006 1546     		mov	r5, r2
 113:../../Middlewares/LVGL/GUI/lvgl/src/misc/lv_array.c ****         end = array->size;
 771              		.loc 1 113 5 is_stmt 1 view .LVU239
 113:../../Middlewares/LVGL/GUI/lvgl/src/misc/lv_array.c ****         end = array->size;
 772              		.loc 1 113 19 is_stmt 0 view .LVU240
 773 0008 4668     		ldr	r6, [r0, #4]
 113:../../Middlewares/LVGL/GUI/lvgl/src/misc/lv_array.c ****         end = array->size;
 774              		.loc 1 113 7 view .LVU241
 775 000a 9642     		cmp	r6, r2
 776 000c 00D2     		bcs	.L57
 114:../../Middlewares/LVGL/GUI/lvgl/src/misc/lv_array.c ****     }
ARM GAS  C:\Users\28576\AppData\Local\Temp\ccIAIsbk.s 			page 23


 777              		.loc 1 114 13 view .LVU242
 778 000e 3546     		mov	r5, r6
 779              	.L57:
 780              	.LVL69:
 117:../../Middlewares/LVGL/GUI/lvgl/src/misc/lv_array.c ****         return LV_RESULT_INVALID;
 781              		.loc 1 117 5 is_stmt 1 view .LVU243
 117:../../Middlewares/LVGL/GUI/lvgl/src/misc/lv_array.c ****         return LV_RESULT_INVALID;
 782              		.loc 1 117 7 is_stmt 0 view .LVU244
 783 0010 A542     		cmp	r5, r4
 784 0012 1DD9     		bls	.L61
 122:../../Middlewares/LVGL/GUI/lvgl/src/misc/lv_array.c ****         array->size = start;
 785              		.loc 1 122 5 is_stmt 1 view .LVU245
 122:../../Middlewares/LVGL/GUI/lvgl/src/misc/lv_array.c ****         array->size = start;
 786              		.loc 1 122 7 is_stmt 0 view .LVU246
 787 0014 AE42     		cmp	r6, r5
 788 0016 15D0     		beq	.L63
 128:../../Middlewares/LVGL/GUI/lvgl/src/misc/lv_array.c ****     uint8_t * remaining = start_p + (end - start) * array->element_size;
 789              		.loc 1 128 5 is_stmt 1 view .LVU247
 128:../../Middlewares/LVGL/GUI/lvgl/src/misc/lv_array.c ****     uint8_t * remaining = start_p + (end - start) * array->element_size;
 790              		.loc 1 128 25 is_stmt 0 view .LVU248
 791 0018 2146     		mov	r1, r4
 792              	.LVL70:
 128:../../Middlewares/LVGL/GUI/lvgl/src/misc/lv_array.c ****     uint8_t * remaining = start_p + (end - start) * array->element_size;
 793              		.loc 1 128 25 view .LVU249
 794 001a 3846     		mov	r0, r7
 795              	.LVL71:
 128:../../Middlewares/LVGL/GUI/lvgl/src/misc/lv_array.c ****     uint8_t * remaining = start_p + (end - start) * array->element_size;
 796              		.loc 1 128 25 view .LVU250
 797 001c FFF7FEFF 		bl	lv_array_at
 798              	.LVL72:
 129:../../Middlewares/LVGL/GUI/lvgl/src/misc/lv_array.c ****     uint32_t remaining_size = (array->size - end) * array->element_size;
 799              		.loc 1 129 5 is_stmt 1 view .LVU251
 129:../../Middlewares/LVGL/GUI/lvgl/src/misc/lv_array.c ****     uint32_t remaining_size = (array->size - end) * array->element_size;
 800              		.loc 1 129 42 is_stmt 0 view .LVU252
 801 0020 291B     		subs	r1, r5, r4
 129:../../Middlewares/LVGL/GUI/lvgl/src/misc/lv_array.c ****     uint32_t remaining_size = (array->size - end) * array->element_size;
 802              		.loc 1 129 58 view .LVU253
 803 0022 FB68     		ldr	r3, [r7, #12]
 804              	.LVL73:
 130:../../Middlewares/LVGL/GUI/lvgl/src/misc/lv_array.c ****     lv_memcpy(start_p, remaining, remaining_size);
 805              		.loc 1 130 5 is_stmt 1 view .LVU254
 130:../../Middlewares/LVGL/GUI/lvgl/src/misc/lv_array.c ****     lv_memcpy(start_p, remaining, remaining_size);
 806              		.loc 1 130 44 is_stmt 0 view .LVU255
 807 0024 721B     		subs	r2, r6, r5
 808              	.LVL74:
 131:../../Middlewares/LVGL/GUI/lvgl/src/misc/lv_array.c ****     array->size -= (end - start);
 809              		.loc 1 131 5 is_stmt 1 view .LVU256
 810 0026 03FB02F2 		mul	r2, r3, r2
 811              	.LVL75:
 131:../../Middlewares/LVGL/GUI/lvgl/src/misc/lv_array.c ****     array->size -= (end - start);
 812              		.loc 1 131 5 is_stmt 0 view .LVU257
 813 002a 03FB0101 		mla	r1, r3, r1, r0
 814              	.LVL76:
 131:../../Middlewares/LVGL/GUI/lvgl/src/misc/lv_array.c ****     array->size -= (end - start);
 815              		.loc 1 131 5 view .LVU258
 816 002e FFF7FEFF 		bl	lv_memcpy
 817              	.LVL77:
ARM GAS  C:\Users\28576\AppData\Local\Temp\ccIAIsbk.s 			page 24


 132:../../Middlewares/LVGL/GUI/lvgl/src/misc/lv_array.c ****     lv_array_shrink(array);
 818              		.loc 1 132 5 is_stmt 1 view .LVU259
 132:../../Middlewares/LVGL/GUI/lvgl/src/misc/lv_array.c ****     lv_array_shrink(array);
 819              		.loc 1 132 10 is_stmt 0 view .LVU260
 820 0032 7B68     		ldr	r3, [r7, #4]
 132:../../Middlewares/LVGL/GUI/lvgl/src/misc/lv_array.c ****     lv_array_shrink(array);
 821              		.loc 1 132 17 view .LVU261
 822 0034 641B     		subs	r4, r4, r5
 823              	.LVL78:
 132:../../Middlewares/LVGL/GUI/lvgl/src/misc/lv_array.c ****     lv_array_shrink(array);
 824              		.loc 1 132 17 view .LVU262
 825 0036 1C44     		add	r4, r4, r3
 826 0038 7C60     		str	r4, [r7, #4]
 133:../../Middlewares/LVGL/GUI/lvgl/src/misc/lv_array.c ****     return LV_RESULT_OK;
 827              		.loc 1 133 5 is_stmt 1 view .LVU263
 828 003a 3846     		mov	r0, r7
 829 003c FFF7FEFF 		bl	lv_array_shrink
 830              	.LVL79:
 134:../../Middlewares/LVGL/GUI/lvgl/src/misc/lv_array.c **** }
 831              		.loc 1 134 5 view .LVU264
 134:../../Middlewares/LVGL/GUI/lvgl/src/misc/lv_array.c **** }
 832              		.loc 1 134 12 is_stmt 0 view .LVU265
 833 0040 0120     		movs	r0, #1
 834              	.LVL80:
 835              	.L58:
 135:../../Middlewares/LVGL/GUI/lvgl/src/misc/lv_array.c **** 
 836              		.loc 1 135 1 view .LVU266
 837 0042 F8BD     		pop	{r3, r4, r5, r6, r7, pc}
 838              	.LVL81:
 839              	.L63:
 123:../../Middlewares/LVGL/GUI/lvgl/src/misc/lv_array.c ****         lv_array_shrink(array);
 840              		.loc 1 123 9 is_stmt 1 view .LVU267
 123:../../Middlewares/LVGL/GUI/lvgl/src/misc/lv_array.c ****         lv_array_shrink(array);
 841              		.loc 1 123 21 is_stmt 0 view .LVU268
 842 0044 7C60     		str	r4, [r7, #4]
 124:../../Middlewares/LVGL/GUI/lvgl/src/misc/lv_array.c ****         return LV_RESULT_OK;
 843              		.loc 1 124 9 is_stmt 1 view .LVU269
 844 0046 3846     		mov	r0, r7
 845              	.LVL82:
 124:../../Middlewares/LVGL/GUI/lvgl/src/misc/lv_array.c ****         return LV_RESULT_OK;
 846              		.loc 1 124 9 is_stmt 0 view .LVU270
 847 0048 FFF7FEFF 		bl	lv_array_shrink
 848              	.LVL83:
 125:../../Middlewares/LVGL/GUI/lvgl/src/misc/lv_array.c ****     }
 849              		.loc 1 125 9 is_stmt 1 view .LVU271
 125:../../Middlewares/LVGL/GUI/lvgl/src/misc/lv_array.c ****     }
 850              		.loc 1 125 16 is_stmt 0 view .LVU272
 851 004c 0120     		movs	r0, #1
 852 004e F8E7     		b	.L58
 853              	.LVL84:
 854              	.L61:
 118:../../Middlewares/LVGL/GUI/lvgl/src/misc/lv_array.c ****     }
 855              		.loc 1 118 16 view .LVU273
 856 0050 0020     		movs	r0, #0
 857              	.LVL85:
 118:../../Middlewares/LVGL/GUI/lvgl/src/misc/lv_array.c ****     }
 858              		.loc 1 118 16 view .LVU274
ARM GAS  C:\Users\28576\AppData\Local\Temp\ccIAIsbk.s 			page 25


 859 0052 F6E7     		b	.L58
 860              		.cfi_endproc
 861              	.LFE15:
 863              		.section	.text.lv_array_assign,"ax",%progbits
 864              		.align	1
 865              		.global	lv_array_assign
 866              		.syntax unified
 867              		.thumb
 868              		.thumb_func
 870              	lv_array_assign:
 871              	.LVL86:
 872              	.LFB20:
 205:../../Middlewares/LVGL/GUI/lvgl/src/misc/lv_array.c **** 
 206:../../Middlewares/LVGL/GUI/lvgl/src/misc/lv_array.c **** lv_result_t lv_array_assign(lv_array_t * array, uint32_t index, const void * value)
 207:../../Middlewares/LVGL/GUI/lvgl/src/misc/lv_array.c **** {
 873              		.loc 1 207 1 is_stmt 1 view -0
 874              		.cfi_startproc
 875              		@ args = 0, pretend = 0, frame = 0
 876              		@ frame_needed = 0, uses_anonymous_args = 0
 877              		.loc 1 207 1 is_stmt 0 view .LVU276
 878 0000 38B5     		push	{r3, r4, r5, lr}
 879              	.LCFI10:
 880              		.cfi_def_cfa_offset 16
 881              		.cfi_offset 3, -16
 882              		.cfi_offset 4, -12
 883              		.cfi_offset 5, -8
 884              		.cfi_offset 14, -4
 885 0002 0546     		mov	r5, r0
 886 0004 1446     		mov	r4, r2
 208:../../Middlewares/LVGL/GUI/lvgl/src/misc/lv_array.c ****     uint8_t * data = lv_array_at(array, index);
 887              		.loc 1 208 5 is_stmt 1 view .LVU277
 888              		.loc 1 208 22 is_stmt 0 view .LVU278
 889 0006 FFF7FEFF 		bl	lv_array_at
 890              	.LVL87:
 209:../../Middlewares/LVGL/GUI/lvgl/src/misc/lv_array.c ****     if(data == NULL) return LV_RESULT_INVALID;
 891              		.loc 1 209 5 is_stmt 1 view .LVU279
 892              		.loc 1 209 7 is_stmt 0 view .LVU280
 893 000a 20B1     		cbz	r0, .L65
 210:../../Middlewares/LVGL/GUI/lvgl/src/misc/lv_array.c **** 
 211:../../Middlewares/LVGL/GUI/lvgl/src/misc/lv_array.c ****     lv_memcpy(data, value, array->element_size);
 894              		.loc 1 211 5 is_stmt 1 view .LVU281
 895 000c EA68     		ldr	r2, [r5, #12]
 896 000e 2146     		mov	r1, r4
 897 0010 FFF7FEFF 		bl	lv_memcpy
 898              	.LVL88:
 212:../../Middlewares/LVGL/GUI/lvgl/src/misc/lv_array.c ****     return LV_RESULT_OK;
 899              		.loc 1 212 5 view .LVU282
 900              		.loc 1 212 12 is_stmt 0 view .LVU283
 901 0014 0120     		movs	r0, #1
 902              	.L65:
 213:../../Middlewares/LVGL/GUI/lvgl/src/misc/lv_array.c **** }
 903              		.loc 1 213 1 view .LVU284
 904 0016 38BD     		pop	{r3, r4, r5, pc}
 905              		.loc 1 213 1 view .LVU285
 906              		.cfi_endproc
 907              	.LFE20:
 909              		.text
ARM GAS  C:\Users\28576\AppData\Local\Temp\ccIAIsbk.s 			page 26


 910              	.Letext0:
 911              		.file 4 "C:/Users/28576/AppData/Roaming/xPacks/@xpack-dev-tools/arm-none-eabi-gcc/15.2.1-1.1.1/.co
 912              		.file 5 "C:/Users/28576/AppData/Roaming/xPacks/@xpack-dev-tools/arm-none-eabi-gcc/15.2.1-1.1.1/.co
 913              		.file 6 "C:/Users/28576/AppData/Roaming/xPacks/@xpack-dev-tools/arm-none-eabi-gcc/15.2.1-1.1.1/.co
 914              		.file 7 "../../Middlewares/LVGL/GUI/lvgl/src/misc/lv_types.h"
 915              		.file 8 "../../Middlewares/LVGL/GUI/lvgl/src/misc/../stdlib/lv_mem.h"
ARM GAS  C:\Users\28576\AppData\Local\Temp\ccIAIsbk.s 			page 27


DEFINED SYMBOLS
                            *ABS*:00000000 lv_array.c
C:\Users\28576\AppData\Local\Temp\ccIAIsbk.s:20     .text.lv_array_init:00000000 $t
C:\Users\28576\AppData\Local\Temp\ccIAIsbk.s:26     .text.lv_array_init:00000000 lv_array_init
C:\Users\28576\AppData\Local\Temp\ccIAIsbk.s:80     .text.lv_array_init_from_buf:00000000 $t
C:\Users\28576\AppData\Local\Temp\ccIAIsbk.s:86     .text.lv_array_init_from_buf:00000000 lv_array_init_from_buf
C:\Users\28576\AppData\Local\Temp\ccIAIsbk.s:132    .text.lv_array_deinit:00000000 $t
C:\Users\28576\AppData\Local\Temp\ccIAIsbk.s:138    .text.lv_array_deinit:00000000 lv_array_deinit
C:\Users\28576\AppData\Local\Temp\ccIAIsbk.s:188    .text.lv_array_copy:00000000 $t
C:\Users\28576\AppData\Local\Temp\ccIAIsbk.s:194    .text.lv_array_copy:00000000 lv_array_copy
C:\Users\28576\AppData\Local\Temp\ccIAIsbk.s:264    .text.lv_array_resize:00000000 $t
C:\Users\28576\AppData\Local\Temp\ccIAIsbk.s:270    .text.lv_array_resize:00000000 lv_array_resize
C:\Users\28576\AppData\Local\Temp\ccIAIsbk.s:345    .text.lv_array_shrink:00000000 $t
C:\Users\28576\AppData\Local\Temp\ccIAIsbk.s:351    .text.lv_array_shrink:00000000 lv_array_shrink
C:\Users\28576\AppData\Local\Temp\ccIAIsbk.s:387    .text.lv_array_concat:00000000 $t
C:\Users\28576\AppData\Local\Temp\ccIAIsbk.s:393    .text.lv_array_concat:00000000 lv_array_concat
C:\Users\28576\AppData\Local\Temp\ccIAIsbk.s:486    .text.lv_array_push_back:00000000 $t
C:\Users\28576\AppData\Local\Temp\ccIAIsbk.s:492    .text.lv_array_push_back:00000000 lv_array_push_back
C:\Users\28576\AppData\Local\Temp\ccIAIsbk.s:596    .text.lv_array_at:00000000 $t
C:\Users\28576\AppData\Local\Temp\ccIAIsbk.s:602    .text.lv_array_at:00000000 lv_array_at
C:\Users\28576\AppData\Local\Temp\ccIAIsbk.s:647    .text.lv_array_remove:00000000 $t
C:\Users\28576\AppData\Local\Temp\ccIAIsbk.s:653    .text.lv_array_remove:00000000 lv_array_remove
C:\Users\28576\AppData\Local\Temp\ccIAIsbk.s:745    .text.lv_array_erase:00000000 $t
C:\Users\28576\AppData\Local\Temp\ccIAIsbk.s:751    .text.lv_array_erase:00000000 lv_array_erase
C:\Users\28576\AppData\Local\Temp\ccIAIsbk.s:864    .text.lv_array_assign:00000000 $t
C:\Users\28576\AppData\Local\Temp\ccIAIsbk.s:870    .text.lv_array_assign:00000000 lv_array_assign

UNDEFINED SYMBOLS
lv_malloc
lv_free
lv_memcpy
lv_realloc
lv_memset
lv_memmove
