ARM GAS  C:\Users\28576\AppData\Local\Temp\ccigU5Py.s 			page 1


   1              		.cpu cortex-m7
   2              		.arch armv7e-m
   3              		.fpu fpv5-d16
   4              		.eabi_attribute 28, 1
   5              		.eabi_attribute 20, 1
   6              		.eabi_attribute 21, 1
   7              		.eabi_attribute 23, 3
   8              		.eabi_attribute 24, 1
   9              		.eabi_attribute 25, 1
  10              		.eabi_attribute 26, 1
  11              		.eabi_attribute 30, 1
  12              		.eabi_attribute 34, 1
  13              		.eabi_attribute 18, 4
  14              		.file	"lv_draw_sw_triangle.c"
  15              		.text
  16              	.Ltext0:
  17              		.cfi_sections	.debug_frame
  18              		.file 1 "../../Middlewares/LVGL/GUI/lvgl/src/draw/sw/lv_draw_sw_triangle.c"
  19              		.section	.text.lv_draw_sw_triangle,"ax",%progbits
  20              		.align	1
  21              		.global	lv_draw_sw_triangle
  22              		.syntax unified
  23              		.thumb
  24              		.thumb_func
  26              	lv_draw_sw_triangle:
  27              	.LVL0:
  28              	.LFB41:
   1:../../Middlewares/LVGL/GUI/lvgl/src/draw/sw/lv_draw_sw_triangle.c **** /**
   2:../../Middlewares/LVGL/GUI/lvgl/src/draw/sw/lv_draw_sw_triangle.c ****  * @file lv_draw_sw_triangle.c
   3:../../Middlewares/LVGL/GUI/lvgl/src/draw/sw/lv_draw_sw_triangle.c ****  *
   4:../../Middlewares/LVGL/GUI/lvgl/src/draw/sw/lv_draw_sw_triangle.c ****  */
   5:../../Middlewares/LVGL/GUI/lvgl/src/draw/sw/lv_draw_sw_triangle.c **** 
   6:../../Middlewares/LVGL/GUI/lvgl/src/draw/sw/lv_draw_sw_triangle.c **** /*********************
   7:../../Middlewares/LVGL/GUI/lvgl/src/draw/sw/lv_draw_sw_triangle.c ****  *      INCLUDES
   8:../../Middlewares/LVGL/GUI/lvgl/src/draw/sw/lv_draw_sw_triangle.c ****  *********************/
   9:../../Middlewares/LVGL/GUI/lvgl/src/draw/sw/lv_draw_sw_triangle.c **** #include "lv_draw_sw_mask_private.h"
  10:../../Middlewares/LVGL/GUI/lvgl/src/draw/sw/lv_draw_sw_triangle.c **** #include "blend/lv_draw_sw_blend_private.h"
  11:../../Middlewares/LVGL/GUI/lvgl/src/draw/sw/lv_draw_sw_triangle.c **** #include "../lv_draw_private.h"
  12:../../Middlewares/LVGL/GUI/lvgl/src/draw/sw/lv_draw_sw_triangle.c **** #include "lv_draw_sw.h"
  13:../../Middlewares/LVGL/GUI/lvgl/src/draw/sw/lv_draw_sw_triangle.c **** #if LV_USE_DRAW_SW
  14:../../Middlewares/LVGL/GUI/lvgl/src/draw/sw/lv_draw_sw_triangle.c **** 
  15:../../Middlewares/LVGL/GUI/lvgl/src/draw/sw/lv_draw_sw_triangle.c **** #include "../../misc/lv_math.h"
  16:../../Middlewares/LVGL/GUI/lvgl/src/draw/sw/lv_draw_sw_triangle.c **** #include "../../stdlib/lv_mem.h"
  17:../../Middlewares/LVGL/GUI/lvgl/src/draw/sw/lv_draw_sw_triangle.c **** #include "../../misc/lv_area_private.h"
  18:../../Middlewares/LVGL/GUI/lvgl/src/draw/sw/lv_draw_sw_triangle.c **** #include "../../misc/lv_color.h"
  19:../../Middlewares/LVGL/GUI/lvgl/src/draw/sw/lv_draw_sw_triangle.c **** #include "../../stdlib/lv_string.h"
  20:../../Middlewares/LVGL/GUI/lvgl/src/draw/sw/lv_draw_sw_triangle.c **** #include "../lv_draw_triangle_private.h"
  21:../../Middlewares/LVGL/GUI/lvgl/src/draw/sw/lv_draw_sw_triangle.c **** #include "lv_draw_sw_grad.h"
  22:../../Middlewares/LVGL/GUI/lvgl/src/draw/sw/lv_draw_sw_triangle.c **** 
  23:../../Middlewares/LVGL/GUI/lvgl/src/draw/sw/lv_draw_sw_triangle.c **** /*********************
  24:../../Middlewares/LVGL/GUI/lvgl/src/draw/sw/lv_draw_sw_triangle.c ****  *      DEFINES
  25:../../Middlewares/LVGL/GUI/lvgl/src/draw/sw/lv_draw_sw_triangle.c ****  *********************/
  26:../../Middlewares/LVGL/GUI/lvgl/src/draw/sw/lv_draw_sw_triangle.c **** 
  27:../../Middlewares/LVGL/GUI/lvgl/src/draw/sw/lv_draw_sw_triangle.c **** /**********************
  28:../../Middlewares/LVGL/GUI/lvgl/src/draw/sw/lv_draw_sw_triangle.c ****  *      TYPEDEFS
  29:../../Middlewares/LVGL/GUI/lvgl/src/draw/sw/lv_draw_sw_triangle.c ****  **********************/
  30:../../Middlewares/LVGL/GUI/lvgl/src/draw/sw/lv_draw_sw_triangle.c **** 
ARM GAS  C:\Users\28576\AppData\Local\Temp\ccigU5Py.s 			page 2


  31:../../Middlewares/LVGL/GUI/lvgl/src/draw/sw/lv_draw_sw_triangle.c **** /**********************
  32:../../Middlewares/LVGL/GUI/lvgl/src/draw/sw/lv_draw_sw_triangle.c ****  *  STATIC PROTOTYPES
  33:../../Middlewares/LVGL/GUI/lvgl/src/draw/sw/lv_draw_sw_triangle.c ****  **********************/
  34:../../Middlewares/LVGL/GUI/lvgl/src/draw/sw/lv_draw_sw_triangle.c **** 
  35:../../Middlewares/LVGL/GUI/lvgl/src/draw/sw/lv_draw_sw_triangle.c **** /**********************
  36:../../Middlewares/LVGL/GUI/lvgl/src/draw/sw/lv_draw_sw_triangle.c ****  *  STATIC VARIABLES
  37:../../Middlewares/LVGL/GUI/lvgl/src/draw/sw/lv_draw_sw_triangle.c ****  **********************/
  38:../../Middlewares/LVGL/GUI/lvgl/src/draw/sw/lv_draw_sw_triangle.c **** 
  39:../../Middlewares/LVGL/GUI/lvgl/src/draw/sw/lv_draw_sw_triangle.c **** /**********************
  40:../../Middlewares/LVGL/GUI/lvgl/src/draw/sw/lv_draw_sw_triangle.c ****  *      MACROS
  41:../../Middlewares/LVGL/GUI/lvgl/src/draw/sw/lv_draw_sw_triangle.c ****  **********************/
  42:../../Middlewares/LVGL/GUI/lvgl/src/draw/sw/lv_draw_sw_triangle.c **** 
  43:../../Middlewares/LVGL/GUI/lvgl/src/draw/sw/lv_draw_sw_triangle.c **** /**********************
  44:../../Middlewares/LVGL/GUI/lvgl/src/draw/sw/lv_draw_sw_triangle.c ****  *   GLOBAL FUNCTIONS
  45:../../Middlewares/LVGL/GUI/lvgl/src/draw/sw/lv_draw_sw_triangle.c ****  **********************/
  46:../../Middlewares/LVGL/GUI/lvgl/src/draw/sw/lv_draw_sw_triangle.c **** 
  47:../../Middlewares/LVGL/GUI/lvgl/src/draw/sw/lv_draw_sw_triangle.c **** void lv_draw_sw_triangle(lv_draw_task_t * t, const lv_draw_triangle_dsc_t * dsc)
  48:../../Middlewares/LVGL/GUI/lvgl/src/draw/sw/lv_draw_sw_triangle.c **** {
  29              		.loc 1 48 1 view -0
  30              		.cfi_startproc
  31              		@ args = 0, pretend = 0, frame = 312
  32              		@ frame_needed = 0, uses_anonymous_args = 0
  33              		.loc 1 48 1 is_stmt 0 view .LVU1
  34 0000 2DE9F04F 		push	{r4, r5, r6, r7, r8, r9, r10, fp, lr}
  35              	.LCFI0:
  36              		.cfi_def_cfa_offset 36
  37              		.cfi_offset 4, -36
  38              		.cfi_offset 5, -32
  39              		.cfi_offset 6, -28
  40              		.cfi_offset 7, -24
  41              		.cfi_offset 8, -20
  42              		.cfi_offset 9, -16
  43              		.cfi_offset 10, -12
  44              		.cfi_offset 11, -8
  45              		.cfi_offset 14, -4
  46 0004 D1B0     		sub	sp, sp, #324
  47              	.LCFI1:
  48              		.cfi_def_cfa_offset 360
  49 0006 8146     		mov	r9, r0
  50 0008 0F46     		mov	r7, r1
  49:../../Middlewares/LVGL/GUI/lvgl/src/draw/sw/lv_draw_sw_triangle.c **** #if LV_DRAW_SW_COMPLEX
  50:../../Middlewares/LVGL/GUI/lvgl/src/draw/sw/lv_draw_sw_triangle.c ****     lv_area_t tri_area;
  51              		.loc 1 50 5 is_stmt 1 view .LVU2
  51:../../Middlewares/LVGL/GUI/lvgl/src/draw/sw/lv_draw_sw_triangle.c ****     tri_area.x1 = (int32_t)LV_MIN3(dsc->p[0].x, dsc->p[1].x, dsc->p[2].x);
  52              		.loc 1 51 5 view .LVU3
  53              		.loc 1 51 28 is_stmt 0 view .LVU4
  54 000a CD6A     		ldr	r5, [r1, #44]
  55 000c 4A6A     		ldr	r2, [r1, #36]
  56 000e CE69     		ldr	r6, [r1, #28]
  57 0010 1346     		mov	r3, r2
  58 0012 B242     		cmp	r2, r6
  59 0014 A8BF     		it	ge
  60 0016 3346     		movge	r3, r6
  61              		.loc 1 51 19 view .LVU5
  62 0018 AB42     		cmp	r3, r5
  63 001a A8BF     		it	ge
  64 001c 2B46     		movge	r3, r5
ARM GAS  C:\Users\28576\AppData\Local\Temp\ccigU5Py.s 			page 3


  65              		.loc 1 51 17 view .LVU6
  66 001e 4C93     		str	r3, [sp, #304]
  52:../../Middlewares/LVGL/GUI/lvgl/src/draw/sw/lv_draw_sw_triangle.c ****     tri_area.y1 = (int32_t)LV_MIN3(dsc->p[0].y, dsc->p[1].y, dsc->p[2].y);
  67              		.loc 1 52 5 is_stmt 1 view .LVU7
  68              		.loc 1 52 28 is_stmt 0 view .LVU8
  69 0020 086B     		ldr	r0, [r1, #48]
  70              	.LVL1:
  71              		.loc 1 52 28 view .LVU9
  72 0022 8B6A     		ldr	r3, [r1, #40]
  73 0024 0C6A     		ldr	r4, [r1, #32]
  74 0026 1946     		mov	r1, r3
  75              	.LVL2:
  76              		.loc 1 52 28 view .LVU10
  77 0028 A342     		cmp	r3, r4
  78 002a A8BF     		it	ge
  79 002c 2146     		movge	r1, r4
  80              		.loc 1 52 19 view .LVU11
  81 002e 8142     		cmp	r1, r0
  82 0030 A8BF     		it	ge
  83 0032 0146     		movge	r1, r0
  84              		.loc 1 52 17 view .LVU12
  85 0034 4D91     		str	r1, [sp, #308]
  53:../../Middlewares/LVGL/GUI/lvgl/src/draw/sw/lv_draw_sw_triangle.c ****     tri_area.x2 = (int32_t)LV_MAX3(dsc->p[0].x, dsc->p[1].x, dsc->p[2].x);
  86              		.loc 1 53 5 is_stmt 1 view .LVU13
  87              		.loc 1 53 28 is_stmt 0 view .LVU14
  88 0036 B242     		cmp	r2, r6
  89 0038 B8BF     		it	lt
  90 003a 3246     		movlt	r2, r6
  91              		.loc 1 53 19 view .LVU15
  92 003c AA42     		cmp	r2, r5
  93 003e B8BF     		it	lt
  94 0040 2A46     		movlt	r2, r5
  95              		.loc 1 53 17 view .LVU16
  96 0042 4E92     		str	r2, [sp, #312]
  54:../../Middlewares/LVGL/GUI/lvgl/src/draw/sw/lv_draw_sw_triangle.c ****     tri_area.y2 = (int32_t)LV_MAX3(dsc->p[0].y, dsc->p[1].y, dsc->p[2].y);
  97              		.loc 1 54 5 is_stmt 1 view .LVU17
  98              		.loc 1 54 28 is_stmt 0 view .LVU18
  99 0044 A342     		cmp	r3, r4
 100 0046 B8BF     		it	lt
 101 0048 2346     		movlt	r3, r4
 102              		.loc 1 54 19 view .LVU19
 103 004a 8342     		cmp	r3, r0
 104 004c B8BF     		it	lt
 105 004e 0346     		movlt	r3, r0
 106              		.loc 1 54 17 view .LVU20
 107 0050 4F93     		str	r3, [sp, #316]
  55:../../Middlewares/LVGL/GUI/lvgl/src/draw/sw/lv_draw_sw_triangle.c **** 
  56:../../Middlewares/LVGL/GUI/lvgl/src/draw/sw/lv_draw_sw_triangle.c ****     bool is_common;
 108              		.loc 1 56 5 is_stmt 1 view .LVU21
  57:../../Middlewares/LVGL/GUI/lvgl/src/draw/sw/lv_draw_sw_triangle.c ****     lv_area_t draw_area;
 109              		.loc 1 57 5 view .LVU22
  58:../../Middlewares/LVGL/GUI/lvgl/src/draw/sw/lv_draw_sw_triangle.c ****     is_common = lv_area_intersect(&draw_area, &tri_area, &t->clip_area);
 110              		.loc 1 58 5 view .LVU23
 111              		.loc 1 58 17 is_stmt 0 view .LVU24
 112 0052 09F13802 		add	r2, r9, #56
 113 0056 4CA9     		add	r1, sp, #304
 114 0058 48A8     		add	r0, sp, #288
ARM GAS  C:\Users\28576\AppData\Local\Temp\ccigU5Py.s 			page 4


 115 005a FFF7FEFF 		bl	lv_area_intersect
 116              	.LVL3:
  59:../../Middlewares/LVGL/GUI/lvgl/src/draw/sw/lv_draw_sw_triangle.c ****     if(!is_common) return;
 117              		.loc 1 59 5 is_stmt 1 view .LVU25
 118              		.loc 1 59 7 is_stmt 0 view .LVU26
 119 005e 0028     		cmp	r0, #0
 120 0060 00F0BB81 		beq	.L1
  60:../../Middlewares/LVGL/GUI/lvgl/src/draw/sw/lv_draw_sw_triangle.c **** 
  61:../../Middlewares/LVGL/GUI/lvgl/src/draw/sw/lv_draw_sw_triangle.c ****     lv_point_t p[3];
 121              		.loc 1 61 5 is_stmt 1 view .LVU27
  62:../../Middlewares/LVGL/GUI/lvgl/src/draw/sw/lv_draw_sw_triangle.c ****     /*If there is a vertical side use it as p[0] and p[1]*/
  63:../../Middlewares/LVGL/GUI/lvgl/src/draw/sw/lv_draw_sw_triangle.c ****     if(dsc->p[0].x == dsc->p[1].x) {
 122              		.loc 1 63 5 view .LVU28
 123              		.loc 1 63 17 is_stmt 0 view .LVU29
 124 0064 FB69     		ldr	r3, [r7, #28]
 125              		.loc 1 63 32 view .LVU30
 126 0066 7A6A     		ldr	r2, [r7, #36]
 127              		.loc 1 63 7 view .LVU31
 128 0068 9342     		cmp	r3, r2
 129 006a 00F0C680 		beq	.L29
  64:../../Middlewares/LVGL/GUI/lvgl/src/draw/sw/lv_draw_sw_triangle.c ****         p[0] = lv_point_from_precise(&dsc->p[0]);
  65:../../Middlewares/LVGL/GUI/lvgl/src/draw/sw/lv_draw_sw_triangle.c ****         p[1] = lv_point_from_precise(&dsc->p[1]);
  66:../../Middlewares/LVGL/GUI/lvgl/src/draw/sw/lv_draw_sw_triangle.c ****         p[2] = lv_point_from_precise(&dsc->p[2]);
  67:../../Middlewares/LVGL/GUI/lvgl/src/draw/sw/lv_draw_sw_triangle.c ****     }
  68:../../Middlewares/LVGL/GUI/lvgl/src/draw/sw/lv_draw_sw_triangle.c ****     else if(dsc->p[0].x == dsc->p[2].x) {
 130              		.loc 1 68 10 is_stmt 1 view .LVU32
 131              		.loc 1 68 37 is_stmt 0 view .LVU33
 132 006e F96A     		ldr	r1, [r7, #44]
 133              		.loc 1 68 12 view .LVU34
 134 0070 8B42     		cmp	r3, r1
 135 0072 00F0E280 		beq	.L30
  69:../../Middlewares/LVGL/GUI/lvgl/src/draw/sw/lv_draw_sw_triangle.c ****         p[0] = lv_point_from_precise(&dsc->p[0]);
  70:../../Middlewares/LVGL/GUI/lvgl/src/draw/sw/lv_draw_sw_triangle.c ****         p[1] = lv_point_from_precise(&dsc->p[2]);
  71:../../Middlewares/LVGL/GUI/lvgl/src/draw/sw/lv_draw_sw_triangle.c ****         p[2] = lv_point_from_precise(&dsc->p[1]);
  72:../../Middlewares/LVGL/GUI/lvgl/src/draw/sw/lv_draw_sw_triangle.c ****     }
  73:../../Middlewares/LVGL/GUI/lvgl/src/draw/sw/lv_draw_sw_triangle.c ****     else if(dsc->p[1].x == dsc->p[2].x) {
 136              		.loc 1 73 10 is_stmt 1 view .LVU35
 137              		.loc 1 73 12 is_stmt 0 view .LVU36
 138 0076 8A42     		cmp	r2, r1
 139 0078 00F0FF80 		beq	.L31
  74:../../Middlewares/LVGL/GUI/lvgl/src/draw/sw/lv_draw_sw_triangle.c ****         p[0] = lv_point_from_precise(&dsc->p[1]);
  75:../../Middlewares/LVGL/GUI/lvgl/src/draw/sw/lv_draw_sw_triangle.c ****         p[1] = lv_point_from_precise(&dsc->p[2]);
  76:../../Middlewares/LVGL/GUI/lvgl/src/draw/sw/lv_draw_sw_triangle.c ****         p[2] = lv_point_from_precise(&dsc->p[0]);
  77:../../Middlewares/LVGL/GUI/lvgl/src/draw/sw/lv_draw_sw_triangle.c ****     }
  78:../../Middlewares/LVGL/GUI/lvgl/src/draw/sw/lv_draw_sw_triangle.c ****     else {
  79:../../Middlewares/LVGL/GUI/lvgl/src/draw/sw/lv_draw_sw_triangle.c ****         p[0] = lv_point_from_precise(&dsc->p[0]);
 140              		.loc 1 79 9 is_stmt 1 view .LVU37
 141              		.loc 1 79 16 is_stmt 0 view .LVU38
 142 007c 02AC     		add	r4, sp, #8
 143 007e 07F11C01 		add	r1, r7, #28
 144 0082 2046     		mov	r0, r4
 145              	.LVL4:
 146              		.loc 1 79 16 view .LVU39
 147 0084 FFF7FEFF 		bl	lv_point_from_precise
 148              	.LVL5:
 149 0088 42AB     		add	r3, sp, #264
 150 008a 94E80300 		ldm	r4, {r0, r1}
ARM GAS  C:\Users\28576\AppData\Local\Temp\ccigU5Py.s 			page 5


 151 008e 83E80300 		stm	r3, {r0, r1}
  80:../../Middlewares/LVGL/GUI/lvgl/src/draw/sw/lv_draw_sw_triangle.c ****         p[1] = lv_point_from_precise(&dsc->p[1]);
 152              		.loc 1 80 9 is_stmt 1 view .LVU40
 153              		.loc 1 80 16 is_stmt 0 view .LVU41
 154 0092 07F12401 		add	r1, r7, #36
 155 0096 2046     		mov	r0, r4
 156 0098 FFF7FEFF 		bl	lv_point_from_precise
 157              	.LVL6:
 158 009c 44AB     		add	r3, sp, #272
 159 009e 94E80300 		ldm	r4, {r0, r1}
 160 00a2 83E80300 		stm	r3, {r0, r1}
  81:../../Middlewares/LVGL/GUI/lvgl/src/draw/sw/lv_draw_sw_triangle.c ****         p[2] = lv_point_from_precise(&dsc->p[2]);
 161              		.loc 1 81 9 is_stmt 1 view .LVU42
 162              		.loc 1 81 16 is_stmt 0 view .LVU43
 163 00a6 07F12C01 		add	r1, r7, #44
 164 00aa 2046     		mov	r0, r4
 165 00ac FFF7FEFF 		bl	lv_point_from_precise
 166              	.LVL7:
 167 00b0 46AB     		add	r3, sp, #280
 168 00b2 94E80300 		ldm	r4, {r0, r1}
 169 00b6 83E80300 		stm	r3, {r0, r1}
  82:../../Middlewares/LVGL/GUI/lvgl/src/draw/sw/lv_draw_sw_triangle.c **** 
  83:../../Middlewares/LVGL/GUI/lvgl/src/draw/sw/lv_draw_sw_triangle.c ****         /*Set the smallest y as p[0]*/
  84:../../Middlewares/LVGL/GUI/lvgl/src/draw/sw/lv_draw_sw_triangle.c ****         if(p[0].y > p[1].y) lv_point_swap(&p[0], &p[1]);
 170              		.loc 1 84 9 is_stmt 1 view .LVU44
 171              		.loc 1 84 11 is_stmt 0 view .LVU45
 172 00ba 439A     		ldr	r2, [sp, #268]
 173 00bc 459B     		ldr	r3, [sp, #276]
 174 00be 9A42     		cmp	r2, r3
 175 00c0 00F3FB80 		bgt	.L32
 176              	.L8:
  85:../../Middlewares/LVGL/GUI/lvgl/src/draw/sw/lv_draw_sw_triangle.c ****         if(p[0].y > p[2].y) lv_point_swap(&p[0], &p[2]);
 177              		.loc 1 85 9 is_stmt 1 view .LVU46
 178              		.loc 1 85 11 is_stmt 0 view .LVU47
 179 00c4 439A     		ldr	r2, [sp, #268]
 180 00c6 479B     		ldr	r3, [sp, #284]
 181 00c8 9A42     		cmp	r2, r3
 182 00ca 00F3FB80 		bgt	.L33
 183              	.L9:
  86:../../Middlewares/LVGL/GUI/lvgl/src/draw/sw/lv_draw_sw_triangle.c **** 
  87:../../Middlewares/LVGL/GUI/lvgl/src/draw/sw/lv_draw_sw_triangle.c ****         /*Set the greatest y as p[1]*/
  88:../../Middlewares/LVGL/GUI/lvgl/src/draw/sw/lv_draw_sw_triangle.c ****         if(p[1].y < p[2].y) lv_point_swap(&p[1], &p[2]);
 184              		.loc 1 88 9 is_stmt 1 view .LVU48
 185              		.loc 1 88 11 is_stmt 0 view .LVU49
 186 00ce 459A     		ldr	r2, [sp, #276]
 187 00d0 479B     		ldr	r3, [sp, #284]
 188 00d2 9A42     		cmp	r2, r3
 189 00d4 C0F2FB80 		blt	.L34
 190              	.L5:
  89:../../Middlewares/LVGL/GUI/lvgl/src/draw/sw/lv_draw_sw_triangle.c ****     }
  90:../../Middlewares/LVGL/GUI/lvgl/src/draw/sw/lv_draw_sw_triangle.c **** 
  91:../../Middlewares/LVGL/GUI/lvgl/src/draw/sw/lv_draw_sw_triangle.c ****     /*Be sure p[0] is on the top*/
  92:../../Middlewares/LVGL/GUI/lvgl/src/draw/sw/lv_draw_sw_triangle.c ****     if(p[0].y > p[1].y) lv_point_swap(&p[0], &p[1]);
 191              		.loc 1 92 5 is_stmt 1 view .LVU50
 192              		.loc 1 92 7 is_stmt 0 view .LVU51
 193 00d8 439A     		ldr	r2, [sp, #268]
 194 00da 459B     		ldr	r3, [sp, #276]
ARM GAS  C:\Users\28576\AppData\Local\Temp\ccigU5Py.s 			page 6


 195 00dc 9A42     		cmp	r2, r3
 196 00de 00F3FB80 		bgt	.L35
 197              	.L10:
  93:../../Middlewares/LVGL/GUI/lvgl/src/draw/sw/lv_draw_sw_triangle.c **** 
  94:../../Middlewares/LVGL/GUI/lvgl/src/draw/sw/lv_draw_sw_triangle.c ****     /*If right == true p[2] is on the right side of the p[0] p[1] line*/
  95:../../Middlewares/LVGL/GUI/lvgl/src/draw/sw/lv_draw_sw_triangle.c ****     bool right = ((p[1].x - p[0].x) * (p[2].y - p[0].y) - (p[1].y - p[0].y) * (p[2].x - p[0].x)) < 
 198              		.loc 1 95 5 is_stmt 1 view .LVU52
 199              		.loc 1 95 24 is_stmt 0 view .LVU53
 200 00e2 449B     		ldr	r3, [sp, #272]
 201              		.loc 1 95 33 view .LVU54
 202 00e4 4299     		ldr	r1, [sp, #264]
 203              		.loc 1 95 27 view .LVU55
 204 00e6 5C1A     		subs	r4, r3, r1
 205              		.loc 1 95 53 view .LVU56
 206 00e8 439A     		ldr	r2, [sp, #268]
 207              		.loc 1 95 47 view .LVU57
 208 00ea 4798     		ldr	r0, [sp, #284]
 209 00ec 801A     		subs	r0, r0, r2
 210              		.loc 1 95 37 view .LVU58
 211 00ee 00FB04F4 		mul	r4, r0, r4
 212              		.loc 1 95 64 view .LVU59
 213 00f2 459E     		ldr	r6, [sp, #276]
 214              		.loc 1 95 67 view .LVU60
 215 00f4 B51A     		subs	r5, r6, r2
 216              		.loc 1 95 84 view .LVU61
 217 00f6 4698     		ldr	r0, [sp, #280]
 218              		.loc 1 95 87 view .LVU62
 219 00f8 401A     		subs	r0, r0, r1
 220              		.loc 1 95 57 view .LVU63
 221 00fa 00FB1544 		mls	r4, r0, r5, r4
 222              		.loc 1 95 10 view .LVU64
 223 00fe 4FEAD47C 		lsr	ip, r4, #31
 224              	.LVL8:
  96:../../Middlewares/LVGL/GUI/lvgl/src/draw/sw/lv_draw_sw_triangle.c **** 
  97:../../Middlewares/LVGL/GUI/lvgl/src/draw/sw/lv_draw_sw_triangle.c ****     void * masks[4] = {0};
 225              		.loc 1 97 5 is_stmt 1 view .LVU65
 226              		.loc 1 97 12 is_stmt 0 view .LVU66
 227 0102 0020     		movs	r0, #0
 228 0104 3E90     		str	r0, [sp, #248]
 229 0106 3F90     		str	r0, [sp, #252]
 230 0108 4090     		str	r0, [sp, #256]
 231 010a 4190     		str	r0, [sp, #260]
  98:../../Middlewares/LVGL/GUI/lvgl/src/draw/sw/lv_draw_sw_triangle.c ****     lv_draw_sw_mask_line_param_t mask_left;
 232              		.loc 1 98 5 is_stmt 1 view .LVU67
  99:../../Middlewares/LVGL/GUI/lvgl/src/draw/sw/lv_draw_sw_triangle.c ****     lv_draw_sw_mask_line_param_t mask_right;
 233              		.loc 1 99 5 view .LVU68
 100:../../Middlewares/LVGL/GUI/lvgl/src/draw/sw/lv_draw_sw_triangle.c ****     lv_draw_sw_mask_line_param_t mask_bottom;
 234              		.loc 1 100 5 view .LVU69
 101:../../Middlewares/LVGL/GUI/lvgl/src/draw/sw/lv_draw_sw_triangle.c **** 
 102:../../Middlewares/LVGL/GUI/lvgl/src/draw/sw/lv_draw_sw_triangle.c ****     lv_draw_sw_mask_line_points_init(&mask_left, p[0].x, p[0].y,
 235              		.loc 1 102 5 view .LVU70
 236 010c CDF804C0 		str	ip, [sp, #4]
 237 0110 0096     		str	r6, [sp]
 238 0112 30A8     		add	r0, sp, #192
 239 0114 FFF7FEFF 		bl	lv_draw_sw_mask_line_points_init
 240              	.LVL9:
 103:../../Middlewares/LVGL/GUI/lvgl/src/draw/sw/lv_draw_sw_triangle.c ****                                      p[1].x, p[1].y,
ARM GAS  C:\Users\28576\AppData\Local\Temp\ccigU5Py.s 			page 7


 104:../../Middlewares/LVGL/GUI/lvgl/src/draw/sw/lv_draw_sw_triangle.c ****                                      right ? LV_DRAW_SW_MASK_LINE_SIDE_RIGHT : LV_DRAW_SW_MASK_LINE
 105:../../Middlewares/LVGL/GUI/lvgl/src/draw/sw/lv_draw_sw_triangle.c **** 
 106:../../Middlewares/LVGL/GUI/lvgl/src/draw/sw/lv_draw_sw_triangle.c ****     lv_draw_sw_mask_line_points_init(&mask_right, p[0].x, p[0].y,
 241              		.loc 1 106 5 view .LVU71
 107:../../Middlewares/LVGL/GUI/lvgl/src/draw/sw/lv_draw_sw_triangle.c ****                                      p[2].x, p[2].y,
 108:../../Middlewares/LVGL/GUI/lvgl/src/draw/sw/lv_draw_sw_triangle.c ****                                      right ? LV_DRAW_SW_MASK_LINE_SIDE_LEFT : LV_DRAW_SW_MASK_LINE_
 242              		.loc 1 108 77 is_stmt 0 view .LVU72
 243 0118 E443     		mvns	r4, r4
 244              	.LVL10:
 245              		.loc 1 108 77 view .LVU73
 246 011a E40F     		lsrs	r4, r4, #31
 247              	.LVL11:
 106:../../Middlewares/LVGL/GUI/lvgl/src/draw/sw/lv_draw_sw_triangle.c ****                                      p[2].x, p[2].y,
 248              		.loc 1 106 5 view .LVU74
 249 011c 0194     		str	r4, [sp, #4]
 250 011e 479B     		ldr	r3, [sp, #284]
 251 0120 0093     		str	r3, [sp]
 252 0122 469B     		ldr	r3, [sp, #280]
 253 0124 439A     		ldr	r2, [sp, #268]
 254 0126 4299     		ldr	r1, [sp, #264]
 255 0128 22A8     		add	r0, sp, #136
 256 012a FFF7FEFF 		bl	lv_draw_sw_mask_line_points_init
 257              	.LVL12:
 109:../../Middlewares/LVGL/GUI/lvgl/src/draw/sw/lv_draw_sw_triangle.c **** 
 110:../../Middlewares/LVGL/GUI/lvgl/src/draw/sw/lv_draw_sw_triangle.c ****     if(p[1].y == p[2].y) {
 258              		.loc 1 110 5 is_stmt 1 view .LVU75
 259              		.loc 1 110 12 is_stmt 0 view .LVU76
 260 012e 459A     		ldr	r2, [sp, #276]
 261              		.loc 1 110 22 view .LVU77
 262 0130 479B     		ldr	r3, [sp, #284]
 263              		.loc 1 110 7 view .LVU78
 264 0132 9A42     		cmp	r2, r3
 265 0134 00F0D580 		beq	.L36
 111:../../Middlewares/LVGL/GUI/lvgl/src/draw/sw/lv_draw_sw_triangle.c ****         lv_draw_sw_mask_line_points_init(&mask_bottom, p[1].x, p[1].y,
 112:../../Middlewares/LVGL/GUI/lvgl/src/draw/sw/lv_draw_sw_triangle.c ****                                          p[2].x, p[2].y, LV_DRAW_SW_MASK_LINE_SIDE_TOP);
 113:../../Middlewares/LVGL/GUI/lvgl/src/draw/sw/lv_draw_sw_triangle.c ****     }
 114:../../Middlewares/LVGL/GUI/lvgl/src/draw/sw/lv_draw_sw_triangle.c ****     else {
 115:../../Middlewares/LVGL/GUI/lvgl/src/draw/sw/lv_draw_sw_triangle.c ****         lv_draw_sw_mask_line_points_init(&mask_bottom, p[1].x, p[1].y,
 266              		.loc 1 115 9 is_stmt 1 view .LVU79
 267 0138 0194     		str	r4, [sp, #4]
 268 013a 0093     		str	r3, [sp]
 269 013c 469B     		ldr	r3, [sp, #280]
 270 013e 4499     		ldr	r1, [sp, #272]
 271 0140 14A8     		add	r0, sp, #80
 272 0142 FFF7FEFF 		bl	lv_draw_sw_mask_line_points_init
 273              	.LVL13:
 274              	.L12:
 116:../../Middlewares/LVGL/GUI/lvgl/src/draw/sw/lv_draw_sw_triangle.c ****                                          p[2].x, p[2].y,
 117:../../Middlewares/LVGL/GUI/lvgl/src/draw/sw/lv_draw_sw_triangle.c ****                                          right ? LV_DRAW_SW_MASK_LINE_SIDE_LEFT  : LV_DRAW_SW_MASK_
 118:../../Middlewares/LVGL/GUI/lvgl/src/draw/sw/lv_draw_sw_triangle.c ****     }
 119:../../Middlewares/LVGL/GUI/lvgl/src/draw/sw/lv_draw_sw_triangle.c **** 
 120:../../Middlewares/LVGL/GUI/lvgl/src/draw/sw/lv_draw_sw_triangle.c ****     masks[0] = &mask_left;
 275              		.loc 1 120 5 view .LVU80
 276              		.loc 1 120 14 is_stmt 0 view .LVU81
 277 0146 30AB     		add	r3, sp, #192
 278 0148 3E93     		str	r3, [sp, #248]
 121:../../Middlewares/LVGL/GUI/lvgl/src/draw/sw/lv_draw_sw_triangle.c ****     masks[1] = &mask_right;
ARM GAS  C:\Users\28576\AppData\Local\Temp\ccigU5Py.s 			page 8


 279              		.loc 1 121 5 is_stmt 1 view .LVU82
 280              		.loc 1 121 14 is_stmt 0 view .LVU83
 281 014a 22AB     		add	r3, sp, #136
 282 014c 3F93     		str	r3, [sp, #252]
 122:../../Middlewares/LVGL/GUI/lvgl/src/draw/sw/lv_draw_sw_triangle.c ****     masks[2] = &mask_bottom;
 283              		.loc 1 122 5 is_stmt 1 view .LVU84
 284              		.loc 1 122 14 is_stmt 0 view .LVU85
 285 014e 14AB     		add	r3, sp, #80
 286 0150 4093     		str	r3, [sp, #256]
 123:../../Middlewares/LVGL/GUI/lvgl/src/draw/sw/lv_draw_sw_triangle.c ****     int32_t area_w = lv_area_get_width(&draw_area);
 287              		.loc 1 123 5 is_stmt 1 view .LVU86
 288              		.loc 1 123 22 is_stmt 0 view .LVU87
 289 0152 0DF59078 		add	r8, sp, #288
 290 0156 4046     		mov	r0, r8
 291 0158 FFF7FEFF 		bl	lv_area_get_width
 292              	.LVL14:
 293 015c 0646     		mov	r6, r0
 294              	.LVL15:
 124:../../Middlewares/LVGL/GUI/lvgl/src/draw/sw/lv_draw_sw_triangle.c ****     lv_opa_t * mask_buf = lv_malloc(area_w);
 295              		.loc 1 124 5 is_stmt 1 view .LVU88
 296              		.loc 1 124 27 is_stmt 0 view .LVU89
 297 015e FFF7FEFF 		bl	lv_malloc
 298              	.LVL16:
 299              		.loc 1 124 27 view .LVU90
 300 0162 0546     		mov	r5, r0
 301              	.LVL17:
 125:../../Middlewares/LVGL/GUI/lvgl/src/draw/sw/lv_draw_sw_triangle.c **** 
 126:../../Middlewares/LVGL/GUI/lvgl/src/draw/sw/lv_draw_sw_triangle.c ****     lv_area_t blend_area = draw_area;
 302              		.loc 1 126 5 is_stmt 1 view .LVU91
 303              		.loc 1 126 15 is_stmt 0 view .LVU92
 304 0164 10AC     		add	r4, sp, #64
 305 0166 98E80F00 		ldm	r8, {r0, r1, r2, r3}
 306              	.LVL18:
 307              		.loc 1 126 15 view .LVU93
 308 016a 84E80F00 		stm	r4, {r0, r1, r2, r3}
 127:../../Middlewares/LVGL/GUI/lvgl/src/draw/sw/lv_draw_sw_triangle.c ****     blend_area.y2 = blend_area.y1;
 309              		.loc 1 127 5 is_stmt 1 view .LVU94
 310              		.loc 1 127 19 is_stmt 0 view .LVU95
 311 016e E160     		str	r1, [r4, #12]
 128:../../Middlewares/LVGL/GUI/lvgl/src/draw/sw/lv_draw_sw_triangle.c ****     lv_draw_sw_blend_dsc_t blend_dsc;
 312              		.loc 1 128 5 is_stmt 1 view .LVU96
 129:../../Middlewares/LVGL/GUI/lvgl/src/draw/sw/lv_draw_sw_triangle.c ****     blend_dsc.color = dsc->color;
 313              		.loc 1 129 5 view .LVU97
 314              		.loc 1 129 21 is_stmt 0 view .LVU98
 315 0170 B88E     		ldrh	r0, [r7, #52]	@ unaligned
 316 0172 97F83610 		ldrb	r1, [r7, #54]	@ zero_extendqisi2
 317 0176 ADF82900 		strh	r0, [sp, #41]	@ unaligned
 318 017a 8DF82B10 		strb	r1, [sp, #43]
 130:../../Middlewares/LVGL/GUI/lvgl/src/draw/sw/lv_draw_sw_triangle.c ****     blend_dsc.opa = dsc->opa;
 319              		.loc 1 130 5 is_stmt 1 view .LVU99
 320              		.loc 1 130 24 is_stmt 0 view .LVU100
 321 017e 97F83720 		ldrb	r2, [r7, #55]	@ zero_extendqisi2
 322              		.loc 1 130 19 view .LVU101
 323 0182 8DF82820 		strb	r2, [sp, #40]
 131:../../Middlewares/LVGL/GUI/lvgl/src/draw/sw/lv_draw_sw_triangle.c ****     blend_dsc.mask_buf = mask_buf;
 324              		.loc 1 131 5 is_stmt 1 view .LVU102
 325              		.loc 1 131 24 is_stmt 0 view .LVU103
ARM GAS  C:\Users\28576\AppData\Local\Temp\ccigU5Py.s 			page 9


 326 0186 0B95     		str	r5, [sp, #44]
 132:../../Middlewares/LVGL/GUI/lvgl/src/draw/sw/lv_draw_sw_triangle.c ****     blend_dsc.blend_area = &blend_area;
 327              		.loc 1 132 5 is_stmt 1 view .LVU104
 328              		.loc 1 132 26 is_stmt 0 view .LVU105
 329 0188 0594     		str	r4, [sp, #20]
 133:../../Middlewares/LVGL/GUI/lvgl/src/draw/sw/lv_draw_sw_triangle.c ****     blend_dsc.mask_area = &blend_area;
 330              		.loc 1 133 5 is_stmt 1 view .LVU106
 331              		.loc 1 133 25 is_stmt 0 view .LVU107
 332 018a 0D94     		str	r4, [sp, #52]
 134:../../Middlewares/LVGL/GUI/lvgl/src/draw/sw/lv_draw_sw_triangle.c ****     blend_dsc.mask_stride = 0;
 333              		.loc 1 134 5 is_stmt 1 view .LVU108
 334              		.loc 1 134 27 is_stmt 0 view .LVU109
 335 018c 0022     		movs	r2, #0
 336 018e 0E92     		str	r2, [sp, #56]
 135:../../Middlewares/LVGL/GUI/lvgl/src/draw/sw/lv_draw_sw_triangle.c ****     blend_dsc.blend_mode = LV_BLEND_MODE_NORMAL;
 337              		.loc 1 135 5 is_stmt 1 view .LVU110
 338              		.loc 1 135 26 is_stmt 0 view .LVU111
 339 0190 8DF83C20 		strb	r2, [sp, #60]
 136:../../Middlewares/LVGL/GUI/lvgl/src/draw/sw/lv_draw_sw_triangle.c ****     blend_dsc.src_buf = NULL;
 340              		.loc 1 136 5 is_stmt 1 view .LVU112
 341              		.loc 1 136 23 is_stmt 0 view .LVU113
 342 0194 0692     		str	r2, [sp, #24]
 137:../../Middlewares/LVGL/GUI/lvgl/src/draw/sw/lv_draw_sw_triangle.c **** 
 138:../../Middlewares/LVGL/GUI/lvgl/src/draw/sw/lv_draw_sw_triangle.c ****     lv_grad_dir_t grad_dir = dsc->grad.dir;
 343              		.loc 1 138 5 is_stmt 1 view .LVU114
 344              		.loc 1 138 39 is_stmt 0 view .LVU115
 345 0196 97F84380 		ldrb	r8, [r7, #67]	@ zero_extendqisi2
 346 019a 08F00F08 		and	r8, r8, #15
 347              	.LVL19:
 139:../../Middlewares/LVGL/GUI/lvgl/src/draw/sw/lv_draw_sw_triangle.c **** 
 140:../../Middlewares/LVGL/GUI/lvgl/src/draw/sw/lv_draw_sw_triangle.c ****     lv_draw_sw_grad_calc_t * grad = lv_draw_sw_grad_get(&dsc->grad, lv_area_get_width(&tri_area),
 348              		.loc 1 140 5 is_stmt 1 view .LVU116
 349              		.loc 1 140 37 is_stmt 0 view .LVU117
 350 019e 0DF5987A 		add	r10, sp, #304
 351 01a2 5046     		mov	r0, r10
 352 01a4 FFF7FEFF 		bl	lv_area_get_width
 353              	.LVL20:
 354              		.loc 1 140 37 view .LVU118
 355 01a8 0446     		mov	r4, r0
 356              		.loc 1 140 37 discriminator 1 view .LVU119
 357 01aa 5046     		mov	r0, r10
 358 01ac FFF7FEFF 		bl	lv_area_get_height
 359              	.LVL21:
 360 01b0 0246     		mov	r2, r0
 361              		.loc 1 140 37 discriminator 2 view .LVU120
 362 01b2 2146     		mov	r1, r4
 363 01b4 07F13800 		add	r0, r7, #56
 364 01b8 FFF7FEFF 		bl	lv_draw_sw_grad_get
 365              	.LVL22:
 141:../../Middlewares/LVGL/GUI/lvgl/src/draw/sw/lv_draw_sw_triangle.c ****                                                         lv_area_get_height(&tri_area));
 142:../../Middlewares/LVGL/GUI/lvgl/src/draw/sw/lv_draw_sw_triangle.c ****     lv_opa_t * grad_opa_map = NULL;
 366              		.loc 1 142 5 is_stmt 1 view .LVU121
 143:../../Middlewares/LVGL/GUI/lvgl/src/draw/sw/lv_draw_sw_triangle.c ****     if(grad && grad_dir == LV_GRAD_DIR_HOR) {
 367              		.loc 1 143 5 view .LVU122
 368              		.loc 1 143 8 is_stmt 0 view .LVU123
 369 01bc 8246     		mov	r10, r0
 370              		.loc 1 143 13 view .LVU124
ARM GAS  C:\Users\28576\AppData\Local\Temp\ccigU5Py.s 			page 10


 371 01be 0038     		subs	r0, r0, #0
 372              	.LVL23:
 373              		.loc 1 143 13 view .LVU125
 374 01c0 18BF     		it	ne
 375 01c2 0120     		movne	r0, #1
 376 01c4 B8F1020F 		cmp	r8, #2
 377 01c8 18BF     		it	ne
 378 01ca 0020     		movne	r0, #0
 379              		.loc 1 143 7 view .LVU126
 380 01cc 0028     		cmp	r0, #0
 381 01ce 00F09180 		beq	.L27
 144:../../Middlewares/LVGL/GUI/lvgl/src/draw/sw/lv_draw_sw_triangle.c ****         blend_dsc.src_area = &blend_area;
 382              		.loc 1 144 9 is_stmt 1 view .LVU127
 383              		.loc 1 144 28 is_stmt 0 view .LVU128
 384 01d2 10AB     		add	r3, sp, #64
 385 01d4 0993     		str	r3, [sp, #36]
 145:../../Middlewares/LVGL/GUI/lvgl/src/draw/sw/lv_draw_sw_triangle.c ****         blend_dsc.src_buf = grad->color_map + draw_area.x1 - tri_area.x1;
 386              		.loc 1 145 9 is_stmt 1 view .LVU129
 387              		.loc 1 145 33 is_stmt 0 view .LVU130
 388 01d6 DAF80010 		ldr	r1, [r10]
 389              		.loc 1 145 60 view .LVU131
 390 01da 489B     		ldr	r3, [sp, #288]
 391 01dc 4C98     		ldr	r0, [sp, #304]
 392 01de 1B1A     		subs	r3, r3, r0
 393 01e0 03EB4300 		add	r0, r3, r3, lsl #1
 394 01e4 0144     		add	r1, r1, r0
 395              		.loc 1 145 27 view .LVU132
 396 01e6 0691     		str	r1, [sp, #24]
 146:../../Middlewares/LVGL/GUI/lvgl/src/draw/sw/lv_draw_sw_triangle.c ****         grad_opa_map = grad->opa_map + draw_area.x1 - tri_area.x1;
 397              		.loc 1 146 9 is_stmt 1 view .LVU133
 398              		.loc 1 146 28 is_stmt 0 view .LVU134
 399 01e8 DAF80410 		ldr	r1, [r10, #4]
 400              		.loc 1 146 22 view .LVU135
 401 01ec 01EB030B 		add	fp, r1, r3
 402              	.LVL24:
 147:../../Middlewares/LVGL/GUI/lvgl/src/draw/sw/lv_draw_sw_triangle.c ****         blend_dsc.src_color_format = LV_COLOR_FORMAT_RGB888;
 403              		.loc 1 147 9 is_stmt 1 view .LVU136
 404              		.loc 1 147 36 is_stmt 0 view .LVU137
 405 01f0 0F23     		movs	r3, #15
 406 01f2 8DF82030 		strb	r3, [sp, #32]
 407              	.LVL25:
 408              	.L13:
 148:../../Middlewares/LVGL/GUI/lvgl/src/draw/sw/lv_draw_sw_triangle.c ****     }
 149:../../Middlewares/LVGL/GUI/lvgl/src/draw/sw/lv_draw_sw_triangle.c **** 
 150:../../Middlewares/LVGL/GUI/lvgl/src/draw/sw/lv_draw_sw_triangle.c ****     int32_t y;
 409              		.loc 1 150 5 is_stmt 1 view .LVU138
 151:../../Middlewares/LVGL/GUI/lvgl/src/draw/sw/lv_draw_sw_triangle.c ****     for(y = draw_area.y1; y <= draw_area.y2; y++) {
 410              		.loc 1 151 5 view .LVU139
 411              		.loc 1 151 11 is_stmt 0 view .LVU140
 412 01f6 499C     		ldr	r4, [sp, #292]
 413              	.LVL26:
 414              		.loc 1 151 5 view .LVU141
 415 01f8 A3E0     		b	.L14
 416              	.LVL27:
 417              	.L29:
  64:../../Middlewares/LVGL/GUI/lvgl/src/draw/sw/lv_draw_sw_triangle.c ****         p[1] = lv_point_from_precise(&dsc->p[1]);
 418              		.loc 1 64 9 is_stmt 1 view .LVU142
ARM GAS  C:\Users\28576\AppData\Local\Temp\ccigU5Py.s 			page 11


  64:../../Middlewares/LVGL/GUI/lvgl/src/draw/sw/lv_draw_sw_triangle.c ****         p[1] = lv_point_from_precise(&dsc->p[1]);
 419              		.loc 1 64 16 is_stmt 0 view .LVU143
 420 01fa 02AC     		add	r4, sp, #8
 421 01fc 07F11C01 		add	r1, r7, #28
 422 0200 2046     		mov	r0, r4
 423              	.LVL28:
  64:../../Middlewares/LVGL/GUI/lvgl/src/draw/sw/lv_draw_sw_triangle.c ****         p[1] = lv_point_from_precise(&dsc->p[1]);
 424              		.loc 1 64 16 view .LVU144
 425 0202 FFF7FEFF 		bl	lv_point_from_precise
 426              	.LVL29:
 427 0206 42AB     		add	r3, sp, #264
 428 0208 94E80300 		ldm	r4, {r0, r1}
 429 020c 83E80300 		stm	r3, {r0, r1}
  65:../../Middlewares/LVGL/GUI/lvgl/src/draw/sw/lv_draw_sw_triangle.c ****         p[2] = lv_point_from_precise(&dsc->p[2]);
 430              		.loc 1 65 9 is_stmt 1 view .LVU145
  65:../../Middlewares/LVGL/GUI/lvgl/src/draw/sw/lv_draw_sw_triangle.c ****         p[2] = lv_point_from_precise(&dsc->p[2]);
 431              		.loc 1 65 16 is_stmt 0 view .LVU146
 432 0210 07F12401 		add	r1, r7, #36
 433 0214 2046     		mov	r0, r4
 434 0216 FFF7FEFF 		bl	lv_point_from_precise
 435              	.LVL30:
 436 021a 44AB     		add	r3, sp, #272
 437 021c 94E80300 		ldm	r4, {r0, r1}
 438 0220 83E80300 		stm	r3, {r0, r1}
  66:../../Middlewares/LVGL/GUI/lvgl/src/draw/sw/lv_draw_sw_triangle.c ****     }
 439              		.loc 1 66 9 is_stmt 1 view .LVU147
  66:../../Middlewares/LVGL/GUI/lvgl/src/draw/sw/lv_draw_sw_triangle.c ****     }
 440              		.loc 1 66 16 is_stmt 0 view .LVU148
 441 0224 07F12C01 		add	r1, r7, #44
 442 0228 2046     		mov	r0, r4
 443 022a FFF7FEFF 		bl	lv_point_from_precise
 444              	.LVL31:
 445 022e 46AB     		add	r3, sp, #280
 446 0230 94E80300 		ldm	r4, {r0, r1}
 447 0234 83E80300 		stm	r3, {r0, r1}
 448 0238 4EE7     		b	.L5
 449              	.LVL32:
 450              	.L30:
  69:../../Middlewares/LVGL/GUI/lvgl/src/draw/sw/lv_draw_sw_triangle.c ****         p[1] = lv_point_from_precise(&dsc->p[2]);
 451              		.loc 1 69 9 is_stmt 1 view .LVU149
  69:../../Middlewares/LVGL/GUI/lvgl/src/draw/sw/lv_draw_sw_triangle.c ****         p[1] = lv_point_from_precise(&dsc->p[2]);
 452              		.loc 1 69 16 is_stmt 0 view .LVU150
 453 023a 02AC     		add	r4, sp, #8
 454 023c 07F11C01 		add	r1, r7, #28
 455 0240 2046     		mov	r0, r4
 456              	.LVL33:
  69:../../Middlewares/LVGL/GUI/lvgl/src/draw/sw/lv_draw_sw_triangle.c ****         p[1] = lv_point_from_precise(&dsc->p[2]);
 457              		.loc 1 69 16 view .LVU151
 458 0242 FFF7FEFF 		bl	lv_point_from_precise
 459              	.LVL34:
 460 0246 42AB     		add	r3, sp, #264
 461 0248 94E80300 		ldm	r4, {r0, r1}
 462 024c 83E80300 		stm	r3, {r0, r1}
  70:../../Middlewares/LVGL/GUI/lvgl/src/draw/sw/lv_draw_sw_triangle.c ****         p[2] = lv_point_from_precise(&dsc->p[1]);
 463              		.loc 1 70 9 is_stmt 1 view .LVU152
  70:../../Middlewares/LVGL/GUI/lvgl/src/draw/sw/lv_draw_sw_triangle.c ****         p[2] = lv_point_from_precise(&dsc->p[1]);
 464              		.loc 1 70 16 is_stmt 0 view .LVU153
ARM GAS  C:\Users\28576\AppData\Local\Temp\ccigU5Py.s 			page 12


 465 0250 07F12C01 		add	r1, r7, #44
 466 0254 2046     		mov	r0, r4
 467 0256 FFF7FEFF 		bl	lv_point_from_precise
 468              	.LVL35:
 469 025a 44AB     		add	r3, sp, #272
 470 025c 94E80300 		ldm	r4, {r0, r1}
 471 0260 83E80300 		stm	r3, {r0, r1}
  71:../../Middlewares/LVGL/GUI/lvgl/src/draw/sw/lv_draw_sw_triangle.c ****     }
 472              		.loc 1 71 9 is_stmt 1 view .LVU154
  71:../../Middlewares/LVGL/GUI/lvgl/src/draw/sw/lv_draw_sw_triangle.c ****     }
 473              		.loc 1 71 16 is_stmt 0 view .LVU155
 474 0264 07F12401 		add	r1, r7, #36
 475 0268 2046     		mov	r0, r4
 476 026a FFF7FEFF 		bl	lv_point_from_precise
 477              	.LVL36:
 478 026e 46AB     		add	r3, sp, #280
 479 0270 94E80300 		ldm	r4, {r0, r1}
 480 0274 83E80300 		stm	r3, {r0, r1}
 481 0278 2EE7     		b	.L5
 482              	.LVL37:
 483              	.L31:
  74:../../Middlewares/LVGL/GUI/lvgl/src/draw/sw/lv_draw_sw_triangle.c ****         p[1] = lv_point_from_precise(&dsc->p[2]);
 484              		.loc 1 74 9 is_stmt 1 view .LVU156
  74:../../Middlewares/LVGL/GUI/lvgl/src/draw/sw/lv_draw_sw_triangle.c ****         p[1] = lv_point_from_precise(&dsc->p[2]);
 485              		.loc 1 74 16 is_stmt 0 view .LVU157
 486 027a 02AC     		add	r4, sp, #8
 487 027c 07F12401 		add	r1, r7, #36
 488 0280 2046     		mov	r0, r4
 489              	.LVL38:
  74:../../Middlewares/LVGL/GUI/lvgl/src/draw/sw/lv_draw_sw_triangle.c ****         p[1] = lv_point_from_precise(&dsc->p[2]);
 490              		.loc 1 74 16 view .LVU158
 491 0282 FFF7FEFF 		bl	lv_point_from_precise
 492              	.LVL39:
 493 0286 42AB     		add	r3, sp, #264
 494 0288 94E80300 		ldm	r4, {r0, r1}
 495 028c 83E80300 		stm	r3, {r0, r1}
  75:../../Middlewares/LVGL/GUI/lvgl/src/draw/sw/lv_draw_sw_triangle.c ****         p[2] = lv_point_from_precise(&dsc->p[0]);
 496              		.loc 1 75 9 is_stmt 1 view .LVU159
  75:../../Middlewares/LVGL/GUI/lvgl/src/draw/sw/lv_draw_sw_triangle.c ****         p[2] = lv_point_from_precise(&dsc->p[0]);
 497              		.loc 1 75 16 is_stmt 0 view .LVU160
 498 0290 07F12C01 		add	r1, r7, #44
 499 0294 2046     		mov	r0, r4
 500 0296 FFF7FEFF 		bl	lv_point_from_precise
 501              	.LVL40:
 502 029a 44AB     		add	r3, sp, #272
 503 029c 94E80300 		ldm	r4, {r0, r1}
 504 02a0 83E80300 		stm	r3, {r0, r1}
  76:../../Middlewares/LVGL/GUI/lvgl/src/draw/sw/lv_draw_sw_triangle.c ****     }
 505              		.loc 1 76 9 is_stmt 1 view .LVU161
  76:../../Middlewares/LVGL/GUI/lvgl/src/draw/sw/lv_draw_sw_triangle.c ****     }
 506              		.loc 1 76 16 is_stmt 0 view .LVU162
 507 02a4 07F11C01 		add	r1, r7, #28
 508 02a8 2046     		mov	r0, r4
 509 02aa FFF7FEFF 		bl	lv_point_from_precise
 510              	.LVL41:
 511 02ae 46AB     		add	r3, sp, #280
 512 02b0 94E80300 		ldm	r4, {r0, r1}
ARM GAS  C:\Users\28576\AppData\Local\Temp\ccigU5Py.s 			page 13


 513 02b4 83E80300 		stm	r3, {r0, r1}
 514 02b8 0EE7     		b	.L5
 515              	.L32:
  84:../../Middlewares/LVGL/GUI/lvgl/src/draw/sw/lv_draw_sw_triangle.c ****         if(p[0].y > p[2].y) lv_point_swap(&p[0], &p[2]);
 516              		.loc 1 84 29 is_stmt 1 discriminator 1 view .LVU163
 517 02ba 44A9     		add	r1, sp, #272
 518 02bc 42A8     		add	r0, sp, #264
 519 02be FFF7FEFF 		bl	lv_point_swap
 520              	.LVL42:
 521 02c2 FFE6     		b	.L8
 522              	.L33:
  85:../../Middlewares/LVGL/GUI/lvgl/src/draw/sw/lv_draw_sw_triangle.c **** 
 523              		.loc 1 85 29 discriminator 1 view .LVU164
 524 02c4 46A9     		add	r1, sp, #280
 525 02c6 42A8     		add	r0, sp, #264
 526 02c8 FFF7FEFF 		bl	lv_point_swap
 527              	.LVL43:
 528 02cc FFE6     		b	.L9
 529              	.L34:
  88:../../Middlewares/LVGL/GUI/lvgl/src/draw/sw/lv_draw_sw_triangle.c ****     }
 530              		.loc 1 88 29 discriminator 1 view .LVU165
 531 02ce 46A9     		add	r1, sp, #280
 532 02d0 44A8     		add	r0, sp, #272
 533 02d2 FFF7FEFF 		bl	lv_point_swap
 534              	.LVL44:
 535 02d6 FFE6     		b	.L5
 536              	.L35:
  92:../../Middlewares/LVGL/GUI/lvgl/src/draw/sw/lv_draw_sw_triangle.c **** 
 537              		.loc 1 92 25 discriminator 1 view .LVU166
 538 02d8 44A9     		add	r1, sp, #272
 539 02da 42A8     		add	r0, sp, #264
 540 02dc FFF7FEFF 		bl	lv_point_swap
 541              	.LVL45:
 542 02e0 FFE6     		b	.L10
 543              	.LVL46:
 544              	.L36:
 111:../../Middlewares/LVGL/GUI/lvgl/src/draw/sw/lv_draw_sw_triangle.c ****                                          p[2].x, p[2].y, LV_DRAW_SW_MASK_LINE_SIDE_TOP);
 545              		.loc 1 111 9 view .LVU167
 546 02e2 0221     		movs	r1, #2
 547 02e4 0191     		str	r1, [sp, #4]
 548 02e6 0093     		str	r3, [sp]
 549 02e8 469B     		ldr	r3, [sp, #280]
 550 02ea 4499     		ldr	r1, [sp, #272]
 551 02ec 14A8     		add	r0, sp, #80
 552 02ee FFF7FEFF 		bl	lv_draw_sw_mask_line_points_init
 553              	.LVL47:
 554 02f2 28E7     		b	.L12
 555              	.LVL48:
 556              	.L27:
 142:../../Middlewares/LVGL/GUI/lvgl/src/draw/sw/lv_draw_sw_triangle.c ****     if(grad && grad_dir == LV_GRAD_DIR_HOR) {
 557              		.loc 1 142 16 is_stmt 0 view .LVU168
 558 02f4 8346     		mov	fp, r0
 559 02f6 7EE7     		b	.L13
 560              	.LVL49:
 561              	.L38:
 152:../../Middlewares/LVGL/GUI/lvgl/src/draw/sw/lv_draw_sw_triangle.c ****         blend_area.y1 = y;
 153:../../Middlewares/LVGL/GUI/lvgl/src/draw/sw/lv_draw_sw_triangle.c ****         blend_area.y2 = y;
ARM GAS  C:\Users\28576\AppData\Local\Temp\ccigU5Py.s 			page 14


 154:../../Middlewares/LVGL/GUI/lvgl/src/draw/sw/lv_draw_sw_triangle.c ****         lv_memset(mask_buf, 0xff, area_w);
 155:../../Middlewares/LVGL/GUI/lvgl/src/draw/sw/lv_draw_sw_triangle.c ****         blend_dsc.mask_res = lv_draw_sw_mask_apply(masks, mask_buf, draw_area.x1, y, area_w);
 156:../../Middlewares/LVGL/GUI/lvgl/src/draw/sw/lv_draw_sw_triangle.c ****         if(grad_dir == LV_GRAD_DIR_VER) {
 157:../../Middlewares/LVGL/GUI/lvgl/src/draw/sw/lv_draw_sw_triangle.c ****             LV_ASSERT_NULL(grad);
 562              		.loc 1 157 13 is_stmt 1 view .LVU169
 563              		.loc 1 157 13 view .LVU170
 564 02f8 BAF1000F 		cmp	r10, #0
 565 02fc 44D0     		beq	.L17
 566              		.loc 1 157 13 view .LVU171
 567              		.loc 1 157 33 view .LVU172
 158:../../Middlewares/LVGL/GUI/lvgl/src/draw/sw/lv_draw_sw_triangle.c ****             blend_dsc.color = grad->color_map[y - tri_area.y1];
 568              		.loc 1 158 13 view .LVU173
 569              		.loc 1 158 35 is_stmt 0 view .LVU174
 570 02fe DAF80000 		ldr	r0, [r10]
 571              		.loc 1 158 59 view .LVU175
 572 0302 4D9B     		ldr	r3, [sp, #308]
 573              		.loc 1 158 49 view .LVU176
 574 0304 E31A     		subs	r3, r4, r3
 575              		.loc 1 158 46 view .LVU177
 576 0306 03EB4301 		add	r1, r3, r3, lsl #1
 577 030a 00EB010C 		add	ip, r0, r1
 578              		.loc 1 158 29 view .LVU178
 579 030e 405A     		ldrh	r0, [r0, r1]	@ unaligned
 580 0310 9CF80210 		ldrb	r1, [ip, #2]	@ zero_extendqisi2
 581 0314 ADF82900 		strh	r0, [sp, #41]	@ unaligned
 582 0318 8DF82B10 		strb	r1, [sp, #43]
 159:../../Middlewares/LVGL/GUI/lvgl/src/draw/sw/lv_draw_sw_triangle.c ****             blend_dsc.opa = grad->opa_map[y - tri_area.y1];
 583              		.loc 1 159 13 is_stmt 1 view .LVU179
 584              		.loc 1 159 33 is_stmt 0 view .LVU180
 585 031c DAF80420 		ldr	r2, [r10, #4]
 586              		.loc 1 159 42 view .LVU181
 587 0320 D35C     		ldrb	r3, [r2, r3]	@ zero_extendqisi2
 588              		.loc 1 159 27 view .LVU182
 589 0322 8DF82830 		strb	r3, [sp, #40]
 160:../../Middlewares/LVGL/GUI/lvgl/src/draw/sw/lv_draw_sw_triangle.c ****             if(dsc->opa < LV_OPA_MAX) blend_dsc.opa = LV_OPA_MIX2(blend_dsc.opa, dsc->opa);
 590              		.loc 1 160 13 is_stmt 1 view .LVU183
 591              		.loc 1 160 19 is_stmt 0 view .LVU184
 592 0326 97F83720 		ldrb	r2, [r7, #55]	@ zero_extendqisi2
 593              		.loc 1 160 15 view .LVU185
 594 032a FC2A     		cmp	r2, #252
 595 032c 04D8     		bhi	.L18
 596              		.loc 1 160 39 is_stmt 1 discriminator 1 view .LVU186
 597              		.loc 1 160 55 is_stmt 0 discriminator 1 view .LVU187
 598 032e 02FB03F3 		mul	r3, r2, r3
 599 0332 1B0A     		lsrs	r3, r3, #8
 600              		.loc 1 160 53 discriminator 1 view .LVU188
 601 0334 8DF82830 		strb	r3, [sp, #40]
 602              	.L18:
 161:../../Middlewares/LVGL/GUI/lvgl/src/draw/sw/lv_draw_sw_triangle.c ****         }
 162:../../Middlewares/LVGL/GUI/lvgl/src/draw/sw/lv_draw_sw_triangle.c ****         else if(grad_dir == LV_GRAD_DIR_HOR) {
 163:../../Middlewares/LVGL/GUI/lvgl/src/draw/sw/lv_draw_sw_triangle.c ****             if(grad_opa_map) {
 164:../../Middlewares/LVGL/GUI/lvgl/src/draw/sw/lv_draw_sw_triangle.c ****                 int32_t i;
 165:../../Middlewares/LVGL/GUI/lvgl/src/draw/sw/lv_draw_sw_triangle.c ****                 if(blend_dsc.mask_res == LV_DRAW_SW_MASK_RES_CHANGED) {
 166:../../Middlewares/LVGL/GUI/lvgl/src/draw/sw/lv_draw_sw_triangle.c ****                     blend_dsc.mask_buf = mask_buf;
 167:../../Middlewares/LVGL/GUI/lvgl/src/draw/sw/lv_draw_sw_triangle.c ****                     for(i = 0; i < area_w; i++) {
 168:../../Middlewares/LVGL/GUI/lvgl/src/draw/sw/lv_draw_sw_triangle.c ****                         if(grad_opa_map[i] < LV_OPA_MAX) mask_buf[i] = LV_OPA_MIX2(mask_buf[i], gra
 169:../../Middlewares/LVGL/GUI/lvgl/src/draw/sw/lv_draw_sw_triangle.c ****                     }
ARM GAS  C:\Users\28576\AppData\Local\Temp\ccigU5Py.s 			page 15


 170:../../Middlewares/LVGL/GUI/lvgl/src/draw/sw/lv_draw_sw_triangle.c ****                 }
 171:../../Middlewares/LVGL/GUI/lvgl/src/draw/sw/lv_draw_sw_triangle.c ****                 else if(blend_dsc.mask_res == LV_DRAW_SW_MASK_RES_FULL_COVER) {
 172:../../Middlewares/LVGL/GUI/lvgl/src/draw/sw/lv_draw_sw_triangle.c ****                     blend_dsc.mask_buf = grad_opa_map;
 173:../../Middlewares/LVGL/GUI/lvgl/src/draw/sw/lv_draw_sw_triangle.c ****                     blend_dsc.mask_res = LV_DRAW_SW_MASK_RES_CHANGED;
 174:../../Middlewares/LVGL/GUI/lvgl/src/draw/sw/lv_draw_sw_triangle.c ****                 }
 175:../../Middlewares/LVGL/GUI/lvgl/src/draw/sw/lv_draw_sw_triangle.c ****                 else if(blend_dsc.mask_res == LV_DRAW_SW_MASK_RES_TRANSP) {
 176:../../Middlewares/LVGL/GUI/lvgl/src/draw/sw/lv_draw_sw_triangle.c ****                     continue;
 177:../../Middlewares/LVGL/GUI/lvgl/src/draw/sw/lv_draw_sw_triangle.c ****                 }
 178:../../Middlewares/LVGL/GUI/lvgl/src/draw/sw/lv_draw_sw_triangle.c ****             }
 179:../../Middlewares/LVGL/GUI/lvgl/src/draw/sw/lv_draw_sw_triangle.c ****         }
 180:../../Middlewares/LVGL/GUI/lvgl/src/draw/sw/lv_draw_sw_triangle.c ****         lv_draw_sw_blend(t, &blend_dsc);
 603              		.loc 1 180 9 is_stmt 1 view .LVU189
 604 0338 05A9     		add	r1, sp, #20
 605 033a 4846     		mov	r0, r9
 606 033c FFF7FEFF 		bl	lv_draw_sw_blend
 607              	.LVL50:
 608              	.L24:
 151:../../Middlewares/LVGL/GUI/lvgl/src/draw/sw/lv_draw_sw_triangle.c ****         blend_area.y1 = y;
 609              		.loc 1 151 47 discriminator 2 view .LVU190
 610 0340 0134     		adds	r4, r4, #1
 611              	.LVL51:
 612              	.L14:
 151:../../Middlewares/LVGL/GUI/lvgl/src/draw/sw/lv_draw_sw_triangle.c ****         blend_area.y1 = y;
 613              		.loc 1 151 29 discriminator 1 view .LVU191
 151:../../Middlewares/LVGL/GUI/lvgl/src/draw/sw/lv_draw_sw_triangle.c ****         blend_area.y1 = y;
 614              		.loc 1 151 41 is_stmt 0 discriminator 1 view .LVU192
 615 0342 4B9B     		ldr	r3, [sp, #300]
 151:../../Middlewares/LVGL/GUI/lvgl/src/draw/sw/lv_draw_sw_triangle.c ****         blend_area.y1 = y;
 616              		.loc 1 151 29 discriminator 1 view .LVU193
 617 0344 A342     		cmp	r3, r4
 618 0346 36DB     		blt	.L37
 152:../../Middlewares/LVGL/GUI/lvgl/src/draw/sw/lv_draw_sw_triangle.c ****         blend_area.y2 = y;
 619              		.loc 1 152 9 is_stmt 1 view .LVU194
 152:../../Middlewares/LVGL/GUI/lvgl/src/draw/sw/lv_draw_sw_triangle.c ****         blend_area.y2 = y;
 620              		.loc 1 152 23 is_stmt 0 view .LVU195
 621 0348 1194     		str	r4, [sp, #68]
 153:../../Middlewares/LVGL/GUI/lvgl/src/draw/sw/lv_draw_sw_triangle.c ****         lv_memset(mask_buf, 0xff, area_w);
 622              		.loc 1 153 9 is_stmt 1 view .LVU196
 153:../../Middlewares/LVGL/GUI/lvgl/src/draw/sw/lv_draw_sw_triangle.c ****         lv_memset(mask_buf, 0xff, area_w);
 623              		.loc 1 153 23 is_stmt 0 view .LVU197
 624 034a 1394     		str	r4, [sp, #76]
 154:../../Middlewares/LVGL/GUI/lvgl/src/draw/sw/lv_draw_sw_triangle.c ****         blend_dsc.mask_res = lv_draw_sw_mask_apply(masks, mask_buf, draw_area.x1, y, area_w);
 625              		.loc 1 154 9 is_stmt 1 view .LVU198
 626 034c 3246     		mov	r2, r6
 627 034e FF21     		movs	r1, #255
 628 0350 2846     		mov	r0, r5
 629 0352 FFF7FEFF 		bl	lv_memset
 630              	.LVL52:
 155:../../Middlewares/LVGL/GUI/lvgl/src/draw/sw/lv_draw_sw_triangle.c ****         if(grad_dir == LV_GRAD_DIR_VER) {
 631              		.loc 1 155 9 view .LVU199
 155:../../Middlewares/LVGL/GUI/lvgl/src/draw/sw/lv_draw_sw_triangle.c ****         if(grad_dir == LV_GRAD_DIR_VER) {
 632              		.loc 1 155 30 is_stmt 0 view .LVU200
 633 0356 0096     		str	r6, [sp]
 634 0358 2346     		mov	r3, r4
 635 035a 489A     		ldr	r2, [sp, #288]
 636 035c 2946     		mov	r1, r5
 637 035e 3EA8     		add	r0, sp, #248
ARM GAS  C:\Users\28576\AppData\Local\Temp\ccigU5Py.s 			page 16


 638 0360 FFF7FEFF 		bl	lv_draw_sw_mask_apply
 639              	.LVL53:
 155:../../Middlewares/LVGL/GUI/lvgl/src/draw/sw/lv_draw_sw_triangle.c ****         if(grad_dir == LV_GRAD_DIR_VER) {
 640              		.loc 1 155 28 discriminator 1 view .LVU201
 641 0364 8DF83000 		strb	r0, [sp, #48]
 156:../../Middlewares/LVGL/GUI/lvgl/src/draw/sw/lv_draw_sw_triangle.c ****             LV_ASSERT_NULL(grad);
 642              		.loc 1 156 9 is_stmt 1 view .LVU202
 156:../../Middlewares/LVGL/GUI/lvgl/src/draw/sw/lv_draw_sw_triangle.c ****             LV_ASSERT_NULL(grad);
 643              		.loc 1 156 11 is_stmt 0 view .LVU203
 644 0368 B8F1010F 		cmp	r8, #1
 645 036c C4D0     		beq	.L38
 162:../../Middlewares/LVGL/GUI/lvgl/src/draw/sw/lv_draw_sw_triangle.c ****             if(grad_opa_map) {
 646              		.loc 1 162 14 is_stmt 1 view .LVU204
 162:../../Middlewares/LVGL/GUI/lvgl/src/draw/sw/lv_draw_sw_triangle.c ****             if(grad_opa_map) {
 647              		.loc 1 162 16 is_stmt 0 view .LVU205
 648 036e B8F1020F 		cmp	r8, #2
 649 0372 E1D1     		bne	.L18
 163:../../Middlewares/LVGL/GUI/lvgl/src/draw/sw/lv_draw_sw_triangle.c ****                 int32_t i;
 650              		.loc 1 163 13 is_stmt 1 view .LVU206
 163:../../Middlewares/LVGL/GUI/lvgl/src/draw/sw/lv_draw_sw_triangle.c ****                 int32_t i;
 651              		.loc 1 163 15 is_stmt 0 view .LVU207
 652 0374 BBF1000F 		cmp	fp, #0
 653 0378 DED0     		beq	.L18
 654              	.LBB2:
 164:../../Middlewares/LVGL/GUI/lvgl/src/draw/sw/lv_draw_sw_triangle.c ****                 if(blend_dsc.mask_res == LV_DRAW_SW_MASK_RES_CHANGED) {
 655              		.loc 1 164 17 is_stmt 1 view .LVU208
 165:../../Middlewares/LVGL/GUI/lvgl/src/draw/sw/lv_draw_sw_triangle.c ****                     blend_dsc.mask_buf = mask_buf;
 656              		.loc 1 165 17 view .LVU209
 165:../../Middlewares/LVGL/GUI/lvgl/src/draw/sw/lv_draw_sw_triangle.c ****                     blend_dsc.mask_buf = mask_buf;
 657              		.loc 1 165 19 is_stmt 0 view .LVU210
 658 037a 0228     		cmp	r0, #2
 659 037c 05D0     		beq	.L39
 171:../../Middlewares/LVGL/GUI/lvgl/src/draw/sw/lv_draw_sw_triangle.c ****                     blend_dsc.mask_buf = grad_opa_map;
 660              		.loc 1 171 22 is_stmt 1 view .LVU211
 171:../../Middlewares/LVGL/GUI/lvgl/src/draw/sw/lv_draw_sw_triangle.c ****                     blend_dsc.mask_buf = grad_opa_map;
 661              		.loc 1 171 24 is_stmt 0 view .LVU212
 662 037e 0128     		cmp	r0, #1
 663 0380 13D0     		beq	.L40
 175:../../Middlewares/LVGL/GUI/lvgl/src/draw/sw/lv_draw_sw_triangle.c ****                     continue;
 664              		.loc 1 175 22 is_stmt 1 view .LVU213
 175:../../Middlewares/LVGL/GUI/lvgl/src/draw/sw/lv_draw_sw_triangle.c ****                     continue;
 665              		.loc 1 175 24 is_stmt 0 view .LVU214
 666 0382 0028     		cmp	r0, #0
 667 0384 D8D1     		bne	.L18
 668 0386 DBE7     		b	.L24
 669              	.L17:
 670              	.LBE2:
 157:../../Middlewares/LVGL/GUI/lvgl/src/draw/sw/lv_draw_sw_triangle.c ****             blend_dsc.color = grad->color_map[y - tri_area.y1];
 671              		.loc 1 157 13 is_stmt 1 view .LVU215
 157:../../Middlewares/LVGL/GUI/lvgl/src/draw/sw/lv_draw_sw_triangle.c ****             blend_dsc.color = grad->color_map[y - tri_area.y1];
 672              		.loc 1 157 13 view .LVU216
 157:../../Middlewares/LVGL/GUI/lvgl/src/draw/sw/lv_draw_sw_triangle.c ****             blend_dsc.color = grad->color_map[y - tri_area.y1];
 673              		.loc 1 157 13 view .LVU217
 157:../../Middlewares/LVGL/GUI/lvgl/src/draw/sw/lv_draw_sw_triangle.c ****             blend_dsc.color = grad->color_map[y - tri_area.y1];
 674              		.loc 1 157 13 view .LVU218
 157:../../Middlewares/LVGL/GUI/lvgl/src/draw/sw/lv_draw_sw_triangle.c ****             blend_dsc.color = grad->color_map[y - tri_area.y1];
 675              		.loc 1 157 13 view .LVU219
ARM GAS  C:\Users\28576\AppData\Local\Temp\ccigU5Py.s 			page 17


 676 0388 FEE7     		b	.L17
 677              	.L39:
 678              	.LBB3:
 166:../../Middlewares/LVGL/GUI/lvgl/src/draw/sw/lv_draw_sw_triangle.c ****                     for(i = 0; i < area_w; i++) {
 679              		.loc 1 166 21 view .LVU220
 166:../../Middlewares/LVGL/GUI/lvgl/src/draw/sw/lv_draw_sw_triangle.c ****                     for(i = 0; i < area_w; i++) {
 680              		.loc 1 166 40 is_stmt 0 view .LVU221
 681 038a 0B95     		str	r5, [sp, #44]
 167:../../Middlewares/LVGL/GUI/lvgl/src/draw/sw/lv_draw_sw_triangle.c ****                         if(grad_opa_map[i] < LV_OPA_MAX) mask_buf[i] = LV_OPA_MIX2(mask_buf[i], gra
 682              		.loc 1 167 21 is_stmt 1 view .LVU222
 683              	.LVL54:
 167:../../Middlewares/LVGL/GUI/lvgl/src/draw/sw/lv_draw_sw_triangle.c ****                         if(grad_opa_map[i] < LV_OPA_MAX) mask_buf[i] = LV_OPA_MIX2(mask_buf[i], gra
 684              		.loc 1 167 27 is_stmt 0 view .LVU223
 685 038c 0023     		movs	r3, #0
 167:../../Middlewares/LVGL/GUI/lvgl/src/draw/sw/lv_draw_sw_triangle.c ****                         if(grad_opa_map[i] < LV_OPA_MAX) mask_buf[i] = LV_OPA_MIX2(mask_buf[i], gra
 686              		.loc 1 167 21 view .LVU224
 687 038e 00E0     		b	.L20
 688              	.LVL55:
 689              	.L21:
 167:../../Middlewares/LVGL/GUI/lvgl/src/draw/sw/lv_draw_sw_triangle.c ****                         if(grad_opa_map[i] < LV_OPA_MAX) mask_buf[i] = LV_OPA_MIX2(mask_buf[i], gra
 690              		.loc 1 167 45 is_stmt 1 discriminator 2 view .LVU225
 691 0390 0133     		adds	r3, r3, #1
 692              	.LVL56:
 693              	.L20:
 167:../../Middlewares/LVGL/GUI/lvgl/src/draw/sw/lv_draw_sw_triangle.c ****                         if(grad_opa_map[i] < LV_OPA_MAX) mask_buf[i] = LV_OPA_MIX2(mask_buf[i], gra
 694              		.loc 1 167 34 discriminator 1 view .LVU226
 695 0392 B342     		cmp	r3, r6
 696 0394 D0DA     		bge	.L18
 168:../../Middlewares/LVGL/GUI/lvgl/src/draw/sw/lv_draw_sw_triangle.c ****                     }
 697              		.loc 1 168 25 view .LVU227
 168:../../Middlewares/LVGL/GUI/lvgl/src/draw/sw/lv_draw_sw_triangle.c ****                     }
 698              		.loc 1 168 40 is_stmt 0 view .LVU228
 699 0396 1BF80310 		ldrb	r1, [fp, r3]	@ zero_extendqisi2
 168:../../Middlewares/LVGL/GUI/lvgl/src/draw/sw/lv_draw_sw_triangle.c ****                     }
 700              		.loc 1 168 27 view .LVU229
 701 039a FC29     		cmp	r1, #252
 702 039c F8D8     		bhi	.L21
 168:../../Middlewares/LVGL/GUI/lvgl/src/draw/sw/lv_draw_sw_triangle.c ****                     }
 703              		.loc 1 168 58 is_stmt 1 discriminator 1 view .LVU230
 168:../../Middlewares/LVGL/GUI/lvgl/src/draw/sw/lv_draw_sw_triangle.c ****                     }
 704              		.loc 1 168 72 is_stmt 0 discriminator 1 view .LVU231
 705 039e EA5C     		ldrb	r2, [r5, r3]	@ zero_extendqisi2
 706 03a0 01FB02F2 		mul	r2, r1, r2
 707 03a4 120A     		lsrs	r2, r2, #8
 168:../../Middlewares/LVGL/GUI/lvgl/src/draw/sw/lv_draw_sw_triangle.c ****                     }
 708              		.loc 1 168 70 discriminator 1 view .LVU232
 709 03a6 EA54     		strb	r2, [r5, r3]
 710 03a8 F2E7     		b	.L21
 711              	.LVL57:
 712              	.L40:
 172:../../Middlewares/LVGL/GUI/lvgl/src/draw/sw/lv_draw_sw_triangle.c ****                     blend_dsc.mask_res = LV_DRAW_SW_MASK_RES_CHANGED;
 713              		.loc 1 172 21 is_stmt 1 view .LVU233
 172:../../Middlewares/LVGL/GUI/lvgl/src/draw/sw/lv_draw_sw_triangle.c ****                     blend_dsc.mask_res = LV_DRAW_SW_MASK_RES_CHANGED;
 714              		.loc 1 172 40 is_stmt 0 view .LVU234
 715 03aa CDF82CB0 		str	fp, [sp, #44]
 173:../../Middlewares/LVGL/GUI/lvgl/src/draw/sw/lv_draw_sw_triangle.c ****                 }
 716              		.loc 1 173 21 is_stmt 1 view .LVU235
ARM GAS  C:\Users\28576\AppData\Local\Temp\ccigU5Py.s 			page 18


 173:../../Middlewares/LVGL/GUI/lvgl/src/draw/sw/lv_draw_sw_triangle.c ****                 }
 717              		.loc 1 173 40 is_stmt 0 view .LVU236
 718 03ae 0222     		movs	r2, #2
 719 03b0 8DF83020 		strb	r2, [sp, #48]
 720 03b4 C0E7     		b	.L18
 721              	.L37:
 173:../../Middlewares/LVGL/GUI/lvgl/src/draw/sw/lv_draw_sw_triangle.c ****                 }
 722              		.loc 1 173 40 view .LVU237
 723              	.LBE3:
 181:../../Middlewares/LVGL/GUI/lvgl/src/draw/sw/lv_draw_sw_triangle.c ****     }
 182:../../Middlewares/LVGL/GUI/lvgl/src/draw/sw/lv_draw_sw_triangle.c **** 
 183:../../Middlewares/LVGL/GUI/lvgl/src/draw/sw/lv_draw_sw_triangle.c ****     lv_free(mask_buf);
 724              		.loc 1 183 5 is_stmt 1 view .LVU238
 725 03b6 2846     		mov	r0, r5
 726 03b8 FFF7FEFF 		bl	lv_free
 727              	.LVL58:
 184:../../Middlewares/LVGL/GUI/lvgl/src/draw/sw/lv_draw_sw_triangle.c ****     lv_draw_sw_mask_free_param(&mask_bottom);
 728              		.loc 1 184 5 view .LVU239
 729 03bc 14A8     		add	r0, sp, #80
 730 03be FFF7FEFF 		bl	lv_draw_sw_mask_free_param
 731              	.LVL59:
 185:../../Middlewares/LVGL/GUI/lvgl/src/draw/sw/lv_draw_sw_triangle.c ****     lv_draw_sw_mask_free_param(&mask_left);
 732              		.loc 1 185 5 view .LVU240
 733 03c2 30A8     		add	r0, sp, #192
 734 03c4 FFF7FEFF 		bl	lv_draw_sw_mask_free_param
 735              	.LVL60:
 186:../../Middlewares/LVGL/GUI/lvgl/src/draw/sw/lv_draw_sw_triangle.c ****     lv_draw_sw_mask_free_param(&mask_right);
 736              		.loc 1 186 5 view .LVU241
 737 03c8 22A8     		add	r0, sp, #136
 738 03ca FFF7FEFF 		bl	lv_draw_sw_mask_free_param
 739              	.LVL61:
 187:../../Middlewares/LVGL/GUI/lvgl/src/draw/sw/lv_draw_sw_triangle.c **** 
 188:../../Middlewares/LVGL/GUI/lvgl/src/draw/sw/lv_draw_sw_triangle.c ****     if(grad) {
 740              		.loc 1 188 5 view .LVU242
 741              		.loc 1 188 7 is_stmt 0 view .LVU243
 742 03ce BAF1000F 		cmp	r10, #0
 743 03d2 02D0     		beq	.L1
 189:../../Middlewares/LVGL/GUI/lvgl/src/draw/sw/lv_draw_sw_triangle.c ****         lv_draw_sw_grad_cleanup(grad);
 744              		.loc 1 189 9 is_stmt 1 view .LVU244
 745 03d4 5046     		mov	r0, r10
 746 03d6 FFF7FEFF 		bl	lv_draw_sw_grad_cleanup
 747              	.LVL62:
 748              	.L1:
 190:../../Middlewares/LVGL/GUI/lvgl/src/draw/sw/lv_draw_sw_triangle.c ****     }
 191:../../Middlewares/LVGL/GUI/lvgl/src/draw/sw/lv_draw_sw_triangle.c **** 
 192:../../Middlewares/LVGL/GUI/lvgl/src/draw/sw/lv_draw_sw_triangle.c **** #else
 193:../../Middlewares/LVGL/GUI/lvgl/src/draw/sw/lv_draw_sw_triangle.c ****     LV_UNUSED(t);
 194:../../Middlewares/LVGL/GUI/lvgl/src/draw/sw/lv_draw_sw_triangle.c ****     LV_UNUSED(dsc);
 195:../../Middlewares/LVGL/GUI/lvgl/src/draw/sw/lv_draw_sw_triangle.c ****     LV_LOG_WARN("Can't draw triangles with LV_DRAW_SW_COMPLEX == 0");
 196:../../Middlewares/LVGL/GUI/lvgl/src/draw/sw/lv_draw_sw_triangle.c **** #endif /*LV_DRAW_SW_COMPLEX*/
 197:../../Middlewares/LVGL/GUI/lvgl/src/draw/sw/lv_draw_sw_triangle.c **** }
 749              		.loc 1 197 1 is_stmt 0 view .LVU245
 750 03da 51B0     		add	sp, sp, #324
 751              	.LCFI2:
 752              		.cfi_def_cfa_offset 36
 753              		@ sp needed
 754 03dc BDE8F08F 		pop	{r4, r5, r6, r7, r8, r9, r10, fp, pc}
ARM GAS  C:\Users\28576\AppData\Local\Temp\ccigU5Py.s 			page 19


 755              		.loc 1 197 1 view .LVU246
 756              		.cfi_endproc
 757              	.LFE41:
 759              		.text
 760              	.Letext0:
 761              		.file 2 "C:/Users/28576/AppData/Roaming/xPacks/@xpack-dev-tools/arm-none-eabi-gcc/15.2.1-1.1.1/.co
 762              		.file 3 "C:/Users/28576/AppData/Roaming/xPacks/@xpack-dev-tools/arm-none-eabi-gcc/15.2.1-1.1.1/.co
 763              		.file 4 "C:/Users/28576/AppData/Roaming/xPacks/@xpack-dev-tools/arm-none-eabi-gcc/15.2.1-1.1.1/.co
 764              		.file 5 "../../Middlewares/LVGL/GUI/lvgl/src/draw/sw/../../misc/lv_types.h"
 765              		.file 6 "../../Middlewares/LVGL/GUI/lvgl/src/draw/sw/../lv_draw.h"
 766              		.file 7 "../../Middlewares/LVGL/GUI/lvgl/src/draw/sw/../lv_draw_private.h"
 767              		.file 8 "../../Middlewares/LVGL/GUI/lvgl/src/draw/sw/lv_draw_sw_mask_private.h"
 768              		.file 9 "../../Middlewares/LVGL/GUI/lvgl/src/draw/sw/blend/lv_draw_sw_blend_private.h"
 769              		.file 10 "H:/STM32H7/RGB_LVGL/Middlewares/LVGL/GUI/lvgl/src/draw/lv_draw_buf.h"
 770              		.file 11 "../../Middlewares/LVGL/GUI/lvgl/src/draw/sw/../../misc/lv_area.h"
 771              		.file 12 "../../Middlewares/LVGL/GUI/lvgl/src/draw/sw/../../misc/lv_color.h"
 772              		.file 13 "../../Middlewares/LVGL/GUI/lvgl/src/draw/sw/lv_draw_sw_mask.h"
 773              		.file 14 "H:/STM32H7/RGB_LVGL/Middlewares/LVGL/GUI/lvgl/src/draw/lv_image_dsc.h"
 774              		.file 15 "H:/STM32H7/RGB_LVGL/Middlewares/LVGL/GUI/lvgl/src/misc/lv_grad.h"
 775              		.file 16 "H:/STM32H7/RGB_LVGL/Middlewares/LVGL/GUI/lvgl/src/misc/lv_style.h"
 776              		.file 17 "../../Middlewares/LVGL/GUI/lvgl/src/draw/sw/../lv_draw_triangle.h"
 777              		.file 18 "../../Middlewares/LVGL/GUI/lvgl/src/draw/sw/lv_draw_sw_grad.h"
 778              		.file 19 "H:/STM32H7/RGB_LVGL/Middlewares/LVGL/GUI/lvgl/src/stdlib/lv_mem.h"
 779              		.file 20 "../../Middlewares/LVGL/GUI/lvgl/src/draw/sw/blend/lv_draw_sw_blend.h"
 780              		.file 21 "H:/STM32H7/RGB_LVGL/Middlewares/LVGL/GUI/lvgl/src/stdlib/lv_string.h"
 781              		.file 22 "../../Middlewares/LVGL/GUI/lvgl/src/draw/sw/../../misc/lv_area_private.h"
ARM GAS  C:\Users\28576\AppData\Local\Temp\ccigU5Py.s 			page 20


DEFINED SYMBOLS
                            *ABS*:00000000 lv_draw_sw_triangle.c
C:\Users\28576\AppData\Local\Temp\ccigU5Py.s:20     .text.lv_draw_sw_triangle:00000000 $t
C:\Users\28576\AppData\Local\Temp\ccigU5Py.s:26     .text.lv_draw_sw_triangle:00000000 lv_draw_sw_triangle

UNDEFINED SYMBOLS
lv_area_intersect
lv_point_from_precise
lv_draw_sw_mask_line_points_init
lv_area_get_width
lv_malloc
lv_area_get_height
lv_draw_sw_grad_get
lv_point_swap
lv_draw_sw_blend
lv_memset
lv_draw_sw_mask_apply
lv_free
lv_draw_sw_mask_free_param
lv_draw_sw_grad_cleanup
