ARM GAS  C:\Users\28576\AppData\Local\Temp\ccofv1Mw.s 			page 1


   1              		.cpu cortex-m7
   2              		.arch armv7e-m
   3              		.fpu fpv5-d16
   4              		.eabi_attribute 28, 1
   5              		.eabi_attribute 20, 1
   6              		.eabi_attribute 21, 1
   7              		.eabi_attribute 23, 3
   8              		.eabi_attribute 24, 1
   9              		.eabi_attribute 25, 1
  10              		.eabi_attribute 26, 1
  11              		.eabi_attribute 30, 1
  12              		.eabi_attribute 34, 1
  13              		.eabi_attribute 18, 4
  14              		.file	"lv_draw_sw_mask_rect.c"
  15              		.text
  16              	.Ltext0:
  17              		.cfi_sections	.debug_frame
  18              		.file 1 "../../Middlewares/LVGL/GUI/lvgl/src/draw/sw/lv_draw_sw_mask_rect.c"
  19              		.section	.text.lv_draw_sw_mask_rect,"ax",%progbits
  20              		.align	1
  21              		.global	lv_draw_sw_mask_rect
  22              		.syntax unified
  23              		.thumb
  24              		.thumb_func
  26              	lv_draw_sw_mask_rect:
  27              	.LVL0:
  28              	.LFB41:
   1:../../Middlewares/LVGL/GUI/lvgl/src/draw/sw/lv_draw_sw_mask_rect.c **** /**
   2:../../Middlewares/LVGL/GUI/lvgl/src/draw/sw/lv_draw_sw_mask_rect.c ****  * @file lv_draw_sw_mask_rect.c
   3:../../Middlewares/LVGL/GUI/lvgl/src/draw/sw/lv_draw_sw_mask_rect.c ****  *
   4:../../Middlewares/LVGL/GUI/lvgl/src/draw/sw/lv_draw_sw_mask_rect.c ****  */
   5:../../Middlewares/LVGL/GUI/lvgl/src/draw/sw/lv_draw_sw_mask_rect.c **** 
   6:../../Middlewares/LVGL/GUI/lvgl/src/draw/sw/lv_draw_sw_mask_rect.c **** /*********************
   7:../../Middlewares/LVGL/GUI/lvgl/src/draw/sw/lv_draw_sw_mask_rect.c ****  *      INCLUDES
   8:../../Middlewares/LVGL/GUI/lvgl/src/draw/sw/lv_draw_sw_mask_rect.c ****  *********************/
   9:../../Middlewares/LVGL/GUI/lvgl/src/draw/sw/lv_draw_sw_mask_rect.c **** #include "../../misc/lv_area_private.h"
  10:../../Middlewares/LVGL/GUI/lvgl/src/draw/sw/lv_draw_sw_mask_rect.c **** #include "../lv_draw_mask_private.h"
  11:../../Middlewares/LVGL/GUI/lvgl/src/draw/sw/lv_draw_sw_mask_rect.c **** #include "../lv_draw_private.h"
  12:../../Middlewares/LVGL/GUI/lvgl/src/draw/sw/lv_draw_sw_mask_rect.c **** #if LV_USE_DRAW_SW
  13:../../Middlewares/LVGL/GUI/lvgl/src/draw/sw/lv_draw_sw_mask_rect.c **** #if LV_DRAW_SW_COMPLEX
  14:../../Middlewares/LVGL/GUI/lvgl/src/draw/sw/lv_draw_sw_mask_rect.c **** 
  15:../../Middlewares/LVGL/GUI/lvgl/src/draw/sw/lv_draw_sw_mask_rect.c **** #include "../../misc/lv_math.h"
  16:../../Middlewares/LVGL/GUI/lvgl/src/draw/sw/lv_draw_sw_mask_rect.c **** #include "../../misc/lv_log.h"
  17:../../Middlewares/LVGL/GUI/lvgl/src/draw/sw/lv_draw_sw_mask_rect.c **** #include "../../stdlib/lv_mem.h"
  18:../../Middlewares/LVGL/GUI/lvgl/src/draw/sw/lv_draw_sw_mask_rect.c **** #include "../../stdlib/lv_string.h"
  19:../../Middlewares/LVGL/GUI/lvgl/src/draw/sw/lv_draw_sw_mask_rect.c **** #include "lv_draw_sw.h"
  20:../../Middlewares/LVGL/GUI/lvgl/src/draw/sw/lv_draw_sw_mask_rect.c **** #include "lv_draw_sw_mask_private.h"
  21:../../Middlewares/LVGL/GUI/lvgl/src/draw/sw/lv_draw_sw_mask_rect.c **** 
  22:../../Middlewares/LVGL/GUI/lvgl/src/draw/sw/lv_draw_sw_mask_rect.c **** /*********************
  23:../../Middlewares/LVGL/GUI/lvgl/src/draw/sw/lv_draw_sw_mask_rect.c ****  *      DEFINES
  24:../../Middlewares/LVGL/GUI/lvgl/src/draw/sw/lv_draw_sw_mask_rect.c ****  *********************/
  25:../../Middlewares/LVGL/GUI/lvgl/src/draw/sw/lv_draw_sw_mask_rect.c **** 
  26:../../Middlewares/LVGL/GUI/lvgl/src/draw/sw/lv_draw_sw_mask_rect.c **** /**********************
  27:../../Middlewares/LVGL/GUI/lvgl/src/draw/sw/lv_draw_sw_mask_rect.c ****  *      TYPEDEFS
  28:../../Middlewares/LVGL/GUI/lvgl/src/draw/sw/lv_draw_sw_mask_rect.c ****  **********************/
  29:../../Middlewares/LVGL/GUI/lvgl/src/draw/sw/lv_draw_sw_mask_rect.c **** 
  30:../../Middlewares/LVGL/GUI/lvgl/src/draw/sw/lv_draw_sw_mask_rect.c **** /**********************
ARM GAS  C:\Users\28576\AppData\Local\Temp\ccofv1Mw.s 			page 2


  31:../../Middlewares/LVGL/GUI/lvgl/src/draw/sw/lv_draw_sw_mask_rect.c ****  *  STATIC PROTOTYPES
  32:../../Middlewares/LVGL/GUI/lvgl/src/draw/sw/lv_draw_sw_mask_rect.c ****  **********************/
  33:../../Middlewares/LVGL/GUI/lvgl/src/draw/sw/lv_draw_sw_mask_rect.c **** 
  34:../../Middlewares/LVGL/GUI/lvgl/src/draw/sw/lv_draw_sw_mask_rect.c **** /**********************
  35:../../Middlewares/LVGL/GUI/lvgl/src/draw/sw/lv_draw_sw_mask_rect.c ****  *  STATIC VARIABLES
  36:../../Middlewares/LVGL/GUI/lvgl/src/draw/sw/lv_draw_sw_mask_rect.c ****  **********************/
  37:../../Middlewares/LVGL/GUI/lvgl/src/draw/sw/lv_draw_sw_mask_rect.c **** 
  38:../../Middlewares/LVGL/GUI/lvgl/src/draw/sw/lv_draw_sw_mask_rect.c **** /**********************
  39:../../Middlewares/LVGL/GUI/lvgl/src/draw/sw/lv_draw_sw_mask_rect.c ****  *      MACROS
  40:../../Middlewares/LVGL/GUI/lvgl/src/draw/sw/lv_draw_sw_mask_rect.c ****  **********************/
  41:../../Middlewares/LVGL/GUI/lvgl/src/draw/sw/lv_draw_sw_mask_rect.c **** 
  42:../../Middlewares/LVGL/GUI/lvgl/src/draw/sw/lv_draw_sw_mask_rect.c **** /**********************
  43:../../Middlewares/LVGL/GUI/lvgl/src/draw/sw/lv_draw_sw_mask_rect.c ****  *   GLOBAL FUNCTIONS
  44:../../Middlewares/LVGL/GUI/lvgl/src/draw/sw/lv_draw_sw_mask_rect.c ****  **********************/
  45:../../Middlewares/LVGL/GUI/lvgl/src/draw/sw/lv_draw_sw_mask_rect.c **** 
  46:../../Middlewares/LVGL/GUI/lvgl/src/draw/sw/lv_draw_sw_mask_rect.c **** void lv_draw_sw_mask_rect(lv_draw_task_t * t, const lv_draw_mask_rect_dsc_t * dsc)
  47:../../Middlewares/LVGL/GUI/lvgl/src/draw/sw/lv_draw_sw_mask_rect.c **** {
  29              		.loc 1 47 1 view -0
  30              		.cfi_startproc
  31              		@ args = 0, pretend = 0, frame = 80
  32              		@ frame_needed = 0, uses_anonymous_args = 0
  33              		.loc 1 47 1 is_stmt 0 view .LVU1
  34 0000 2DE9F043 		push	{r4, r5, r6, r7, r8, r9, lr}
  35              	.LCFI0:
  36              		.cfi_def_cfa_offset 28
  37              		.cfi_offset 4, -28
  38              		.cfi_offset 5, -24
  39              		.cfi_offset 6, -20
  40              		.cfi_offset 7, -16
  41              		.cfi_offset 8, -12
  42              		.cfi_offset 9, -8
  43              		.cfi_offset 14, -4
  44 0004 97B0     		sub	sp, sp, #92
  45              	.LCFI1:
  46              		.cfi_def_cfa_offset 120
  47 0006 8046     		mov	r8, r0
  48 0008 0C46     		mov	r4, r1
  48:../../Middlewares/LVGL/GUI/lvgl/src/draw/sw/lv_draw_sw_mask_rect.c ****     lv_area_t draw_area;
  49              		.loc 1 48 5 is_stmt 1 view .LVU2
  49:../../Middlewares/LVGL/GUI/lvgl/src/draw/sw/lv_draw_sw_mask_rect.c ****     if(!lv_area_intersect(&draw_area, &dsc->area, &t->clip_area)) {
  50              		.loc 1 49 5 view .LVU3
  51              		.loc 1 49 9 is_stmt 0 view .LVU4
  52 000a 01F11C06 		add	r6, r1, #28
  53 000e 00F13802 		add	r2, r0, #56
  54 0012 3146     		mov	r1, r6
  55              	.LVL1:
  56              		.loc 1 49 9 view .LVU5
  57 0014 12A8     		add	r0, sp, #72
  58              	.LVL2:
  59              		.loc 1 49 9 view .LVU6
  60 0016 FFF7FEFF 		bl	lv_area_intersect
  61              	.LVL3:
  62              		.loc 1 49 7 discriminator 1 view .LVU7
  63 001a 0028     		cmp	r0, #0
  64 001c 00F0B380 		beq	.L1
  50:../../Middlewares/LVGL/GUI/lvgl/src/draw/sw/lv_draw_sw_mask_rect.c ****         return;
  51:../../Middlewares/LVGL/GUI/lvgl/src/draw/sw/lv_draw_sw_mask_rect.c ****     }
ARM GAS  C:\Users\28576\AppData\Local\Temp\ccofv1Mw.s 			page 3


  52:../../Middlewares/LVGL/GUI/lvgl/src/draw/sw/lv_draw_sw_mask_rect.c **** 
  53:../../Middlewares/LVGL/GUI/lvgl/src/draw/sw/lv_draw_sw_mask_rect.c ****     lv_layer_t * target_layer = t->target_layer;
  65              		.loc 1 53 5 is_stmt 1 view .LVU8
  66              		.loc 1 53 18 is_stmt 0 view .LVU9
  67 0020 D8F84870 		ldr	r7, [r8, #72]
  68              	.LVL4:
  54:../../Middlewares/LVGL/GUI/lvgl/src/draw/sw/lv_draw_sw_mask_rect.c ****     lv_area_t * buf_area = &target_layer->buf_area;
  69              		.loc 1 54 5 is_stmt 1 view .LVU10
  55:../../Middlewares/LVGL/GUI/lvgl/src/draw/sw/lv_draw_sw_mask_rect.c ****     lv_area_t clear_area;
  70              		.loc 1 55 5 view .LVU11
  56:../../Middlewares/LVGL/GUI/lvgl/src/draw/sw/lv_draw_sw_mask_rect.c **** 
  57:../../Middlewares/LVGL/GUI/lvgl/src/draw/sw/lv_draw_sw_mask_rect.c ****     void * draw_buf = target_layer->draw_buf;
  71              		.loc 1 57 5 view .LVU12
  72              		.loc 1 57 12 is_stmt 0 view .LVU13
  73 0024 3B68     		ldr	r3, [r7]
  74 0026 9946     		mov	r9, r3
  75              	.LVL5:
  58:../../Middlewares/LVGL/GUI/lvgl/src/draw/sw/lv_draw_sw_mask_rect.c **** 
  59:../../Middlewares/LVGL/GUI/lvgl/src/draw/sw/lv_draw_sw_mask_rect.c ****     if(dsc->keep_outside == 0) {
  76              		.loc 1 59 5 is_stmt 1 view .LVU14
  77              		.loc 1 59 26 is_stmt 0 view .LVU15
  78 0028 94F83030 		ldrb	r3, [r4, #48]	@ zero_extendqisi2
  79              	.LVL6:
  80              		.loc 1 59 7 view .LVU16
  81 002c 13F0010F 		tst	r3, #1
  82 0030 13D0     		beq	.L13
  83              	.L4:
  60:../../Middlewares/LVGL/GUI/lvgl/src/draw/sw/lv_draw_sw_mask_rect.c ****         /*Clear the top part*/
  61:../../Middlewares/LVGL/GUI/lvgl/src/draw/sw/lv_draw_sw_mask_rect.c ****         lv_area_set(&clear_area, t->clip_area.x1, t->clip_area.y1, t->clip_area.x2,
  62:../../Middlewares/LVGL/GUI/lvgl/src/draw/sw/lv_draw_sw_mask_rect.c ****                     dsc->area.y1 - 1);
  63:../../Middlewares/LVGL/GUI/lvgl/src/draw/sw/lv_draw_sw_mask_rect.c ****         lv_area_move(&clear_area, -buf_area->x1, -buf_area->y1);
  64:../../Middlewares/LVGL/GUI/lvgl/src/draw/sw/lv_draw_sw_mask_rect.c ****         lv_draw_buf_clear(draw_buf, &clear_area);
  65:../../Middlewares/LVGL/GUI/lvgl/src/draw/sw/lv_draw_sw_mask_rect.c **** 
  66:../../Middlewares/LVGL/GUI/lvgl/src/draw/sw/lv_draw_sw_mask_rect.c ****         /*Clear the bottom part*/
  67:../../Middlewares/LVGL/GUI/lvgl/src/draw/sw/lv_draw_sw_mask_rect.c ****         lv_area_set(&clear_area, t->clip_area.x1, dsc->area.y2 + 1, t->clip_area.x2,
  68:../../Middlewares/LVGL/GUI/lvgl/src/draw/sw/lv_draw_sw_mask_rect.c ****                     t->clip_area.y2);
  69:../../Middlewares/LVGL/GUI/lvgl/src/draw/sw/lv_draw_sw_mask_rect.c ****         lv_area_move(&clear_area, -buf_area->x1, -buf_area->y1);
  70:../../Middlewares/LVGL/GUI/lvgl/src/draw/sw/lv_draw_sw_mask_rect.c ****         lv_draw_buf_clear(draw_buf, &clear_area);
  71:../../Middlewares/LVGL/GUI/lvgl/src/draw/sw/lv_draw_sw_mask_rect.c **** 
  72:../../Middlewares/LVGL/GUI/lvgl/src/draw/sw/lv_draw_sw_mask_rect.c ****         /*Clear the left part*/
  73:../../Middlewares/LVGL/GUI/lvgl/src/draw/sw/lv_draw_sw_mask_rect.c ****         lv_area_set(&clear_area, t->clip_area.x1, dsc->area.y1, dsc->area.x1 - 1, dsc->area.y2);
  74:../../Middlewares/LVGL/GUI/lvgl/src/draw/sw/lv_draw_sw_mask_rect.c ****         lv_area_move(&clear_area, -buf_area->x1, -buf_area->y1);
  75:../../Middlewares/LVGL/GUI/lvgl/src/draw/sw/lv_draw_sw_mask_rect.c ****         lv_draw_buf_clear(draw_buf, &clear_area);
  76:../../Middlewares/LVGL/GUI/lvgl/src/draw/sw/lv_draw_sw_mask_rect.c **** 
  77:../../Middlewares/LVGL/GUI/lvgl/src/draw/sw/lv_draw_sw_mask_rect.c ****         /*Clear the right part*/
  78:../../Middlewares/LVGL/GUI/lvgl/src/draw/sw/lv_draw_sw_mask_rect.c ****         lv_area_set(&clear_area, dsc->area.x2 + 1, dsc->area.y1, t->clip_area.x2, dsc->area.y2);
  79:../../Middlewares/LVGL/GUI/lvgl/src/draw/sw/lv_draw_sw_mask_rect.c ****         lv_area_move(&clear_area, -buf_area->x1, -buf_area->y1);
  80:../../Middlewares/LVGL/GUI/lvgl/src/draw/sw/lv_draw_sw_mask_rect.c ****         lv_draw_buf_clear(draw_buf, &clear_area);
  81:../../Middlewares/LVGL/GUI/lvgl/src/draw/sw/lv_draw_sw_mask_rect.c ****     }
  82:../../Middlewares/LVGL/GUI/lvgl/src/draw/sw/lv_draw_sw_mask_rect.c **** 
  83:../../Middlewares/LVGL/GUI/lvgl/src/draw/sw/lv_draw_sw_mask_rect.c ****     lv_draw_sw_mask_radius_param_t param;
  84              		.loc 1 83 5 is_stmt 1 view .LVU17
  84:../../Middlewares/LVGL/GUI/lvgl/src/draw/sw/lv_draw_sw_mask_rect.c ****     lv_draw_sw_mask_radius_init(&param, &dsc->area, dsc->radius, false);
  85              		.loc 1 84 5 view .LVU18
  86 0032 05AD     		add	r5, sp, #20
  87 0034 0023     		movs	r3, #0
  88 0036 E26A     		ldr	r2, [r4, #44]
ARM GAS  C:\Users\28576\AppData\Local\Temp\ccofv1Mw.s 			page 4


  89 0038 3146     		mov	r1, r6
  90 003a 2846     		mov	r0, r5
  91 003c FFF7FEFF 		bl	lv_draw_sw_mask_radius_init
  92              	.LVL7:
  85:../../Middlewares/LVGL/GUI/lvgl/src/draw/sw/lv_draw_sw_mask_rect.c **** 
  86:../../Middlewares/LVGL/GUI/lvgl/src/draw/sw/lv_draw_sw_mask_rect.c ****     void * masks[2] = {0};
  93              		.loc 1 86 5 view .LVU19
  94              		.loc 1 86 12 is_stmt 0 view .LVU20
  95 0040 0023     		movs	r3, #0
  96 0042 0393     		str	r3, [sp, #12]
  97 0044 0493     		str	r3, [sp, #16]
  87:../../Middlewares/LVGL/GUI/lvgl/src/draw/sw/lv_draw_sw_mask_rect.c ****     masks[0] = &param;
  98              		.loc 1 87 5 is_stmt 1 view .LVU21
  99              		.loc 1 87 14 is_stmt 0 view .LVU22
 100 0046 0395     		str	r5, [sp, #12]
  88:../../Middlewares/LVGL/GUI/lvgl/src/draw/sw/lv_draw_sw_mask_rect.c **** 
  89:../../Middlewares/LVGL/GUI/lvgl/src/draw/sw/lv_draw_sw_mask_rect.c ****     uint32_t area_w = lv_area_get_width(&draw_area);
 101              		.loc 1 89 5 is_stmt 1 view .LVU23
 102              		.loc 1 89 23 is_stmt 0 view .LVU24
 103 0048 12A8     		add	r0, sp, #72
 104 004a FFF7FEFF 		bl	lv_area_get_width
 105              	.LVL8:
 106 004e 0446     		mov	r4, r0
 107              	.LVL9:
  90:../../Middlewares/LVGL/GUI/lvgl/src/draw/sw/lv_draw_sw_mask_rect.c ****     lv_opa_t * mask_buf = lv_malloc(area_w);
 108              		.loc 1 90 5 is_stmt 1 view .LVU25
 109              		.loc 1 90 27 is_stmt 0 view .LVU26
 110 0050 FFF7FEFF 		bl	lv_malloc
 111              	.LVL10:
 112              		.loc 1 90 27 view .LVU27
 113 0054 0646     		mov	r6, r0
 114              	.LVL11:
  91:../../Middlewares/LVGL/GUI/lvgl/src/draw/sw/lv_draw_sw_mask_rect.c **** 
  92:../../Middlewares/LVGL/GUI/lvgl/src/draw/sw/lv_draw_sw_mask_rect.c ****     int32_t y;
 115              		.loc 1 92 5 is_stmt 1 view .LVU28
  93:../../Middlewares/LVGL/GUI/lvgl/src/draw/sw/lv_draw_sw_mask_rect.c ****     for(y = draw_area.y1; y <= draw_area.y2; y++) {
 116              		.loc 1 93 5 view .LVU29
 117              		.loc 1 93 11 is_stmt 0 view .LVU30
 118 0056 139D     		ldr	r5, [sp, #76]
 119              	.LVL12:
 120              		.loc 1 93 5 view .LVU31
 121 0058 6DE0     		b	.L5
 122              	.LVL13:
 123              	.L13:
  61:../../Middlewares/LVGL/GUI/lvgl/src/draw/sw/lv_draw_sw_mask_rect.c ****                     dsc->area.y1 - 1);
 124              		.loc 1 61 9 is_stmt 1 view .LVU32
  62:../../Middlewares/LVGL/GUI/lvgl/src/draw/sw/lv_draw_sw_mask_rect.c ****         lv_area_move(&clear_area, -buf_area->x1, -buf_area->y1);
 125              		.loc 1 62 30 is_stmt 0 view .LVU33
 126 005a 236A     		ldr	r3, [r4, #32]
  62:../../Middlewares/LVGL/GUI/lvgl/src/draw/sw/lv_draw_sw_mask_rect.c ****         lv_area_move(&clear_area, -buf_area->x1, -buf_area->y1);
 127              		.loc 1 62 34 view .LVU34
 128 005c 013B     		subs	r3, r3, #1
  61:../../Middlewares/LVGL/GUI/lvgl/src/draw/sw/lv_draw_sw_mask_rect.c ****                     dsc->area.y1 - 1);
 129              		.loc 1 61 9 view .LVU35
 130 005e 0EAD     		add	r5, sp, #56
 131 0060 0093     		str	r3, [sp]
 132 0062 D8F84030 		ldr	r3, [r8, #64]
ARM GAS  C:\Users\28576\AppData\Local\Temp\ccofv1Mw.s 			page 5


 133 0066 D8F83C20 		ldr	r2, [r8, #60]
 134 006a D8F83810 		ldr	r1, [r8, #56]
 135 006e 2846     		mov	r0, r5
 136 0070 FFF7FEFF 		bl	lv_area_set
 137              	.LVL14:
  63:../../Middlewares/LVGL/GUI/lvgl/src/draw/sw/lv_draw_sw_mask_rect.c ****         lv_draw_buf_clear(draw_buf, &clear_area);
 138              		.loc 1 63 9 is_stmt 1 view .LVU36
  63:../../Middlewares/LVGL/GUI/lvgl/src/draw/sw/lv_draw_sw_mask_rect.c ****         lv_draw_buf_clear(draw_buf, &clear_area);
 139              		.loc 1 63 44 is_stmt 0 view .LVU37
 140 0074 7968     		ldr	r1, [r7, #4]
  63:../../Middlewares/LVGL/GUI/lvgl/src/draw/sw/lv_draw_sw_mask_rect.c ****         lv_draw_buf_clear(draw_buf, &clear_area);
 141              		.loc 1 63 59 view .LVU38
 142 0076 BA68     		ldr	r2, [r7, #8]
  63:../../Middlewares/LVGL/GUI/lvgl/src/draw/sw/lv_draw_sw_mask_rect.c ****         lv_draw_buf_clear(draw_buf, &clear_area);
 143              		.loc 1 63 9 view .LVU39
 144 0078 5242     		rsbs	r2, r2, #0
 145 007a 4942     		rsbs	r1, r1, #0
 146 007c 2846     		mov	r0, r5
 147 007e FFF7FEFF 		bl	lv_area_move
 148              	.LVL15:
  64:../../Middlewares/LVGL/GUI/lvgl/src/draw/sw/lv_draw_sw_mask_rect.c **** 
 149              		.loc 1 64 9 is_stmt 1 view .LVU40
 150 0082 2946     		mov	r1, r5
 151 0084 4846     		mov	r0, r9
 152 0086 FFF7FEFF 		bl	lv_draw_buf_clear
 153              	.LVL16:
  67:../../Middlewares/LVGL/GUI/lvgl/src/draw/sw/lv_draw_sw_mask_rect.c ****                     t->clip_area.y2);
 154              		.loc 1 67 9 view .LVU41
  67:../../Middlewares/LVGL/GUI/lvgl/src/draw/sw/lv_draw_sw_mask_rect.c ****                     t->clip_area.y2);
 155              		.loc 1 67 60 is_stmt 0 view .LVU42
 156 008a A26A     		ldr	r2, [r4, #40]
  67:../../Middlewares/LVGL/GUI/lvgl/src/draw/sw/lv_draw_sw_mask_rect.c ****                     t->clip_area.y2);
 157              		.loc 1 67 9 view .LVU43
 158 008c D8F84430 		ldr	r3, [r8, #68]
 159 0090 0093     		str	r3, [sp]
 160 0092 D8F84030 		ldr	r3, [r8, #64]
 161 0096 0132     		adds	r2, r2, #1
 162 0098 D8F83810 		ldr	r1, [r8, #56]
 163 009c 2846     		mov	r0, r5
 164 009e FFF7FEFF 		bl	lv_area_set
 165              	.LVL17:
  69:../../Middlewares/LVGL/GUI/lvgl/src/draw/sw/lv_draw_sw_mask_rect.c ****         lv_draw_buf_clear(draw_buf, &clear_area);
 166              		.loc 1 69 9 is_stmt 1 view .LVU44
  69:../../Middlewares/LVGL/GUI/lvgl/src/draw/sw/lv_draw_sw_mask_rect.c ****         lv_draw_buf_clear(draw_buf, &clear_area);
 167              		.loc 1 69 44 is_stmt 0 view .LVU45
 168 00a2 7968     		ldr	r1, [r7, #4]
  69:../../Middlewares/LVGL/GUI/lvgl/src/draw/sw/lv_draw_sw_mask_rect.c ****         lv_draw_buf_clear(draw_buf, &clear_area);
 169              		.loc 1 69 59 view .LVU46
 170 00a4 BA68     		ldr	r2, [r7, #8]
  69:../../Middlewares/LVGL/GUI/lvgl/src/draw/sw/lv_draw_sw_mask_rect.c ****         lv_draw_buf_clear(draw_buf, &clear_area);
 171              		.loc 1 69 9 view .LVU47
 172 00a6 5242     		rsbs	r2, r2, #0
 173 00a8 4942     		rsbs	r1, r1, #0
 174 00aa 2846     		mov	r0, r5
 175 00ac FFF7FEFF 		bl	lv_area_move
 176              	.LVL18:
  70:../../Middlewares/LVGL/GUI/lvgl/src/draw/sw/lv_draw_sw_mask_rect.c **** 
ARM GAS  C:\Users\28576\AppData\Local\Temp\ccofv1Mw.s 			page 6


 177              		.loc 1 70 9 is_stmt 1 view .LVU48
 178 00b0 2946     		mov	r1, r5
 179 00b2 4846     		mov	r0, r9
 180 00b4 FFF7FEFF 		bl	lv_draw_buf_clear
 181              	.LVL19:
  73:../../Middlewares/LVGL/GUI/lvgl/src/draw/sw/lv_draw_sw_mask_rect.c ****         lv_area_move(&clear_area, -buf_area->x1, -buf_area->y1);
 182              		.loc 1 73 9 view .LVU49
  73:../../Middlewares/LVGL/GUI/lvgl/src/draw/sw/lv_draw_sw_mask_rect.c ****         lv_area_move(&clear_area, -buf_area->x1, -buf_area->y1);
 183              		.loc 1 73 74 is_stmt 0 view .LVU50
 184 00b8 E369     		ldr	r3, [r4, #28]
  73:../../Middlewares/LVGL/GUI/lvgl/src/draw/sw/lv_draw_sw_mask_rect.c ****         lv_area_move(&clear_area, -buf_area->x1, -buf_area->y1);
 185              		.loc 1 73 92 view .LVU51
 186 00ba A26A     		ldr	r2, [r4, #40]
  73:../../Middlewares/LVGL/GUI/lvgl/src/draw/sw/lv_draw_sw_mask_rect.c ****         lv_area_move(&clear_area, -buf_area->x1, -buf_area->y1);
 187              		.loc 1 73 9 view .LVU52
 188 00bc 0092     		str	r2, [sp]
 189 00be 013B     		subs	r3, r3, #1
 190 00c0 226A     		ldr	r2, [r4, #32]
 191 00c2 D8F83810 		ldr	r1, [r8, #56]
 192 00c6 2846     		mov	r0, r5
 193 00c8 FFF7FEFF 		bl	lv_area_set
 194              	.LVL20:
  74:../../Middlewares/LVGL/GUI/lvgl/src/draw/sw/lv_draw_sw_mask_rect.c ****         lv_draw_buf_clear(draw_buf, &clear_area);
 195              		.loc 1 74 9 is_stmt 1 view .LVU53
  74:../../Middlewares/LVGL/GUI/lvgl/src/draw/sw/lv_draw_sw_mask_rect.c ****         lv_draw_buf_clear(draw_buf, &clear_area);
 196              		.loc 1 74 44 is_stmt 0 view .LVU54
 197 00cc 7968     		ldr	r1, [r7, #4]
  74:../../Middlewares/LVGL/GUI/lvgl/src/draw/sw/lv_draw_sw_mask_rect.c ****         lv_draw_buf_clear(draw_buf, &clear_area);
 198              		.loc 1 74 59 view .LVU55
 199 00ce BA68     		ldr	r2, [r7, #8]
  74:../../Middlewares/LVGL/GUI/lvgl/src/draw/sw/lv_draw_sw_mask_rect.c ****         lv_draw_buf_clear(draw_buf, &clear_area);
 200              		.loc 1 74 9 view .LVU56
 201 00d0 5242     		rsbs	r2, r2, #0
 202 00d2 4942     		rsbs	r1, r1, #0
 203 00d4 2846     		mov	r0, r5
 204 00d6 FFF7FEFF 		bl	lv_area_move
 205              	.LVL21:
  75:../../Middlewares/LVGL/GUI/lvgl/src/draw/sw/lv_draw_sw_mask_rect.c **** 
 206              		.loc 1 75 9 is_stmt 1 view .LVU57
 207 00da 2946     		mov	r1, r5
 208 00dc 4846     		mov	r0, r9
 209 00de FFF7FEFF 		bl	lv_draw_buf_clear
 210              	.LVL22:
  78:../../Middlewares/LVGL/GUI/lvgl/src/draw/sw/lv_draw_sw_mask_rect.c ****         lv_area_move(&clear_area, -buf_area->x1, -buf_area->y1);
 211              		.loc 1 78 9 view .LVU58
  78:../../Middlewares/LVGL/GUI/lvgl/src/draw/sw/lv_draw_sw_mask_rect.c ****         lv_area_move(&clear_area, -buf_area->x1, -buf_area->y1);
 212              		.loc 1 78 43 is_stmt 0 view .LVU59
 213 00e2 616A     		ldr	r1, [r4, #36]
  78:../../Middlewares/LVGL/GUI/lvgl/src/draw/sw/lv_draw_sw_mask_rect.c ****         lv_area_move(&clear_area, -buf_area->x1, -buf_area->y1);
 214              		.loc 1 78 92 view .LVU60
 215 00e4 A36A     		ldr	r3, [r4, #40]
  78:../../Middlewares/LVGL/GUI/lvgl/src/draw/sw/lv_draw_sw_mask_rect.c ****         lv_area_move(&clear_area, -buf_area->x1, -buf_area->y1);
 216              		.loc 1 78 9 view .LVU61
 217 00e6 0093     		str	r3, [sp]
 218 00e8 D8F84030 		ldr	r3, [r8, #64]
 219 00ec 226A     		ldr	r2, [r4, #32]
 220 00ee 0131     		adds	r1, r1, #1
ARM GAS  C:\Users\28576\AppData\Local\Temp\ccofv1Mw.s 			page 7


 221 00f0 2846     		mov	r0, r5
 222 00f2 FFF7FEFF 		bl	lv_area_set
 223              	.LVL23:
  79:../../Middlewares/LVGL/GUI/lvgl/src/draw/sw/lv_draw_sw_mask_rect.c ****         lv_draw_buf_clear(draw_buf, &clear_area);
 224              		.loc 1 79 9 is_stmt 1 view .LVU62
  79:../../Middlewares/LVGL/GUI/lvgl/src/draw/sw/lv_draw_sw_mask_rect.c ****         lv_draw_buf_clear(draw_buf, &clear_area);
 225              		.loc 1 79 44 is_stmt 0 view .LVU63
 226 00f6 7968     		ldr	r1, [r7, #4]
  79:../../Middlewares/LVGL/GUI/lvgl/src/draw/sw/lv_draw_sw_mask_rect.c ****         lv_draw_buf_clear(draw_buf, &clear_area);
 227              		.loc 1 79 59 view .LVU64
 228 00f8 BA68     		ldr	r2, [r7, #8]
  79:../../Middlewares/LVGL/GUI/lvgl/src/draw/sw/lv_draw_sw_mask_rect.c ****         lv_draw_buf_clear(draw_buf, &clear_area);
 229              		.loc 1 79 9 view .LVU65
 230 00fa 5242     		rsbs	r2, r2, #0
 231 00fc 4942     		rsbs	r1, r1, #0
 232 00fe 2846     		mov	r0, r5
 233 0100 FFF7FEFF 		bl	lv_area_move
 234              	.LVL24:
  80:../../Middlewares/LVGL/GUI/lvgl/src/draw/sw/lv_draw_sw_mask_rect.c ****     }
 235              		.loc 1 80 9 is_stmt 1 view .LVU66
 236 0104 2946     		mov	r1, r5
 237 0106 4846     		mov	r0, r9
 238 0108 FFF7FEFF 		bl	lv_draw_buf_clear
 239              	.LVL25:
 240 010c 91E7     		b	.L4
 241              	.LVL26:
 242              	.L8:
 243              	.LBB6:
 244              	.LBB7:
  94:../../Middlewares/LVGL/GUI/lvgl/src/draw/sw/lv_draw_sw_mask_rect.c ****         lv_memset(mask_buf, 0xff, area_w);
  95:../../Middlewares/LVGL/GUI/lvgl/src/draw/sw/lv_draw_sw_mask_rect.c ****         lv_draw_sw_mask_res_t res = lv_draw_sw_mask_apply(masks, mask_buf, draw_area.x1, y, area_w)
  96:../../Middlewares/LVGL/GUI/lvgl/src/draw/sw/lv_draw_sw_mask_rect.c ****         if(res == LV_DRAW_SW_MASK_RES_FULL_COVER) continue;
  97:../../Middlewares/LVGL/GUI/lvgl/src/draw/sw/lv_draw_sw_mask_rect.c **** 
  98:../../Middlewares/LVGL/GUI/lvgl/src/draw/sw/lv_draw_sw_mask_rect.c ****         lv_color32_t * c32_buf = lv_draw_layer_go_to_xy(target_layer, draw_area.x1 - buf_area->x1,
  99:../../Middlewares/LVGL/GUI/lvgl/src/draw/sw/lv_draw_sw_mask_rect.c ****                                                         y - buf_area->y1);
 100:../../Middlewares/LVGL/GUI/lvgl/src/draw/sw/lv_draw_sw_mask_rect.c **** 
 101:../../Middlewares/LVGL/GUI/lvgl/src/draw/sw/lv_draw_sw_mask_rect.c ****         if(res == LV_DRAW_SW_MASK_RES_TRANSP) {
 102:../../Middlewares/LVGL/GUI/lvgl/src/draw/sw/lv_draw_sw_mask_rect.c ****             lv_memzero(c32_buf, area_w * sizeof(lv_color32_t));
 103:../../Middlewares/LVGL/GUI/lvgl/src/draw/sw/lv_draw_sw_mask_rect.c ****         }
 104:../../Middlewares/LVGL/GUI/lvgl/src/draw/sw/lv_draw_sw_mask_rect.c ****         else {
 105:../../Middlewares/LVGL/GUI/lvgl/src/draw/sw/lv_draw_sw_mask_rect.c ****             uint32_t i;
 106:../../Middlewares/LVGL/GUI/lvgl/src/draw/sw/lv_draw_sw_mask_rect.c ****             for(i = 0; i < area_w; i++) {
 245              		.loc 1 106 37 discriminator 2 view .LVU67
 246 010e 0133     		adds	r3, r3, #1
 247              	.LVL27:
 248              	.L7:
 249              		.loc 1 106 26 discriminator 1 view .LVU68
 250 0110 A342     		cmp	r3, r4
 251 0112 0FD2     		bcs	.L6
 107:../../Middlewares/LVGL/GUI/lvgl/src/draw/sw/lv_draw_sw_mask_rect.c ****                 if(mask_buf[i] != LV_OPA_COVER) {
 252              		.loc 1 107 17 view .LVU69
 253              		.loc 1 107 28 is_stmt 0 view .LVU70
 254 0114 F25C     		ldrb	r2, [r6, r3]	@ zero_extendqisi2
 255              		.loc 1 107 19 view .LVU71
 256 0116 FF2A     		cmp	r2, #255
 257 0118 F9D0     		beq	.L8
 108:../../Middlewares/LVGL/GUI/lvgl/src/draw/sw/lv_draw_sw_mask_rect.c ****                     c32_buf[i].alpha = LV_OPA_MIX2(c32_buf[i].alpha, mask_buf[i]);
ARM GAS  C:\Users\28576\AppData\Local\Temp\ccofv1Mw.s 			page 8


 258              		.loc 1 108 21 is_stmt 1 view .LVU72
 259              		.loc 1 108 40 is_stmt 0 view .LVU73
 260 011a 00EB8301 		add	r1, r0, r3, lsl #2
 261 011e 91F803C0 		ldrb	ip, [r1, #3]	@ zero_extendqisi2
 262 0122 02FB0CFC 		mul	ip, r2, ip
 263 0126 4FEA1C2C 		lsr	ip, ip, #8
 264              		.loc 1 108 38 view .LVU74
 265 012a 81F803C0 		strb	ip, [r1, #3]
 266 012e EEE7     		b	.L8
 267              	.LVL28:
 268              	.L11:
 106:../../Middlewares/LVGL/GUI/lvgl/src/draw/sw/lv_draw_sw_mask_rect.c ****                 if(mask_buf[i] != LV_OPA_COVER) {
 269              		.loc 1 106 19 view .LVU75
 270 0130 0023     		movs	r3, #0
 271 0132 EDE7     		b	.L7
 272              	.LVL29:
 273              	.L6:
 106:../../Middlewares/LVGL/GUI/lvgl/src/draw/sw/lv_draw_sw_mask_rect.c ****                 if(mask_buf[i] != LV_OPA_COVER) {
 274              		.loc 1 106 19 view .LVU76
 275              	.LBE7:
 276              	.LBE6:
  93:../../Middlewares/LVGL/GUI/lvgl/src/draw/sw/lv_draw_sw_mask_rect.c ****         lv_memset(mask_buf, 0xff, area_w);
 277              		.loc 1 93 47 is_stmt 1 discriminator 2 view .LVU77
 278 0134 0135     		adds	r5, r5, #1
 279              	.LVL30:
 280              	.L5:
  93:../../Middlewares/LVGL/GUI/lvgl/src/draw/sw/lv_draw_sw_mask_rect.c ****         lv_memset(mask_buf, 0xff, area_w);
 281              		.loc 1 93 29 discriminator 1 view .LVU78
  93:../../Middlewares/LVGL/GUI/lvgl/src/draw/sw/lv_draw_sw_mask_rect.c ****         lv_memset(mask_buf, 0xff, area_w);
 282              		.loc 1 93 41 is_stmt 0 discriminator 1 view .LVU79
 283 0136 159B     		ldr	r3, [sp, #84]
  93:../../Middlewares/LVGL/GUI/lvgl/src/draw/sw/lv_draw_sw_mask_rect.c ****         lv_memset(mask_buf, 0xff, area_w);
 284              		.loc 1 93 29 discriminator 1 view .LVU80
 285 0138 AB42     		cmp	r3, r5
 286 013a 1EDB     		blt	.L14
 287              	.LBB10:
  94:../../Middlewares/LVGL/GUI/lvgl/src/draw/sw/lv_draw_sw_mask_rect.c ****         lv_draw_sw_mask_res_t res = lv_draw_sw_mask_apply(masks, mask_buf, draw_area.x1, y, area_w)
 288              		.loc 1 94 9 is_stmt 1 view .LVU81
 289 013c 2246     		mov	r2, r4
 290 013e FF21     		movs	r1, #255
 291 0140 3046     		mov	r0, r6
 292 0142 FFF7FEFF 		bl	lv_memset
 293              	.LVL31:
  95:../../Middlewares/LVGL/GUI/lvgl/src/draw/sw/lv_draw_sw_mask_rect.c ****         if(res == LV_DRAW_SW_MASK_RES_FULL_COVER) continue;
 294              		.loc 1 95 9 view .LVU82
  95:../../Middlewares/LVGL/GUI/lvgl/src/draw/sw/lv_draw_sw_mask_rect.c ****         if(res == LV_DRAW_SW_MASK_RES_FULL_COVER) continue;
 295              		.loc 1 95 37 is_stmt 0 view .LVU83
 296 0146 0094     		str	r4, [sp]
 297 0148 2B46     		mov	r3, r5
 298 014a 129A     		ldr	r2, [sp, #72]
 299 014c 3146     		mov	r1, r6
 300 014e 03A8     		add	r0, sp, #12
 301 0150 FFF7FEFF 		bl	lv_draw_sw_mask_apply
 302              	.LVL32:
 303 0154 8046     		mov	r8, r0
 304              	.LVL33:
  96:../../Middlewares/LVGL/GUI/lvgl/src/draw/sw/lv_draw_sw_mask_rect.c **** 
ARM GAS  C:\Users\28576\AppData\Local\Temp\ccofv1Mw.s 			page 9


 305              		.loc 1 96 9 is_stmt 1 view .LVU84
  96:../../Middlewares/LVGL/GUI/lvgl/src/draw/sw/lv_draw_sw_mask_rect.c **** 
 306              		.loc 1 96 11 is_stmt 0 view .LVU85
 307 0156 0128     		cmp	r0, #1
 308 0158 ECD0     		beq	.L6
  98:../../Middlewares/LVGL/GUI/lvgl/src/draw/sw/lv_draw_sw_mask_rect.c ****                                                         y - buf_area->y1);
 309              		.loc 1 98 9 is_stmt 1 view .LVU86
  98:../../Middlewares/LVGL/GUI/lvgl/src/draw/sw/lv_draw_sw_mask_rect.c ****                                                         y - buf_area->y1);
 310              		.loc 1 98 94 is_stmt 0 view .LVU87
 311 015a 7B68     		ldr	r3, [r7, #4]
  99:../../Middlewares/LVGL/GUI/lvgl/src/draw/sw/lv_draw_sw_mask_rect.c **** 
 312              		.loc 1 99 69 view .LVU88
 313 015c BA68     		ldr	r2, [r7, #8]
  98:../../Middlewares/LVGL/GUI/lvgl/src/draw/sw/lv_draw_sw_mask_rect.c ****                                                         y - buf_area->y1);
 314              		.loc 1 98 34 view .LVU89
 315 015e AA1A     		subs	r2, r5, r2
 316 0160 1299     		ldr	r1, [sp, #72]
 317 0162 C91A     		subs	r1, r1, r3
 318 0164 3846     		mov	r0, r7
 319              	.LVL34:
  98:../../Middlewares/LVGL/GUI/lvgl/src/draw/sw/lv_draw_sw_mask_rect.c ****                                                         y - buf_area->y1);
 320              		.loc 1 98 34 view .LVU90
 321 0166 FFF7FEFF 		bl	lv_draw_layer_go_to_xy
 322              	.LVL35:
 101:../../Middlewares/LVGL/GUI/lvgl/src/draw/sw/lv_draw_sw_mask_rect.c ****             lv_memzero(c32_buf, area_w * sizeof(lv_color32_t));
 323              		.loc 1 101 9 is_stmt 1 view .LVU91
 101:../../Middlewares/LVGL/GUI/lvgl/src/draw/sw/lv_draw_sw_mask_rect.c ****             lv_memzero(c32_buf, area_w * sizeof(lv_color32_t));
 324              		.loc 1 101 11 is_stmt 0 view .LVU92
 325 016a B8F1000F 		cmp	r8, #0
 326 016e DFD1     		bne	.L11
 102:../../Middlewares/LVGL/GUI/lvgl/src/draw/sw/lv_draw_sw_mask_rect.c ****         }
 327              		.loc 1 102 13 is_stmt 1 view .LVU93
 328              	.LVL36:
 329              	.LBB8:
 330              	.LBI8:
 331              		.file 2 "H:/STM32H7/RGB_LVGL/Middlewares/LVGL/GUI/lvgl/src/stdlib/lv_string.h"
   1:H:/STM32H7/RGB_LVGL/Middlewares/LVGL/GUI/lvgl/src/stdlib\lv_string.h **** /**
   2:H:/STM32H7/RGB_LVGL/Middlewares/LVGL/GUI/lvgl/src/stdlib\lv_string.h ****  * @file lv_string.h
   3:H:/STM32H7/RGB_LVGL/Middlewares/LVGL/GUI/lvgl/src/stdlib\lv_string.h ****  *
   4:H:/STM32H7/RGB_LVGL/Middlewares/LVGL/GUI/lvgl/src/stdlib\lv_string.h ****  */
   5:H:/STM32H7/RGB_LVGL/Middlewares/LVGL/GUI/lvgl/src/stdlib\lv_string.h **** 
   6:H:/STM32H7/RGB_LVGL/Middlewares/LVGL/GUI/lvgl/src/stdlib\lv_string.h **** #ifndef LV_STRING_H
   7:H:/STM32H7/RGB_LVGL/Middlewares/LVGL/GUI/lvgl/src/stdlib\lv_string.h **** #define LV_STRING_H
   8:H:/STM32H7/RGB_LVGL/Middlewares/LVGL/GUI/lvgl/src/stdlib\lv_string.h **** 
   9:H:/STM32H7/RGB_LVGL/Middlewares/LVGL/GUI/lvgl/src/stdlib\lv_string.h **** #ifdef __cplusplus
  10:H:/STM32H7/RGB_LVGL/Middlewares/LVGL/GUI/lvgl/src/stdlib\lv_string.h **** extern "C" {
  11:H:/STM32H7/RGB_LVGL/Middlewares/LVGL/GUI/lvgl/src/stdlib\lv_string.h **** #endif
  12:H:/STM32H7/RGB_LVGL/Middlewares/LVGL/GUI/lvgl/src/stdlib\lv_string.h **** 
  13:H:/STM32H7/RGB_LVGL/Middlewares/LVGL/GUI/lvgl/src/stdlib\lv_string.h **** /*********************
  14:H:/STM32H7/RGB_LVGL/Middlewares/LVGL/GUI/lvgl/src/stdlib\lv_string.h ****  *      INCLUDES
  15:H:/STM32H7/RGB_LVGL/Middlewares/LVGL/GUI/lvgl/src/stdlib\lv_string.h ****  *********************/
  16:H:/STM32H7/RGB_LVGL/Middlewares/LVGL/GUI/lvgl/src/stdlib\lv_string.h **** #include "../lv_conf_internal.h"
  17:H:/STM32H7/RGB_LVGL/Middlewares/LVGL/GUI/lvgl/src/stdlib\lv_string.h **** #include "../misc/lv_types.h"
  18:H:/STM32H7/RGB_LVGL/Middlewares/LVGL/GUI/lvgl/src/stdlib\lv_string.h **** 
  19:H:/STM32H7/RGB_LVGL/Middlewares/LVGL/GUI/lvgl/src/stdlib\lv_string.h **** /*********************
  20:H:/STM32H7/RGB_LVGL/Middlewares/LVGL/GUI/lvgl/src/stdlib\lv_string.h ****  *      DEFINES
  21:H:/STM32H7/RGB_LVGL/Middlewares/LVGL/GUI/lvgl/src/stdlib\lv_string.h ****  *********************/
ARM GAS  C:\Users\28576\AppData\Local\Temp\ccofv1Mw.s 			page 10


  22:H:/STM32H7/RGB_LVGL/Middlewares/LVGL/GUI/lvgl/src/stdlib\lv_string.h **** 
  23:H:/STM32H7/RGB_LVGL/Middlewares/LVGL/GUI/lvgl/src/stdlib\lv_string.h **** /**********************
  24:H:/STM32H7/RGB_LVGL/Middlewares/LVGL/GUI/lvgl/src/stdlib\lv_string.h ****  *      TYPEDEFS
  25:H:/STM32H7/RGB_LVGL/Middlewares/LVGL/GUI/lvgl/src/stdlib\lv_string.h ****  **********************/
  26:H:/STM32H7/RGB_LVGL/Middlewares/LVGL/GUI/lvgl/src/stdlib\lv_string.h **** 
  27:H:/STM32H7/RGB_LVGL/Middlewares/LVGL/GUI/lvgl/src/stdlib\lv_string.h **** /**********************
  28:H:/STM32H7/RGB_LVGL/Middlewares/LVGL/GUI/lvgl/src/stdlib\lv_string.h ****  * GLOBAL PROTOTYPES
  29:H:/STM32H7/RGB_LVGL/Middlewares/LVGL/GUI/lvgl/src/stdlib\lv_string.h ****  **********************/
  30:H:/STM32H7/RGB_LVGL/Middlewares/LVGL/GUI/lvgl/src/stdlib\lv_string.h **** 
  31:H:/STM32H7/RGB_LVGL/Middlewares/LVGL/GUI/lvgl/src/stdlib\lv_string.h **** /**
  32:H:/STM32H7/RGB_LVGL/Middlewares/LVGL/GUI/lvgl/src/stdlib\lv_string.h ****  * @brief Copies a block of memory from a source address to a destination address.
  33:H:/STM32H7/RGB_LVGL/Middlewares/LVGL/GUI/lvgl/src/stdlib\lv_string.h ****  * @param dst Pointer to the destination array where the content is to be copied.
  34:H:/STM32H7/RGB_LVGL/Middlewares/LVGL/GUI/lvgl/src/stdlib\lv_string.h ****  * @param src Pointer to the source of data to be copied.
  35:H:/STM32H7/RGB_LVGL/Middlewares/LVGL/GUI/lvgl/src/stdlib\lv_string.h ****  * @param len Number of bytes to copy.
  36:H:/STM32H7/RGB_LVGL/Middlewares/LVGL/GUI/lvgl/src/stdlib\lv_string.h ****  * @return Pointer to the destination array.
  37:H:/STM32H7/RGB_LVGL/Middlewares/LVGL/GUI/lvgl/src/stdlib\lv_string.h ****  * @note The function does not check for any overlapping of the source and destination memory block
  38:H:/STM32H7/RGB_LVGL/Middlewares/LVGL/GUI/lvgl/src/stdlib\lv_string.h ****  */
  39:H:/STM32H7/RGB_LVGL/Middlewares/LVGL/GUI/lvgl/src/stdlib\lv_string.h **** void * lv_memcpy(void * dst, const void * src, size_t len);
  40:H:/STM32H7/RGB_LVGL/Middlewares/LVGL/GUI/lvgl/src/stdlib\lv_string.h **** 
  41:H:/STM32H7/RGB_LVGL/Middlewares/LVGL/GUI/lvgl/src/stdlib\lv_string.h **** /**
  42:H:/STM32H7/RGB_LVGL/Middlewares/LVGL/GUI/lvgl/src/stdlib\lv_string.h ****  * @brief Fills a block of memory with a specified value.
  43:H:/STM32H7/RGB_LVGL/Middlewares/LVGL/GUI/lvgl/src/stdlib\lv_string.h ****  * @param dst Pointer to the destination array to fill with the specified value.
  44:H:/STM32H7/RGB_LVGL/Middlewares/LVGL/GUI/lvgl/src/stdlib\lv_string.h ****  * @param v Value to be set. The value is passed as an int, but the function fills
  45:H:/STM32H7/RGB_LVGL/Middlewares/LVGL/GUI/lvgl/src/stdlib\lv_string.h ****  *          the block of memory using the unsigned char conversion of this value.
  46:H:/STM32H7/RGB_LVGL/Middlewares/LVGL/GUI/lvgl/src/stdlib\lv_string.h ****  * @param len Number of bytes to be set to the value.
  47:H:/STM32H7/RGB_LVGL/Middlewares/LVGL/GUI/lvgl/src/stdlib\lv_string.h ****  */
  48:H:/STM32H7/RGB_LVGL/Middlewares/LVGL/GUI/lvgl/src/stdlib\lv_string.h **** void lv_memset(void * dst, uint8_t v, size_t len);
  49:H:/STM32H7/RGB_LVGL/Middlewares/LVGL/GUI/lvgl/src/stdlib\lv_string.h **** 
  50:H:/STM32H7/RGB_LVGL/Middlewares/LVGL/GUI/lvgl/src/stdlib\lv_string.h **** /**
  51:H:/STM32H7/RGB_LVGL/Middlewares/LVGL/GUI/lvgl/src/stdlib\lv_string.h ****  * @brief Move a block of memory from source to destination
  52:H:/STM32H7/RGB_LVGL/Middlewares/LVGL/GUI/lvgl/src/stdlib\lv_string.h ****  * @param dst Pointer to the destination array where the content is to be copied.
  53:H:/STM32H7/RGB_LVGL/Middlewares/LVGL/GUI/lvgl/src/stdlib\lv_string.h ****  * @param src Pointer to the source of data to be copied.
  54:H:/STM32H7/RGB_LVGL/Middlewares/LVGL/GUI/lvgl/src/stdlib\lv_string.h ****  * @param len Number of bytes to copy
  55:H:/STM32H7/RGB_LVGL/Middlewares/LVGL/GUI/lvgl/src/stdlib\lv_string.h ****  * @return Pointer to the destination array.
  56:H:/STM32H7/RGB_LVGL/Middlewares/LVGL/GUI/lvgl/src/stdlib\lv_string.h ****  */
  57:H:/STM32H7/RGB_LVGL/Middlewares/LVGL/GUI/lvgl/src/stdlib\lv_string.h **** void * lv_memmove(void * dst, const void * src, size_t len);
  58:H:/STM32H7/RGB_LVGL/Middlewares/LVGL/GUI/lvgl/src/stdlib\lv_string.h **** 
  59:H:/STM32H7/RGB_LVGL/Middlewares/LVGL/GUI/lvgl/src/stdlib\lv_string.h **** /**
  60:H:/STM32H7/RGB_LVGL/Middlewares/LVGL/GUI/lvgl/src/stdlib\lv_string.h ****  * @brief This function will compare two memory blocks
  61:H:/STM32H7/RGB_LVGL/Middlewares/LVGL/GUI/lvgl/src/stdlib\lv_string.h ****  * @param p1 Pointer to the first memory block
  62:H:/STM32H7/RGB_LVGL/Middlewares/LVGL/GUI/lvgl/src/stdlib\lv_string.h ****  * @param p2 Pointer to the second memory block
  63:H:/STM32H7/RGB_LVGL/Middlewares/LVGL/GUI/lvgl/src/stdlib\lv_string.h ****  * @param len Number of bytes to compare
  64:H:/STM32H7/RGB_LVGL/Middlewares/LVGL/GUI/lvgl/src/stdlib\lv_string.h ****  * @return The difference between the value of the first unmatching byte.
  65:H:/STM32H7/RGB_LVGL/Middlewares/LVGL/GUI/lvgl/src/stdlib\lv_string.h ****  */
  66:H:/STM32H7/RGB_LVGL/Middlewares/LVGL/GUI/lvgl/src/stdlib\lv_string.h **** int lv_memcmp(const void * p1, const void * p2, size_t len);
  67:H:/STM32H7/RGB_LVGL/Middlewares/LVGL/GUI/lvgl/src/stdlib\lv_string.h **** 
  68:H:/STM32H7/RGB_LVGL/Middlewares/LVGL/GUI/lvgl/src/stdlib\lv_string.h **** /**
  69:H:/STM32H7/RGB_LVGL/Middlewares/LVGL/GUI/lvgl/src/stdlib\lv_string.h ****  * Same as `memset(dst, 0x00, len)`.
  70:H:/STM32H7/RGB_LVGL/Middlewares/LVGL/GUI/lvgl/src/stdlib\lv_string.h ****  * @param dst pointer to the destination buffer
  71:H:/STM32H7/RGB_LVGL/Middlewares/LVGL/GUI/lvgl/src/stdlib\lv_string.h ****  * @param len number of byte to set
  72:H:/STM32H7/RGB_LVGL/Middlewares/LVGL/GUI/lvgl/src/stdlib\lv_string.h ****  */
  73:H:/STM32H7/RGB_LVGL/Middlewares/LVGL/GUI/lvgl/src/stdlib\lv_string.h **** static inline void lv_memzero(void * dst, size_t len)
 332              		.loc 2 73 20 view .LVU94
 333              	.LBB9:
  74:H:/STM32H7/RGB_LVGL/Middlewares/LVGL/GUI/lvgl/src/stdlib\lv_string.h **** {
  75:H:/STM32H7/RGB_LVGL/Middlewares/LVGL/GUI/lvgl/src/stdlib\lv_string.h ****     lv_memset(dst, 0x00, len);
 334              		.loc 2 75 5 view .LVU95
ARM GAS  C:\Users\28576\AppData\Local\Temp\ccofv1Mw.s 			page 11


 335 0170 A200     		lsls	r2, r4, #2
 336              	.LVL37:
 337              		.loc 2 75 5 is_stmt 0 view .LVU96
 338 0172 4146     		mov	r1, r8
 339 0174 FFF7FEFF 		bl	lv_memset
 340              	.LVL38:
  76:H:/STM32H7/RGB_LVGL/Middlewares/LVGL/GUI/lvgl/src/stdlib\lv_string.h **** }
 341              		.loc 2 76 1 view .LVU97
 342 0178 DCE7     		b	.L6
 343              	.LVL39:
 344              	.L14:
 345              		.loc 2 76 1 view .LVU98
 346              	.LBE9:
 347              	.LBE8:
 348              	.LBE10:
 109:../../Middlewares/LVGL/GUI/lvgl/src/draw/sw/lv_draw_sw_mask_rect.c ****                 }
 110:../../Middlewares/LVGL/GUI/lvgl/src/draw/sw/lv_draw_sw_mask_rect.c ****             }
 111:../../Middlewares/LVGL/GUI/lvgl/src/draw/sw/lv_draw_sw_mask_rect.c ****         }
 112:../../Middlewares/LVGL/GUI/lvgl/src/draw/sw/lv_draw_sw_mask_rect.c ****     }
 113:../../Middlewares/LVGL/GUI/lvgl/src/draw/sw/lv_draw_sw_mask_rect.c **** 
 114:../../Middlewares/LVGL/GUI/lvgl/src/draw/sw/lv_draw_sw_mask_rect.c ****     lv_free(mask_buf);
 349              		.loc 1 114 5 is_stmt 1 view .LVU99
 350 017a 3046     		mov	r0, r6
 351 017c FFF7FEFF 		bl	lv_free
 352              	.LVL40:
 115:../../Middlewares/LVGL/GUI/lvgl/src/draw/sw/lv_draw_sw_mask_rect.c ****     lv_draw_sw_mask_free_param(&param);
 353              		.loc 1 115 5 view .LVU100
 354 0180 05A8     		add	r0, sp, #20
 355 0182 FFF7FEFF 		bl	lv_draw_sw_mask_free_param
 356              	.LVL41:
 357              	.L1:
 116:../../Middlewares/LVGL/GUI/lvgl/src/draw/sw/lv_draw_sw_mask_rect.c **** }
 358              		.loc 1 116 1 is_stmt 0 view .LVU101
 359 0186 17B0     		add	sp, sp, #92
 360              	.LCFI2:
 361              		.cfi_def_cfa_offset 28
 362              		@ sp needed
 363 0188 BDE8F083 		pop	{r4, r5, r6, r7, r8, r9, pc}
 364              		.cfi_endproc
 365              	.LFE41:
 367              		.text
 368              	.Letext0:
 369              		.file 3 "C:/Users/28576/AppData/Roaming/xPacks/@xpack-dev-tools/arm-none-eabi-gcc/15.2.1-1.1.1/.co
 370              		.file 4 "C:/Users/28576/AppData/Roaming/xPacks/@xpack-dev-tools/arm-none-eabi-gcc/15.2.1-1.1.1/.co
 371              		.file 5 "C:/Users/28576/AppData/Roaming/xPacks/@xpack-dev-tools/arm-none-eabi-gcc/15.2.1-1.1.1/.co
 372              		.file 6 "../../Middlewares/LVGL/GUI/lvgl/src/draw/sw/../../misc/lv_types.h"
 373              		.file 7 "../../Middlewares/LVGL/GUI/lvgl/src/draw/sw/../lv_draw.h"
 374              		.file 8 "../../Middlewares/LVGL/GUI/lvgl/src/draw/sw/../lv_draw_private.h"
 375              		.file 9 "../../Middlewares/LVGL/GUI/lvgl/src/draw/sw/../lv_draw_mask_private.h"
 376              		.file 10 "../../Middlewares/LVGL/GUI/lvgl/src/draw/sw/lv_draw_sw_mask_private.h"
 377              		.file 11 "H:/STM32H7/RGB_LVGL/Middlewares/LVGL/GUI/lvgl/src/draw/lv_draw_buf.h"
 378              		.file 12 "../../Middlewares/LVGL/GUI/lvgl/src/draw/sw/../../misc/lv_area.h"
 379              		.file 13 "../../Middlewares/LVGL/GUI/lvgl/src/draw/sw/../../misc/lv_color.h"
 380              		.file 14 "H:/STM32H7/RGB_LVGL/Middlewares/LVGL/GUI/lvgl/src/draw/lv_image_dsc.h"
 381              		.file 15 "../../Middlewares/LVGL/GUI/lvgl/src/draw/sw/blend/../lv_draw_sw_mask.h"
 382              		.file 16 "H:/STM32H7/RGB_LVGL/Middlewares/LVGL/GUI/lvgl/src/stdlib/lv_mem.h"
 383              		.file 17 "../../Middlewares/LVGL/GUI/lvgl/src/draw/sw/../../misc/lv_area_private.h"
ARM GAS  C:\Users\28576\AppData\Local\Temp\ccofv1Mw.s 			page 12


ARM GAS  C:\Users\28576\AppData\Local\Temp\ccofv1Mw.s 			page 13


DEFINED SYMBOLS
                            *ABS*:00000000 lv_draw_sw_mask_rect.c
C:\Users\28576\AppData\Local\Temp\ccofv1Mw.s:20     .text.lv_draw_sw_mask_rect:00000000 $t
C:\Users\28576\AppData\Local\Temp\ccofv1Mw.s:26     .text.lv_draw_sw_mask_rect:00000000 lv_draw_sw_mask_rect

UNDEFINED SYMBOLS
lv_area_intersect
lv_draw_sw_mask_radius_init
lv_area_get_width
lv_malloc
lv_area_set
lv_area_move
lv_draw_buf_clear
lv_memset
lv_draw_sw_mask_apply
lv_draw_layer_go_to_xy
lv_free
lv_draw_sw_mask_free_param
