ARM GAS  C:\Users\28576\AppData\Local\Temp\cc3ySyhz.s 			page 1


   1              		.cpu cortex-m7
   2              		.arch armv7e-m
   3              		.fpu fpv5-d16
   4              		.eabi_attribute 28, 1
   5              		.eabi_attribute 20, 1
   6              		.eabi_attribute 21, 1
   7              		.eabi_attribute 23, 3
   8              		.eabi_attribute 24, 1
   9              		.eabi_attribute 25, 1
  10              		.eabi_attribute 26, 1
  11              		.eabi_attribute 30, 1
  12              		.eabi_attribute 34, 1
  13              		.eabi_attribute 18, 4
  14              		.file	"lv_iter.c"
  15              		.text
  16              	.Ltext0:
  17              		.cfi_sections	.debug_frame
  18              		.file 1 "../../Middlewares/LVGL/GUI/lvgl/src/misc/lv_iter.c"
  19              		.section	.text.peek_fill_cb,"ax",%progbits
  20              		.align	1
  21              		.syntax unified
  22              		.thumb
  23              		.thumb_func
  25              	peek_fill_cb:
  26              	.LVL0:
  27              	.LFB11:
   1:../../Middlewares/LVGL/GUI/lvgl/src/misc/lv_iter.c **** /**
   2:../../Middlewares/LVGL/GUI/lvgl/src/misc/lv_iter.c ****  * @file lv_iter.c
   3:../../Middlewares/LVGL/GUI/lvgl/src/misc/lv_iter.c ****  *
   4:../../Middlewares/LVGL/GUI/lvgl/src/misc/lv_iter.c ****  */
   5:../../Middlewares/LVGL/GUI/lvgl/src/misc/lv_iter.c **** 
   6:../../Middlewares/LVGL/GUI/lvgl/src/misc/lv_iter.c **** /*********************
   7:../../Middlewares/LVGL/GUI/lvgl/src/misc/lv_iter.c ****  *      INCLUDES
   8:../../Middlewares/LVGL/GUI/lvgl/src/misc/lv_iter.c ****  *********************/
   9:../../Middlewares/LVGL/GUI/lvgl/src/misc/lv_iter.c **** 
  10:../../Middlewares/LVGL/GUI/lvgl/src/misc/lv_iter.c **** #include "lv_assert.h"
  11:../../Middlewares/LVGL/GUI/lvgl/src/misc/lv_iter.c **** 
  12:../../Middlewares/LVGL/GUI/lvgl/src/misc/lv_iter.c **** #include "lv_iter.h"
  13:../../Middlewares/LVGL/GUI/lvgl/src/misc/lv_iter.c **** 
  14:../../Middlewares/LVGL/GUI/lvgl/src/misc/lv_iter.c **** #include "lv_circle_buf.h"
  15:../../Middlewares/LVGL/GUI/lvgl/src/misc/lv_iter.c **** 
  16:../../Middlewares/LVGL/GUI/lvgl/src/misc/lv_iter.c **** /*********************
  17:../../Middlewares/LVGL/GUI/lvgl/src/misc/lv_iter.c ****  *      DEFINES
  18:../../Middlewares/LVGL/GUI/lvgl/src/misc/lv_iter.c ****  *********************/
  19:../../Middlewares/LVGL/GUI/lvgl/src/misc/lv_iter.c **** 
  20:../../Middlewares/LVGL/GUI/lvgl/src/misc/lv_iter.c **** /**********************
  21:../../Middlewares/LVGL/GUI/lvgl/src/misc/lv_iter.c ****  *      TYPEDEFS
  22:../../Middlewares/LVGL/GUI/lvgl/src/misc/lv_iter.c ****  **********************/
  23:../../Middlewares/LVGL/GUI/lvgl/src/misc/lv_iter.c **** 
  24:../../Middlewares/LVGL/GUI/lvgl/src/misc/lv_iter.c **** struct _lv_iter_t {
  25:../../Middlewares/LVGL/GUI/lvgl/src/misc/lv_iter.c ****     /* Iterator state */
  26:../../Middlewares/LVGL/GUI/lvgl/src/misc/lv_iter.c ****     void  *  instance;        /**< Pointer to the object to iterate over */
  27:../../Middlewares/LVGL/GUI/lvgl/src/misc/lv_iter.c ****     uint32_t elem_size;       /**< Size of one element in bytes */
  28:../../Middlewares/LVGL/GUI/lvgl/src/misc/lv_iter.c ****     void  *  context;         /**< Custom context for the iteration */
  29:../../Middlewares/LVGL/GUI/lvgl/src/misc/lv_iter.c ****     uint32_t context_size;    /**< Size of the custom context in bytes */
  30:../../Middlewares/LVGL/GUI/lvgl/src/misc/lv_iter.c **** 
  31:../../Middlewares/LVGL/GUI/lvgl/src/misc/lv_iter.c ****     /* Peeking */
ARM GAS  C:\Users\28576\AppData\Local\Temp\cc3ySyhz.s 			page 2


  32:../../Middlewares/LVGL/GUI/lvgl/src/misc/lv_iter.c ****     lv_circle_buf_t * peek_buf;   /**< Circular buffer for peeking */
  33:../../Middlewares/LVGL/GUI/lvgl/src/misc/lv_iter.c ****     uint32_t peek_offset;         /**< Offset in the peek buffer */
  34:../../Middlewares/LVGL/GUI/lvgl/src/misc/lv_iter.c **** 
  35:../../Middlewares/LVGL/GUI/lvgl/src/misc/lv_iter.c ****     /* Callbacks */
  36:../../Middlewares/LVGL/GUI/lvgl/src/misc/lv_iter.c ****     lv_iter_next_cb next_cb;  /**< Callback to get the next element */
  37:../../Middlewares/LVGL/GUI/lvgl/src/misc/lv_iter.c **** };
  38:../../Middlewares/LVGL/GUI/lvgl/src/misc/lv_iter.c **** 
  39:../../Middlewares/LVGL/GUI/lvgl/src/misc/lv_iter.c **** /**********************
  40:../../Middlewares/LVGL/GUI/lvgl/src/misc/lv_iter.c ****  *  STATIC PROTOTYPES
  41:../../Middlewares/LVGL/GUI/lvgl/src/misc/lv_iter.c ****  **********************/
  42:../../Middlewares/LVGL/GUI/lvgl/src/misc/lv_iter.c **** 
  43:../../Middlewares/LVGL/GUI/lvgl/src/misc/lv_iter.c **** static bool peek_fill_cb(void * buf, uint32_t buf_len, int32_t index, void * user_data);
  44:../../Middlewares/LVGL/GUI/lvgl/src/misc/lv_iter.c **** 
  45:../../Middlewares/LVGL/GUI/lvgl/src/misc/lv_iter.c **** /**********************
  46:../../Middlewares/LVGL/GUI/lvgl/src/misc/lv_iter.c ****  *  GLOBAL VARIABLES
  47:../../Middlewares/LVGL/GUI/lvgl/src/misc/lv_iter.c ****  **********************/
  48:../../Middlewares/LVGL/GUI/lvgl/src/misc/lv_iter.c **** 
  49:../../Middlewares/LVGL/GUI/lvgl/src/misc/lv_iter.c **** /**********************
  50:../../Middlewares/LVGL/GUI/lvgl/src/misc/lv_iter.c ****  *  STATIC VARIABLES
  51:../../Middlewares/LVGL/GUI/lvgl/src/misc/lv_iter.c ****  **********************/
  52:../../Middlewares/LVGL/GUI/lvgl/src/misc/lv_iter.c **** 
  53:../../Middlewares/LVGL/GUI/lvgl/src/misc/lv_iter.c **** /**********************
  54:../../Middlewares/LVGL/GUI/lvgl/src/misc/lv_iter.c ****  *      MACROS
  55:../../Middlewares/LVGL/GUI/lvgl/src/misc/lv_iter.c ****  **********************/
  56:../../Middlewares/LVGL/GUI/lvgl/src/misc/lv_iter.c **** 
  57:../../Middlewares/LVGL/GUI/lvgl/src/misc/lv_iter.c **** /**********************
  58:../../Middlewares/LVGL/GUI/lvgl/src/misc/lv_iter.c ****  *   GLOBAL FUNCTIONS
  59:../../Middlewares/LVGL/GUI/lvgl/src/misc/lv_iter.c ****  **********************/
  60:../../Middlewares/LVGL/GUI/lvgl/src/misc/lv_iter.c **** 
  61:../../Middlewares/LVGL/GUI/lvgl/src/misc/lv_iter.c **** lv_iter_t * lv_iter_create(void * instance, const uint32_t elem_size, const uint32_t context_size,
  62:../../Middlewares/LVGL/GUI/lvgl/src/misc/lv_iter.c ****                            lv_iter_next_cb next_cb)
  63:../../Middlewares/LVGL/GUI/lvgl/src/misc/lv_iter.c **** {
  64:../../Middlewares/LVGL/GUI/lvgl/src/misc/lv_iter.c ****     lv_iter_t * iter = lv_malloc_zeroed(sizeof(lv_iter_t));
  65:../../Middlewares/LVGL/GUI/lvgl/src/misc/lv_iter.c ****     LV_ASSERT_MALLOC(iter);
  66:../../Middlewares/LVGL/GUI/lvgl/src/misc/lv_iter.c **** 
  67:../../Middlewares/LVGL/GUI/lvgl/src/misc/lv_iter.c ****     if(iter == NULL) {
  68:../../Middlewares/LVGL/GUI/lvgl/src/misc/lv_iter.c ****         LV_LOG_ERROR("Could not allocate memory for iterator");
  69:../../Middlewares/LVGL/GUI/lvgl/src/misc/lv_iter.c ****         return NULL;
  70:../../Middlewares/LVGL/GUI/lvgl/src/misc/lv_iter.c ****     }
  71:../../Middlewares/LVGL/GUI/lvgl/src/misc/lv_iter.c **** 
  72:../../Middlewares/LVGL/GUI/lvgl/src/misc/lv_iter.c ****     iter->instance = instance;
  73:../../Middlewares/LVGL/GUI/lvgl/src/misc/lv_iter.c ****     iter->elem_size = elem_size;
  74:../../Middlewares/LVGL/GUI/lvgl/src/misc/lv_iter.c ****     iter->context_size = context_size;
  75:../../Middlewares/LVGL/GUI/lvgl/src/misc/lv_iter.c ****     iter->next_cb = next_cb;
  76:../../Middlewares/LVGL/GUI/lvgl/src/misc/lv_iter.c **** 
  77:../../Middlewares/LVGL/GUI/lvgl/src/misc/lv_iter.c ****     if(context_size > 0) {
  78:../../Middlewares/LVGL/GUI/lvgl/src/misc/lv_iter.c ****         iter->context = lv_malloc_zeroed(context_size);
  79:../../Middlewares/LVGL/GUI/lvgl/src/misc/lv_iter.c ****         LV_ASSERT_MALLOC(iter->context);
  80:../../Middlewares/LVGL/GUI/lvgl/src/misc/lv_iter.c ****     }
  81:../../Middlewares/LVGL/GUI/lvgl/src/misc/lv_iter.c **** 
  82:../../Middlewares/LVGL/GUI/lvgl/src/misc/lv_iter.c ****     return iter;
  83:../../Middlewares/LVGL/GUI/lvgl/src/misc/lv_iter.c **** }
  84:../../Middlewares/LVGL/GUI/lvgl/src/misc/lv_iter.c **** 
  85:../../Middlewares/LVGL/GUI/lvgl/src/misc/lv_iter.c **** void * lv_iter_get_context(const lv_iter_t * iter)
  86:../../Middlewares/LVGL/GUI/lvgl/src/misc/lv_iter.c **** {
  87:../../Middlewares/LVGL/GUI/lvgl/src/misc/lv_iter.c ****     LV_ASSERT_NULL(iter);
  88:../../Middlewares/LVGL/GUI/lvgl/src/misc/lv_iter.c **** 
ARM GAS  C:\Users\28576\AppData\Local\Temp\cc3ySyhz.s 			page 3


  89:../../Middlewares/LVGL/GUI/lvgl/src/misc/lv_iter.c ****     return iter ? iter->context : NULL;
  90:../../Middlewares/LVGL/GUI/lvgl/src/misc/lv_iter.c **** }
  91:../../Middlewares/LVGL/GUI/lvgl/src/misc/lv_iter.c **** 
  92:../../Middlewares/LVGL/GUI/lvgl/src/misc/lv_iter.c **** void lv_iter_destroy(lv_iter_t * iter)
  93:../../Middlewares/LVGL/GUI/lvgl/src/misc/lv_iter.c **** {
  94:../../Middlewares/LVGL/GUI/lvgl/src/misc/lv_iter.c ****     LV_ASSERT_NULL(iter);
  95:../../Middlewares/LVGL/GUI/lvgl/src/misc/lv_iter.c ****     if(iter == NULL) return;
  96:../../Middlewares/LVGL/GUI/lvgl/src/misc/lv_iter.c **** 
  97:../../Middlewares/LVGL/GUI/lvgl/src/misc/lv_iter.c ****     if(iter->context_size > 0) lv_free(iter->context);
  98:../../Middlewares/LVGL/GUI/lvgl/src/misc/lv_iter.c ****     if(iter->peek_buf != NULL) lv_circle_buf_destroy(iter->peek_buf);
  99:../../Middlewares/LVGL/GUI/lvgl/src/misc/lv_iter.c **** 
 100:../../Middlewares/LVGL/GUI/lvgl/src/misc/lv_iter.c ****     iter->context = NULL;
 101:../../Middlewares/LVGL/GUI/lvgl/src/misc/lv_iter.c ****     iter->peek_buf = NULL;
 102:../../Middlewares/LVGL/GUI/lvgl/src/misc/lv_iter.c **** 
 103:../../Middlewares/LVGL/GUI/lvgl/src/misc/lv_iter.c ****     lv_free(iter);
 104:../../Middlewares/LVGL/GUI/lvgl/src/misc/lv_iter.c **** }
 105:../../Middlewares/LVGL/GUI/lvgl/src/misc/lv_iter.c **** 
 106:../../Middlewares/LVGL/GUI/lvgl/src/misc/lv_iter.c **** void lv_iter_make_peekable(lv_iter_t * iter, const uint32_t capacity)
 107:../../Middlewares/LVGL/GUI/lvgl/src/misc/lv_iter.c **** {
 108:../../Middlewares/LVGL/GUI/lvgl/src/misc/lv_iter.c ****     LV_ASSERT_NULL(iter);
 109:../../Middlewares/LVGL/GUI/lvgl/src/misc/lv_iter.c ****     if(iter == NULL) return;
 110:../../Middlewares/LVGL/GUI/lvgl/src/misc/lv_iter.c **** 
 111:../../Middlewares/LVGL/GUI/lvgl/src/misc/lv_iter.c ****     if(capacity == 0 || iter->peek_buf != NULL) return;
 112:../../Middlewares/LVGL/GUI/lvgl/src/misc/lv_iter.c ****     iter->peek_buf = lv_circle_buf_create(capacity, iter->elem_size);
 113:../../Middlewares/LVGL/GUI/lvgl/src/misc/lv_iter.c ****     LV_ASSERT_NULL(iter->peek_buf);
 114:../../Middlewares/LVGL/GUI/lvgl/src/misc/lv_iter.c **** }
 115:../../Middlewares/LVGL/GUI/lvgl/src/misc/lv_iter.c **** 
 116:../../Middlewares/LVGL/GUI/lvgl/src/misc/lv_iter.c **** lv_result_t lv_iter_next(lv_iter_t * iter, void * elem)
 117:../../Middlewares/LVGL/GUI/lvgl/src/misc/lv_iter.c **** {
 118:../../Middlewares/LVGL/GUI/lvgl/src/misc/lv_iter.c ****     LV_ASSERT_NULL(iter);
 119:../../Middlewares/LVGL/GUI/lvgl/src/misc/lv_iter.c ****     if(iter == NULL) return LV_RESULT_INVALID;
 120:../../Middlewares/LVGL/GUI/lvgl/src/misc/lv_iter.c **** 
 121:../../Middlewares/LVGL/GUI/lvgl/src/misc/lv_iter.c ****     lv_circle_buf_t * c_buf = iter->peek_buf;
 122:../../Middlewares/LVGL/GUI/lvgl/src/misc/lv_iter.c ****     if(c_buf != NULL && !lv_circle_buf_is_empty(c_buf)) {
 123:../../Middlewares/LVGL/GUI/lvgl/src/misc/lv_iter.c ****         if(elem) lv_circle_buf_read(c_buf, elem);
 124:../../Middlewares/LVGL/GUI/lvgl/src/misc/lv_iter.c ****         else lv_circle_buf_skip(c_buf);
 125:../../Middlewares/LVGL/GUI/lvgl/src/misc/lv_iter.c ****         iter->peek_offset = 0;
 126:../../Middlewares/LVGL/GUI/lvgl/src/misc/lv_iter.c ****         return LV_RESULT_OK;
 127:../../Middlewares/LVGL/GUI/lvgl/src/misc/lv_iter.c ****     }
 128:../../Middlewares/LVGL/GUI/lvgl/src/misc/lv_iter.c **** 
 129:../../Middlewares/LVGL/GUI/lvgl/src/misc/lv_iter.c ****     const lv_result_t iter_res = iter->next_cb(iter->instance, iter->context, elem);
 130:../../Middlewares/LVGL/GUI/lvgl/src/misc/lv_iter.c ****     if(iter_res == LV_RESULT_INVALID) return LV_RESULT_INVALID;
 131:../../Middlewares/LVGL/GUI/lvgl/src/misc/lv_iter.c **** 
 132:../../Middlewares/LVGL/GUI/lvgl/src/misc/lv_iter.c ****     if(c_buf != NULL) iter->peek_offset = 0;
 133:../../Middlewares/LVGL/GUI/lvgl/src/misc/lv_iter.c **** 
 134:../../Middlewares/LVGL/GUI/lvgl/src/misc/lv_iter.c ****     return iter_res;
 135:../../Middlewares/LVGL/GUI/lvgl/src/misc/lv_iter.c **** }
 136:../../Middlewares/LVGL/GUI/lvgl/src/misc/lv_iter.c **** 
 137:../../Middlewares/LVGL/GUI/lvgl/src/misc/lv_iter.c **** lv_result_t lv_iter_peek(lv_iter_t * iter, void * elem)
 138:../../Middlewares/LVGL/GUI/lvgl/src/misc/lv_iter.c **** {
 139:../../Middlewares/LVGL/GUI/lvgl/src/misc/lv_iter.c ****     LV_ASSERT_NULL(iter);
 140:../../Middlewares/LVGL/GUI/lvgl/src/misc/lv_iter.c ****     if(iter == NULL) return LV_RESULT_INVALID;
 141:../../Middlewares/LVGL/GUI/lvgl/src/misc/lv_iter.c **** 
 142:../../Middlewares/LVGL/GUI/lvgl/src/misc/lv_iter.c ****     lv_circle_buf_t * c_buf = iter->peek_buf;
 143:../../Middlewares/LVGL/GUI/lvgl/src/misc/lv_iter.c ****     if(c_buf == NULL) return LV_RESULT_INVALID;
 144:../../Middlewares/LVGL/GUI/lvgl/src/misc/lv_iter.c **** 
 145:../../Middlewares/LVGL/GUI/lvgl/src/misc/lv_iter.c ****     const uint32_t peek_count = lv_circle_buf_size(c_buf);
ARM GAS  C:\Users\28576\AppData\Local\Temp\cc3ySyhz.s 			page 4


 146:../../Middlewares/LVGL/GUI/lvgl/src/misc/lv_iter.c ****     if(iter->peek_offset >= peek_count) {
 147:../../Middlewares/LVGL/GUI/lvgl/src/misc/lv_iter.c ****         const uint32_t required = iter->peek_offset + 1 - peek_count;
 148:../../Middlewares/LVGL/GUI/lvgl/src/misc/lv_iter.c ****         const uint32_t filled = lv_circle_buf_fill(c_buf, required, peek_fill_cb, iter);
 149:../../Middlewares/LVGL/GUI/lvgl/src/misc/lv_iter.c ****         if(filled != required) return LV_RESULT_INVALID;
 150:../../Middlewares/LVGL/GUI/lvgl/src/misc/lv_iter.c ****     }
 151:../../Middlewares/LVGL/GUI/lvgl/src/misc/lv_iter.c **** 
 152:../../Middlewares/LVGL/GUI/lvgl/src/misc/lv_iter.c ****     lv_circle_buf_peek_at(c_buf, iter->peek_offset, elem);
 153:../../Middlewares/LVGL/GUI/lvgl/src/misc/lv_iter.c **** 
 154:../../Middlewares/LVGL/GUI/lvgl/src/misc/lv_iter.c ****     return LV_RESULT_OK;
 155:../../Middlewares/LVGL/GUI/lvgl/src/misc/lv_iter.c **** }
 156:../../Middlewares/LVGL/GUI/lvgl/src/misc/lv_iter.c **** 
 157:../../Middlewares/LVGL/GUI/lvgl/src/misc/lv_iter.c **** lv_result_t lv_iter_peek_advance(lv_iter_t * iter)
 158:../../Middlewares/LVGL/GUI/lvgl/src/misc/lv_iter.c **** {
 159:../../Middlewares/LVGL/GUI/lvgl/src/misc/lv_iter.c ****     LV_ASSERT_NULL(iter);
 160:../../Middlewares/LVGL/GUI/lvgl/src/misc/lv_iter.c ****     if(iter == NULL) return LV_RESULT_INVALID;
 161:../../Middlewares/LVGL/GUI/lvgl/src/misc/lv_iter.c **** 
 162:../../Middlewares/LVGL/GUI/lvgl/src/misc/lv_iter.c ****     if(iter->peek_buf == NULL || iter->peek_offset + 1 >= lv_circle_buf_capacity(iter->peek_buf))
 163:../../Middlewares/LVGL/GUI/lvgl/src/misc/lv_iter.c ****         return LV_RESULT_INVALID;
 164:../../Middlewares/LVGL/GUI/lvgl/src/misc/lv_iter.c ****     iter->peek_offset++;
 165:../../Middlewares/LVGL/GUI/lvgl/src/misc/lv_iter.c ****     return LV_RESULT_OK;
 166:../../Middlewares/LVGL/GUI/lvgl/src/misc/lv_iter.c **** }
 167:../../Middlewares/LVGL/GUI/lvgl/src/misc/lv_iter.c **** 
 168:../../Middlewares/LVGL/GUI/lvgl/src/misc/lv_iter.c **** lv_result_t lv_iter_peek_reset(lv_iter_t * iter)
 169:../../Middlewares/LVGL/GUI/lvgl/src/misc/lv_iter.c **** {
 170:../../Middlewares/LVGL/GUI/lvgl/src/misc/lv_iter.c ****     LV_ASSERT_NULL(iter);
 171:../../Middlewares/LVGL/GUI/lvgl/src/misc/lv_iter.c ****     if(iter == NULL) return LV_RESULT_INVALID;
 172:../../Middlewares/LVGL/GUI/lvgl/src/misc/lv_iter.c **** 
 173:../../Middlewares/LVGL/GUI/lvgl/src/misc/lv_iter.c ****     if(iter->peek_buf == NULL) return LV_RESULT_INVALID;
 174:../../Middlewares/LVGL/GUI/lvgl/src/misc/lv_iter.c **** 
 175:../../Middlewares/LVGL/GUI/lvgl/src/misc/lv_iter.c ****     iter->peek_offset = 0;
 176:../../Middlewares/LVGL/GUI/lvgl/src/misc/lv_iter.c ****     return LV_RESULT_OK;
 177:../../Middlewares/LVGL/GUI/lvgl/src/misc/lv_iter.c **** }
 178:../../Middlewares/LVGL/GUI/lvgl/src/misc/lv_iter.c **** 
 179:../../Middlewares/LVGL/GUI/lvgl/src/misc/lv_iter.c **** void lv_iter_inspect(lv_iter_t * iter, const lv_iter_inspect_cb inspect_cb)
 180:../../Middlewares/LVGL/GUI/lvgl/src/misc/lv_iter.c **** {
 181:../../Middlewares/LVGL/GUI/lvgl/src/misc/lv_iter.c ****     LV_ASSERT_NULL(iter);
 182:../../Middlewares/LVGL/GUI/lvgl/src/misc/lv_iter.c ****     if(iter == NULL) return;
 183:../../Middlewares/LVGL/GUI/lvgl/src/misc/lv_iter.c **** 
 184:../../Middlewares/LVGL/GUI/lvgl/src/misc/lv_iter.c ****     void * elem = lv_malloc_zeroed(iter->elem_size);
 185:../../Middlewares/LVGL/GUI/lvgl/src/misc/lv_iter.c ****     LV_ASSERT_MALLOC(elem);
 186:../../Middlewares/LVGL/GUI/lvgl/src/misc/lv_iter.c **** 
 187:../../Middlewares/LVGL/GUI/lvgl/src/misc/lv_iter.c ****     if(elem == NULL) {
 188:../../Middlewares/LVGL/GUI/lvgl/src/misc/lv_iter.c ****         LV_LOG_ERROR("Could not allocate memory for element");
 189:../../Middlewares/LVGL/GUI/lvgl/src/misc/lv_iter.c ****         return;
 190:../../Middlewares/LVGL/GUI/lvgl/src/misc/lv_iter.c ****     }
 191:../../Middlewares/LVGL/GUI/lvgl/src/misc/lv_iter.c **** 
 192:../../Middlewares/LVGL/GUI/lvgl/src/misc/lv_iter.c ****     while(lv_iter_next(iter, elem) == LV_RESULT_OK) {
 193:../../Middlewares/LVGL/GUI/lvgl/src/misc/lv_iter.c ****         inspect_cb(elem);
 194:../../Middlewares/LVGL/GUI/lvgl/src/misc/lv_iter.c ****     }
 195:../../Middlewares/LVGL/GUI/lvgl/src/misc/lv_iter.c **** 
 196:../../Middlewares/LVGL/GUI/lvgl/src/misc/lv_iter.c ****     lv_free(elem);
 197:../../Middlewares/LVGL/GUI/lvgl/src/misc/lv_iter.c **** }
 198:../../Middlewares/LVGL/GUI/lvgl/src/misc/lv_iter.c **** 
 199:../../Middlewares/LVGL/GUI/lvgl/src/misc/lv_iter.c **** /**********************
 200:../../Middlewares/LVGL/GUI/lvgl/src/misc/lv_iter.c ****  *   STATIC FUNCTIONS
 201:../../Middlewares/LVGL/GUI/lvgl/src/misc/lv_iter.c ****  **********************/
 202:../../Middlewares/LVGL/GUI/lvgl/src/misc/lv_iter.c **** 
ARM GAS  C:\Users\28576\AppData\Local\Temp\cc3ySyhz.s 			page 5


 203:../../Middlewares/LVGL/GUI/lvgl/src/misc/lv_iter.c **** static bool peek_fill_cb(void * buf, const uint32_t buf_len, const int32_t index, void * user_data)
 204:../../Middlewares/LVGL/GUI/lvgl/src/misc/lv_iter.c **** {
  28              		.loc 1 204 1 view -0
  29              		.cfi_startproc
  30              		@ args = 0, pretend = 0, frame = 0
  31              		@ frame_needed = 0, uses_anonymous_args = 0
  32              		.loc 1 204 1 is_stmt 0 view .LVU1
  33 0000 10B5     		push	{r4, lr}
  34              	.LCFI0:
  35              		.cfi_def_cfa_offset 8
  36              		.cfi_offset 4, -8
  37              		.cfi_offset 14, -4
  38 0002 0246     		mov	r2, r0
  39              	.LVL1:
 205:../../Middlewares/LVGL/GUI/lvgl/src/misc/lv_iter.c ****     LV_UNUSED(buf_len);
  40              		.loc 1 205 5 is_stmt 1 view .LVU2
 206:../../Middlewares/LVGL/GUI/lvgl/src/misc/lv_iter.c ****     LV_UNUSED(index);
  41              		.loc 1 206 5 view .LVU3
 207:../../Middlewares/LVGL/GUI/lvgl/src/misc/lv_iter.c **** 
 208:../../Middlewares/LVGL/GUI/lvgl/src/misc/lv_iter.c ****     const lv_iter_t * iter = user_data;
  42              		.loc 1 208 5 view .LVU4
 209:../../Middlewares/LVGL/GUI/lvgl/src/misc/lv_iter.c ****     const lv_result_t iter_res = iter->next_cb(iter->instance, iter->context, buf);
  43              		.loc 1 209 5 view .LVU5
  44              		.loc 1 209 38 is_stmt 0 view .LVU6
  45 0004 9C69     		ldr	r4, [r3, #24]
  46              		.loc 1 209 34 view .LVU7
  47 0006 9968     		ldr	r1, [r3, #8]
  48              	.LVL2:
  49              		.loc 1 209 34 view .LVU8
  50 0008 1868     		ldr	r0, [r3]
  51              	.LVL3:
  52              		.loc 1 209 34 view .LVU9
  53 000a A047     		blx	r4
  54              	.LVL4:
 210:../../Middlewares/LVGL/GUI/lvgl/src/misc/lv_iter.c ****     if(iter_res == LV_RESULT_INVALID) return false;
  55              		.loc 1 210 5 is_stmt 1 view .LVU10
  56              		.loc 1 210 7 is_stmt 0 view .LVU11
  57 000c 00B1     		cbz	r0, .L2
 211:../../Middlewares/LVGL/GUI/lvgl/src/misc/lv_iter.c **** 
 212:../../Middlewares/LVGL/GUI/lvgl/src/misc/lv_iter.c ****     return true;
  58              		.loc 1 212 12 view .LVU12
  59 000e 0120     		movs	r0, #1
  60              	.LVL5:
  61              	.L2:
 213:../../Middlewares/LVGL/GUI/lvgl/src/misc/lv_iter.c **** }
  62              		.loc 1 213 1 view .LVU13
  63 0010 10BD     		pop	{r4, pc}
  64              		.cfi_endproc
  65              	.LFE11:
  67              		.section	.text.lv_iter_create,"ax",%progbits
  68              		.align	1
  69              		.global	lv_iter_create
  70              		.syntax unified
  71              		.thumb
  72              		.thumb_func
  74              	lv_iter_create:
  75              	.LVL6:
ARM GAS  C:\Users\28576\AppData\Local\Temp\cc3ySyhz.s 			page 6


  76              	.LFB2:
  63:../../Middlewares/LVGL/GUI/lvgl/src/misc/lv_iter.c ****     lv_iter_t * iter = lv_malloc_zeroed(sizeof(lv_iter_t));
  77              		.loc 1 63 1 is_stmt 1 view -0
  78              		.cfi_startproc
  79              		@ args = 0, pretend = 0, frame = 0
  80              		@ frame_needed = 0, uses_anonymous_args = 0
  63:../../Middlewares/LVGL/GUI/lvgl/src/misc/lv_iter.c ****     lv_iter_t * iter = lv_malloc_zeroed(sizeof(lv_iter_t));
  81              		.loc 1 63 1 is_stmt 0 view .LVU15
  82 0000 2DE9F041 		push	{r4, r5, r6, r7, r8, lr}
  83              	.LCFI1:
  84              		.cfi_def_cfa_offset 24
  85              		.cfi_offset 4, -24
  86              		.cfi_offset 5, -20
  87              		.cfi_offset 6, -16
  88              		.cfi_offset 7, -12
  89              		.cfi_offset 8, -8
  90              		.cfi_offset 14, -4
  91 0004 0646     		mov	r6, r0
  92 0006 0F46     		mov	r7, r1
  93 0008 1546     		mov	r5, r2
  94 000a 9846     		mov	r8, r3
  64:../../Middlewares/LVGL/GUI/lvgl/src/misc/lv_iter.c ****     LV_ASSERT_MALLOC(iter);
  95              		.loc 1 64 5 is_stmt 1 view .LVU16
  64:../../Middlewares/LVGL/GUI/lvgl/src/misc/lv_iter.c ****     LV_ASSERT_MALLOC(iter);
  96              		.loc 1 64 24 is_stmt 0 view .LVU17
  97 000c 1C20     		movs	r0, #28
  98              	.LVL7:
  64:../../Middlewares/LVGL/GUI/lvgl/src/misc/lv_iter.c ****     LV_ASSERT_MALLOC(iter);
  99              		.loc 1 64 24 view .LVU18
 100 000e FFF7FEFF 		bl	lv_malloc_zeroed
 101              	.LVL8:
  65:../../Middlewares/LVGL/GUI/lvgl/src/misc/lv_iter.c **** 
 102              		.loc 1 65 5 is_stmt 1 view .LVU19
  65:../../Middlewares/LVGL/GUI/lvgl/src/misc/lv_iter.c **** 
 103              		.loc 1 65 5 view .LVU20
 104 0012 48B1     		cbz	r0, .L7
 105 0014 0446     		mov	r4, r0
  65:../../Middlewares/LVGL/GUI/lvgl/src/misc/lv_iter.c **** 
 106              		.loc 1 65 5 view .LVU21
  65:../../Middlewares/LVGL/GUI/lvgl/src/misc/lv_iter.c **** 
 107              		.loc 1 65 27 view .LVU22
  67:../../Middlewares/LVGL/GUI/lvgl/src/misc/lv_iter.c ****         LV_LOG_ERROR("Could not allocate memory for iterator");
 108              		.loc 1 67 5 view .LVU23
  72:../../Middlewares/LVGL/GUI/lvgl/src/misc/lv_iter.c ****     iter->elem_size = elem_size;
 109              		.loc 1 72 5 view .LVU24
  72:../../Middlewares/LVGL/GUI/lvgl/src/misc/lv_iter.c ****     iter->elem_size = elem_size;
 110              		.loc 1 72 20 is_stmt 0 view .LVU25
 111 0016 0660     		str	r6, [r0]
  73:../../Middlewares/LVGL/GUI/lvgl/src/misc/lv_iter.c ****     iter->context_size = context_size;
 112              		.loc 1 73 5 is_stmt 1 view .LVU26
  73:../../Middlewares/LVGL/GUI/lvgl/src/misc/lv_iter.c ****     iter->context_size = context_size;
 113              		.loc 1 73 21 is_stmt 0 view .LVU27
 114 0018 4760     		str	r7, [r0, #4]
  74:../../Middlewares/LVGL/GUI/lvgl/src/misc/lv_iter.c ****     iter->next_cb = next_cb;
 115              		.loc 1 74 5 is_stmt 1 view .LVU28
  74:../../Middlewares/LVGL/GUI/lvgl/src/misc/lv_iter.c ****     iter->next_cb = next_cb;
 116              		.loc 1 74 24 is_stmt 0 view .LVU29
ARM GAS  C:\Users\28576\AppData\Local\Temp\cc3ySyhz.s 			page 7


 117 001a C560     		str	r5, [r0, #12]
  75:../../Middlewares/LVGL/GUI/lvgl/src/misc/lv_iter.c **** 
 118              		.loc 1 75 5 is_stmt 1 view .LVU30
  75:../../Middlewares/LVGL/GUI/lvgl/src/misc/lv_iter.c **** 
 119              		.loc 1 75 19 is_stmt 0 view .LVU31
 120 001c C0F81880 		str	r8, [r0, #24]
  77:../../Middlewares/LVGL/GUI/lvgl/src/misc/lv_iter.c ****         iter->context = lv_malloc_zeroed(context_size);
 121              		.loc 1 77 5 is_stmt 1 view .LVU32
  77:../../Middlewares/LVGL/GUI/lvgl/src/misc/lv_iter.c ****         iter->context = lv_malloc_zeroed(context_size);
 122              		.loc 1 77 7 is_stmt 0 view .LVU33
 123 0020 1DB9     		cbnz	r5, .L11
 124              	.LVL9:
 125              	.L5:
  83:../../Middlewares/LVGL/GUI/lvgl/src/misc/lv_iter.c **** 
 126              		.loc 1 83 1 view .LVU34
 127 0022 2046     		mov	r0, r4
 128 0024 BDE8F081 		pop	{r4, r5, r6, r7, r8, pc}
 129              	.LVL10:
 130              	.L7:
  65:../../Middlewares/LVGL/GUI/lvgl/src/misc/lv_iter.c **** 
 131              		.loc 1 65 5 is_stmt 1 view .LVU35
  65:../../Middlewares/LVGL/GUI/lvgl/src/misc/lv_iter.c **** 
 132              		.loc 1 65 5 view .LVU36
  65:../../Middlewares/LVGL/GUI/lvgl/src/misc/lv_iter.c **** 
 133              		.loc 1 65 5 view .LVU37
  65:../../Middlewares/LVGL/GUI/lvgl/src/misc/lv_iter.c **** 
 134              		.loc 1 65 5 view .LVU38
  65:../../Middlewares/LVGL/GUI/lvgl/src/misc/lv_iter.c **** 
 135              		.loc 1 65 5 view .LVU39
 136 0028 FEE7     		b	.L7
 137              	.L11:
  78:../../Middlewares/LVGL/GUI/lvgl/src/misc/lv_iter.c ****         LV_ASSERT_MALLOC(iter->context);
 138              		.loc 1 78 9 view .LVU40
  78:../../Middlewares/LVGL/GUI/lvgl/src/misc/lv_iter.c ****         LV_ASSERT_MALLOC(iter->context);
 139              		.loc 1 78 25 is_stmt 0 view .LVU41
 140 002a 2846     		mov	r0, r5
 141              	.LVL11:
  78:../../Middlewares/LVGL/GUI/lvgl/src/misc/lv_iter.c ****         LV_ASSERT_MALLOC(iter->context);
 142              		.loc 1 78 25 view .LVU42
 143 002c FFF7FEFF 		bl	lv_malloc_zeroed
 144              	.LVL12:
  78:../../Middlewares/LVGL/GUI/lvgl/src/misc/lv_iter.c ****         LV_ASSERT_MALLOC(iter->context);
 145              		.loc 1 78 23 discriminator 1 view .LVU43
 146 0030 A060     		str	r0, [r4, #8]
  79:../../Middlewares/LVGL/GUI/lvgl/src/misc/lv_iter.c ****     }
 147              		.loc 1 79 9 is_stmt 1 view .LVU44
  79:../../Middlewares/LVGL/GUI/lvgl/src/misc/lv_iter.c ****     }
 148              		.loc 1 79 9 view .LVU45
 149 0032 0028     		cmp	r0, #0
 150 0034 F5D1     		bne	.L5
 151              	.L9:
  79:../../Middlewares/LVGL/GUI/lvgl/src/misc/lv_iter.c ****     }
 152              		.loc 1 79 9 view .LVU46
  79:../../Middlewares/LVGL/GUI/lvgl/src/misc/lv_iter.c ****     }
 153              		.loc 1 79 9 view .LVU47
  79:../../Middlewares/LVGL/GUI/lvgl/src/misc/lv_iter.c ****     }
 154              		.loc 1 79 9 view .LVU48
ARM GAS  C:\Users\28576\AppData\Local\Temp\cc3ySyhz.s 			page 8


  79:../../Middlewares/LVGL/GUI/lvgl/src/misc/lv_iter.c ****     }
 155              		.loc 1 79 9 view .LVU49
  79:../../Middlewares/LVGL/GUI/lvgl/src/misc/lv_iter.c ****     }
 156              		.loc 1 79 9 view .LVU50
 157 0036 FEE7     		b	.L9
 158              		.cfi_endproc
 159              	.LFE2:
 161              		.section	.text.lv_iter_get_context,"ax",%progbits
 162              		.align	1
 163              		.global	lv_iter_get_context
 164              		.syntax unified
 165              		.thumb
 166              		.thumb_func
 168              	lv_iter_get_context:
 169              	.LVL13:
 170              	.LFB3:
  86:../../Middlewares/LVGL/GUI/lvgl/src/misc/lv_iter.c ****     LV_ASSERT_NULL(iter);
 171              		.loc 1 86 1 view -0
 172              		.cfi_startproc
 173              		@ args = 0, pretend = 0, frame = 0
 174              		@ frame_needed = 0, uses_anonymous_args = 0
 175              		@ link register save eliminated.
  87:../../Middlewares/LVGL/GUI/lvgl/src/misc/lv_iter.c **** 
 176              		.loc 1 87 5 view .LVU52
  87:../../Middlewares/LVGL/GUI/lvgl/src/misc/lv_iter.c **** 
 177              		.loc 1 87 5 view .LVU53
 178 0000 08B1     		cbz	r0, .L14
  87:../../Middlewares/LVGL/GUI/lvgl/src/misc/lv_iter.c **** 
 179              		.loc 1 87 5 view .LVU54
  87:../../Middlewares/LVGL/GUI/lvgl/src/misc/lv_iter.c **** 
 180              		.loc 1 87 25 view .LVU55
  89:../../Middlewares/LVGL/GUI/lvgl/src/misc/lv_iter.c **** }
 181              		.loc 1 89 5 view .LVU56
  90:../../Middlewares/LVGL/GUI/lvgl/src/misc/lv_iter.c **** 
 182              		.loc 1 90 1 is_stmt 0 view .LVU57
 183 0002 8068     		ldr	r0, [r0, #8]
 184              	.LVL14:
  90:../../Middlewares/LVGL/GUI/lvgl/src/misc/lv_iter.c **** 
 185              		.loc 1 90 1 view .LVU58
 186 0004 7047     		bx	lr
 187              	.LVL15:
 188              	.L14:
  87:../../Middlewares/LVGL/GUI/lvgl/src/misc/lv_iter.c **** 
 189              		.loc 1 87 5 is_stmt 1 view .LVU59
  87:../../Middlewares/LVGL/GUI/lvgl/src/misc/lv_iter.c **** 
 190              		.loc 1 87 5 view .LVU60
  87:../../Middlewares/LVGL/GUI/lvgl/src/misc/lv_iter.c **** 
 191              		.loc 1 87 5 view .LVU61
  87:../../Middlewares/LVGL/GUI/lvgl/src/misc/lv_iter.c **** 
 192              		.loc 1 87 5 view .LVU62
  87:../../Middlewares/LVGL/GUI/lvgl/src/misc/lv_iter.c **** 
 193              		.loc 1 87 5 view .LVU63
 194 0006 FEE7     		b	.L14
 195              		.cfi_endproc
 196              	.LFE3:
 198              		.section	.text.lv_iter_destroy,"ax",%progbits
 199              		.align	1
ARM GAS  C:\Users\28576\AppData\Local\Temp\cc3ySyhz.s 			page 9


 200              		.global	lv_iter_destroy
 201              		.syntax unified
 202              		.thumb
 203              		.thumb_func
 205              	lv_iter_destroy:
 206              	.LVL16:
 207              	.LFB4:
  93:../../Middlewares/LVGL/GUI/lvgl/src/misc/lv_iter.c ****     LV_ASSERT_NULL(iter);
 208              		.loc 1 93 1 view -0
 209              		.cfi_startproc
 210              		@ args = 0, pretend = 0, frame = 0
 211              		@ frame_needed = 0, uses_anonymous_args = 0
  94:../../Middlewares/LVGL/GUI/lvgl/src/misc/lv_iter.c ****     if(iter == NULL) return;
 212              		.loc 1 94 5 view .LVU65
  94:../../Middlewares/LVGL/GUI/lvgl/src/misc/lv_iter.c ****     if(iter == NULL) return;
 213              		.loc 1 94 5 view .LVU66
 214 0000 70B1     		cbz	r0, .L17
  93:../../Middlewares/LVGL/GUI/lvgl/src/misc/lv_iter.c ****     LV_ASSERT_NULL(iter);
 215              		.loc 1 93 1 is_stmt 0 view .LVU67
 216 0002 10B5     		push	{r4, lr}
 217              	.LCFI2:
 218              		.cfi_def_cfa_offset 8
 219              		.cfi_offset 4, -8
 220              		.cfi_offset 14, -4
 221 0004 0446     		mov	r4, r0
  94:../../Middlewares/LVGL/GUI/lvgl/src/misc/lv_iter.c ****     if(iter == NULL) return;
 222              		.loc 1 94 5 is_stmt 1 view .LVU68
  94:../../Middlewares/LVGL/GUI/lvgl/src/misc/lv_iter.c ****     if(iter == NULL) return;
 223              		.loc 1 94 25 view .LVU69
  95:../../Middlewares/LVGL/GUI/lvgl/src/misc/lv_iter.c **** 
 224              		.loc 1 95 5 view .LVU70
  97:../../Middlewares/LVGL/GUI/lvgl/src/misc/lv_iter.c ****     if(iter->peek_buf != NULL) lv_circle_buf_destroy(iter->peek_buf);
 225              		.loc 1 97 5 view .LVU71
  97:../../Middlewares/LVGL/GUI/lvgl/src/misc/lv_iter.c ****     if(iter->peek_buf != NULL) lv_circle_buf_destroy(iter->peek_buf);
 226              		.loc 1 97 12 is_stmt 0 view .LVU72
 227 0006 C368     		ldr	r3, [r0, #12]
  97:../../Middlewares/LVGL/GUI/lvgl/src/misc/lv_iter.c ****     if(iter->peek_buf != NULL) lv_circle_buf_destroy(iter->peek_buf);
 228              		.loc 1 97 7 view .LVU73
 229 0008 5BB9     		cbnz	r3, .L22
 230              	.LVL17:
 231              	.L18:
  98:../../Middlewares/LVGL/GUI/lvgl/src/misc/lv_iter.c **** 
 232              		.loc 1 98 5 is_stmt 1 view .LVU74
  98:../../Middlewares/LVGL/GUI/lvgl/src/misc/lv_iter.c **** 
 233              		.loc 1 98 12 is_stmt 0 view .LVU75
 234 000a 2069     		ldr	r0, [r4, #16]
  98:../../Middlewares/LVGL/GUI/lvgl/src/misc/lv_iter.c **** 
 235              		.loc 1 98 7 view .LVU76
 236 000c 08B1     		cbz	r0, .L19
  98:../../Middlewares/LVGL/GUI/lvgl/src/misc/lv_iter.c **** 
 237              		.loc 1 98 32 is_stmt 1 discriminator 1 view .LVU77
 238 000e FFF7FEFF 		bl	lv_circle_buf_destroy
 239              	.LVL18:
 240              	.L19:
 100:../../Middlewares/LVGL/GUI/lvgl/src/misc/lv_iter.c ****     iter->peek_buf = NULL;
 241              		.loc 1 100 5 view .LVU78
 100:../../Middlewares/LVGL/GUI/lvgl/src/misc/lv_iter.c ****     iter->peek_buf = NULL;
ARM GAS  C:\Users\28576\AppData\Local\Temp\cc3ySyhz.s 			page 10


 242              		.loc 1 100 19 is_stmt 0 view .LVU79
 243 0012 0023     		movs	r3, #0
 244 0014 A360     		str	r3, [r4, #8]
 101:../../Middlewares/LVGL/GUI/lvgl/src/misc/lv_iter.c **** 
 245              		.loc 1 101 5 is_stmt 1 view .LVU80
 101:../../Middlewares/LVGL/GUI/lvgl/src/misc/lv_iter.c **** 
 246              		.loc 1 101 20 is_stmt 0 view .LVU81
 247 0016 2361     		str	r3, [r4, #16]
 103:../../Middlewares/LVGL/GUI/lvgl/src/misc/lv_iter.c **** }
 248              		.loc 1 103 5 is_stmt 1 view .LVU82
 249 0018 2046     		mov	r0, r4
 250 001a FFF7FEFF 		bl	lv_free
 251              	.LVL19:
 104:../../Middlewares/LVGL/GUI/lvgl/src/misc/lv_iter.c **** 
 252              		.loc 1 104 1 is_stmt 0 view .LVU83
 253 001e 10BD     		pop	{r4, pc}
 254              	.LVL20:
 255              	.L17:
 256              	.LCFI3:
 257              		.cfi_def_cfa_offset 0
 258              		.cfi_restore 4
 259              		.cfi_restore 14
  94:../../Middlewares/LVGL/GUI/lvgl/src/misc/lv_iter.c ****     if(iter == NULL) return;
 260              		.loc 1 94 5 is_stmt 1 view .LVU84
  94:../../Middlewares/LVGL/GUI/lvgl/src/misc/lv_iter.c ****     if(iter == NULL) return;
 261              		.loc 1 94 5 view .LVU85
  94:../../Middlewares/LVGL/GUI/lvgl/src/misc/lv_iter.c ****     if(iter == NULL) return;
 262              		.loc 1 94 5 view .LVU86
  94:../../Middlewares/LVGL/GUI/lvgl/src/misc/lv_iter.c ****     if(iter == NULL) return;
 263              		.loc 1 94 5 view .LVU87
  94:../../Middlewares/LVGL/GUI/lvgl/src/misc/lv_iter.c ****     if(iter == NULL) return;
 264              		.loc 1 94 5 view .LVU88
 265 0020 FEE7     		b	.L17
 266              	.L22:
 267              	.LCFI4:
 268              		.cfi_def_cfa_offset 8
 269              		.cfi_offset 4, -8
 270              		.cfi_offset 14, -4
  97:../../Middlewares/LVGL/GUI/lvgl/src/misc/lv_iter.c ****     if(iter->peek_buf != NULL) lv_circle_buf_destroy(iter->peek_buf);
 271              		.loc 1 97 32 discriminator 1 view .LVU89
 272 0022 8068     		ldr	r0, [r0, #8]
 273              	.LVL21:
  97:../../Middlewares/LVGL/GUI/lvgl/src/misc/lv_iter.c ****     if(iter->peek_buf != NULL) lv_circle_buf_destroy(iter->peek_buf);
 274              		.loc 1 97 32 is_stmt 0 discriminator 1 view .LVU90
 275 0024 FFF7FEFF 		bl	lv_free
 276              	.LVL22:
 277 0028 EFE7     		b	.L18
 278              		.cfi_endproc
 279              	.LFE4:
 281              		.section	.text.lv_iter_make_peekable,"ax",%progbits
 282              		.align	1
 283              		.global	lv_iter_make_peekable
 284              		.syntax unified
 285              		.thumb
 286              		.thumb_func
 288              	lv_iter_make_peekable:
 289              	.LVL23:
ARM GAS  C:\Users\28576\AppData\Local\Temp\cc3ySyhz.s 			page 11


 290              	.LFB5:
 107:../../Middlewares/LVGL/GUI/lvgl/src/misc/lv_iter.c ****     LV_ASSERT_NULL(iter);
 291              		.loc 1 107 1 is_stmt 1 view -0
 292              		.cfi_startproc
 293              		@ args = 0, pretend = 0, frame = 0
 294              		@ frame_needed = 0, uses_anonymous_args = 0
 108:../../Middlewares/LVGL/GUI/lvgl/src/misc/lv_iter.c ****     if(iter == NULL) return;
 295              		.loc 1 108 5 view .LVU92
 108:../../Middlewares/LVGL/GUI/lvgl/src/misc/lv_iter.c ****     if(iter == NULL) return;
 296              		.loc 1 108 5 view .LVU93
 297 0000 20B1     		cbz	r0, .L25
 298 0002 0B46     		mov	r3, r1
 108:../../Middlewares/LVGL/GUI/lvgl/src/misc/lv_iter.c ****     if(iter == NULL) return;
 299              		.loc 1 108 5 view .LVU94
 108:../../Middlewares/LVGL/GUI/lvgl/src/misc/lv_iter.c ****     if(iter == NULL) return;
 300              		.loc 1 108 25 view .LVU95
 109:../../Middlewares/LVGL/GUI/lvgl/src/misc/lv_iter.c **** 
 301              		.loc 1 109 5 view .LVU96
 111:../../Middlewares/LVGL/GUI/lvgl/src/misc/lv_iter.c ****     iter->peek_buf = lv_circle_buf_create(capacity, iter->elem_size);
 302              		.loc 1 111 5 view .LVU97
 111:../../Middlewares/LVGL/GUI/lvgl/src/misc/lv_iter.c ****     iter->peek_buf = lv_circle_buf_create(capacity, iter->elem_size);
 303              		.loc 1 111 7 is_stmt 0 view .LVU98
 304 0004 0BB1     		cbz	r3, .L29
 111:../../Middlewares/LVGL/GUI/lvgl/src/misc/lv_iter.c ****     iter->peek_buf = lv_circle_buf_create(capacity, iter->elem_size);
 305              		.loc 1 111 29 discriminator 2 view .LVU99
 306 0006 0269     		ldr	r2, [r0, #16]
 111:../../Middlewares/LVGL/GUI/lvgl/src/misc/lv_iter.c ****     iter->peek_buf = lv_circle_buf_create(capacity, iter->elem_size);
 307              		.loc 1 111 22 discriminator 2 view .LVU100
 308 0008 0AB1     		cbz	r2, .L32
 309              	.L29:
 310 000a 7047     		bx	lr
 311              	.L25:
 108:../../Middlewares/LVGL/GUI/lvgl/src/misc/lv_iter.c ****     if(iter == NULL) return;
 312              		.loc 1 108 5 is_stmt 1 view .LVU101
 108:../../Middlewares/LVGL/GUI/lvgl/src/misc/lv_iter.c ****     if(iter == NULL) return;
 313              		.loc 1 108 5 view .LVU102
 108:../../Middlewares/LVGL/GUI/lvgl/src/misc/lv_iter.c ****     if(iter == NULL) return;
 314              		.loc 1 108 5 view .LVU103
 108:../../Middlewares/LVGL/GUI/lvgl/src/misc/lv_iter.c ****     if(iter == NULL) return;
 315              		.loc 1 108 5 view .LVU104
 108:../../Middlewares/LVGL/GUI/lvgl/src/misc/lv_iter.c ****     if(iter == NULL) return;
 316              		.loc 1 108 5 view .LVU105
 317 000c FEE7     		b	.L25
 318              	.L32:
 107:../../Middlewares/LVGL/GUI/lvgl/src/misc/lv_iter.c ****     LV_ASSERT_NULL(iter);
 319              		.loc 1 107 1 is_stmt 0 view .LVU106
 320 000e 10B5     		push	{r4, lr}
 321              	.LCFI5:
 322              		.cfi_def_cfa_offset 8
 323              		.cfi_offset 4, -8
 324              		.cfi_offset 14, -4
 112:../../Middlewares/LVGL/GUI/lvgl/src/misc/lv_iter.c ****     LV_ASSERT_NULL(iter->peek_buf);
 325              		.loc 1 112 5 is_stmt 1 view .LVU107
 112:../../Middlewares/LVGL/GUI/lvgl/src/misc/lv_iter.c ****     LV_ASSERT_NULL(iter->peek_buf);
 326              		.loc 1 112 22 is_stmt 0 view .LVU108
 327 0010 0446     		mov	r4, r0
 328 0012 4168     		ldr	r1, [r0, #4]
ARM GAS  C:\Users\28576\AppData\Local\Temp\cc3ySyhz.s 			page 12


 329              	.LVL24:
 112:../../Middlewares/LVGL/GUI/lvgl/src/misc/lv_iter.c ****     LV_ASSERT_NULL(iter->peek_buf);
 330              		.loc 1 112 22 view .LVU109
 331 0014 1846     		mov	r0, r3
 332              	.LVL25:
 112:../../Middlewares/LVGL/GUI/lvgl/src/misc/lv_iter.c ****     LV_ASSERT_NULL(iter->peek_buf);
 333              		.loc 1 112 22 view .LVU110
 334 0016 FFF7FEFF 		bl	lv_circle_buf_create
 335              	.LVL26:
 112:../../Middlewares/LVGL/GUI/lvgl/src/misc/lv_iter.c ****     LV_ASSERT_NULL(iter->peek_buf);
 336              		.loc 1 112 20 discriminator 1 view .LVU111
 337 001a 2061     		str	r0, [r4, #16]
 113:../../Middlewares/LVGL/GUI/lvgl/src/misc/lv_iter.c **** }
 338              		.loc 1 113 5 is_stmt 1 view .LVU112
 113:../../Middlewares/LVGL/GUI/lvgl/src/misc/lv_iter.c **** }
 339              		.loc 1 113 5 view .LVU113
 340 001c 00B1     		cbz	r0, .L27
 114:../../Middlewares/LVGL/GUI/lvgl/src/misc/lv_iter.c **** 
 341              		.loc 1 114 1 is_stmt 0 view .LVU114
 342 001e 10BD     		pop	{r4, pc}
 343              	.LVL27:
 344              	.L27:
 113:../../Middlewares/LVGL/GUI/lvgl/src/misc/lv_iter.c **** }
 345              		.loc 1 113 5 is_stmt 1 view .LVU115
 113:../../Middlewares/LVGL/GUI/lvgl/src/misc/lv_iter.c **** }
 346              		.loc 1 113 5 view .LVU116
 113:../../Middlewares/LVGL/GUI/lvgl/src/misc/lv_iter.c **** }
 347              		.loc 1 113 5 view .LVU117
 113:../../Middlewares/LVGL/GUI/lvgl/src/misc/lv_iter.c **** }
 348              		.loc 1 113 5 view .LVU118
 113:../../Middlewares/LVGL/GUI/lvgl/src/misc/lv_iter.c **** }
 349              		.loc 1 113 5 view .LVU119
 350 0020 FEE7     		b	.L27
 351              		.cfi_endproc
 352              	.LFE5:
 354              		.section	.text.lv_iter_next,"ax",%progbits
 355              		.align	1
 356              		.global	lv_iter_next
 357              		.syntax unified
 358              		.thumb
 359              		.thumb_func
 361              	lv_iter_next:
 362              	.LVL28:
 363              	.LFB6:
 117:../../Middlewares/LVGL/GUI/lvgl/src/misc/lv_iter.c ****     LV_ASSERT_NULL(iter);
 364              		.loc 1 117 1 view -0
 365              		.cfi_startproc
 366              		@ args = 0, pretend = 0, frame = 0
 367              		@ frame_needed = 0, uses_anonymous_args = 0
 118:../../Middlewares/LVGL/GUI/lvgl/src/misc/lv_iter.c ****     if(iter == NULL) return LV_RESULT_INVALID;
 368              		.loc 1 118 5 view .LVU121
 118:../../Middlewares/LVGL/GUI/lvgl/src/misc/lv_iter.c ****     if(iter == NULL) return LV_RESULT_INVALID;
 369              		.loc 1 118 5 view .LVU122
 370 0000 90B1     		cbz	r0, .L35
 117:../../Middlewares/LVGL/GUI/lvgl/src/misc/lv_iter.c ****     LV_ASSERT_NULL(iter);
 371              		.loc 1 117 1 is_stmt 0 view .LVU123
 372 0002 70B5     		push	{r4, r5, r6, lr}
ARM GAS  C:\Users\28576\AppData\Local\Temp\cc3ySyhz.s 			page 13


 373              	.LCFI6:
 374              		.cfi_def_cfa_offset 16
 375              		.cfi_offset 4, -16
 376              		.cfi_offset 5, -12
 377              		.cfi_offset 6, -8
 378              		.cfi_offset 14, -4
 379 0004 0E46     		mov	r6, r1
 380 0006 0446     		mov	r4, r0
 118:../../Middlewares/LVGL/GUI/lvgl/src/misc/lv_iter.c ****     if(iter == NULL) return LV_RESULT_INVALID;
 381              		.loc 1 118 5 is_stmt 1 view .LVU124
 118:../../Middlewares/LVGL/GUI/lvgl/src/misc/lv_iter.c ****     if(iter == NULL) return LV_RESULT_INVALID;
 382              		.loc 1 118 25 view .LVU125
 119:../../Middlewares/LVGL/GUI/lvgl/src/misc/lv_iter.c **** 
 383              		.loc 1 119 5 view .LVU126
 121:../../Middlewares/LVGL/GUI/lvgl/src/misc/lv_iter.c ****     if(c_buf != NULL && !lv_circle_buf_is_empty(c_buf)) {
 384              		.loc 1 121 5 view .LVU127
 121:../../Middlewares/LVGL/GUI/lvgl/src/misc/lv_iter.c ****     if(c_buf != NULL && !lv_circle_buf_is_empty(c_buf)) {
 385              		.loc 1 121 23 is_stmt 0 view .LVU128
 386 0008 0569     		ldr	r5, [r0, #16]
 387              	.LVL29:
 122:../../Middlewares/LVGL/GUI/lvgl/src/misc/lv_iter.c ****         if(elem) lv_circle_buf_read(c_buf, elem);
 388              		.loc 1 122 5 is_stmt 1 view .LVU129
 122:../../Middlewares/LVGL/GUI/lvgl/src/misc/lv_iter.c ****         if(elem) lv_circle_buf_read(c_buf, elem);
 389              		.loc 1 122 7 is_stmt 0 view .LVU130
 390 000a 1DB1     		cbz	r5, .L36
 122:../../Middlewares/LVGL/GUI/lvgl/src/misc/lv_iter.c ****         if(elem) lv_circle_buf_read(c_buf, elem);
 391              		.loc 1 122 26 discriminator 1 view .LVU131
 392 000c 2846     		mov	r0, r5
 393              	.LVL30:
 122:../../Middlewares/LVGL/GUI/lvgl/src/misc/lv_iter.c ****         if(elem) lv_circle_buf_read(c_buf, elem);
 394              		.loc 1 122 26 discriminator 1 view .LVU132
 395 000e FFF7FEFF 		bl	lv_circle_buf_is_empty
 396              	.LVL31:
 122:../../Middlewares/LVGL/GUI/lvgl/src/misc/lv_iter.c ****         if(elem) lv_circle_buf_read(c_buf, elem);
 397              		.loc 1 122 22 discriminator 2 view .LVU133
 398 0012 50B1     		cbz	r0, .L42
 399              	.L36:
 129:../../Middlewares/LVGL/GUI/lvgl/src/misc/lv_iter.c ****     if(iter_res == LV_RESULT_INVALID) return LV_RESULT_INVALID;
 400              		.loc 1 129 5 is_stmt 1 view .LVU134
 129:../../Middlewares/LVGL/GUI/lvgl/src/misc/lv_iter.c ****     if(iter_res == LV_RESULT_INVALID) return LV_RESULT_INVALID;
 401              		.loc 1 129 38 is_stmt 0 view .LVU135
 402 0014 A369     		ldr	r3, [r4, #24]
 129:../../Middlewares/LVGL/GUI/lvgl/src/misc/lv_iter.c ****     if(iter_res == LV_RESULT_INVALID) return LV_RESULT_INVALID;
 403              		.loc 1 129 34 view .LVU136
 404 0016 3246     		mov	r2, r6
 405 0018 A168     		ldr	r1, [r4, #8]
 406 001a 2068     		ldr	r0, [r4]
 407 001c 9847     		blx	r3
 408              	.LVL32:
 130:../../Middlewares/LVGL/GUI/lvgl/src/misc/lv_iter.c **** 
 409              		.loc 1 130 5 is_stmt 1 view .LVU137
 130:../../Middlewares/LVGL/GUI/lvgl/src/misc/lv_iter.c **** 
 410              		.loc 1 130 7 is_stmt 0 view .LVU138
 411 001e 10B1     		cbz	r0, .L39
 132:../../Middlewares/LVGL/GUI/lvgl/src/misc/lv_iter.c **** 
 412              		.loc 1 132 5 is_stmt 1 view .LVU139
 132:../../Middlewares/LVGL/GUI/lvgl/src/misc/lv_iter.c **** 
ARM GAS  C:\Users\28576\AppData\Local\Temp\cc3ySyhz.s 			page 14


 413              		.loc 1 132 7 is_stmt 0 view .LVU140
 414 0020 0DB1     		cbz	r5, .L39
 132:../../Middlewares/LVGL/GUI/lvgl/src/misc/lv_iter.c **** 
 415              		.loc 1 132 23 is_stmt 1 discriminator 1 view .LVU141
 132:../../Middlewares/LVGL/GUI/lvgl/src/misc/lv_iter.c **** 
 416              		.loc 1 132 41 is_stmt 0 discriminator 1 view .LVU142
 417 0022 0023     		movs	r3, #0
 418 0024 6361     		str	r3, [r4, #20]
 419              	.LVL33:
 420              	.L39:
 135:../../Middlewares/LVGL/GUI/lvgl/src/misc/lv_iter.c **** 
 421              		.loc 1 135 1 view .LVU143
 422 0026 70BD     		pop	{r4, r5, r6, pc}
 423              	.LVL34:
 424              	.L35:
 425              	.LCFI7:
 426              		.cfi_def_cfa_offset 0
 427              		.cfi_restore 4
 428              		.cfi_restore 5
 429              		.cfi_restore 6
 430              		.cfi_restore 14
 118:../../Middlewares/LVGL/GUI/lvgl/src/misc/lv_iter.c ****     if(iter == NULL) return LV_RESULT_INVALID;
 431              		.loc 1 118 5 is_stmt 1 view .LVU144
 118:../../Middlewares/LVGL/GUI/lvgl/src/misc/lv_iter.c ****     if(iter == NULL) return LV_RESULT_INVALID;
 432              		.loc 1 118 5 view .LVU145
 118:../../Middlewares/LVGL/GUI/lvgl/src/misc/lv_iter.c ****     if(iter == NULL) return LV_RESULT_INVALID;
 433              		.loc 1 118 5 view .LVU146
 118:../../Middlewares/LVGL/GUI/lvgl/src/misc/lv_iter.c ****     if(iter == NULL) return LV_RESULT_INVALID;
 434              		.loc 1 118 5 view .LVU147
 118:../../Middlewares/LVGL/GUI/lvgl/src/misc/lv_iter.c ****     if(iter == NULL) return LV_RESULT_INVALID;
 435              		.loc 1 118 5 view .LVU148
 436 0028 FEE7     		b	.L35
 437              	.LVL35:
 438              	.L42:
 439              	.LCFI8:
 440              		.cfi_def_cfa_offset 16
 441              		.cfi_offset 4, -16
 442              		.cfi_offset 5, -12
 443              		.cfi_offset 6, -8
 444              		.cfi_offset 14, -4
 123:../../Middlewares/LVGL/GUI/lvgl/src/misc/lv_iter.c ****         else lv_circle_buf_skip(c_buf);
 445              		.loc 1 123 9 view .LVU149
 123:../../Middlewares/LVGL/GUI/lvgl/src/misc/lv_iter.c ****         else lv_circle_buf_skip(c_buf);
 446              		.loc 1 123 11 is_stmt 0 view .LVU150
 447 002a 3146     		mov	r1, r6
 448 002c 36B1     		cbz	r6, .L37
 449              	.LVL36:
 123:../../Middlewares/LVGL/GUI/lvgl/src/misc/lv_iter.c ****         else lv_circle_buf_skip(c_buf);
 450              		.loc 1 123 18 is_stmt 1 discriminator 1 view .LVU151
 451 002e 2846     		mov	r0, r5
 452 0030 FFF7FEFF 		bl	lv_circle_buf_read
 453              	.LVL37:
 454              	.L38:
 125:../../Middlewares/LVGL/GUI/lvgl/src/misc/lv_iter.c ****         return LV_RESULT_OK;
 455              		.loc 1 125 9 view .LVU152
 125:../../Middlewares/LVGL/GUI/lvgl/src/misc/lv_iter.c ****         return LV_RESULT_OK;
 456              		.loc 1 125 27 is_stmt 0 view .LVU153
ARM GAS  C:\Users\28576\AppData\Local\Temp\cc3ySyhz.s 			page 15


 457 0034 0023     		movs	r3, #0
 458 0036 6361     		str	r3, [r4, #20]
 126:../../Middlewares/LVGL/GUI/lvgl/src/misc/lv_iter.c ****     }
 459              		.loc 1 126 9 is_stmt 1 view .LVU154
 126:../../Middlewares/LVGL/GUI/lvgl/src/misc/lv_iter.c ****     }
 460              		.loc 1 126 16 is_stmt 0 view .LVU155
 461 0038 0120     		movs	r0, #1
 462 003a F4E7     		b	.L39
 463              	.LVL38:
 464              	.L37:
 124:../../Middlewares/LVGL/GUI/lvgl/src/misc/lv_iter.c ****         iter->peek_offset = 0;
 465              		.loc 1 124 14 is_stmt 1 view .LVU156
 466 003c 2846     		mov	r0, r5
 467 003e FFF7FEFF 		bl	lv_circle_buf_skip
 468              	.LVL39:
 124:../../Middlewares/LVGL/GUI/lvgl/src/misc/lv_iter.c ****         iter->peek_offset = 0;
 469              		.loc 1 124 14 is_stmt 0 view .LVU157
 470 0042 F7E7     		b	.L38
 471              		.cfi_endproc
 472              	.LFE6:
 474              		.section	.text.lv_iter_peek,"ax",%progbits
 475              		.align	1
 476              		.global	lv_iter_peek
 477              		.syntax unified
 478              		.thumb
 479              		.thumb_func
 481              	lv_iter_peek:
 482              	.LVL40:
 483              	.LFB7:
 138:../../Middlewares/LVGL/GUI/lvgl/src/misc/lv_iter.c ****     LV_ASSERT_NULL(iter);
 484              		.loc 1 138 1 is_stmt 1 view -0
 485              		.cfi_startproc
 486              		@ args = 0, pretend = 0, frame = 0
 487              		@ frame_needed = 0, uses_anonymous_args = 0
 139:../../Middlewares/LVGL/GUI/lvgl/src/misc/lv_iter.c ****     if(iter == NULL) return LV_RESULT_INVALID;
 488              		.loc 1 139 5 view .LVU159
 139:../../Middlewares/LVGL/GUI/lvgl/src/misc/lv_iter.c ****     if(iter == NULL) return LV_RESULT_INVALID;
 489              		.loc 1 139 5 view .LVU160
 490 0000 E0B1     		cbz	r0, .L45
 138:../../Middlewares/LVGL/GUI/lvgl/src/misc/lv_iter.c ****     LV_ASSERT_NULL(iter);
 491              		.loc 1 138 1 is_stmt 0 view .LVU161
 492 0002 F8B5     		push	{r3, r4, r5, r6, r7, lr}
 493              	.LCFI9:
 494              		.cfi_def_cfa_offset 24
 495              		.cfi_offset 3, -24
 496              		.cfi_offset 4, -20
 497              		.cfi_offset 5, -16
 498              		.cfi_offset 6, -12
 499              		.cfi_offset 7, -8
 500              		.cfi_offset 14, -4
 501 0004 0F46     		mov	r7, r1
 502 0006 0446     		mov	r4, r0
 139:../../Middlewares/LVGL/GUI/lvgl/src/misc/lv_iter.c ****     if(iter == NULL) return LV_RESULT_INVALID;
 503              		.loc 1 139 5 is_stmt 1 view .LVU162
 139:../../Middlewares/LVGL/GUI/lvgl/src/misc/lv_iter.c ****     if(iter == NULL) return LV_RESULT_INVALID;
 504              		.loc 1 139 25 view .LVU163
 140:../../Middlewares/LVGL/GUI/lvgl/src/misc/lv_iter.c **** 
ARM GAS  C:\Users\28576\AppData\Local\Temp\cc3ySyhz.s 			page 16


 505              		.loc 1 140 5 view .LVU164
 142:../../Middlewares/LVGL/GUI/lvgl/src/misc/lv_iter.c ****     if(c_buf == NULL) return LV_RESULT_INVALID;
 506              		.loc 1 142 5 view .LVU165
 142:../../Middlewares/LVGL/GUI/lvgl/src/misc/lv_iter.c ****     if(c_buf == NULL) return LV_RESULT_INVALID;
 507              		.loc 1 142 23 is_stmt 0 view .LVU166
 508 0008 0569     		ldr	r5, [r0, #16]
 509              	.LVL41:
 143:../../Middlewares/LVGL/GUI/lvgl/src/misc/lv_iter.c **** 
 510              		.loc 1 143 5 is_stmt 1 view .LVU167
 143:../../Middlewares/LVGL/GUI/lvgl/src/misc/lv_iter.c **** 
 511              		.loc 1 143 7 is_stmt 0 view .LVU168
 512 000a C5B1     		cbz	r5, .L48
 145:../../Middlewares/LVGL/GUI/lvgl/src/misc/lv_iter.c ****     if(iter->peek_offset >= peek_count) {
 513              		.loc 1 145 5 is_stmt 1 view .LVU169
 145:../../Middlewares/LVGL/GUI/lvgl/src/misc/lv_iter.c ****     if(iter->peek_offset >= peek_count) {
 514              		.loc 1 145 33 is_stmt 0 view .LVU170
 515 000c 2846     		mov	r0, r5
 516              	.LVL42:
 145:../../Middlewares/LVGL/GUI/lvgl/src/misc/lv_iter.c ****     if(iter->peek_offset >= peek_count) {
 517              		.loc 1 145 33 view .LVU171
 518 000e FFF7FEFF 		bl	lv_circle_buf_size
 519              	.LVL43:
 146:../../Middlewares/LVGL/GUI/lvgl/src/misc/lv_iter.c ****         const uint32_t required = iter->peek_offset + 1 - peek_count;
 520              		.loc 1 146 5 is_stmt 1 view .LVU172
 146:../../Middlewares/LVGL/GUI/lvgl/src/misc/lv_iter.c ****         const uint32_t required = iter->peek_offset + 1 - peek_count;
 521              		.loc 1 146 12 is_stmt 0 view .LVU173
 522 0012 6369     		ldr	r3, [r4, #20]
 146:../../Middlewares/LVGL/GUI/lvgl/src/misc/lv_iter.c ****         const uint32_t required = iter->peek_offset + 1 - peek_count;
 523              		.loc 1 146 7 view .LVU174
 524 0014 8342     		cmp	r3, r0
 525 0016 0AD3     		bcc	.L47
 526              	.LBB2:
 147:../../Middlewares/LVGL/GUI/lvgl/src/misc/lv_iter.c ****         const uint32_t filled = lv_circle_buf_fill(c_buf, required, peek_fill_cb, iter);
 527              		.loc 1 147 9 is_stmt 1 view .LVU175
 147:../../Middlewares/LVGL/GUI/lvgl/src/misc/lv_iter.c ****         const uint32_t filled = lv_circle_buf_fill(c_buf, required, peek_fill_cb, iter);
 528              		.loc 1 147 57 is_stmt 0 view .LVU176
 529 0018 1B1A     		subs	r3, r3, r0
 147:../../Middlewares/LVGL/GUI/lvgl/src/misc/lv_iter.c ****         const uint32_t filled = lv_circle_buf_fill(c_buf, required, peek_fill_cb, iter);
 530              		.loc 1 147 24 view .LVU177
 531 001a 0133     		adds	r3, r3, #1
 532 001c 1E46     		mov	r6, r3
 533              	.LVL44:
 148:../../Middlewares/LVGL/GUI/lvgl/src/misc/lv_iter.c ****         if(filled != required) return LV_RESULT_INVALID;
 534              		.loc 1 148 9 is_stmt 1 view .LVU178
 148:../../Middlewares/LVGL/GUI/lvgl/src/misc/lv_iter.c ****         if(filled != required) return LV_RESULT_INVALID;
 535              		.loc 1 148 33 is_stmt 0 view .LVU179
 536 001e 2346     		mov	r3, r4
 537              	.LVL45:
 148:../../Middlewares/LVGL/GUI/lvgl/src/misc/lv_iter.c ****         if(filled != required) return LV_RESULT_INVALID;
 538              		.loc 1 148 33 view .LVU180
 539 0020 094A     		ldr	r2, .L52
 540 0022 3146     		mov	r1, r6
 541 0024 2846     		mov	r0, r5
 542              	.LVL46:
 148:../../Middlewares/LVGL/GUI/lvgl/src/misc/lv_iter.c ****         if(filled != required) return LV_RESULT_INVALID;
 543              		.loc 1 148 33 view .LVU181
 544 0026 FFF7FEFF 		bl	lv_circle_buf_fill
ARM GAS  C:\Users\28576\AppData\Local\Temp\cc3ySyhz.s 			page 17


 545              	.LVL47:
 149:../../Middlewares/LVGL/GUI/lvgl/src/misc/lv_iter.c ****     }
 546              		.loc 1 149 9 is_stmt 1 view .LVU182
 149:../../Middlewares/LVGL/GUI/lvgl/src/misc/lv_iter.c ****     }
 547              		.loc 1 149 11 is_stmt 0 view .LVU183
 548 002a 8642     		cmp	r6, r0
 549 002c 09D1     		bne	.L49
 550              	.LVL48:
 551              	.L47:
 149:../../Middlewares/LVGL/GUI/lvgl/src/misc/lv_iter.c ****     }
 552              		.loc 1 149 11 view .LVU184
 553              	.LBE2:
 152:../../Middlewares/LVGL/GUI/lvgl/src/misc/lv_iter.c **** 
 554              		.loc 1 152 5 is_stmt 1 view .LVU185
 555 002e 3A46     		mov	r2, r7
 556 0030 6169     		ldr	r1, [r4, #20]
 557 0032 2846     		mov	r0, r5
 558 0034 FFF7FEFF 		bl	lv_circle_buf_peek_at
 559              	.LVL49:
 154:../../Middlewares/LVGL/GUI/lvgl/src/misc/lv_iter.c **** }
 560              		.loc 1 154 5 view .LVU186
 154:../../Middlewares/LVGL/GUI/lvgl/src/misc/lv_iter.c **** }
 561              		.loc 1 154 12 is_stmt 0 view .LVU187
 562 0038 0120     		movs	r0, #1
 563              	.LVL50:
 564              	.L46:
 155:../../Middlewares/LVGL/GUI/lvgl/src/misc/lv_iter.c **** 
 565              		.loc 1 155 1 view .LVU188
 566 003a F8BD     		pop	{r3, r4, r5, r6, r7, pc}
 567              	.LVL51:
 568              	.L45:
 569              	.LCFI10:
 570              		.cfi_def_cfa_offset 0
 571              		.cfi_restore 3
 572              		.cfi_restore 4
 573              		.cfi_restore 5
 574              		.cfi_restore 6
 575              		.cfi_restore 7
 576              		.cfi_restore 14
 139:../../Middlewares/LVGL/GUI/lvgl/src/misc/lv_iter.c ****     if(iter == NULL) return LV_RESULT_INVALID;
 577              		.loc 1 139 5 is_stmt 1 view .LVU189
 139:../../Middlewares/LVGL/GUI/lvgl/src/misc/lv_iter.c ****     if(iter == NULL) return LV_RESULT_INVALID;
 578              		.loc 1 139 5 view .LVU190
 139:../../Middlewares/LVGL/GUI/lvgl/src/misc/lv_iter.c ****     if(iter == NULL) return LV_RESULT_INVALID;
 579              		.loc 1 139 5 view .LVU191
 139:../../Middlewares/LVGL/GUI/lvgl/src/misc/lv_iter.c ****     if(iter == NULL) return LV_RESULT_INVALID;
 580              		.loc 1 139 5 view .LVU192
 139:../../Middlewares/LVGL/GUI/lvgl/src/misc/lv_iter.c ****     if(iter == NULL) return LV_RESULT_INVALID;
 581              		.loc 1 139 5 view .LVU193
 582 003c FEE7     		b	.L45
 583              	.LVL52:
 584              	.L48:
 585              	.LCFI11:
 586              		.cfi_def_cfa_offset 24
 587              		.cfi_offset 3, -24
 588              		.cfi_offset 4, -20
 589              		.cfi_offset 5, -16
ARM GAS  C:\Users\28576\AppData\Local\Temp\cc3ySyhz.s 			page 18


 590              		.cfi_offset 6, -12
 591              		.cfi_offset 7, -8
 592              		.cfi_offset 14, -4
 143:../../Middlewares/LVGL/GUI/lvgl/src/misc/lv_iter.c **** 
 593              		.loc 1 143 30 is_stmt 0 discriminator 1 view .LVU194
 594 003e 2846     		mov	r0, r5
 595              	.LVL53:
 143:../../Middlewares/LVGL/GUI/lvgl/src/misc/lv_iter.c **** 
 596              		.loc 1 143 30 discriminator 1 view .LVU195
 597 0040 FBE7     		b	.L46
 598              	.LVL54:
 599              	.L49:
 600              	.LBB3:
 149:../../Middlewares/LVGL/GUI/lvgl/src/misc/lv_iter.c ****     }
 601              		.loc 1 149 39 discriminator 1 view .LVU196
 602 0042 0020     		movs	r0, #0
 603              	.LVL55:
 149:../../Middlewares/LVGL/GUI/lvgl/src/misc/lv_iter.c ****     }
 604              		.loc 1 149 39 discriminator 1 view .LVU197
 605 0044 F9E7     		b	.L46
 606              	.L53:
 607 0046 00BF     		.align	2
 608              	.L52:
 609 0048 00000000 		.word	peek_fill_cb
 610              	.LBE3:
 611              		.cfi_endproc
 612              	.LFE7:
 614              		.section	.text.lv_iter_peek_advance,"ax",%progbits
 615              		.align	1
 616              		.global	lv_iter_peek_advance
 617              		.syntax unified
 618              		.thumb
 619              		.thumb_func
 621              	lv_iter_peek_advance:
 622              	.LVL56:
 623              	.LFB8:
 158:../../Middlewares/LVGL/GUI/lvgl/src/misc/lv_iter.c ****     LV_ASSERT_NULL(iter);
 624              		.loc 1 158 1 is_stmt 1 view -0
 625              		.cfi_startproc
 626              		@ args = 0, pretend = 0, frame = 0
 627              		@ frame_needed = 0, uses_anonymous_args = 0
 159:../../Middlewares/LVGL/GUI/lvgl/src/misc/lv_iter.c ****     if(iter == NULL) return LV_RESULT_INVALID;
 628              		.loc 1 159 5 view .LVU199
 159:../../Middlewares/LVGL/GUI/lvgl/src/misc/lv_iter.c ****     if(iter == NULL) return LV_RESULT_INVALID;
 629              		.loc 1 159 5 view .LVU200
 630 0000 70B1     		cbz	r0, .L56
 158:../../Middlewares/LVGL/GUI/lvgl/src/misc/lv_iter.c ****     LV_ASSERT_NULL(iter);
 631              		.loc 1 158 1 is_stmt 0 view .LVU201
 632 0002 38B5     		push	{r3, r4, r5, lr}
 633              	.LCFI12:
 634              		.cfi_def_cfa_offset 16
 635              		.cfi_offset 3, -16
 636              		.cfi_offset 4, -12
 637              		.cfi_offset 5, -8
 638              		.cfi_offset 14, -4
 639 0004 0446     		mov	r4, r0
 159:../../Middlewares/LVGL/GUI/lvgl/src/misc/lv_iter.c ****     if(iter == NULL) return LV_RESULT_INVALID;
ARM GAS  C:\Users\28576\AppData\Local\Temp\cc3ySyhz.s 			page 19


 640              		.loc 1 159 5 is_stmt 1 view .LVU202
 159:../../Middlewares/LVGL/GUI/lvgl/src/misc/lv_iter.c ****     if(iter == NULL) return LV_RESULT_INVALID;
 641              		.loc 1 159 25 view .LVU203
 160:../../Middlewares/LVGL/GUI/lvgl/src/misc/lv_iter.c **** 
 642              		.loc 1 160 5 view .LVU204
 162:../../Middlewares/LVGL/GUI/lvgl/src/misc/lv_iter.c ****         return LV_RESULT_INVALID;
 643              		.loc 1 162 5 view .LVU205
 162:../../Middlewares/LVGL/GUI/lvgl/src/misc/lv_iter.c ****         return LV_RESULT_INVALID;
 644              		.loc 1 162 12 is_stmt 0 view .LVU206
 645 0006 0069     		ldr	r0, [r0, #16]
 646              	.LVL57:
 162:../../Middlewares/LVGL/GUI/lvgl/src/misc/lv_iter.c ****         return LV_RESULT_INVALID;
 647              		.loc 1 162 7 view .LVU207
 648 0008 58B1     		cbz	r0, .L57
 162:../../Middlewares/LVGL/GUI/lvgl/src/misc/lv_iter.c ****         return LV_RESULT_INVALID;
 649              		.loc 1 162 38 discriminator 1 view .LVU208
 650 000a 6369     		ldr	r3, [r4, #20]
 162:../../Middlewares/LVGL/GUI/lvgl/src/misc/lv_iter.c ****         return LV_RESULT_INVALID;
 651              		.loc 1 162 52 discriminator 1 view .LVU209
 652 000c 5D1C     		adds	r5, r3, #1
 162:../../Middlewares/LVGL/GUI/lvgl/src/misc/lv_iter.c ****         return LV_RESULT_INVALID;
 653              		.loc 1 162 59 discriminator 1 view .LVU210
 654 000e FFF7FEFF 		bl	lv_circle_buf_capacity
 655              	.LVL58:
 162:../../Middlewares/LVGL/GUI/lvgl/src/misc/lv_iter.c ****         return LV_RESULT_INVALID;
 656              		.loc 1 162 31 discriminator 2 view .LVU211
 657 0012 8542     		cmp	r5, r0
 658 0014 05D2     		bcs	.L57
 164:../../Middlewares/LVGL/GUI/lvgl/src/misc/lv_iter.c ****     return LV_RESULT_OK;
 659              		.loc 1 164 5 is_stmt 1 view .LVU212
 164:../../Middlewares/LVGL/GUI/lvgl/src/misc/lv_iter.c ****     return LV_RESULT_OK;
 660              		.loc 1 164 9 is_stmt 0 view .LVU213
 661 0016 6369     		ldr	r3, [r4, #20]
 164:../../Middlewares/LVGL/GUI/lvgl/src/misc/lv_iter.c ****     return LV_RESULT_OK;
 662              		.loc 1 164 22 view .LVU214
 663 0018 0133     		adds	r3, r3, #1
 664 001a 6361     		str	r3, [r4, #20]
 165:../../Middlewares/LVGL/GUI/lvgl/src/misc/lv_iter.c **** }
 665              		.loc 1 165 5 is_stmt 1 view .LVU215
 165:../../Middlewares/LVGL/GUI/lvgl/src/misc/lv_iter.c **** }
 666              		.loc 1 165 12 is_stmt 0 view .LVU216
 667 001c 0120     		movs	r0, #1
 668 001e 01E0     		b	.L59
 669              	.LVL59:
 670              	.L56:
 671              	.LCFI13:
 672              		.cfi_def_cfa_offset 0
 673              		.cfi_restore 3
 674              		.cfi_restore 4
 675              		.cfi_restore 5
 676              		.cfi_restore 14
 159:../../Middlewares/LVGL/GUI/lvgl/src/misc/lv_iter.c ****     if(iter == NULL) return LV_RESULT_INVALID;
 677              		.loc 1 159 5 is_stmt 1 view .LVU217
 159:../../Middlewares/LVGL/GUI/lvgl/src/misc/lv_iter.c ****     if(iter == NULL) return LV_RESULT_INVALID;
 678              		.loc 1 159 5 view .LVU218
 159:../../Middlewares/LVGL/GUI/lvgl/src/misc/lv_iter.c ****     if(iter == NULL) return LV_RESULT_INVALID;
 679              		.loc 1 159 5 view .LVU219
ARM GAS  C:\Users\28576\AppData\Local\Temp\cc3ySyhz.s 			page 20


 159:../../Middlewares/LVGL/GUI/lvgl/src/misc/lv_iter.c ****     if(iter == NULL) return LV_RESULT_INVALID;
 680              		.loc 1 159 5 view .LVU220
 159:../../Middlewares/LVGL/GUI/lvgl/src/misc/lv_iter.c ****     if(iter == NULL) return LV_RESULT_INVALID;
 681              		.loc 1 159 5 view .LVU221
 682 0020 FEE7     		b	.L56
 683              	.LVL60:
 684              	.L57:
 685              	.LCFI14:
 686              		.cfi_def_cfa_offset 16
 687              		.cfi_offset 3, -16
 688              		.cfi_offset 4, -12
 689              		.cfi_offset 5, -8
 690              		.cfi_offset 14, -4
 163:../../Middlewares/LVGL/GUI/lvgl/src/misc/lv_iter.c ****     iter->peek_offset++;
 691              		.loc 1 163 9 view .LVU222
 163:../../Middlewares/LVGL/GUI/lvgl/src/misc/lv_iter.c ****     iter->peek_offset++;
 692              		.loc 1 163 16 is_stmt 0 view .LVU223
 693 0022 0020     		movs	r0, #0
 694              	.L59:
 166:../../Middlewares/LVGL/GUI/lvgl/src/misc/lv_iter.c **** 
 695              		.loc 1 166 1 view .LVU224
 696 0024 38BD     		pop	{r3, r4, r5, pc}
 166:../../Middlewares/LVGL/GUI/lvgl/src/misc/lv_iter.c **** 
 697              		.loc 1 166 1 view .LVU225
 698              		.cfi_endproc
 699              	.LFE8:
 701              		.section	.text.lv_iter_peek_reset,"ax",%progbits
 702              		.align	1
 703              		.global	lv_iter_peek_reset
 704              		.syntax unified
 705              		.thumb
 706              		.thumb_func
 708              	lv_iter_peek_reset:
 709              	.LVL61:
 710              	.LFB9:
 169:../../Middlewares/LVGL/GUI/lvgl/src/misc/lv_iter.c ****     LV_ASSERT_NULL(iter);
 711              		.loc 1 169 1 is_stmt 1 view -0
 712              		.cfi_startproc
 713              		@ args = 0, pretend = 0, frame = 0
 714              		@ frame_needed = 0, uses_anonymous_args = 0
 715              		@ link register save eliminated.
 170:../../Middlewares/LVGL/GUI/lvgl/src/misc/lv_iter.c ****     if(iter == NULL) return LV_RESULT_INVALID;
 716              		.loc 1 170 5 view .LVU227
 170:../../Middlewares/LVGL/GUI/lvgl/src/misc/lv_iter.c ****     if(iter == NULL) return LV_RESULT_INVALID;
 717              		.loc 1 170 5 view .LVU228
 718 0000 28B1     		cbz	r0, .L64
 170:../../Middlewares/LVGL/GUI/lvgl/src/misc/lv_iter.c ****     if(iter == NULL) return LV_RESULT_INVALID;
 719              		.loc 1 170 5 view .LVU229
 170:../../Middlewares/LVGL/GUI/lvgl/src/misc/lv_iter.c ****     if(iter == NULL) return LV_RESULT_INVALID;
 720              		.loc 1 170 25 view .LVU230
 171:../../Middlewares/LVGL/GUI/lvgl/src/misc/lv_iter.c **** 
 721              		.loc 1 171 5 view .LVU231
 173:../../Middlewares/LVGL/GUI/lvgl/src/misc/lv_iter.c **** 
 722              		.loc 1 173 5 view .LVU232
 173:../../Middlewares/LVGL/GUI/lvgl/src/misc/lv_iter.c **** 
 723              		.loc 1 173 12 is_stmt 0 view .LVU233
 724 0002 0269     		ldr	r2, [r0, #16]
ARM GAS  C:\Users\28576\AppData\Local\Temp\cc3ySyhz.s 			page 21


 173:../../Middlewares/LVGL/GUI/lvgl/src/misc/lv_iter.c **** 
 725              		.loc 1 173 7 view .LVU234
 726 0004 22B1     		cbz	r2, .L66
 175:../../Middlewares/LVGL/GUI/lvgl/src/misc/lv_iter.c ****     return LV_RESULT_OK;
 727              		.loc 1 175 5 is_stmt 1 view .LVU235
 175:../../Middlewares/LVGL/GUI/lvgl/src/misc/lv_iter.c ****     return LV_RESULT_OK;
 728              		.loc 1 175 23 is_stmt 0 view .LVU236
 729 0006 0022     		movs	r2, #0
 730 0008 4261     		str	r2, [r0, #20]
 176:../../Middlewares/LVGL/GUI/lvgl/src/misc/lv_iter.c **** }
 731              		.loc 1 176 5 is_stmt 1 view .LVU237
 176:../../Middlewares/LVGL/GUI/lvgl/src/misc/lv_iter.c **** }
 732              		.loc 1 176 12 is_stmt 0 view .LVU238
 733 000a 0120     		movs	r0, #1
 734              	.LVL62:
 176:../../Middlewares/LVGL/GUI/lvgl/src/misc/lv_iter.c **** }
 735              		.loc 1 176 12 view .LVU239
 736 000c 7047     		bx	lr
 737              	.LVL63:
 738              	.L64:
 170:../../Middlewares/LVGL/GUI/lvgl/src/misc/lv_iter.c ****     if(iter == NULL) return LV_RESULT_INVALID;
 739              		.loc 1 170 5 is_stmt 1 view .LVU240
 170:../../Middlewares/LVGL/GUI/lvgl/src/misc/lv_iter.c ****     if(iter == NULL) return LV_RESULT_INVALID;
 740              		.loc 1 170 5 view .LVU241
 170:../../Middlewares/LVGL/GUI/lvgl/src/misc/lv_iter.c ****     if(iter == NULL) return LV_RESULT_INVALID;
 741              		.loc 1 170 5 view .LVU242
 170:../../Middlewares/LVGL/GUI/lvgl/src/misc/lv_iter.c ****     if(iter == NULL) return LV_RESULT_INVALID;
 742              		.loc 1 170 5 view .LVU243
 170:../../Middlewares/LVGL/GUI/lvgl/src/misc/lv_iter.c ****     if(iter == NULL) return LV_RESULT_INVALID;
 743              		.loc 1 170 5 view .LVU244
 744 000e FEE7     		b	.L64
 745              	.L66:
 173:../../Middlewares/LVGL/GUI/lvgl/src/misc/lv_iter.c **** 
 746              		.loc 1 173 39 is_stmt 0 discriminator 1 view .LVU245
 747 0010 1046     		mov	r0, r2
 748              	.LVL64:
 177:../../Middlewares/LVGL/GUI/lvgl/src/misc/lv_iter.c **** 
 749              		.loc 1 177 1 view .LVU246
 750 0012 7047     		bx	lr
 751              		.cfi_endproc
 752              	.LFE9:
 754              		.section	.text.lv_iter_inspect,"ax",%progbits
 755              		.align	1
 756              		.global	lv_iter_inspect
 757              		.syntax unified
 758              		.thumb
 759              		.thumb_func
 761              	lv_iter_inspect:
 762              	.LVL65:
 763              	.LFB10:
 180:../../Middlewares/LVGL/GUI/lvgl/src/misc/lv_iter.c ****     LV_ASSERT_NULL(iter);
 764              		.loc 1 180 1 is_stmt 1 view -0
 765              		.cfi_startproc
 766              		@ args = 0, pretend = 0, frame = 0
 767              		@ frame_needed = 0, uses_anonymous_args = 0
 181:../../Middlewares/LVGL/GUI/lvgl/src/misc/lv_iter.c ****     if(iter == NULL) return;
 768              		.loc 1 181 5 view .LVU248
ARM GAS  C:\Users\28576\AppData\Local\Temp\cc3ySyhz.s 			page 22


 181:../../Middlewares/LVGL/GUI/lvgl/src/misc/lv_iter.c ****     if(iter == NULL) return;
 769              		.loc 1 181 5 view .LVU249
 770 0000 40B1     		cbz	r0, .L69
 180:../../Middlewares/LVGL/GUI/lvgl/src/misc/lv_iter.c ****     LV_ASSERT_NULL(iter);
 771              		.loc 1 180 1 is_stmt 0 view .LVU250
 772 0002 70B5     		push	{r4, r5, r6, lr}
 773              	.LCFI15:
 774              		.cfi_def_cfa_offset 16
 775              		.cfi_offset 4, -16
 776              		.cfi_offset 5, -12
 777              		.cfi_offset 6, -8
 778              		.cfi_offset 14, -4
 779 0004 0D46     		mov	r5, r1
 780 0006 0646     		mov	r6, r0
 181:../../Middlewares/LVGL/GUI/lvgl/src/misc/lv_iter.c ****     if(iter == NULL) return;
 781              		.loc 1 181 5 is_stmt 1 view .LVU251
 181:../../Middlewares/LVGL/GUI/lvgl/src/misc/lv_iter.c ****     if(iter == NULL) return;
 782              		.loc 1 181 25 view .LVU252
 182:../../Middlewares/LVGL/GUI/lvgl/src/misc/lv_iter.c **** 
 783              		.loc 1 182 5 view .LVU253
 184:../../Middlewares/LVGL/GUI/lvgl/src/misc/lv_iter.c ****     LV_ASSERT_MALLOC(elem);
 784              		.loc 1 184 5 view .LVU254
 184:../../Middlewares/LVGL/GUI/lvgl/src/misc/lv_iter.c ****     LV_ASSERT_MALLOC(elem);
 785              		.loc 1 184 19 is_stmt 0 view .LVU255
 786 0008 4068     		ldr	r0, [r0, #4]
 787              	.LVL66:
 184:../../Middlewares/LVGL/GUI/lvgl/src/misc/lv_iter.c ****     LV_ASSERT_MALLOC(elem);
 788              		.loc 1 184 19 view .LVU256
 789 000a FFF7FEFF 		bl	lv_malloc_zeroed
 790              	.LVL67:
 185:../../Middlewares/LVGL/GUI/lvgl/src/misc/lv_iter.c **** 
 791              		.loc 1 185 5 is_stmt 1 view .LVU257
 185:../../Middlewares/LVGL/GUI/lvgl/src/misc/lv_iter.c **** 
 792              		.loc 1 185 5 view .LVU258
 793 000e 0446     		mov	r4, r0
 794 0010 18B9     		cbnz	r0, .L70
 795              	.L71:
 185:../../Middlewares/LVGL/GUI/lvgl/src/misc/lv_iter.c **** 
 796              		.loc 1 185 5 view .LVU259
 185:../../Middlewares/LVGL/GUI/lvgl/src/misc/lv_iter.c **** 
 797              		.loc 1 185 5 view .LVU260
 185:../../Middlewares/LVGL/GUI/lvgl/src/misc/lv_iter.c **** 
 798              		.loc 1 185 5 view .LVU261
 185:../../Middlewares/LVGL/GUI/lvgl/src/misc/lv_iter.c **** 
 799              		.loc 1 185 5 view .LVU262
 185:../../Middlewares/LVGL/GUI/lvgl/src/misc/lv_iter.c **** 
 800              		.loc 1 185 5 view .LVU263
 801 0012 FEE7     		b	.L71
 802              	.LVL68:
 803              	.L69:
 804              	.LCFI16:
 805              		.cfi_def_cfa_offset 0
 806              		.cfi_restore 4
 807              		.cfi_restore 5
 808              		.cfi_restore 6
 809              		.cfi_restore 14
 181:../../Middlewares/LVGL/GUI/lvgl/src/misc/lv_iter.c ****     if(iter == NULL) return;
ARM GAS  C:\Users\28576\AppData\Local\Temp\cc3ySyhz.s 			page 23


 810              		.loc 1 181 5 view .LVU264
 181:../../Middlewares/LVGL/GUI/lvgl/src/misc/lv_iter.c ****     if(iter == NULL) return;
 811              		.loc 1 181 5 view .LVU265
 181:../../Middlewares/LVGL/GUI/lvgl/src/misc/lv_iter.c ****     if(iter == NULL) return;
 812              		.loc 1 181 5 view .LVU266
 181:../../Middlewares/LVGL/GUI/lvgl/src/misc/lv_iter.c ****     if(iter == NULL) return;
 813              		.loc 1 181 5 view .LVU267
 181:../../Middlewares/LVGL/GUI/lvgl/src/misc/lv_iter.c ****     if(iter == NULL) return;
 814              		.loc 1 181 5 view .LVU268
 815 0014 FEE7     		b	.L69
 816              	.LVL69:
 817              	.L72:
 818              	.LCFI17:
 819              		.cfi_def_cfa_offset 16
 820              		.cfi_offset 4, -16
 821              		.cfi_offset 5, -12
 822              		.cfi_offset 6, -8
 823              		.cfi_offset 14, -4
 193:../../Middlewares/LVGL/GUI/lvgl/src/misc/lv_iter.c ****     }
 824              		.loc 1 193 9 view .LVU269
 825 0016 2046     		mov	r0, r4
 826 0018 A847     		blx	r5
 827              	.LVL70:
 828              	.L70:
 192:../../Middlewares/LVGL/GUI/lvgl/src/misc/lv_iter.c ****         inspect_cb(elem);
 829              		.loc 1 192 36 view .LVU270
 192:../../Middlewares/LVGL/GUI/lvgl/src/misc/lv_iter.c ****         inspect_cb(elem);
 830              		.loc 1 192 11 is_stmt 0 view .LVU271
 831 001a 2146     		mov	r1, r4
 832 001c 3046     		mov	r0, r6
 833 001e FFF7FEFF 		bl	lv_iter_next
 834              	.LVL71:
 192:../../Middlewares/LVGL/GUI/lvgl/src/misc/lv_iter.c ****         inspect_cb(elem);
 835              		.loc 1 192 36 discriminator 1 view .LVU272
 836 0022 0128     		cmp	r0, #1
 837 0024 F7D0     		beq	.L72
 196:../../Middlewares/LVGL/GUI/lvgl/src/misc/lv_iter.c **** }
 838              		.loc 1 196 5 is_stmt 1 view .LVU273
 839 0026 2046     		mov	r0, r4
 840 0028 FFF7FEFF 		bl	lv_free
 841              	.LVL72:
 197:../../Middlewares/LVGL/GUI/lvgl/src/misc/lv_iter.c **** 
 842              		.loc 1 197 1 is_stmt 0 view .LVU274
 843 002c 70BD     		pop	{r4, r5, r6, pc}
 197:../../Middlewares/LVGL/GUI/lvgl/src/misc/lv_iter.c **** 
 844              		.loc 1 197 1 view .LVU275
 845              		.cfi_endproc
 846              	.LFE10:
 848              		.text
 849              	.Letext0:
 850              		.file 2 "C:/Users/28576/AppData/Roaming/xPacks/@xpack-dev-tools/arm-none-eabi-gcc/15.2.1-1.1.1/.co
 851              		.file 3 "C:/Users/28576/AppData/Roaming/xPacks/@xpack-dev-tools/arm-none-eabi-gcc/15.2.1-1.1.1/.co
 852              		.file 4 "C:/Users/28576/AppData/Roaming/xPacks/@xpack-dev-tools/arm-none-eabi-gcc/15.2.1-1.1.1/.co
 853              		.file 5 "../../Middlewares/LVGL/GUI/lvgl/src/misc/lv_types.h"
 854              		.file 6 "../../Middlewares/LVGL/GUI/lvgl/src/misc/lv_iter.h"
 855              		.file 7 "../../Middlewares/LVGL/GUI/lvgl/src/misc/lv_circle_buf.h"
 856              		.file 8 "../../Middlewares/LVGL/GUI/lvgl/src/misc/../stdlib/lv_mem.h"
ARM GAS  C:\Users\28576\AppData\Local\Temp\cc3ySyhz.s 			page 24


ARM GAS  C:\Users\28576\AppData\Local\Temp\cc3ySyhz.s 			page 25


DEFINED SYMBOLS
                            *ABS*:00000000 lv_iter.c
C:\Users\28576\AppData\Local\Temp\cc3ySyhz.s:20     .text.peek_fill_cb:00000000 $t
C:\Users\28576\AppData\Local\Temp\cc3ySyhz.s:25     .text.peek_fill_cb:00000000 peek_fill_cb
C:\Users\28576\AppData\Local\Temp\cc3ySyhz.s:68     .text.lv_iter_create:00000000 $t
C:\Users\28576\AppData\Local\Temp\cc3ySyhz.s:74     .text.lv_iter_create:00000000 lv_iter_create
C:\Users\28576\AppData\Local\Temp\cc3ySyhz.s:162    .text.lv_iter_get_context:00000000 $t
C:\Users\28576\AppData\Local\Temp\cc3ySyhz.s:168    .text.lv_iter_get_context:00000000 lv_iter_get_context
C:\Users\28576\AppData\Local\Temp\cc3ySyhz.s:199    .text.lv_iter_destroy:00000000 $t
C:\Users\28576\AppData\Local\Temp\cc3ySyhz.s:205    .text.lv_iter_destroy:00000000 lv_iter_destroy
C:\Users\28576\AppData\Local\Temp\cc3ySyhz.s:282    .text.lv_iter_make_peekable:00000000 $t
C:\Users\28576\AppData\Local\Temp\cc3ySyhz.s:288    .text.lv_iter_make_peekable:00000000 lv_iter_make_peekable
C:\Users\28576\AppData\Local\Temp\cc3ySyhz.s:355    .text.lv_iter_next:00000000 $t
C:\Users\28576\AppData\Local\Temp\cc3ySyhz.s:361    .text.lv_iter_next:00000000 lv_iter_next
C:\Users\28576\AppData\Local\Temp\cc3ySyhz.s:475    .text.lv_iter_peek:00000000 $t
C:\Users\28576\AppData\Local\Temp\cc3ySyhz.s:481    .text.lv_iter_peek:00000000 lv_iter_peek
C:\Users\28576\AppData\Local\Temp\cc3ySyhz.s:609    .text.lv_iter_peek:00000048 $d
C:\Users\28576\AppData\Local\Temp\cc3ySyhz.s:615    .text.lv_iter_peek_advance:00000000 $t
C:\Users\28576\AppData\Local\Temp\cc3ySyhz.s:621    .text.lv_iter_peek_advance:00000000 lv_iter_peek_advance
C:\Users\28576\AppData\Local\Temp\cc3ySyhz.s:702    .text.lv_iter_peek_reset:00000000 $t
C:\Users\28576\AppData\Local\Temp\cc3ySyhz.s:708    .text.lv_iter_peek_reset:00000000 lv_iter_peek_reset
C:\Users\28576\AppData\Local\Temp\cc3ySyhz.s:755    .text.lv_iter_inspect:00000000 $t
C:\Users\28576\AppData\Local\Temp\cc3ySyhz.s:761    .text.lv_iter_inspect:00000000 lv_iter_inspect

UNDEFINED SYMBOLS
lv_malloc_zeroed
lv_circle_buf_destroy
lv_free
lv_circle_buf_create
lv_circle_buf_is_empty
lv_circle_buf_read
lv_circle_buf_skip
lv_circle_buf_size
lv_circle_buf_fill
lv_circle_buf_peek_at
lv_circle_buf_capacity
