ARM GAS  C:\Users\28576\AppData\Local\Temp\ccw4dxfU.s 			page 1


   1              		.cpu cortex-m7
   2              		.arch armv7e-m
   3              		.fpu fpv5-d16
   4              		.eabi_attribute 28, 1
   5              		.eabi_attribute 20, 1
   6              		.eabi_attribute 21, 1
   7              		.eabi_attribute 23, 3
   8              		.eabi_attribute 24, 1
   9              		.eabi_attribute 25, 1
  10              		.eabi_attribute 26, 1
  11              		.eabi_attribute 30, 1
  12              		.eabi_attribute 34, 1
  13              		.eabi_attribute 18, 4
  14              		.file	"lv_port_indev.c"
  15              		.text
  16              	.Ltext0:
  17              		.cfi_sections	.debug_frame
  18              		.file 1 "../../BSP/LVGL/lv_port_indev.c"
  19              		.section	.text.lv_port_indev_init,"ax",%progbits
  20              		.align	1
  21              		.global	lv_port_indev_init
  22              		.syntax unified
  23              		.thumb
  24              		.thumb_func
  26              	lv_port_indev_init:
  27              	.LFB196:
   1:../../BSP/LVGL/lv_port_indev.c **** /**
   2:../../BSP/LVGL/lv_port_indev.c ****  * @file lv_port_indev.c
   3:../../BSP/LVGL/lv_port_indev.c ****  * @brief LVGL input port stub (no touch until TOUCH BSP is added)
   4:../../BSP/LVGL/lv_port_indev.c ****  */
   5:../../BSP/LVGL/lv_port_indev.c **** #include "lv_port_indev.h"
   6:../../BSP/LVGL/lv_port_indev.c **** #include "lvgl.h"
   7:../../BSP/LVGL/lv_port_indev.c **** 
   8:../../BSP/LVGL/lv_port_indev.c **** void lv_port_indev_init(void)
   9:../../BSP/LVGL/lv_port_indev.c **** {
  28              		.loc 1 9 1 view -0
  29              		.cfi_startproc
  30              		@ args = 0, pretend = 0, frame = 0
  31              		@ frame_needed = 0, uses_anonymous_args = 0
  32              		@ link register save eliminated.
  10:../../BSP/LVGL/lv_port_indev.c ****     /* Touch is optional; add GT9xxx driver and register pointer indev here. */
  11:../../BSP/LVGL/lv_port_indev.c **** }
  33              		.loc 1 11 1 view .LVU1
  34 0000 7047     		bx	lr
  35              		.cfi_endproc
  36              	.LFE196:
  38              		.text
  39              	.Letext0:
ARM GAS  C:\Users\28576\AppData\Local\Temp\ccw4dxfU.s 			page 2


DEFINED SYMBOLS
                            *ABS*:00000000 lv_port_indev.c
C:\Users\28576\AppData\Local\Temp\ccw4dxfU.s:20     .text.lv_port_indev_init:00000000 $t
C:\Users\28576\AppData\Local\Temp\ccw4dxfU.s:26     .text.lv_port_indev_init:00000000 lv_port_indev_init

NO UNDEFINED SYMBOLS
