ARM GAS  C:\Users\28576\AppData\Local\Temp\cc8wwfqg.s 			page 1


   1              		.cpu cortex-m7
   2              		.arch armv7e-m
   3              		.fpu fpv5-d16
   4              		.eabi_attribute 28, 1
   5              		.eabi_attribute 20, 1
   6              		.eabi_attribute 21, 1
   7              		.eabi_attribute 23, 3
   8              		.eabi_attribute 24, 1
   9              		.eabi_attribute 25, 1
  10              		.eabi_attribute 26, 1
  11              		.eabi_attribute 30, 1
  12              		.eabi_attribute 34, 1
  13              		.eabi_attribute 18, 4
  14              		.file	"ltdc.c"
  15              		.text
  16              	.Ltext0:
  17              		.cfi_sections	.debug_frame
  18              		.file 1 "../../CM7/Core/Src/ltdc.c"
  19              		.section	.text.MX_LTDC_Init,"ax",%progbits
  20              		.align	1
  21              		.global	MX_LTDC_Init
  22              		.syntax unified
  23              		.thumb
  24              		.thumb_func
  26              	MX_LTDC_Init:
  27              	.LFB144:
   1:../../CM7/Core/Src/ltdc.c **** /* USER CODE BEGIN Header */
   2:../../CM7/Core/Src/ltdc.c **** /**
   3:../../CM7/Core/Src/ltdc.c ****   ******************************************************************************
   4:../../CM7/Core/Src/ltdc.c ****   * @file    ltdc.c
   5:../../CM7/Core/Src/ltdc.c ****   * @brief   This file provides code for the configuration
   6:../../CM7/Core/Src/ltdc.c ****   *          of the LTDC instances.
   7:../../CM7/Core/Src/ltdc.c ****   ******************************************************************************
   8:../../CM7/Core/Src/ltdc.c ****   * @attention
   9:../../CM7/Core/Src/ltdc.c ****   *
  10:../../CM7/Core/Src/ltdc.c ****   * Copyright (c) 2026 STMicroelectronics.
  11:../../CM7/Core/Src/ltdc.c ****   * All rights reserved.
  12:../../CM7/Core/Src/ltdc.c ****   *
  13:../../CM7/Core/Src/ltdc.c ****   * This software is licensed under terms that can be found in the LICENSE file
  14:../../CM7/Core/Src/ltdc.c ****   * in the root directory of this software component.
  15:../../CM7/Core/Src/ltdc.c ****   * If no LICENSE file comes with this software, it is provided AS-IS.
  16:../../CM7/Core/Src/ltdc.c ****   *
  17:../../CM7/Core/Src/ltdc.c ****   ******************************************************************************
  18:../../CM7/Core/Src/ltdc.c ****   */
  19:../../CM7/Core/Src/ltdc.c **** /* USER CODE END Header */
  20:../../CM7/Core/Src/ltdc.c **** /* Includes ------------------------------------------------------------------*/
  21:../../CM7/Core/Src/ltdc.c **** #include "ltdc.h"
  22:../../CM7/Core/Src/ltdc.c **** 
  23:../../CM7/Core/Src/ltdc.c **** /* USER CODE BEGIN 0 */
  24:../../CM7/Core/Src/ltdc.c **** 
  25:../../CM7/Core/Src/ltdc.c **** /* USER CODE END 0 */
  26:../../CM7/Core/Src/ltdc.c **** 
  27:../../CM7/Core/Src/ltdc.c **** LTDC_HandleTypeDef hltdc;
  28:../../CM7/Core/Src/ltdc.c **** 
  29:../../CM7/Core/Src/ltdc.c **** /* LTDC init function */
  30:../../CM7/Core/Src/ltdc.c **** void MX_LTDC_Init(void)
  31:../../CM7/Core/Src/ltdc.c **** {
ARM GAS  C:\Users\28576\AppData\Local\Temp\cc8wwfqg.s 			page 2


  28              		.loc 1 31 1 view -0
  29              		.cfi_startproc
  30              		@ args = 0, pretend = 0, frame = 56
  31              		@ frame_needed = 0, uses_anonymous_args = 0
  32 0000 00B5     		push	{lr}
  33              	.LCFI0:
  34              		.cfi_def_cfa_offset 4
  35              		.cfi_offset 14, -4
  36 0002 8FB0     		sub	sp, sp, #60
  37              	.LCFI1:
  38              		.cfi_def_cfa_offset 64
  32:../../CM7/Core/Src/ltdc.c **** 
  33:../../CM7/Core/Src/ltdc.c ****   /* USER CODE BEGIN LTDC_Init 0 */
  34:../../CM7/Core/Src/ltdc.c **** 
  35:../../CM7/Core/Src/ltdc.c ****   /* USER CODE END LTDC_Init 0 */
  36:../../CM7/Core/Src/ltdc.c **** 
  37:../../CM7/Core/Src/ltdc.c ****   LTDC_LayerCfgTypeDef pLayerCfg = {0};
  39              		.loc 1 37 3 view .LVU1
  40              		.loc 1 37 24 is_stmt 0 view .LVU2
  41 0004 3422     		movs	r2, #52
  42 0006 0021     		movs	r1, #0
  43 0008 01A8     		add	r0, sp, #4
  44 000a FFF7FEFF 		bl	memset
  45              	.LVL0:
  38:../../CM7/Core/Src/ltdc.c **** 
  39:../../CM7/Core/Src/ltdc.c ****   /* USER CODE BEGIN LTDC_Init 1 */
  40:../../CM7/Core/Src/ltdc.c **** 
  41:../../CM7/Core/Src/ltdc.c ****   /* USER CODE END LTDC_Init 1 */
  42:../../CM7/Core/Src/ltdc.c ****   hltdc.Instance = LTDC;
  46              		.loc 1 42 3 is_stmt 1 view .LVU3
  47              		.loc 1 42 18 is_stmt 0 view .LVU4
  48 000e 2A48     		ldr	r0, .L7
  49 0010 2A4B     		ldr	r3, .L7+4
  50 0012 0360     		str	r3, [r0]
  43:../../CM7/Core/Src/ltdc.c ****   hltdc.Init.HSPolarity = LTDC_HSPOLARITY_AL;
  51              		.loc 1 43 3 is_stmt 1 view .LVU5
  52              		.loc 1 43 25 is_stmt 0 view .LVU6
  53 0014 0023     		movs	r3, #0
  54 0016 4360     		str	r3, [r0, #4]
  44:../../CM7/Core/Src/ltdc.c ****   hltdc.Init.VSPolarity = LTDC_VSPOLARITY_AL;
  55              		.loc 1 44 3 is_stmt 1 view .LVU7
  56              		.loc 1 44 25 is_stmt 0 view .LVU8
  57 0018 8360     		str	r3, [r0, #8]
  45:../../CM7/Core/Src/ltdc.c ****   hltdc.Init.DEPolarity = LTDC_DEPOLARITY_AL;
  58              		.loc 1 45 3 is_stmt 1 view .LVU9
  59              		.loc 1 45 25 is_stmt 0 view .LVU10
  60 001a C360     		str	r3, [r0, #12]
  46:../../CM7/Core/Src/ltdc.c ****   hltdc.Init.PCPolarity = LTDC_PCPOLARITY_IIPC;
  61              		.loc 1 46 3 is_stmt 1 view .LVU11
  62              		.loc 1 46 25 is_stmt 0 view .LVU12
  63 001c 4FF08052 		mov	r2, #268435456
  64 0020 0261     		str	r2, [r0, #16]
  47:../../CM7/Core/Src/ltdc.c ****   hltdc.Init.HorizontalSync = 0;
  65              		.loc 1 47 3 is_stmt 1 view .LVU13
  66              		.loc 1 47 29 is_stmt 0 view .LVU14
  67 0022 4361     		str	r3, [r0, #20]
  48:../../CM7/Core/Src/ltdc.c ****   hltdc.Init.VerticalSync = 0;
ARM GAS  C:\Users\28576\AppData\Local\Temp\cc8wwfqg.s 			page 3


  68              		.loc 1 48 3 is_stmt 1 view .LVU15
  69              		.loc 1 48 27 is_stmt 0 view .LVU16
  70 0024 8361     		str	r3, [r0, #24]
  49:../../CM7/Core/Src/ltdc.c ****   hltdc.Init.AccumulatedHBP = 46;
  71              		.loc 1 49 3 is_stmt 1 view .LVU17
  72              		.loc 1 49 29 is_stmt 0 view .LVU18
  73 0026 2E22     		movs	r2, #46
  74 0028 C261     		str	r2, [r0, #28]
  50:../../CM7/Core/Src/ltdc.c ****   hltdc.Init.AccumulatedVBP = 23;
  75              		.loc 1 50 3 is_stmt 1 view .LVU19
  76              		.loc 1 50 29 is_stmt 0 view .LVU20
  77 002a 1722     		movs	r2, #23
  78 002c 0262     		str	r2, [r0, #32]
  51:../../CM7/Core/Src/ltdc.c ****   hltdc.Init.AccumulatedActiveW = 846;
  79              		.loc 1 51 3 is_stmt 1 view .LVU21
  80              		.loc 1 51 33 is_stmt 0 view .LVU22
  81 002e 40F24E32 		movw	r2, #846
  82 0032 4262     		str	r2, [r0, #36]
  52:../../CM7/Core/Src/ltdc.c ****   hltdc.Init.AccumulatedActiveH = 503;
  83              		.loc 1 52 3 is_stmt 1 view .LVU23
  84              		.loc 1 52 33 is_stmt 0 view .LVU24
  85 0034 40F2F712 		movw	r2, #503
  86 0038 8262     		str	r2, [r0, #40]
  53:../../CM7/Core/Src/ltdc.c ****   hltdc.Init.TotalWidth = 1056;
  87              		.loc 1 53 3 is_stmt 1 view .LVU25
  88              		.loc 1 53 25 is_stmt 0 view .LVU26
  89 003a 4FF48462 		mov	r2, #1056
  90 003e C262     		str	r2, [r0, #44]
  54:../../CM7/Core/Src/ltdc.c ****   hltdc.Init.TotalHeigh = 525;
  91              		.loc 1 54 3 is_stmt 1 view .LVU27
  92              		.loc 1 54 25 is_stmt 0 view .LVU28
  93 0040 40F20D22 		movw	r2, #525
  94 0044 0263     		str	r2, [r0, #48]
  55:../../CM7/Core/Src/ltdc.c ****   hltdc.Init.Backcolor.Blue = 0;
  95              		.loc 1 55 3 is_stmt 1 view .LVU29
  96              		.loc 1 55 29 is_stmt 0 view .LVU30
  97 0046 80F83430 		strb	r3, [r0, #52]
  56:../../CM7/Core/Src/ltdc.c ****   hltdc.Init.Backcolor.Green = 0;
  98              		.loc 1 56 3 is_stmt 1 view .LVU31
  99              		.loc 1 56 30 is_stmt 0 view .LVU32
 100 004a 80F83530 		strb	r3, [r0, #53]
  57:../../CM7/Core/Src/ltdc.c ****   hltdc.Init.Backcolor.Red = 0;
 101              		.loc 1 57 3 is_stmt 1 view .LVU33
 102              		.loc 1 57 28 is_stmt 0 view .LVU34
 103 004e 80F83630 		strb	r3, [r0, #54]
  58:../../CM7/Core/Src/ltdc.c ****   if (HAL_LTDC_Init(&hltdc) != HAL_OK)
 104              		.loc 1 58 3 is_stmt 1 view .LVU35
 105              		.loc 1 58 7 is_stmt 0 view .LVU36
 106 0052 FFF7FEFF 		bl	HAL_LTDC_Init
 107              	.LVL1:
 108              		.loc 1 58 6 discriminator 1 view .LVU37
 109 0056 40BB     		cbnz	r0, .L5
 110              	.L2:
  59:../../CM7/Core/Src/ltdc.c ****   {
  60:../../CM7/Core/Src/ltdc.c ****     Error_Handler();
  61:../../CM7/Core/Src/ltdc.c ****   }
  62:../../CM7/Core/Src/ltdc.c ****   pLayerCfg.WindowX0 = 0;
ARM GAS  C:\Users\28576\AppData\Local\Temp\cc8wwfqg.s 			page 4


 111              		.loc 1 62 3 is_stmt 1 view .LVU38
 112              		.loc 1 62 22 is_stmt 0 view .LVU39
 113 0058 0022     		movs	r2, #0
 114 005a 0192     		str	r2, [sp, #4]
  63:../../CM7/Core/Src/ltdc.c ****   pLayerCfg.WindowX1 = 799;
 115              		.loc 1 63 3 is_stmt 1 view .LVU40
 116              		.loc 1 63 22 is_stmt 0 view .LVU41
 117 005c 40F21F33 		movw	r3, #799
 118 0060 0293     		str	r3, [sp, #8]
  64:../../CM7/Core/Src/ltdc.c ****   pLayerCfg.WindowY0 = 0;
 119              		.loc 1 64 3 is_stmt 1 view .LVU42
 120              		.loc 1 64 22 is_stmt 0 view .LVU43
 121 0062 0392     		str	r2, [sp, #12]
  65:../../CM7/Core/Src/ltdc.c ****   pLayerCfg.WindowY1 = 479;
 122              		.loc 1 65 3 is_stmt 1 view .LVU44
 123              		.loc 1 65 22 is_stmt 0 view .LVU45
 124 0064 40F2DF13 		movw	r3, #479
 125 0068 0493     		str	r3, [sp, #16]
  66:../../CM7/Core/Src/ltdc.c ****   pLayerCfg.PixelFormat = LTDC_PIXEL_FORMAT_RGB565;
 126              		.loc 1 66 3 is_stmt 1 view .LVU46
 127              		.loc 1 66 25 is_stmt 0 view .LVU47
 128 006a 0223     		movs	r3, #2
 129 006c 0593     		str	r3, [sp, #20]
  67:../../CM7/Core/Src/ltdc.c ****   pLayerCfg.Alpha = 255;
 130              		.loc 1 67 3 is_stmt 1 view .LVU48
 131              		.loc 1 67 19 is_stmt 0 view .LVU49
 132 006e FF23     		movs	r3, #255
 133 0070 0693     		str	r3, [sp, #24]
  68:../../CM7/Core/Src/ltdc.c ****   pLayerCfg.Alpha0 = 0;
 134              		.loc 1 68 3 is_stmt 1 view .LVU50
 135              		.loc 1 68 20 is_stmt 0 view .LVU51
 136 0072 0792     		str	r2, [sp, #28]
  69:../../CM7/Core/Src/ltdc.c ****   pLayerCfg.BlendingFactor1 = LTDC_BLENDING_FACTOR1_CA;
 137              		.loc 1 69 3 is_stmt 1 view .LVU52
 138              		.loc 1 69 29 is_stmt 0 view .LVU53
 139 0074 4FF48063 		mov	r3, #1024
 140 0078 0893     		str	r3, [sp, #32]
  70:../../CM7/Core/Src/ltdc.c ****   pLayerCfg.BlendingFactor2 = LTDC_BLENDING_FACTOR2_CA;
 141              		.loc 1 70 3 is_stmt 1 view .LVU54
 142              		.loc 1 70 29 is_stmt 0 view .LVU55
 143 007a 0523     		movs	r3, #5
 144 007c 0993     		str	r3, [sp, #36]
  71:../../CM7/Core/Src/ltdc.c ****   pLayerCfg.FBStartAdress = 0xD0000000;
 145              		.loc 1 71 3 is_stmt 1 view .LVU56
 146              		.loc 1 71 27 is_stmt 0 view .LVU57
 147 007e 4FF05043 		mov	r3, #-805306368
 148 0082 0A93     		str	r3, [sp, #40]
  72:../../CM7/Core/Src/ltdc.c ****   pLayerCfg.ImageWidth = 800;
 149              		.loc 1 72 3 is_stmt 1 view .LVU58
 150              		.loc 1 72 24 is_stmt 0 view .LVU59
 151 0084 4FF44873 		mov	r3, #800
 152 0088 0B93     		str	r3, [sp, #44]
  73:../../CM7/Core/Src/ltdc.c ****   pLayerCfg.ImageHeight = 480;
 153              		.loc 1 73 3 is_stmt 1 view .LVU60
 154              		.loc 1 73 25 is_stmt 0 view .LVU61
 155 008a 4FF4F073 		mov	r3, #480
 156 008e 0C93     		str	r3, [sp, #48]
ARM GAS  C:\Users\28576\AppData\Local\Temp\cc8wwfqg.s 			page 5


  74:../../CM7/Core/Src/ltdc.c ****   pLayerCfg.Backcolor.Blue = 0;
 157              		.loc 1 74 3 is_stmt 1 view .LVU62
 158              		.loc 1 74 28 is_stmt 0 view .LVU63
 159 0090 8DF83420 		strb	r2, [sp, #52]
  75:../../CM7/Core/Src/ltdc.c ****   pLayerCfg.Backcolor.Green = 0;
 160              		.loc 1 75 3 is_stmt 1 view .LVU64
 161              		.loc 1 75 29 is_stmt 0 view .LVU65
 162 0094 8DF83520 		strb	r2, [sp, #53]
  76:../../CM7/Core/Src/ltdc.c ****   pLayerCfg.Backcolor.Red = 0;
 163              		.loc 1 76 3 is_stmt 1 view .LVU66
 164              		.loc 1 76 27 is_stmt 0 view .LVU67
 165 0098 8DF83620 		strb	r2, [sp, #54]
  77:../../CM7/Core/Src/ltdc.c ****   if (HAL_LTDC_ConfigLayer(&hltdc, &pLayerCfg, 0) != HAL_OK)
 166              		.loc 1 77 3 is_stmt 1 view .LVU68
 167              		.loc 1 77 7 is_stmt 0 view .LVU69
 168 009c 01A9     		add	r1, sp, #4
 169 009e 0648     		ldr	r0, .L7
 170 00a0 FFF7FEFF 		bl	HAL_LTDC_ConfigLayer
 171              	.LVL2:
 172              		.loc 1 77 6 discriminator 1 view .LVU70
 173 00a4 20B9     		cbnz	r0, .L6
 174              	.L1:
  78:../../CM7/Core/Src/ltdc.c ****   {
  79:../../CM7/Core/Src/ltdc.c ****     Error_Handler();
  80:../../CM7/Core/Src/ltdc.c ****   }
  81:../../CM7/Core/Src/ltdc.c ****   /* USER CODE BEGIN LTDC_Init 2 */
  82:../../CM7/Core/Src/ltdc.c **** 
  83:../../CM7/Core/Src/ltdc.c ****   /* USER CODE END LTDC_Init 2 */
  84:../../CM7/Core/Src/ltdc.c **** 
  85:../../CM7/Core/Src/ltdc.c **** }
 175              		.loc 1 85 1 view .LVU71
 176 00a6 0FB0     		add	sp, sp, #60
 177              	.LCFI2:
 178              		.cfi_remember_state
 179              		.cfi_def_cfa_offset 4
 180              		@ sp needed
 181 00a8 00BD     		pop	{pc}
 182              	.L5:
 183              	.LCFI3:
 184              		.cfi_restore_state
  60:../../CM7/Core/Src/ltdc.c ****   }
 185              		.loc 1 60 5 is_stmt 1 view .LVU72
 186 00aa FFF7FEFF 		bl	Error_Handler
 187              	.LVL3:
 188 00ae D3E7     		b	.L2
 189              	.L6:
  79:../../CM7/Core/Src/ltdc.c ****   }
 190              		.loc 1 79 5 view .LVU73
 191 00b0 FFF7FEFF 		bl	Error_Handler
 192              	.LVL4:
 193              		.loc 1 85 1 is_stmt 0 view .LVU74
 194 00b4 F7E7     		b	.L1
 195              	.L8:
 196 00b6 00BF     		.align	2
 197              	.L7:
 198 00b8 00000000 		.word	hltdc
 199 00bc 00100050 		.word	1342181376
ARM GAS  C:\Users\28576\AppData\Local\Temp\cc8wwfqg.s 			page 6


 200              		.cfi_endproc
 201              	.LFE144:
 203              		.section	.text.HAL_LTDC_MspInit,"ax",%progbits
 204              		.align	1
 205              		.global	HAL_LTDC_MspInit
 206              		.syntax unified
 207              		.thumb
 208              		.thumb_func
 210              	HAL_LTDC_MspInit:
 211              	.LVL5:
 212              	.LFB145:
  86:../../CM7/Core/Src/ltdc.c **** 
  87:../../CM7/Core/Src/ltdc.c **** void HAL_LTDC_MspInit(LTDC_HandleTypeDef* ltdcHandle)
  88:../../CM7/Core/Src/ltdc.c **** {
 213              		.loc 1 88 1 is_stmt 1 view -0
 214              		.cfi_startproc
 215              		@ args = 0, pretend = 0, frame = 240
 216              		@ frame_needed = 0, uses_anonymous_args = 0
 217              		.loc 1 88 1 is_stmt 0 view .LVU76
 218 0000 F0B5     		push	{r4, r5, r6, r7, lr}
 219              	.LCFI4:
 220              		.cfi_def_cfa_offset 20
 221              		.cfi_offset 4, -20
 222              		.cfi_offset 5, -16
 223              		.cfi_offset 6, -12
 224              		.cfi_offset 7, -8
 225              		.cfi_offset 14, -4
 226 0002 BDB0     		sub	sp, sp, #244
 227              	.LCFI5:
 228              		.cfi_def_cfa_offset 264
 229 0004 0446     		mov	r4, r0
  89:../../CM7/Core/Src/ltdc.c **** 
  90:../../CM7/Core/Src/ltdc.c ****   GPIO_InitTypeDef GPIO_InitStruct = {0};
 230              		.loc 1 90 3 is_stmt 1 view .LVU77
 231              		.loc 1 90 20 is_stmt 0 view .LVU78
 232 0006 0021     		movs	r1, #0
 233 0008 3791     		str	r1, [sp, #220]
 234 000a 3891     		str	r1, [sp, #224]
 235 000c 3991     		str	r1, [sp, #228]
 236 000e 3A91     		str	r1, [sp, #232]
 237 0010 3B91     		str	r1, [sp, #236]
  91:../../CM7/Core/Src/ltdc.c ****   RCC_PeriphCLKInitTypeDef PeriphClkInitStruct = {0};
 238              		.loc 1 91 3 is_stmt 1 view .LVU79
 239              		.loc 1 91 28 is_stmt 0 view .LVU80
 240 0012 C822     		movs	r2, #200
 241 0014 04A8     		add	r0, sp, #16
 242              	.LVL6:
 243              		.loc 1 91 28 view .LVU81
 244 0016 FFF7FEFF 		bl	memset
 245              	.LVL7:
  92:../../CM7/Core/Src/ltdc.c ****   if(ltdcHandle->Instance==LTDC)
 246              		.loc 1 92 3 is_stmt 1 view .LVU82
 247              		.loc 1 92 16 is_stmt 0 view .LVU83
 248 001a 2268     		ldr	r2, [r4]
 249              		.loc 1 92 5 view .LVU84
 250 001c 3A4B     		ldr	r3, .L15
 251 001e 9A42     		cmp	r2, r3
ARM GAS  C:\Users\28576\AppData\Local\Temp\cc8wwfqg.s 			page 7


 252 0020 01D0     		beq	.L13
 253              	.LVL8:
 254              	.L9:
  93:../../CM7/Core/Src/ltdc.c ****   {
  94:../../CM7/Core/Src/ltdc.c ****   /* USER CODE BEGIN LTDC_MspInit 0 */
  95:../../CM7/Core/Src/ltdc.c **** 
  96:../../CM7/Core/Src/ltdc.c ****   /* USER CODE END LTDC_MspInit 0 */
  97:../../CM7/Core/Src/ltdc.c **** 
  98:../../CM7/Core/Src/ltdc.c ****   /** Initializes the peripherals clock
  99:../../CM7/Core/Src/ltdc.c ****   */
 100:../../CM7/Core/Src/ltdc.c ****     PeriphClkInitStruct.PeriphClockSelection = RCC_PERIPHCLK_LTDC;
 101:../../CM7/Core/Src/ltdc.c ****     PeriphClkInitStruct.PLL3.PLL3M = 25;
 102:../../CM7/Core/Src/ltdc.c ****     PeriphClkInitStruct.PLL3.PLL3N = 300;
 103:../../CM7/Core/Src/ltdc.c ****     PeriphClkInitStruct.PLL3.PLL3P = 2;
 104:../../CM7/Core/Src/ltdc.c ****     PeriphClkInitStruct.PLL3.PLL3Q = 2;
 105:../../CM7/Core/Src/ltdc.c ****     PeriphClkInitStruct.PLL3.PLL3R = 9;
 106:../../CM7/Core/Src/ltdc.c ****     PeriphClkInitStruct.PLL3.PLL3RGE = RCC_PLL3VCIRANGE_1;
 107:../../CM7/Core/Src/ltdc.c ****     PeriphClkInitStruct.PLL3.PLL3VCOSEL = RCC_PLL3VCOWIDE;
 108:../../CM7/Core/Src/ltdc.c ****     PeriphClkInitStruct.PLL3.PLL3FRACN = 0;
 109:../../CM7/Core/Src/ltdc.c ****     if (HAL_RCCEx_PeriphCLKConfig(&PeriphClkInitStruct) != HAL_OK)
 110:../../CM7/Core/Src/ltdc.c ****     {
 111:../../CM7/Core/Src/ltdc.c ****       Error_Handler();
 112:../../CM7/Core/Src/ltdc.c ****     }
 113:../../CM7/Core/Src/ltdc.c **** 
 114:../../CM7/Core/Src/ltdc.c ****     /* LTDC clock enable */
 115:../../CM7/Core/Src/ltdc.c ****     __HAL_RCC_LTDC_CLK_ENABLE();
 116:../../CM7/Core/Src/ltdc.c **** 
 117:../../CM7/Core/Src/ltdc.c ****     __HAL_RCC_GPIOK_CLK_ENABLE();
 118:../../CM7/Core/Src/ltdc.c ****     __HAL_RCC_GPIOJ_CLK_ENABLE();
 119:../../CM7/Core/Src/ltdc.c ****     __HAL_RCC_GPIOI_CLK_ENABLE();
 120:../../CM7/Core/Src/ltdc.c ****     /**LTDC GPIO Configuration
 121:../../CM7/Core/Src/ltdc.c ****     PK5     ------> LTDC_B6
 122:../../CM7/Core/Src/ltdc.c ****     PK4     ------> LTDC_B5
 123:../../CM7/Core/Src/ltdc.c ****     PJ15     ------> LTDC_B3
 124:../../CM7/Core/Src/ltdc.c ****     PK6     ------> LTDC_B7
 125:../../CM7/Core/Src/ltdc.c ****     PK3     ------> LTDC_B4
 126:../../CM7/Core/Src/ltdc.c ****     PK7     ------> LTDC_DE
 127:../../CM7/Core/Src/ltdc.c ****     PI12     ------> LTDC_HSYNC
 128:../../CM7/Core/Src/ltdc.c ****     PI13     ------> LTDC_VSYNC
 129:../../CM7/Core/Src/ltdc.c ****     PI14     ------> LTDC_CLK
 130:../../CM7/Core/Src/ltdc.c ****     PK2     ------> LTDC_G7
 131:../../CM7/Core/Src/ltdc.c ****     PK0     ------> LTDC_G5
 132:../../CM7/Core/Src/ltdc.c ****     PK1     ------> LTDC_G6
 133:../../CM7/Core/Src/ltdc.c ****     PJ11     ------> LTDC_G4
 134:../../CM7/Core/Src/ltdc.c ****     PJ10     ------> LTDC_G3
 135:../../CM7/Core/Src/ltdc.c ****     PJ9     ------> LTDC_G2
 136:../../CM7/Core/Src/ltdc.c ****     PJ6     ------> LTDC_R7
 137:../../CM7/Core/Src/ltdc.c ****     PJ5     ------> LTDC_R6
 138:../../CM7/Core/Src/ltdc.c ****     PJ2     ------> LTDC_R3
 139:../../CM7/Core/Src/ltdc.c ****     PJ3     ------> LTDC_R4
 140:../../CM7/Core/Src/ltdc.c ****     PJ4     ------> LTDC_R5
 141:../../CM7/Core/Src/ltdc.c ****     */
 142:../../CM7/Core/Src/ltdc.c ****     GPIO_InitStruct.Pin = GPIO_PIN_5|GPIO_PIN_4|GPIO_PIN_6|GPIO_PIN_3
 143:../../CM7/Core/Src/ltdc.c ****                           |GPIO_PIN_7|GPIO_PIN_2|GPIO_PIN_0|GPIO_PIN_1;
 144:../../CM7/Core/Src/ltdc.c ****     GPIO_InitStruct.Mode = GPIO_MODE_AF_PP;
 145:../../CM7/Core/Src/ltdc.c ****     GPIO_InitStruct.Pull = GPIO_NOPULL;
 146:../../CM7/Core/Src/ltdc.c ****     GPIO_InitStruct.Speed = GPIO_SPEED_FREQ_VERY_HIGH;
ARM GAS  C:\Users\28576\AppData\Local\Temp\cc8wwfqg.s 			page 8


 147:../../CM7/Core/Src/ltdc.c ****     GPIO_InitStruct.Alternate = GPIO_AF14_LTDC;
 148:../../CM7/Core/Src/ltdc.c ****     HAL_GPIO_Init(GPIOK, &GPIO_InitStruct);
 149:../../CM7/Core/Src/ltdc.c **** 
 150:../../CM7/Core/Src/ltdc.c ****     GPIO_InitStruct.Pin = GPIO_PIN_15|GPIO_PIN_11|GPIO_PIN_10|GPIO_PIN_9
 151:../../CM7/Core/Src/ltdc.c ****                           |GPIO_PIN_6|GPIO_PIN_5|GPIO_PIN_2|GPIO_PIN_3
 152:../../CM7/Core/Src/ltdc.c ****                           |GPIO_PIN_4;
 153:../../CM7/Core/Src/ltdc.c ****     GPIO_InitStruct.Mode = GPIO_MODE_AF_PP;
 154:../../CM7/Core/Src/ltdc.c ****     GPIO_InitStruct.Pull = GPIO_NOPULL;
 155:../../CM7/Core/Src/ltdc.c ****     GPIO_InitStruct.Speed = GPIO_SPEED_FREQ_VERY_HIGH;
 156:../../CM7/Core/Src/ltdc.c ****     GPIO_InitStruct.Alternate = GPIO_AF14_LTDC;
 157:../../CM7/Core/Src/ltdc.c ****     HAL_GPIO_Init(GPIOJ, &GPIO_InitStruct);
 158:../../CM7/Core/Src/ltdc.c **** 
 159:../../CM7/Core/Src/ltdc.c ****     GPIO_InitStruct.Pin = GPIO_PIN_12|GPIO_PIN_13|GPIO_PIN_14;
 160:../../CM7/Core/Src/ltdc.c ****     GPIO_InitStruct.Mode = GPIO_MODE_AF_PP;
 161:../../CM7/Core/Src/ltdc.c ****     GPIO_InitStruct.Pull = GPIO_NOPULL;
 162:../../CM7/Core/Src/ltdc.c ****     GPIO_InitStruct.Speed = GPIO_SPEED_FREQ_VERY_HIGH;
 163:../../CM7/Core/Src/ltdc.c ****     GPIO_InitStruct.Alternate = GPIO_AF14_LTDC;
 164:../../CM7/Core/Src/ltdc.c ****     HAL_GPIO_Init(GPIOI, &GPIO_InitStruct);
 165:../../CM7/Core/Src/ltdc.c **** 
 166:../../CM7/Core/Src/ltdc.c ****   /* USER CODE BEGIN LTDC_MspInit 1 */
 167:../../CM7/Core/Src/ltdc.c **** 
 168:../../CM7/Core/Src/ltdc.c ****   /* USER CODE END LTDC_MspInit 1 */
 169:../../CM7/Core/Src/ltdc.c ****   }
 170:../../CM7/Core/Src/ltdc.c **** }
 255              		.loc 1 170 1 view .LVU85
 256 0022 3DB0     		add	sp, sp, #244
 257              	.LCFI6:
 258              		.cfi_remember_state
 259              		.cfi_def_cfa_offset 20
 260              		@ sp needed
 261 0024 F0BD     		pop	{r4, r5, r6, r7, pc}
 262              	.LVL9:
 263              	.L13:
 264              	.LCFI7:
 265              		.cfi_restore_state
 100:../../CM7/Core/Src/ltdc.c ****     PeriphClkInitStruct.PLL3.PLL3M = 25;
 266              		.loc 1 100 5 is_stmt 1 view .LVU86
 100:../../CM7/Core/Src/ltdc.c ****     PeriphClkInitStruct.PLL3.PLL3M = 25;
 267              		.loc 1 100 46 is_stmt 0 view .LVU87
 268 0026 4FF00052 		mov	r2, #536870912
 269 002a 0023     		movs	r3, #0
 270 002c CDE90423 		strd	r2, [sp, #16]
 101:../../CM7/Core/Src/ltdc.c ****     PeriphClkInitStruct.PLL3.PLL3N = 300;
 271              		.loc 1 101 5 is_stmt 1 view .LVU88
 101:../../CM7/Core/Src/ltdc.c ****     PeriphClkInitStruct.PLL3.PLL3N = 300;
 272              		.loc 1 101 36 is_stmt 0 view .LVU89
 273 0030 1923     		movs	r3, #25
 274 0032 0E93     		str	r3, [sp, #56]
 102:../../CM7/Core/Src/ltdc.c ****     PeriphClkInitStruct.PLL3.PLL3P = 2;
 275              		.loc 1 102 5 is_stmt 1 view .LVU90
 102:../../CM7/Core/Src/ltdc.c ****     PeriphClkInitStruct.PLL3.PLL3P = 2;
 276              		.loc 1 102 36 is_stmt 0 view .LVU91
 277 0034 4FF49673 		mov	r3, #300
 278 0038 0F93     		str	r3, [sp, #60]
 103:../../CM7/Core/Src/ltdc.c ****     PeriphClkInitStruct.PLL3.PLL3Q = 2;
 279              		.loc 1 103 5 is_stmt 1 view .LVU92
 103:../../CM7/Core/Src/ltdc.c ****     PeriphClkInitStruct.PLL3.PLL3Q = 2;
ARM GAS  C:\Users\28576\AppData\Local\Temp\cc8wwfqg.s 			page 9


 280              		.loc 1 103 36 is_stmt 0 view .LVU93
 281 003a 0223     		movs	r3, #2
 282 003c 1093     		str	r3, [sp, #64]
 104:../../CM7/Core/Src/ltdc.c ****     PeriphClkInitStruct.PLL3.PLL3R = 9;
 283              		.loc 1 104 5 is_stmt 1 view .LVU94
 104:../../CM7/Core/Src/ltdc.c ****     PeriphClkInitStruct.PLL3.PLL3R = 9;
 284              		.loc 1 104 36 is_stmt 0 view .LVU95
 285 003e 1193     		str	r3, [sp, #68]
 105:../../CM7/Core/Src/ltdc.c ****     PeriphClkInitStruct.PLL3.PLL3RGE = RCC_PLL3VCIRANGE_1;
 286              		.loc 1 105 5 is_stmt 1 view .LVU96
 105:../../CM7/Core/Src/ltdc.c ****     PeriphClkInitStruct.PLL3.PLL3RGE = RCC_PLL3VCIRANGE_1;
 287              		.loc 1 105 36 is_stmt 0 view .LVU97
 288 0040 0923     		movs	r3, #9
 289 0042 1293     		str	r3, [sp, #72]
 106:../../CM7/Core/Src/ltdc.c ****     PeriphClkInitStruct.PLL3.PLL3VCOSEL = RCC_PLL3VCOWIDE;
 290              		.loc 1 106 5 is_stmt 1 view .LVU98
 106:../../CM7/Core/Src/ltdc.c ****     PeriphClkInitStruct.PLL3.PLL3VCOSEL = RCC_PLL3VCOWIDE;
 291              		.loc 1 106 38 is_stmt 0 view .LVU99
 292 0044 4FF48063 		mov	r3, #1024
 293 0048 1393     		str	r3, [sp, #76]
 107:../../CM7/Core/Src/ltdc.c ****     PeriphClkInitStruct.PLL3.PLL3FRACN = 0;
 294              		.loc 1 107 5 is_stmt 1 view .LVU100
 108:../../CM7/Core/Src/ltdc.c ****     if (HAL_RCCEx_PeriphCLKConfig(&PeriphClkInitStruct) != HAL_OK)
 295              		.loc 1 108 5 view .LVU101
 109:../../CM7/Core/Src/ltdc.c ****     {
 296              		.loc 1 109 5 view .LVU102
 109:../../CM7/Core/Src/ltdc.c ****     {
 297              		.loc 1 109 9 is_stmt 0 view .LVU103
 298 004a 04A8     		add	r0, sp, #16
 299 004c FFF7FEFF 		bl	HAL_RCCEx_PeriphCLKConfig
 300              	.LVL10:
 109:../../CM7/Core/Src/ltdc.c ****     {
 301              		.loc 1 109 8 discriminator 1 view .LVU104
 302 0050 0028     		cmp	r0, #0
 303 0052 55D1     		bne	.L14
 304              	.L11:
 115:../../CM7/Core/Src/ltdc.c **** 
 305              		.loc 1 115 5 is_stmt 1 view .LVU105
 306              	.LBB2:
 115:../../CM7/Core/Src/ltdc.c **** 
 307              		.loc 1 115 5 view .LVU106
 115:../../CM7/Core/Src/ltdc.c **** 
 308              		.loc 1 115 5 view .LVU107
 309 0054 2D4B     		ldr	r3, .L15+4
 310 0056 D3F8E420 		ldr	r2, [r3, #228]
 311 005a 42F00802 		orr	r2, r2, #8
 312 005e C3F8E420 		str	r2, [r3, #228]
 115:../../CM7/Core/Src/ltdc.c **** 
 313              		.loc 1 115 5 view .LVU108
 314 0062 D3F8E420 		ldr	r2, [r3, #228]
 315 0066 02F00802 		and	r2, r2, #8
 316 006a 0092     		str	r2, [sp]
 115:../../CM7/Core/Src/ltdc.c **** 
 317              		.loc 1 115 5 view .LVU109
 318 006c 009A     		ldr	r2, [sp]
 319              	.LBE2:
 115:../../CM7/Core/Src/ltdc.c **** 
ARM GAS  C:\Users\28576\AppData\Local\Temp\cc8wwfqg.s 			page 10


 320              		.loc 1 115 5 view .LVU110
 117:../../CM7/Core/Src/ltdc.c ****     __HAL_RCC_GPIOJ_CLK_ENABLE();
 321              		.loc 1 117 5 view .LVU111
 322              	.LBB3:
 117:../../CM7/Core/Src/ltdc.c ****     __HAL_RCC_GPIOJ_CLK_ENABLE();
 323              		.loc 1 117 5 view .LVU112
 117:../../CM7/Core/Src/ltdc.c ****     __HAL_RCC_GPIOJ_CLK_ENABLE();
 324              		.loc 1 117 5 view .LVU113
 325 006e D3F8E020 		ldr	r2, [r3, #224]
 326 0072 42F48062 		orr	r2, r2, #1024
 327 0076 C3F8E020 		str	r2, [r3, #224]
 117:../../CM7/Core/Src/ltdc.c ****     __HAL_RCC_GPIOJ_CLK_ENABLE();
 328              		.loc 1 117 5 view .LVU114
 329 007a D3F8E020 		ldr	r2, [r3, #224]
 330 007e 02F48062 		and	r2, r2, #1024
 331 0082 0192     		str	r2, [sp, #4]
 117:../../CM7/Core/Src/ltdc.c ****     __HAL_RCC_GPIOJ_CLK_ENABLE();
 332              		.loc 1 117 5 view .LVU115
 333 0084 019A     		ldr	r2, [sp, #4]
 334              	.LBE3:
 117:../../CM7/Core/Src/ltdc.c ****     __HAL_RCC_GPIOJ_CLK_ENABLE();
 335              		.loc 1 117 5 view .LVU116
 118:../../CM7/Core/Src/ltdc.c ****     __HAL_RCC_GPIOI_CLK_ENABLE();
 336              		.loc 1 118 5 view .LVU117
 337              	.LBB4:
 118:../../CM7/Core/Src/ltdc.c ****     __HAL_RCC_GPIOI_CLK_ENABLE();
 338              		.loc 1 118 5 view .LVU118
 118:../../CM7/Core/Src/ltdc.c ****     __HAL_RCC_GPIOI_CLK_ENABLE();
 339              		.loc 1 118 5 view .LVU119
 340 0086 D3F8E020 		ldr	r2, [r3, #224]
 341 008a 42F40072 		orr	r2, r2, #512
 342 008e C3F8E020 		str	r2, [r3, #224]
 118:../../CM7/Core/Src/ltdc.c ****     __HAL_RCC_GPIOI_CLK_ENABLE();
 343              		.loc 1 118 5 view .LVU120
 344 0092 D3F8E020 		ldr	r2, [r3, #224]
 345 0096 02F40072 		and	r2, r2, #512
 346 009a 0292     		str	r2, [sp, #8]
 118:../../CM7/Core/Src/ltdc.c ****     __HAL_RCC_GPIOI_CLK_ENABLE();
 347              		.loc 1 118 5 view .LVU121
 348 009c 029A     		ldr	r2, [sp, #8]
 349              	.LBE4:
 118:../../CM7/Core/Src/ltdc.c ****     __HAL_RCC_GPIOI_CLK_ENABLE();
 350              		.loc 1 118 5 view .LVU122
 119:../../CM7/Core/Src/ltdc.c ****     /**LTDC GPIO Configuration
 351              		.loc 1 119 5 view .LVU123
 352              	.LBB5:
 119:../../CM7/Core/Src/ltdc.c ****     /**LTDC GPIO Configuration
 353              		.loc 1 119 5 view .LVU124
 119:../../CM7/Core/Src/ltdc.c ****     /**LTDC GPIO Configuration
 354              		.loc 1 119 5 view .LVU125
 355 009e D3F8E020 		ldr	r2, [r3, #224]
 356 00a2 42F48072 		orr	r2, r2, #256
 357 00a6 C3F8E020 		str	r2, [r3, #224]
 119:../../CM7/Core/Src/ltdc.c ****     /**LTDC GPIO Configuration
 358              		.loc 1 119 5 view .LVU126
 359 00aa D3F8E030 		ldr	r3, [r3, #224]
 360 00ae 03F48073 		and	r3, r3, #256
ARM GAS  C:\Users\28576\AppData\Local\Temp\cc8wwfqg.s 			page 11


 361 00b2 0393     		str	r3, [sp, #12]
 119:../../CM7/Core/Src/ltdc.c ****     /**LTDC GPIO Configuration
 362              		.loc 1 119 5 view .LVU127
 363 00b4 039B     		ldr	r3, [sp, #12]
 364              	.LBE5:
 119:../../CM7/Core/Src/ltdc.c ****     /**LTDC GPIO Configuration
 365              		.loc 1 119 5 view .LVU128
 142:../../CM7/Core/Src/ltdc.c ****                           |GPIO_PIN_7|GPIO_PIN_2|GPIO_PIN_0|GPIO_PIN_1;
 366              		.loc 1 142 5 view .LVU129
 142:../../CM7/Core/Src/ltdc.c ****                           |GPIO_PIN_7|GPIO_PIN_2|GPIO_PIN_0|GPIO_PIN_1;
 367              		.loc 1 142 25 is_stmt 0 view .LVU130
 368 00b6 FF23     		movs	r3, #255
 369 00b8 3793     		str	r3, [sp, #220]
 144:../../CM7/Core/Src/ltdc.c ****     GPIO_InitStruct.Pull = GPIO_NOPULL;
 370              		.loc 1 144 5 is_stmt 1 view .LVU131
 144:../../CM7/Core/Src/ltdc.c ****     GPIO_InitStruct.Pull = GPIO_NOPULL;
 371              		.loc 1 144 26 is_stmt 0 view .LVU132
 372 00ba 0224     		movs	r4, #2
 373              	.LVL11:
 144:../../CM7/Core/Src/ltdc.c ****     GPIO_InitStruct.Pull = GPIO_NOPULL;
 374              		.loc 1 144 26 view .LVU133
 375 00bc 3894     		str	r4, [sp, #224]
 145:../../CM7/Core/Src/ltdc.c ****     GPIO_InitStruct.Speed = GPIO_SPEED_FREQ_VERY_HIGH;
 376              		.loc 1 145 5 is_stmt 1 view .LVU134
 145:../../CM7/Core/Src/ltdc.c ****     GPIO_InitStruct.Speed = GPIO_SPEED_FREQ_VERY_HIGH;
 377              		.loc 1 145 26 is_stmt 0 view .LVU135
 378 00be 0025     		movs	r5, #0
 379 00c0 3995     		str	r5, [sp, #228]
 146:../../CM7/Core/Src/ltdc.c ****     GPIO_InitStruct.Alternate = GPIO_AF14_LTDC;
 380              		.loc 1 146 5 is_stmt 1 view .LVU136
 146:../../CM7/Core/Src/ltdc.c ****     GPIO_InitStruct.Alternate = GPIO_AF14_LTDC;
 381              		.loc 1 146 27 is_stmt 0 view .LVU137
 382 00c2 0326     		movs	r6, #3
 383 00c4 3A96     		str	r6, [sp, #232]
 147:../../CM7/Core/Src/ltdc.c ****     HAL_GPIO_Init(GPIOK, &GPIO_InitStruct);
 384              		.loc 1 147 5 is_stmt 1 view .LVU138
 147:../../CM7/Core/Src/ltdc.c ****     HAL_GPIO_Init(GPIOK, &GPIO_InitStruct);
 385              		.loc 1 147 31 is_stmt 0 view .LVU139
 386 00c6 0E27     		movs	r7, #14
 387 00c8 3B97     		str	r7, [sp, #236]
 148:../../CM7/Core/Src/ltdc.c **** 
 388              		.loc 1 148 5 is_stmt 1 view .LVU140
 389 00ca 37A9     		add	r1, sp, #220
 390 00cc 1048     		ldr	r0, .L15+8
 391 00ce FFF7FEFF 		bl	HAL_GPIO_Init
 392              	.LVL12:
 150:../../CM7/Core/Src/ltdc.c ****                           |GPIO_PIN_6|GPIO_PIN_5|GPIO_PIN_2|GPIO_PIN_3
 393              		.loc 1 150 5 view .LVU141
 150:../../CM7/Core/Src/ltdc.c ****                           |GPIO_PIN_6|GPIO_PIN_5|GPIO_PIN_2|GPIO_PIN_3
 394              		.loc 1 150 25 is_stmt 0 view .LVU142
 395 00d2 48F67C63 		movw	r3, #36476
 396 00d6 3793     		str	r3, [sp, #220]
 153:../../CM7/Core/Src/ltdc.c ****     GPIO_InitStruct.Pull = GPIO_NOPULL;
 397              		.loc 1 153 5 is_stmt 1 view .LVU143
 153:../../CM7/Core/Src/ltdc.c ****     GPIO_InitStruct.Pull = GPIO_NOPULL;
 398              		.loc 1 153 26 is_stmt 0 view .LVU144
 399 00d8 3894     		str	r4, [sp, #224]
ARM GAS  C:\Users\28576\AppData\Local\Temp\cc8wwfqg.s 			page 12


 154:../../CM7/Core/Src/ltdc.c ****     GPIO_InitStruct.Speed = GPIO_SPEED_FREQ_VERY_HIGH;
 400              		.loc 1 154 5 is_stmt 1 view .LVU145
 154:../../CM7/Core/Src/ltdc.c ****     GPIO_InitStruct.Speed = GPIO_SPEED_FREQ_VERY_HIGH;
 401              		.loc 1 154 26 is_stmt 0 view .LVU146
 402 00da 3995     		str	r5, [sp, #228]
 155:../../CM7/Core/Src/ltdc.c ****     GPIO_InitStruct.Alternate = GPIO_AF14_LTDC;
 403              		.loc 1 155 5 is_stmt 1 view .LVU147
 155:../../CM7/Core/Src/ltdc.c ****     GPIO_InitStruct.Alternate = GPIO_AF14_LTDC;
 404              		.loc 1 155 27 is_stmt 0 view .LVU148
 405 00dc 3A96     		str	r6, [sp, #232]
 156:../../CM7/Core/Src/ltdc.c ****     HAL_GPIO_Init(GPIOJ, &GPIO_InitStruct);
 406              		.loc 1 156 5 is_stmt 1 view .LVU149
 156:../../CM7/Core/Src/ltdc.c ****     HAL_GPIO_Init(GPIOJ, &GPIO_InitStruct);
 407              		.loc 1 156 31 is_stmt 0 view .LVU150
 408 00de 3B97     		str	r7, [sp, #236]
 157:../../CM7/Core/Src/ltdc.c **** 
 409              		.loc 1 157 5 is_stmt 1 view .LVU151
 410 00e0 37A9     		add	r1, sp, #220
 411 00e2 0C48     		ldr	r0, .L15+12
 412 00e4 FFF7FEFF 		bl	HAL_GPIO_Init
 413              	.LVL13:
 159:../../CM7/Core/Src/ltdc.c ****     GPIO_InitStruct.Mode = GPIO_MODE_AF_PP;
 414              		.loc 1 159 5 view .LVU152
 159:../../CM7/Core/Src/ltdc.c ****     GPIO_InitStruct.Mode = GPIO_MODE_AF_PP;
 415              		.loc 1 159 25 is_stmt 0 view .LVU153
 416 00e8 4FF4E043 		mov	r3, #28672
 417 00ec 3793     		str	r3, [sp, #220]
 160:../../CM7/Core/Src/ltdc.c ****     GPIO_InitStruct.Pull = GPIO_NOPULL;
 418              		.loc 1 160 5 is_stmt 1 view .LVU154
 160:../../CM7/Core/Src/ltdc.c ****     GPIO_InitStruct.Pull = GPIO_NOPULL;
 419              		.loc 1 160 26 is_stmt 0 view .LVU155
 420 00ee 3894     		str	r4, [sp, #224]
 161:../../CM7/Core/Src/ltdc.c ****     GPIO_InitStruct.Speed = GPIO_SPEED_FREQ_VERY_HIGH;
 421              		.loc 1 161 5 is_stmt 1 view .LVU156
 161:../../CM7/Core/Src/ltdc.c ****     GPIO_InitStruct.Speed = GPIO_SPEED_FREQ_VERY_HIGH;
 422              		.loc 1 161 26 is_stmt 0 view .LVU157
 423 00f0 3995     		str	r5, [sp, #228]
 162:../../CM7/Core/Src/ltdc.c ****     GPIO_InitStruct.Alternate = GPIO_AF14_LTDC;
 424              		.loc 1 162 5 is_stmt 1 view .LVU158
 162:../../CM7/Core/Src/ltdc.c ****     GPIO_InitStruct.Alternate = GPIO_AF14_LTDC;
 425              		.loc 1 162 27 is_stmt 0 view .LVU159
 426 00f2 3A96     		str	r6, [sp, #232]
 163:../../CM7/Core/Src/ltdc.c ****     HAL_GPIO_Init(GPIOI, &GPIO_InitStruct);
 427              		.loc 1 163 5 is_stmt 1 view .LVU160
 163:../../CM7/Core/Src/ltdc.c ****     HAL_GPIO_Init(GPIOI, &GPIO_InitStruct);
 428              		.loc 1 163 31 is_stmt 0 view .LVU161
 429 00f4 3B97     		str	r7, [sp, #236]
 164:../../CM7/Core/Src/ltdc.c **** 
 430              		.loc 1 164 5 is_stmt 1 view .LVU162
 431 00f6 37A9     		add	r1, sp, #220
 432 00f8 0748     		ldr	r0, .L15+16
 433 00fa FFF7FEFF 		bl	HAL_GPIO_Init
 434              	.LVL14:
 435              		.loc 1 170 1 is_stmt 0 view .LVU163
 436 00fe 90E7     		b	.L9
 437              	.LVL15:
 438              	.L14:
ARM GAS  C:\Users\28576\AppData\Local\Temp\cc8wwfqg.s 			page 13


 111:../../CM7/Core/Src/ltdc.c ****     }
 439              		.loc 1 111 7 is_stmt 1 view .LVU164
 440 0100 FFF7FEFF 		bl	Error_Handler
 441              	.LVL16:
 442 0104 A6E7     		b	.L11
 443              	.L16:
 444 0106 00BF     		.align	2
 445              	.L15:
 446 0108 00100050 		.word	1342181376
 447 010c 00440258 		.word	1476543488
 448 0110 00280258 		.word	1476536320
 449 0114 00240258 		.word	1476535296
 450 0118 00200258 		.word	1476534272
 451              		.cfi_endproc
 452              	.LFE145:
 454              		.section	.text.HAL_LTDC_MspDeInit,"ax",%progbits
 455              		.align	1
 456              		.global	HAL_LTDC_MspDeInit
 457              		.syntax unified
 458              		.thumb
 459              		.thumb_func
 461              	HAL_LTDC_MspDeInit:
 462              	.LVL17:
 463              	.LFB146:
 171:../../CM7/Core/Src/ltdc.c **** 
 172:../../CM7/Core/Src/ltdc.c **** void HAL_LTDC_MspDeInit(LTDC_HandleTypeDef* ltdcHandle)
 173:../../CM7/Core/Src/ltdc.c **** {
 464              		.loc 1 173 1 view -0
 465              		.cfi_startproc
 466              		@ args = 0, pretend = 0, frame = 0
 467              		@ frame_needed = 0, uses_anonymous_args = 0
 468              		.loc 1 173 1 is_stmt 0 view .LVU166
 469 0000 08B5     		push	{r3, lr}
 470              	.LCFI8:
 471              		.cfi_def_cfa_offset 8
 472              		.cfi_offset 3, -8
 473              		.cfi_offset 14, -4
 174:../../CM7/Core/Src/ltdc.c **** 
 175:../../CM7/Core/Src/ltdc.c ****   if(ltdcHandle->Instance==LTDC)
 474              		.loc 1 175 3 is_stmt 1 view .LVU167
 475              		.loc 1 175 16 is_stmt 0 view .LVU168
 476 0002 0268     		ldr	r2, [r0]
 477              		.loc 1 175 5 view .LVU169
 478 0004 0C4B     		ldr	r3, .L21
 479 0006 9A42     		cmp	r2, r3
 480 0008 00D0     		beq	.L20
 481              	.LVL18:
 482              	.L17:
 176:../../CM7/Core/Src/ltdc.c ****   {
 177:../../CM7/Core/Src/ltdc.c ****   /* USER CODE BEGIN LTDC_MspDeInit 0 */
 178:../../CM7/Core/Src/ltdc.c **** 
 179:../../CM7/Core/Src/ltdc.c ****   /* USER CODE END LTDC_MspDeInit 0 */
 180:../../CM7/Core/Src/ltdc.c ****     /* Peripheral clock disable */
 181:../../CM7/Core/Src/ltdc.c ****     __HAL_RCC_LTDC_CLK_DISABLE();
 182:../../CM7/Core/Src/ltdc.c **** 
 183:../../CM7/Core/Src/ltdc.c ****     /**LTDC GPIO Configuration
 184:../../CM7/Core/Src/ltdc.c ****     PK5     ------> LTDC_B6
ARM GAS  C:\Users\28576\AppData\Local\Temp\cc8wwfqg.s 			page 14


 185:../../CM7/Core/Src/ltdc.c ****     PK4     ------> LTDC_B5
 186:../../CM7/Core/Src/ltdc.c ****     PJ15     ------> LTDC_B3
 187:../../CM7/Core/Src/ltdc.c ****     PK6     ------> LTDC_B7
 188:../../CM7/Core/Src/ltdc.c ****     PK3     ------> LTDC_B4
 189:../../CM7/Core/Src/ltdc.c ****     PK7     ------> LTDC_DE
 190:../../CM7/Core/Src/ltdc.c ****     PI12     ------> LTDC_HSYNC
 191:../../CM7/Core/Src/ltdc.c ****     PI13     ------> LTDC_VSYNC
 192:../../CM7/Core/Src/ltdc.c ****     PI14     ------> LTDC_CLK
 193:../../CM7/Core/Src/ltdc.c ****     PK2     ------> LTDC_G7
 194:../../CM7/Core/Src/ltdc.c ****     PK0     ------> LTDC_G5
 195:../../CM7/Core/Src/ltdc.c ****     PK1     ------> LTDC_G6
 196:../../CM7/Core/Src/ltdc.c ****     PJ11     ------> LTDC_G4
 197:../../CM7/Core/Src/ltdc.c ****     PJ10     ------> LTDC_G3
 198:../../CM7/Core/Src/ltdc.c ****     PJ9     ------> LTDC_G2
 199:../../CM7/Core/Src/ltdc.c ****     PJ6     ------> LTDC_R7
 200:../../CM7/Core/Src/ltdc.c ****     PJ5     ------> LTDC_R6
 201:../../CM7/Core/Src/ltdc.c ****     PJ2     ------> LTDC_R3
 202:../../CM7/Core/Src/ltdc.c ****     PJ3     ------> LTDC_R4
 203:../../CM7/Core/Src/ltdc.c ****     PJ4     ------> LTDC_R5
 204:../../CM7/Core/Src/ltdc.c ****     */
 205:../../CM7/Core/Src/ltdc.c ****     HAL_GPIO_DeInit(GPIOK, GPIO_PIN_5|GPIO_PIN_4|GPIO_PIN_6|GPIO_PIN_3
 206:../../CM7/Core/Src/ltdc.c ****                           |GPIO_PIN_7|GPIO_PIN_2|GPIO_PIN_0|GPIO_PIN_1);
 207:../../CM7/Core/Src/ltdc.c **** 
 208:../../CM7/Core/Src/ltdc.c ****     HAL_GPIO_DeInit(GPIOJ, GPIO_PIN_15|GPIO_PIN_11|GPIO_PIN_10|GPIO_PIN_9
 209:../../CM7/Core/Src/ltdc.c ****                           |GPIO_PIN_6|GPIO_PIN_5|GPIO_PIN_2|GPIO_PIN_3
 210:../../CM7/Core/Src/ltdc.c ****                           |GPIO_PIN_4);
 211:../../CM7/Core/Src/ltdc.c **** 
 212:../../CM7/Core/Src/ltdc.c ****     HAL_GPIO_DeInit(GPIOI, GPIO_PIN_12|GPIO_PIN_13|GPIO_PIN_14);
 213:../../CM7/Core/Src/ltdc.c **** 
 214:../../CM7/Core/Src/ltdc.c ****   /* USER CODE BEGIN LTDC_MspDeInit 1 */
 215:../../CM7/Core/Src/ltdc.c **** 
 216:../../CM7/Core/Src/ltdc.c ****   /* USER CODE END LTDC_MspDeInit 1 */
 217:../../CM7/Core/Src/ltdc.c ****   }
 218:../../CM7/Core/Src/ltdc.c **** }
 483              		.loc 1 218 1 view .LVU170
 484 000a 08BD     		pop	{r3, pc}
 485              	.LVL19:
 486              	.L20:
 181:../../CM7/Core/Src/ltdc.c **** 
 487              		.loc 1 181 5 is_stmt 1 view .LVU171
 488 000c 0B4A     		ldr	r2, .L21+4
 489 000e D2F8E430 		ldr	r3, [r2, #228]
 490 0012 23F00803 		bic	r3, r3, #8
 491 0016 C2F8E430 		str	r3, [r2, #228]
 205:../../CM7/Core/Src/ltdc.c ****                           |GPIO_PIN_7|GPIO_PIN_2|GPIO_PIN_0|GPIO_PIN_1);
 492              		.loc 1 205 5 view .LVU172
 493 001a FF21     		movs	r1, #255
 494 001c 0848     		ldr	r0, .L21+8
 495              	.LVL20:
 205:../../CM7/Core/Src/ltdc.c ****                           |GPIO_PIN_7|GPIO_PIN_2|GPIO_PIN_0|GPIO_PIN_1);
 496              		.loc 1 205 5 is_stmt 0 view .LVU173
 497 001e FFF7FEFF 		bl	HAL_GPIO_DeInit
 498              	.LVL21:
 208:../../CM7/Core/Src/ltdc.c ****                           |GPIO_PIN_6|GPIO_PIN_5|GPIO_PIN_2|GPIO_PIN_3
 499              		.loc 1 208 5 is_stmt 1 view .LVU174
 500 0022 48F67C61 		movw	r1, #36476
 501 0026 0748     		ldr	r0, .L21+12
ARM GAS  C:\Users\28576\AppData\Local\Temp\cc8wwfqg.s 			page 15


 502 0028 FFF7FEFF 		bl	HAL_GPIO_DeInit
 503              	.LVL22:
 212:../../CM7/Core/Src/ltdc.c **** 
 504              		.loc 1 212 5 view .LVU175
 505 002c 4FF4E041 		mov	r1, #28672
 506 0030 0548     		ldr	r0, .L21+16
 507 0032 FFF7FEFF 		bl	HAL_GPIO_DeInit
 508              	.LVL23:
 509              		.loc 1 218 1 is_stmt 0 view .LVU176
 510 0036 E8E7     		b	.L17
 511              	.L22:
 512              		.align	2
 513              	.L21:
 514 0038 00100050 		.word	1342181376
 515 003c 00440258 		.word	1476543488
 516 0040 00280258 		.word	1476536320
 517 0044 00240258 		.word	1476535296
 518 0048 00200258 		.word	1476534272
 519              		.cfi_endproc
 520              	.LFE146:
 522              		.global	hltdc
 523              		.section	.bss.hltdc,"aw",%nobits
 524              		.align	2
 527              	hltdc:
 528 0000 00000000 		.space	168
 528      00000000 
 528      00000000 
 528      00000000 
 528      00000000 
 529              		.text
 530              	.Letext0:
 531              		.file 2 "C:/Users/28576/AppData/Roaming/xPacks/@xpack-dev-tools/arm-none-eabi-gcc/15.2.1-1.1.1/.co
 532              		.file 3 "C:/Users/28576/AppData/Roaming/xPacks/@xpack-dev-tools/arm-none-eabi-gcc/15.2.1-1.1.1/.co
 533              		.file 4 "../../Drivers/CMSIS/Device/ST/STM32H7xx/Include/stm32h747xx.h"
 534              		.file 5 "../../Drivers/STM32H7xx_HAL_Driver/Inc/stm32h7xx_hal_def.h"
 535              		.file 6 "../../Drivers/STM32H7xx_HAL_Driver/Inc/stm32h7xx_hal_rcc_ex.h"
 536              		.file 7 "../../Drivers/STM32H7xx_HAL_Driver/Inc/stm32h7xx_hal_gpio.h"
 537              		.file 8 "../../Drivers/STM32H7xx_HAL_Driver/Inc/stm32h7xx_hal_ltdc.h"
 538              		.file 9 "../../CM7/Core/Inc/ltdc.h"
 539              		.file 10 "../../CM7/Core/Inc/main.h"
 540              		.file 11 "<built-in>"
ARM GAS  C:\Users\28576\AppData\Local\Temp\cc8wwfqg.s 			page 16


DEFINED SYMBOLS
                            *ABS*:00000000 ltdc.c
C:\Users\28576\AppData\Local\Temp\cc8wwfqg.s:20     .text.MX_LTDC_Init:00000000 $t
C:\Users\28576\AppData\Local\Temp\cc8wwfqg.s:26     .text.MX_LTDC_Init:00000000 MX_LTDC_Init
C:\Users\28576\AppData\Local\Temp\cc8wwfqg.s:198    .text.MX_LTDC_Init:000000b8 $d
C:\Users\28576\AppData\Local\Temp\cc8wwfqg.s:527    .bss.hltdc:00000000 hltdc
C:\Users\28576\AppData\Local\Temp\cc8wwfqg.s:204    .text.HAL_LTDC_MspInit:00000000 $t
C:\Users\28576\AppData\Local\Temp\cc8wwfqg.s:210    .text.HAL_LTDC_MspInit:00000000 HAL_LTDC_MspInit
C:\Users\28576\AppData\Local\Temp\cc8wwfqg.s:446    .text.HAL_LTDC_MspInit:00000108 $d
C:\Users\28576\AppData\Local\Temp\cc8wwfqg.s:455    .text.HAL_LTDC_MspDeInit:00000000 $t
C:\Users\28576\AppData\Local\Temp\cc8wwfqg.s:461    .text.HAL_LTDC_MspDeInit:00000000 HAL_LTDC_MspDeInit
C:\Users\28576\AppData\Local\Temp\cc8wwfqg.s:514    .text.HAL_LTDC_MspDeInit:00000038 $d
C:\Users\28576\AppData\Local\Temp\cc8wwfqg.s:524    .bss.hltdc:00000000 $d

UNDEFINED SYMBOLS
memset
HAL_LTDC_Init
HAL_LTDC_ConfigLayer
Error_Handler
HAL_RCCEx_PeriphCLKConfig
HAL_GPIO_Init
HAL_GPIO_DeInit
