ARM GAS  C:\Users\28576\AppData\Local\Temp\ccTwxcPP.s 			page 1


   1              		.cpu cortex-m7
   2              		.arch armv7e-m
   3              		.fpu fpv5-d16
   4              		.eabi_attribute 28, 1
   5              		.eabi_attribute 20, 1
   6              		.eabi_attribute 21, 1
   7              		.eabi_attribute 23, 3
   8              		.eabi_attribute 24, 1
   9              		.eabi_attribute 25, 1
  10              		.eabi_attribute 26, 1
  11              		.eabi_attribute 30, 1
  12              		.eabi_attribute 34, 1
  13              		.eabi_attribute 18, 4
  14              		.file	"stm32h7xx_it.c"
  15              		.text
  16              	.Ltext0:
  17              		.cfi_sections	.debug_frame
  18              		.file 1 "../../CM7/Core/Src/stm32h7xx_it.c"
  19              		.section	.text.NMI_Handler,"ax",%progbits
  20              		.align	1
  21              		.global	NMI_Handler
  22              		.syntax unified
  23              		.thumb
  24              		.thumb_func
  26              	NMI_Handler:
  27              	.LFB144:
   1:../../CM7/Core/Src/stm32h7xx_it.c **** /* USER CODE BEGIN Header */
   2:../../CM7/Core/Src/stm32h7xx_it.c **** /**
   3:../../CM7/Core/Src/stm32h7xx_it.c ****   ******************************************************************************
   4:../../CM7/Core/Src/stm32h7xx_it.c ****   * @file    stm32h7xx_it.c
   5:../../CM7/Core/Src/stm32h7xx_it.c ****   * @brief   Interrupt Service Routines.
   6:../../CM7/Core/Src/stm32h7xx_it.c ****   ******************************************************************************
   7:../../CM7/Core/Src/stm32h7xx_it.c ****   * @attention
   8:../../CM7/Core/Src/stm32h7xx_it.c ****   *
   9:../../CM7/Core/Src/stm32h7xx_it.c ****   * Copyright (c) 2026 STMicroelectronics.
  10:../../CM7/Core/Src/stm32h7xx_it.c ****   * All rights reserved.
  11:../../CM7/Core/Src/stm32h7xx_it.c ****   *
  12:../../CM7/Core/Src/stm32h7xx_it.c ****   * This software is licensed under terms that can be found in the LICENSE file
  13:../../CM7/Core/Src/stm32h7xx_it.c ****   * in the root directory of this software component.
  14:../../CM7/Core/Src/stm32h7xx_it.c ****   * If no LICENSE file comes with this software, it is provided AS-IS.
  15:../../CM7/Core/Src/stm32h7xx_it.c ****   *
  16:../../CM7/Core/Src/stm32h7xx_it.c ****   ******************************************************************************
  17:../../CM7/Core/Src/stm32h7xx_it.c ****   */
  18:../../CM7/Core/Src/stm32h7xx_it.c **** /* USER CODE END Header */
  19:../../CM7/Core/Src/stm32h7xx_it.c **** 
  20:../../CM7/Core/Src/stm32h7xx_it.c **** /* Includes ------------------------------------------------------------------*/
  21:../../CM7/Core/Src/stm32h7xx_it.c **** #include "main.h"
  22:../../CM7/Core/Src/stm32h7xx_it.c **** #include "stm32h7xx_it.h"
  23:../../CM7/Core/Src/stm32h7xx_it.c **** /* Private includes ----------------------------------------------------------*/
  24:../../CM7/Core/Src/stm32h7xx_it.c **** /* USER CODE BEGIN Includes */
  25:../../CM7/Core/Src/stm32h7xx_it.c **** /* USER CODE END Includes */
  26:../../CM7/Core/Src/stm32h7xx_it.c **** 
  27:../../CM7/Core/Src/stm32h7xx_it.c **** /* Private typedef -----------------------------------------------------------*/
  28:../../CM7/Core/Src/stm32h7xx_it.c **** /* USER CODE BEGIN TD */
  29:../../CM7/Core/Src/stm32h7xx_it.c **** 
  30:../../CM7/Core/Src/stm32h7xx_it.c **** /* USER CODE END TD */
  31:../../CM7/Core/Src/stm32h7xx_it.c **** 
ARM GAS  C:\Users\28576\AppData\Local\Temp\ccTwxcPP.s 			page 2


  32:../../CM7/Core/Src/stm32h7xx_it.c **** /* Private define ------------------------------------------------------------*/
  33:../../CM7/Core/Src/stm32h7xx_it.c **** /* USER CODE BEGIN PD */
  34:../../CM7/Core/Src/stm32h7xx_it.c **** 
  35:../../CM7/Core/Src/stm32h7xx_it.c **** /* USER CODE END PD */
  36:../../CM7/Core/Src/stm32h7xx_it.c **** 
  37:../../CM7/Core/Src/stm32h7xx_it.c **** /* Private macro -------------------------------------------------------------*/
  38:../../CM7/Core/Src/stm32h7xx_it.c **** /* USER CODE BEGIN PM */
  39:../../CM7/Core/Src/stm32h7xx_it.c **** 
  40:../../CM7/Core/Src/stm32h7xx_it.c **** /* USER CODE END PM */
  41:../../CM7/Core/Src/stm32h7xx_it.c **** 
  42:../../CM7/Core/Src/stm32h7xx_it.c **** /* Private variables ---------------------------------------------------------*/
  43:../../CM7/Core/Src/stm32h7xx_it.c **** /* USER CODE BEGIN PV */
  44:../../CM7/Core/Src/stm32h7xx_it.c **** 
  45:../../CM7/Core/Src/stm32h7xx_it.c **** /* USER CODE END PV */
  46:../../CM7/Core/Src/stm32h7xx_it.c **** 
  47:../../CM7/Core/Src/stm32h7xx_it.c **** /* Private function prototypes -----------------------------------------------*/
  48:../../CM7/Core/Src/stm32h7xx_it.c **** /* USER CODE BEGIN PFP */
  49:../../CM7/Core/Src/stm32h7xx_it.c **** 
  50:../../CM7/Core/Src/stm32h7xx_it.c **** /* USER CODE END PFP */
  51:../../CM7/Core/Src/stm32h7xx_it.c **** 
  52:../../CM7/Core/Src/stm32h7xx_it.c **** /* Private user code ---------------------------------------------------------*/
  53:../../CM7/Core/Src/stm32h7xx_it.c **** /* USER CODE BEGIN 0 */
  54:../../CM7/Core/Src/stm32h7xx_it.c **** 
  55:../../CM7/Core/Src/stm32h7xx_it.c **** /* USER CODE END 0 */
  56:../../CM7/Core/Src/stm32h7xx_it.c **** 
  57:../../CM7/Core/Src/stm32h7xx_it.c **** /* External variables --------------------------------------------------------*/
  58:../../CM7/Core/Src/stm32h7xx_it.c **** extern UART_HandleTypeDef huart1;
  59:../../CM7/Core/Src/stm32h7xx_it.c **** /* USER CODE BEGIN EV */
  60:../../CM7/Core/Src/stm32h7xx_it.c **** 
  61:../../CM7/Core/Src/stm32h7xx_it.c **** /* USER CODE END EV */
  62:../../CM7/Core/Src/stm32h7xx_it.c **** 
  63:../../CM7/Core/Src/stm32h7xx_it.c **** /******************************************************************************/
  64:../../CM7/Core/Src/stm32h7xx_it.c **** /*           Cortex Processor Interruption and Exception Handlers          */
  65:../../CM7/Core/Src/stm32h7xx_it.c **** /******************************************************************************/
  66:../../CM7/Core/Src/stm32h7xx_it.c **** /**
  67:../../CM7/Core/Src/stm32h7xx_it.c ****   * @brief This function handles Non maskable interrupt.
  68:../../CM7/Core/Src/stm32h7xx_it.c ****   */
  69:../../CM7/Core/Src/stm32h7xx_it.c **** void NMI_Handler(void)
  70:../../CM7/Core/Src/stm32h7xx_it.c **** {
  28              		.loc 1 70 1 view -0
  29              		.cfi_startproc
  30              		@ Volatile: function does not return.
  31              		@ args = 0, pretend = 0, frame = 0
  32              		@ frame_needed = 0, uses_anonymous_args = 0
  33              		@ link register save eliminated.
  34              	.L2:
  71:../../CM7/Core/Src/stm32h7xx_it.c ****   /* USER CODE BEGIN NonMaskableInt_IRQn 0 */
  72:../../CM7/Core/Src/stm32h7xx_it.c **** 
  73:../../CM7/Core/Src/stm32h7xx_it.c ****   /* USER CODE END NonMaskableInt_IRQn 0 */
  74:../../CM7/Core/Src/stm32h7xx_it.c ****   /* USER CODE BEGIN NonMaskableInt_IRQn 1 */
  75:../../CM7/Core/Src/stm32h7xx_it.c ****    while (1)
  35              		.loc 1 75 4 view .LVU1
  76:../../CM7/Core/Src/stm32h7xx_it.c ****   {
  77:../../CM7/Core/Src/stm32h7xx_it.c ****   }
  36              		.loc 1 77 3 view .LVU2
  75:../../CM7/Core/Src/stm32h7xx_it.c ****   {
  37              		.loc 1 75 10 view .LVU3
ARM GAS  C:\Users\28576\AppData\Local\Temp\ccTwxcPP.s 			page 3


  38 0000 FEE7     		b	.L2
  39              		.cfi_endproc
  40              	.LFE144:
  42              		.section	.text.HardFault_Handler,"ax",%progbits
  43              		.align	1
  44              		.global	HardFault_Handler
  45              		.syntax unified
  46              		.thumb
  47              		.thumb_func
  49              	HardFault_Handler:
  50              	.LFB145:
  78:../../CM7/Core/Src/stm32h7xx_it.c ****   /* USER CODE END NonMaskableInt_IRQn 1 */
  79:../../CM7/Core/Src/stm32h7xx_it.c **** }
  80:../../CM7/Core/Src/stm32h7xx_it.c **** 
  81:../../CM7/Core/Src/stm32h7xx_it.c **** /**
  82:../../CM7/Core/Src/stm32h7xx_it.c ****   * @brief This function handles Hard fault interrupt.
  83:../../CM7/Core/Src/stm32h7xx_it.c ****   */
  84:../../CM7/Core/Src/stm32h7xx_it.c **** void HardFault_Handler(void)
  85:../../CM7/Core/Src/stm32h7xx_it.c **** {
  51              		.loc 1 85 1 view -0
  52              		.cfi_startproc
  53              		@ Volatile: function does not return.
  54              		@ args = 0, pretend = 0, frame = 0
  55              		@ frame_needed = 0, uses_anonymous_args = 0
  56              		@ link register save eliminated.
  57              	.L4:
  86:../../CM7/Core/Src/stm32h7xx_it.c ****   /* USER CODE BEGIN HardFault_IRQn 0 */
  87:../../CM7/Core/Src/stm32h7xx_it.c **** 
  88:../../CM7/Core/Src/stm32h7xx_it.c ****   /* USER CODE END HardFault_IRQn 0 */
  89:../../CM7/Core/Src/stm32h7xx_it.c ****   while (1)
  58              		.loc 1 89 3 view .LVU5
  90:../../CM7/Core/Src/stm32h7xx_it.c ****   {
  91:../../CM7/Core/Src/stm32h7xx_it.c ****     /* USER CODE BEGIN W1_HardFault_IRQn 0 */
  92:../../CM7/Core/Src/stm32h7xx_it.c ****     /* USER CODE END W1_HardFault_IRQn 0 */
  93:../../CM7/Core/Src/stm32h7xx_it.c ****   }
  59              		.loc 1 93 3 view .LVU6
  89:../../CM7/Core/Src/stm32h7xx_it.c ****   {
  60              		.loc 1 89 9 view .LVU7
  61 0000 FEE7     		b	.L4
  62              		.cfi_endproc
  63              	.LFE145:
  65              		.section	.text.MemManage_Handler,"ax",%progbits
  66              		.align	1
  67              		.global	MemManage_Handler
  68              		.syntax unified
  69              		.thumb
  70              		.thumb_func
  72              	MemManage_Handler:
  73              	.LFB146:
  94:../../CM7/Core/Src/stm32h7xx_it.c **** }
  95:../../CM7/Core/Src/stm32h7xx_it.c **** 
  96:../../CM7/Core/Src/stm32h7xx_it.c **** /**
  97:../../CM7/Core/Src/stm32h7xx_it.c ****   * @brief This function handles Memory management fault.
  98:../../CM7/Core/Src/stm32h7xx_it.c ****   */
  99:../../CM7/Core/Src/stm32h7xx_it.c **** void MemManage_Handler(void)
 100:../../CM7/Core/Src/stm32h7xx_it.c **** {
  74              		.loc 1 100 1 view -0
ARM GAS  C:\Users\28576\AppData\Local\Temp\ccTwxcPP.s 			page 4


  75              		.cfi_startproc
  76              		@ Volatile: function does not return.
  77              		@ args = 0, pretend = 0, frame = 0
  78              		@ frame_needed = 0, uses_anonymous_args = 0
  79              		@ link register save eliminated.
  80              	.L6:
 101:../../CM7/Core/Src/stm32h7xx_it.c ****   /* USER CODE BEGIN MemoryManagement_IRQn 0 */
 102:../../CM7/Core/Src/stm32h7xx_it.c **** 
 103:../../CM7/Core/Src/stm32h7xx_it.c ****   /* USER CODE END MemoryManagement_IRQn 0 */
 104:../../CM7/Core/Src/stm32h7xx_it.c ****   while (1)
  81              		.loc 1 104 3 view .LVU9
 105:../../CM7/Core/Src/stm32h7xx_it.c ****   {
 106:../../CM7/Core/Src/stm32h7xx_it.c ****     /* USER CODE BEGIN W1_MemoryManagement_IRQn 0 */
 107:../../CM7/Core/Src/stm32h7xx_it.c ****     /* USER CODE END W1_MemoryManagement_IRQn 0 */
 108:../../CM7/Core/Src/stm32h7xx_it.c ****   }
  82              		.loc 1 108 3 view .LVU10
 104:../../CM7/Core/Src/stm32h7xx_it.c ****   {
  83              		.loc 1 104 9 view .LVU11
  84 0000 FEE7     		b	.L6
  85              		.cfi_endproc
  86              	.LFE146:
  88              		.section	.text.BusFault_Handler,"ax",%progbits
  89              		.align	1
  90              		.global	BusFault_Handler
  91              		.syntax unified
  92              		.thumb
  93              		.thumb_func
  95              	BusFault_Handler:
  96              	.LFB147:
 109:../../CM7/Core/Src/stm32h7xx_it.c **** }
 110:../../CM7/Core/Src/stm32h7xx_it.c **** 
 111:../../CM7/Core/Src/stm32h7xx_it.c **** /**
 112:../../CM7/Core/Src/stm32h7xx_it.c ****   * @brief This function handles Pre-fetch fault, memory access fault.
 113:../../CM7/Core/Src/stm32h7xx_it.c ****   */
 114:../../CM7/Core/Src/stm32h7xx_it.c **** void BusFault_Handler(void)
 115:../../CM7/Core/Src/stm32h7xx_it.c **** {
  97              		.loc 1 115 1 view -0
  98              		.cfi_startproc
  99              		@ Volatile: function does not return.
 100              		@ args = 0, pretend = 0, frame = 0
 101              		@ frame_needed = 0, uses_anonymous_args = 0
 102              		@ link register save eliminated.
 103              	.L8:
 116:../../CM7/Core/Src/stm32h7xx_it.c ****   /* USER CODE BEGIN BusFault_IRQn 0 */
 117:../../CM7/Core/Src/stm32h7xx_it.c **** 
 118:../../CM7/Core/Src/stm32h7xx_it.c ****   /* USER CODE END BusFault_IRQn 0 */
 119:../../CM7/Core/Src/stm32h7xx_it.c ****   while (1)
 104              		.loc 1 119 3 view .LVU13
 120:../../CM7/Core/Src/stm32h7xx_it.c ****   {
 121:../../CM7/Core/Src/stm32h7xx_it.c ****     /* USER CODE BEGIN W1_BusFault_IRQn 0 */
 122:../../CM7/Core/Src/stm32h7xx_it.c ****     /* USER CODE END W1_BusFault_IRQn 0 */
 123:../../CM7/Core/Src/stm32h7xx_it.c ****   }
 105              		.loc 1 123 3 view .LVU14
 119:../../CM7/Core/Src/stm32h7xx_it.c ****   {
 106              		.loc 1 119 9 view .LVU15
 107 0000 FEE7     		b	.L8
 108              		.cfi_endproc
ARM GAS  C:\Users\28576\AppData\Local\Temp\ccTwxcPP.s 			page 5


 109              	.LFE147:
 111              		.section	.text.UsageFault_Handler,"ax",%progbits
 112              		.align	1
 113              		.global	UsageFault_Handler
 114              		.syntax unified
 115              		.thumb
 116              		.thumb_func
 118              	UsageFault_Handler:
 119              	.LFB148:
 124:../../CM7/Core/Src/stm32h7xx_it.c **** }
 125:../../CM7/Core/Src/stm32h7xx_it.c **** 
 126:../../CM7/Core/Src/stm32h7xx_it.c **** /**
 127:../../CM7/Core/Src/stm32h7xx_it.c ****   * @brief This function handles Undefined instruction or illegal state.
 128:../../CM7/Core/Src/stm32h7xx_it.c ****   */
 129:../../CM7/Core/Src/stm32h7xx_it.c **** void UsageFault_Handler(void)
 130:../../CM7/Core/Src/stm32h7xx_it.c **** {
 120              		.loc 1 130 1 view -0
 121              		.cfi_startproc
 122              		@ Volatile: function does not return.
 123              		@ args = 0, pretend = 0, frame = 0
 124              		@ frame_needed = 0, uses_anonymous_args = 0
 125              		@ link register save eliminated.
 126              	.L10:
 131:../../CM7/Core/Src/stm32h7xx_it.c ****   /* USER CODE BEGIN UsageFault_IRQn 0 */
 132:../../CM7/Core/Src/stm32h7xx_it.c **** 
 133:../../CM7/Core/Src/stm32h7xx_it.c ****   /* USER CODE END UsageFault_IRQn 0 */
 134:../../CM7/Core/Src/stm32h7xx_it.c ****   while (1)
 127              		.loc 1 134 3 view .LVU17
 135:../../CM7/Core/Src/stm32h7xx_it.c ****   {
 136:../../CM7/Core/Src/stm32h7xx_it.c ****     /* USER CODE BEGIN W1_UsageFault_IRQn 0 */
 137:../../CM7/Core/Src/stm32h7xx_it.c ****     /* USER CODE END W1_UsageFault_IRQn 0 */
 138:../../CM7/Core/Src/stm32h7xx_it.c ****   }
 128              		.loc 1 138 3 view .LVU18
 134:../../CM7/Core/Src/stm32h7xx_it.c ****   {
 129              		.loc 1 134 9 view .LVU19
 130 0000 FEE7     		b	.L10
 131              		.cfi_endproc
 132              	.LFE148:
 134              		.section	.text.SVC_Handler,"ax",%progbits
 135              		.align	1
 136              		.global	SVC_Handler
 137              		.syntax unified
 138              		.thumb
 139              		.thumb_func
 141              	SVC_Handler:
 142              	.LFB149:
 139:../../CM7/Core/Src/stm32h7xx_it.c **** }
 140:../../CM7/Core/Src/stm32h7xx_it.c **** 
 141:../../CM7/Core/Src/stm32h7xx_it.c **** /**
 142:../../CM7/Core/Src/stm32h7xx_it.c ****   * @brief This function handles System service call via SWI instruction.
 143:../../CM7/Core/Src/stm32h7xx_it.c ****   */
 144:../../CM7/Core/Src/stm32h7xx_it.c **** void SVC_Handler(void)
 145:../../CM7/Core/Src/stm32h7xx_it.c **** {
 143              		.loc 1 145 1 view -0
 144              		.cfi_startproc
 145              		@ args = 0, pretend = 0, frame = 0
 146              		@ frame_needed = 0, uses_anonymous_args = 0
ARM GAS  C:\Users\28576\AppData\Local\Temp\ccTwxcPP.s 			page 6


 147              		@ link register save eliminated.
 146:../../CM7/Core/Src/stm32h7xx_it.c ****   /* USER CODE BEGIN SVCall_IRQn 0 */
 147:../../CM7/Core/Src/stm32h7xx_it.c **** 
 148:../../CM7/Core/Src/stm32h7xx_it.c ****   /* USER CODE END SVCall_IRQn 0 */
 149:../../CM7/Core/Src/stm32h7xx_it.c ****   /* USER CODE BEGIN SVCall_IRQn 1 */
 150:../../CM7/Core/Src/stm32h7xx_it.c **** 
 151:../../CM7/Core/Src/stm32h7xx_it.c ****   /* USER CODE END SVCall_IRQn 1 */
 152:../../CM7/Core/Src/stm32h7xx_it.c **** }
 148              		.loc 1 152 1 view .LVU21
 149 0000 7047     		bx	lr
 150              		.cfi_endproc
 151              	.LFE149:
 153              		.section	.text.DebugMon_Handler,"ax",%progbits
 154              		.align	1
 155              		.global	DebugMon_Handler
 156              		.syntax unified
 157              		.thumb
 158              		.thumb_func
 160              	DebugMon_Handler:
 161              	.LFB150:
 153:../../CM7/Core/Src/stm32h7xx_it.c **** 
 154:../../CM7/Core/Src/stm32h7xx_it.c **** /**
 155:../../CM7/Core/Src/stm32h7xx_it.c ****   * @brief This function handles Debug monitor.
 156:../../CM7/Core/Src/stm32h7xx_it.c ****   */
 157:../../CM7/Core/Src/stm32h7xx_it.c **** void DebugMon_Handler(void)
 158:../../CM7/Core/Src/stm32h7xx_it.c **** {
 162              		.loc 1 158 1 view -0
 163              		.cfi_startproc
 164              		@ args = 0, pretend = 0, frame = 0
 165              		@ frame_needed = 0, uses_anonymous_args = 0
 166              		@ link register save eliminated.
 159:../../CM7/Core/Src/stm32h7xx_it.c ****   /* USER CODE BEGIN DebugMonitor_IRQn 0 */
 160:../../CM7/Core/Src/stm32h7xx_it.c **** 
 161:../../CM7/Core/Src/stm32h7xx_it.c ****   /* USER CODE END DebugMonitor_IRQn 0 */
 162:../../CM7/Core/Src/stm32h7xx_it.c ****   /* USER CODE BEGIN DebugMonitor_IRQn 1 */
 163:../../CM7/Core/Src/stm32h7xx_it.c **** 
 164:../../CM7/Core/Src/stm32h7xx_it.c ****   /* USER CODE END DebugMonitor_IRQn 1 */
 165:../../CM7/Core/Src/stm32h7xx_it.c **** }
 167              		.loc 1 165 1 view .LVU23
 168 0000 7047     		bx	lr
 169              		.cfi_endproc
 170              	.LFE150:
 172              		.section	.text.PendSV_Handler,"ax",%progbits
 173              		.align	1
 174              		.global	PendSV_Handler
 175              		.syntax unified
 176              		.thumb
 177              		.thumb_func
 179              	PendSV_Handler:
 180              	.LFB151:
 166:../../CM7/Core/Src/stm32h7xx_it.c **** 
 167:../../CM7/Core/Src/stm32h7xx_it.c **** /**
 168:../../CM7/Core/Src/stm32h7xx_it.c ****   * @brief This function handles Pendable request for system service.
 169:../../CM7/Core/Src/stm32h7xx_it.c ****   */
 170:../../CM7/Core/Src/stm32h7xx_it.c **** void PendSV_Handler(void)
 171:../../CM7/Core/Src/stm32h7xx_it.c **** {
 181              		.loc 1 171 1 view -0
ARM GAS  C:\Users\28576\AppData\Local\Temp\ccTwxcPP.s 			page 7


 182              		.cfi_startproc
 183              		@ args = 0, pretend = 0, frame = 0
 184              		@ frame_needed = 0, uses_anonymous_args = 0
 185              		@ link register save eliminated.
 172:../../CM7/Core/Src/stm32h7xx_it.c ****   /* USER CODE BEGIN PendSV_IRQn 0 */
 173:../../CM7/Core/Src/stm32h7xx_it.c **** 
 174:../../CM7/Core/Src/stm32h7xx_it.c ****   /* USER CODE END PendSV_IRQn 0 */
 175:../../CM7/Core/Src/stm32h7xx_it.c ****   /* USER CODE BEGIN PendSV_IRQn 1 */
 176:../../CM7/Core/Src/stm32h7xx_it.c **** 
 177:../../CM7/Core/Src/stm32h7xx_it.c ****   /* USER CODE END PendSV_IRQn 1 */
 178:../../CM7/Core/Src/stm32h7xx_it.c **** }
 186              		.loc 1 178 1 view .LVU25
 187 0000 7047     		bx	lr
 188              		.cfi_endproc
 189              	.LFE151:
 191              		.section	.text.SysTick_Handler,"ax",%progbits
 192              		.align	1
 193              		.global	SysTick_Handler
 194              		.syntax unified
 195              		.thumb
 196              		.thumb_func
 198              	SysTick_Handler:
 199              	.LFB152:
 179:../../CM7/Core/Src/stm32h7xx_it.c **** 
 180:../../CM7/Core/Src/stm32h7xx_it.c **** /**
 181:../../CM7/Core/Src/stm32h7xx_it.c ****   * @brief This function handles System tick timer.
 182:../../CM7/Core/Src/stm32h7xx_it.c ****   */
 183:../../CM7/Core/Src/stm32h7xx_it.c **** void SysTick_Handler(void)
 184:../../CM7/Core/Src/stm32h7xx_it.c **** {
 200              		.loc 1 184 1 view -0
 201              		.cfi_startproc
 202              		@ args = 0, pretend = 0, frame = 0
 203              		@ frame_needed = 0, uses_anonymous_args = 0
 204 0000 08B5     		push	{r3, lr}
 205              	.LCFI0:
 206              		.cfi_def_cfa_offset 8
 207              		.cfi_offset 3, -8
 208              		.cfi_offset 14, -4
 185:../../CM7/Core/Src/stm32h7xx_it.c ****   /* USER CODE BEGIN SysTick_IRQn 0 */
 186:../../CM7/Core/Src/stm32h7xx_it.c **** 
 187:../../CM7/Core/Src/stm32h7xx_it.c ****   /* USER CODE END SysTick_IRQn 0 */
 188:../../CM7/Core/Src/stm32h7xx_it.c ****   HAL_IncTick();
 209              		.loc 1 188 3 view .LVU27
 210 0002 FFF7FEFF 		bl	HAL_IncTick
 211              	.LVL0:
 189:../../CM7/Core/Src/stm32h7xx_it.c ****   /* USER CODE BEGIN SysTick_IRQn 1 */
 190:../../CM7/Core/Src/stm32h7xx_it.c **** 
 191:../../CM7/Core/Src/stm32h7xx_it.c ****   /* USER CODE END SysTick_IRQn 1 */
 192:../../CM7/Core/Src/stm32h7xx_it.c **** }
 212              		.loc 1 192 1 is_stmt 0 view .LVU28
 213 0006 08BD     		pop	{r3, pc}
 214              		.cfi_endproc
 215              	.LFE152:
 217              		.section	.text.EXTI9_5_IRQHandler,"ax",%progbits
 218              		.align	1
 219              		.global	EXTI9_5_IRQHandler
 220              		.syntax unified
ARM GAS  C:\Users\28576\AppData\Local\Temp\ccTwxcPP.s 			page 8


 221              		.thumb
 222              		.thumb_func
 224              	EXTI9_5_IRQHandler:
 225              	.LFB153:
 193:../../CM7/Core/Src/stm32h7xx_it.c **** 
 194:../../CM7/Core/Src/stm32h7xx_it.c **** /******************************************************************************/
 195:../../CM7/Core/Src/stm32h7xx_it.c **** /* STM32H7xx Peripheral Interrupt Handlers                                    */
 196:../../CM7/Core/Src/stm32h7xx_it.c **** /* Add here the Interrupt Handlers for the used peripherals.                  */
 197:../../CM7/Core/Src/stm32h7xx_it.c **** /* For the available peripheral interrupt handler names,                      */
 198:../../CM7/Core/Src/stm32h7xx_it.c **** /* please refer to the startup file (startup_stm32h7xx.s).                    */
 199:../../CM7/Core/Src/stm32h7xx_it.c **** /******************************************************************************/
 200:../../CM7/Core/Src/stm32h7xx_it.c **** 
 201:../../CM7/Core/Src/stm32h7xx_it.c **** /**
 202:../../CM7/Core/Src/stm32h7xx_it.c ****   * @brief This function handles EXTI line[9:5] interrupts.
 203:../../CM7/Core/Src/stm32h7xx_it.c ****   */
 204:../../CM7/Core/Src/stm32h7xx_it.c **** void EXTI9_5_IRQHandler(void)
 205:../../CM7/Core/Src/stm32h7xx_it.c **** {
 226              		.loc 1 205 1 is_stmt 1 view -0
 227              		.cfi_startproc
 228              		@ args = 0, pretend = 0, frame = 0
 229              		@ frame_needed = 0, uses_anonymous_args = 0
 230 0000 08B5     		push	{r3, lr}
 231              	.LCFI1:
 232              		.cfi_def_cfa_offset 8
 233              		.cfi_offset 3, -8
 234              		.cfi_offset 14, -4
 206:../../CM7/Core/Src/stm32h7xx_it.c ****   /* USER CODE BEGIN EXTI9_5_IRQn 0 */
 207:../../CM7/Core/Src/stm32h7xx_it.c **** 
 208:../../CM7/Core/Src/stm32h7xx_it.c ****   /* USER CODE END EXTI9_5_IRQn 0 */
 209:../../CM7/Core/Src/stm32h7xx_it.c ****   HAL_GPIO_EXTI_IRQHandler(GPIO_PIN_8);
 235              		.loc 1 209 3 view .LVU30
 236 0002 4FF48070 		mov	r0, #256
 237 0006 FFF7FEFF 		bl	HAL_GPIO_EXTI_IRQHandler
 238              	.LVL1:
 210:../../CM7/Core/Src/stm32h7xx_it.c ****   /* USER CODE BEGIN EXTI9_5_IRQn 1 */
 211:../../CM7/Core/Src/stm32h7xx_it.c **** 
 212:../../CM7/Core/Src/stm32h7xx_it.c ****   /* USER CODE END EXTI9_5_IRQn 1 */
 213:../../CM7/Core/Src/stm32h7xx_it.c **** }
 239              		.loc 1 213 1 is_stmt 0 view .LVU31
 240 000a 08BD     		pop	{r3, pc}
 241              		.cfi_endproc
 242              	.LFE153:
 244              		.section	.text.USART1_IRQHandler,"ax",%progbits
 245              		.align	1
 246              		.global	USART1_IRQHandler
 247              		.syntax unified
 248              		.thumb
 249              		.thumb_func
 251              	USART1_IRQHandler:
 252              	.LFB154:
 214:../../CM7/Core/Src/stm32h7xx_it.c **** 
 215:../../CM7/Core/Src/stm32h7xx_it.c **** /**
 216:../../CM7/Core/Src/stm32h7xx_it.c ****   * @brief This function handles USART1 global interrupt.
 217:../../CM7/Core/Src/stm32h7xx_it.c ****   */
 218:../../CM7/Core/Src/stm32h7xx_it.c **** void USART1_IRQHandler(void)
 219:../../CM7/Core/Src/stm32h7xx_it.c **** {
 253              		.loc 1 219 1 is_stmt 1 view -0
ARM GAS  C:\Users\28576\AppData\Local\Temp\ccTwxcPP.s 			page 9


 254              		.cfi_startproc
 255              		@ args = 0, pretend = 0, frame = 0
 256              		@ frame_needed = 0, uses_anonymous_args = 0
 257 0000 08B5     		push	{r3, lr}
 258              	.LCFI2:
 259              		.cfi_def_cfa_offset 8
 260              		.cfi_offset 3, -8
 261              		.cfi_offset 14, -4
 220:../../CM7/Core/Src/stm32h7xx_it.c ****   /* USER CODE BEGIN USART1_IRQn 0 */
 221:../../CM7/Core/Src/stm32h7xx_it.c **** 
 222:../../CM7/Core/Src/stm32h7xx_it.c ****   /* USER CODE END USART1_IRQn 0 */
 223:../../CM7/Core/Src/stm32h7xx_it.c ****   HAL_UART_IRQHandler(&huart1);
 262              		.loc 1 223 3 view .LVU33
 263 0002 0248     		ldr	r0, .L20
 264 0004 FFF7FEFF 		bl	HAL_UART_IRQHandler
 265              	.LVL2:
 224:../../CM7/Core/Src/stm32h7xx_it.c ****   /* USER CODE BEGIN USART1_IRQn 1 */
 225:../../CM7/Core/Src/stm32h7xx_it.c **** 
 226:../../CM7/Core/Src/stm32h7xx_it.c ****   /* USER CODE END USART1_IRQn 1 */
 227:../../CM7/Core/Src/stm32h7xx_it.c **** }
 266              		.loc 1 227 1 is_stmt 0 view .LVU34
 267 0008 08BD     		pop	{r3, pc}
 268              	.L21:
 269 000a 00BF     		.align	2
 270              	.L20:
 271 000c 00000000 		.word	huart1
 272              		.cfi_endproc
 273              	.LFE154:
 275              		.text
 276              	.Letext0:
 277              		.file 2 "C:/Users/28576/AppData/Roaming/xPacks/@xpack-dev-tools/arm-none-eabi-gcc/15.2.1-1.1.1/.co
 278              		.file 3 "C:/Users/28576/AppData/Roaming/xPacks/@xpack-dev-tools/arm-none-eabi-gcc/15.2.1-1.1.1/.co
 279              		.file 4 "../../Drivers/CMSIS/Device/ST/STM32H7xx/Include/stm32h747xx.h"
 280              		.file 5 "../../Drivers/STM32H7xx_HAL_Driver/Inc/stm32h7xx_hal_def.h"
 281              		.file 6 "../../Drivers/STM32H7xx_HAL_Driver/Inc/stm32h7xx_hal_dma.h"
 282              		.file 7 "../../Drivers/STM32H7xx_HAL_Driver/Inc/stm32h7xx_hal_uart.h"
 283              		.file 8 "../../Drivers/STM32H7xx_HAL_Driver/Inc/stm32h7xx_hal_gpio.h"
 284              		.file 9 "../../Drivers/STM32H7xx_HAL_Driver/Inc/stm32h7xx_hal.h"
ARM GAS  C:\Users\28576\AppData\Local\Temp\ccTwxcPP.s 			page 10


DEFINED SYMBOLS
                            *ABS*:00000000 stm32h7xx_it.c
C:\Users\28576\AppData\Local\Temp\ccTwxcPP.s:20     .text.NMI_Handler:00000000 $t
C:\Users\28576\AppData\Local\Temp\ccTwxcPP.s:26     .text.NMI_Handler:00000000 NMI_Handler
C:\Users\28576\AppData\Local\Temp\ccTwxcPP.s:43     .text.HardFault_Handler:00000000 $t
C:\Users\28576\AppData\Local\Temp\ccTwxcPP.s:49     .text.HardFault_Handler:00000000 HardFault_Handler
C:\Users\28576\AppData\Local\Temp\ccTwxcPP.s:66     .text.MemManage_Handler:00000000 $t
C:\Users\28576\AppData\Local\Temp\ccTwxcPP.s:72     .text.MemManage_Handler:00000000 MemManage_Handler
C:\Users\28576\AppData\Local\Temp\ccTwxcPP.s:89     .text.BusFault_Handler:00000000 $t
C:\Users\28576\AppData\Local\Temp\ccTwxcPP.s:95     .text.BusFault_Handler:00000000 BusFault_Handler
C:\Users\28576\AppData\Local\Temp\ccTwxcPP.s:112    .text.UsageFault_Handler:00000000 $t
C:\Users\28576\AppData\Local\Temp\ccTwxcPP.s:118    .text.UsageFault_Handler:00000000 UsageFault_Handler
C:\Users\28576\AppData\Local\Temp\ccTwxcPP.s:135    .text.SVC_Handler:00000000 $t
C:\Users\28576\AppData\Local\Temp\ccTwxcPP.s:141    .text.SVC_Handler:00000000 SVC_Handler
C:\Users\28576\AppData\Local\Temp\ccTwxcPP.s:154    .text.DebugMon_Handler:00000000 $t
C:\Users\28576\AppData\Local\Temp\ccTwxcPP.s:160    .text.DebugMon_Handler:00000000 DebugMon_Handler
C:\Users\28576\AppData\Local\Temp\ccTwxcPP.s:173    .text.PendSV_Handler:00000000 $t
C:\Users\28576\AppData\Local\Temp\ccTwxcPP.s:179    .text.PendSV_Handler:00000000 PendSV_Handler
C:\Users\28576\AppData\Local\Temp\ccTwxcPP.s:192    .text.SysTick_Handler:00000000 $t
C:\Users\28576\AppData\Local\Temp\ccTwxcPP.s:198    .text.SysTick_Handler:00000000 SysTick_Handler
C:\Users\28576\AppData\Local\Temp\ccTwxcPP.s:218    .text.EXTI9_5_IRQHandler:00000000 $t
C:\Users\28576\AppData\Local\Temp\ccTwxcPP.s:224    .text.EXTI9_5_IRQHandler:00000000 EXTI9_5_IRQHandler
C:\Users\28576\AppData\Local\Temp\ccTwxcPP.s:245    .text.USART1_IRQHandler:00000000 $t
C:\Users\28576\AppData\Local\Temp\ccTwxcPP.s:251    .text.USART1_IRQHandler:00000000 USART1_IRQHandler
C:\Users\28576\AppData\Local\Temp\ccTwxcPP.s:271    .text.USART1_IRQHandler:0000000c $d

UNDEFINED SYMBOLS
HAL_IncTick
HAL_GPIO_EXTI_IRQHandler
HAL_UART_IRQHandler
huart1
