ARM GAS  C:\Users\28576\AppData\Local\Temp\ccfzV602.s 			page 1


   1              		.cpu cortex-m7
   2              		.arch armv7e-m
   3              		.fpu fpv5-d16
   4              		.eabi_attribute 28, 1
   5              		.eabi_attribute 20, 1
   6              		.eabi_attribute 21, 1
   7              		.eabi_attribute 23, 3
   8              		.eabi_attribute 24, 1
   9              		.eabi_attribute 25, 1
  10              		.eabi_attribute 26, 1
  11              		.eabi_attribute 30, 1
  12              		.eabi_attribute 34, 1
  13              		.eabi_attribute 18, 4
  14              		.file	"app_rgb_touch.c"
  15              		.text
  16              	.Ltext0:
  17              		.cfi_sections	.debug_frame
  18              		.file 1 "../../CM7/Core/Src/app_rgb_touch.c"
  19              		.section	.text.load_draw_dialog,"ax",%progbits
  20              		.align	1
  21              		.syntax unified
  22              		.thumb
  23              		.thumb_func
  25              	load_draw_dialog:
  26              	.LFB147:
   1:../../CM7/Core/Src/app_rgb_touch.c **** /**
   2:../../CM7/Core/Src/app_rgb_touch.c ****  * @file app_rgb_touch.c
   3:../../CM7/Core/Src/app_rgb_touch.c ****  * @brief RGB 屏 + 触摸 BSP 应用层（本文件不在 CubeMX 生成列表内，可安全保留
   4:../../CM7/Core/Src/app_rgb_touch.c ****  */
   5:../../CM7/Core/Src/app_rgb_touch.c **** #include "app_rgb_touch.h"
   6:../../CM7/Core/Src/app_rgb_touch.c **** 
   7:../../CM7/Core/Src/app_rgb_touch.c **** #include "main.h"
   8:../../CM7/Core/Src/app_rgb_touch.c **** #include <stdio.h>
   9:../../CM7/Core/Src/app_rgb_touch.c **** 
  10:../../CM7/Core/Src/app_rgb_touch.c **** #include "bsp_delay.h"
  11:../../CM7/Core/Src/app_rgb_touch.c **** #include "mpu.h"
  12:../../CM7/Core/Src/app_rgb_touch.c **** #include "sdram.h"
  13:../../CM7/Core/Src/app_rgb_touch.c **** #include "lcd.h"
  14:../../CM7/Core/Src/app_rgb_touch.c **** #include "lcd_ltdc.h"
  15:../../CM7/Core/Src/app_rgb_touch.c **** #include "touch.h"
  16:../../CM7/Core/Src/app_rgb_touch.c **** 
  17:../../CM7/Core/Src/app_rgb_touch.c **** static uint16_t s_lastpos[10][2];
  18:../../CM7/Core/Src/app_rgb_touch.c **** static uint8_t s_maxp = 5;
  19:../../CM7/Core/Src/app_rgb_touch.c **** 
  20:../../CM7/Core/Src/app_rgb_touch.c **** static void load_draw_dialog(void)
  21:../../CM7/Core/Src/app_rgb_touch.c **** {
  27              		.loc 1 21 1 view -0
  28              		.cfi_startproc
  29              		@ args = 0, pretend = 0, frame = 0
  30              		@ frame_needed = 0, uses_anonymous_args = 0
  31 0000 08B5     		push	{r3, lr}
  32              	.LCFI0:
  33              		.cfi_def_cfa_offset 8
  34              		.cfi_offset 3, -8
  35              		.cfi_offset 14, -4
  22:../../CM7/Core/Src/app_rgb_touch.c ****   lcd_clear(WHITE);
  36              		.loc 1 22 3 view .LVU1
ARM GAS  C:\Users\28576\AppData\Local\Temp\ccfzV602.s 			page 2


  37 0002 4FF6FF70 		movw	r0, #65535
  38 0006 FFF7FEFF 		bl	lcd_clear
  39              	.LVL0:
  23:../../CM7/Core/Src/app_rgb_touch.c ****   ltdc_framebuffer_sync();
  40              		.loc 1 23 3 view .LVU2
  41 000a FFF7FEFF 		bl	ltdc_framebuffer_sync
  42              	.LVL1:
  24:../../CM7/Core/Src/app_rgb_touch.c **** }
  43              		.loc 1 24 1 is_stmt 0 view .LVU3
  44 000e 08BD     		pop	{r3, pc}
  45              		.cfi_endproc
  46              	.LFE147:
  48              		.section	.text.lcd_draw_bline,"ax",%progbits
  49              		.align	1
  50              		.syntax unified
  51              		.thumb
  52              		.thumb_func
  54              	lcd_draw_bline:
  55              	.LVL2:
  56              	.LFB148:
  25:../../CM7/Core/Src/app_rgb_touch.c **** 
  26:../../CM7/Core/Src/app_rgb_touch.c **** static void lcd_draw_bline(uint16_t x1, uint16_t y1, uint16_t x2, uint16_t y2, uint8_t size, uint32
  27:../../CM7/Core/Src/app_rgb_touch.c **** {
  57              		.loc 1 27 1 is_stmt 1 view -0
  58              		.cfi_startproc
  59              		@ args = 8, pretend = 0, frame = 16
  60              		@ frame_needed = 0, uses_anonymous_args = 0
  61              		.loc 1 27 1 is_stmt 0 view .LVU5
  62 0000 2DE9F04F 		push	{r4, r5, r6, r7, r8, r9, r10, fp, lr}
  63              	.LCFI1:
  64              		.cfi_def_cfa_offset 36
  65              		.cfi_offset 4, -36
  66              		.cfi_offset 5, -32
  67              		.cfi_offset 6, -28
  68              		.cfi_offset 7, -24
  69              		.cfi_offset 8, -20
  70              		.cfi_offset 9, -16
  71              		.cfi_offset 10, -12
  72              		.cfi_offset 11, -8
  73              		.cfi_offset 14, -4
  74 0004 85B0     		sub	sp, sp, #20
  75              	.LCFI2:
  76              		.cfi_def_cfa_offset 56
  77 0006 9DF838C0 		ldrb	ip, [sp, #56]	@ zero_extendqisi2
  28:../../CM7/Core/Src/app_rgb_touch.c ****   uint16_t t;
  78              		.loc 1 28 3 is_stmt 1 view .LVU6
  29:../../CM7/Core/Src/app_rgb_touch.c ****   int xerr = 0, yerr = 0, delta_x, delta_y, distance;
  79              		.loc 1 29 3 view .LVU7
  80              	.LVL3:
  30:../../CM7/Core/Src/app_rgb_touch.c ****   int incx, incy, row, col;
  81              		.loc 1 30 3 view .LVU8
  31:../../CM7/Core/Src/app_rgb_touch.c **** 
  32:../../CM7/Core/Src/app_rgb_touch.c ****   if (x1 < size || x2 < size || y1 < size || y2 < size)
  82              		.loc 1 32 3 view .LVU9
  83              		.loc 1 32 6 is_stmt 0 view .LVU10
  84 000a 8445     		cmp	ip, r0
  85 000c 58D8     		bhi	.L3
ARM GAS  C:\Users\28576\AppData\Local\Temp\ccfzV602.s 			page 3


  86              		.loc 1 32 17 discriminator 1 view .LVU11
  87 000e 9445     		cmp	ip, r2
  88 0010 56D8     		bhi	.L3
  89              		.loc 1 32 30 discriminator 2 view .LVU12
  90 0012 8C45     		cmp	ip, r1
  91 0014 54D8     		bhi	.L3
  92              		.loc 1 32 43 discriminator 3 view .LVU13
  93 0016 9C45     		cmp	ip, r3
  94 0018 52D8     		bhi	.L3
  33:../../CM7/Core/Src/app_rgb_touch.c ****   {
  34:../../CM7/Core/Src/app_rgb_touch.c ****     return;
  35:../../CM7/Core/Src/app_rgb_touch.c ****   }
  36:../../CM7/Core/Src/app_rgb_touch.c **** 
  37:../../CM7/Core/Src/app_rgb_touch.c ****   delta_x = x2 - x1;
  95              		.loc 1 37 3 is_stmt 1 view .LVU14
  96              		.loc 1 37 16 is_stmt 0 view .LVU15
  97 001a 8146     		mov	r9, r0
  98              		.loc 1 37 11 view .LVU16
  99 001c A2EB000E 		sub	lr, r2, r0
 100              	.LVL4:
  38:../../CM7/Core/Src/app_rgb_touch.c ****   delta_y = y2 - y1;
 101              		.loc 1 38 3 is_stmt 1 view .LVU17
 102              		.loc 1 38 16 is_stmt 0 view .LVU18
 103 0020 8A46     		mov	r10, r1
 104              		.loc 1 38 11 view .LVU19
 105 0022 A3EB0108 		sub	r8, r3, r1
 106              	.LVL5:
  39:../../CM7/Core/Src/app_rgb_touch.c ****   row = x1;
 107              		.loc 1 39 3 is_stmt 1 view .LVU20
  40:../../CM7/Core/Src/app_rgb_touch.c ****   col = y1;
 108              		.loc 1 40 3 view .LVU21
  41:../../CM7/Core/Src/app_rgb_touch.c **** 
  42:../../CM7/Core/Src/app_rgb_touch.c ****   if (delta_x > 0)
 109              		.loc 1 42 3 view .LVU22
 110              		.loc 1 42 6 is_stmt 0 view .LVU23
 111 0026 BEF1000F 		cmp	lr, #0
 112 002a 11DD     		ble	.L18
  43:../../CM7/Core/Src/app_rgb_touch.c ****   {
  44:../../CM7/Core/Src/app_rgb_touch.c ****     incx = 1;
 113              		.loc 1 44 10 view .LVU24
 114 002c 0122     		movs	r2, #1
 115              	.LVL6:
 116              		.loc 1 44 10 view .LVU25
 117 002e 0292     		str	r2, [sp, #8]
 118              	.L5:
 119              	.LVL7:
  45:../../CM7/Core/Src/app_rgb_touch.c ****   }
  46:../../CM7/Core/Src/app_rgb_touch.c ****   else if (delta_x == 0)
  47:../../CM7/Core/Src/app_rgb_touch.c ****   {
  48:../../CM7/Core/Src/app_rgb_touch.c ****     incx = 0;
  49:../../CM7/Core/Src/app_rgb_touch.c ****   }
  50:../../CM7/Core/Src/app_rgb_touch.c ****   else
  51:../../CM7/Core/Src/app_rgb_touch.c ****   {
  52:../../CM7/Core/Src/app_rgb_touch.c ****     incx = -1;
  53:../../CM7/Core/Src/app_rgb_touch.c ****     delta_x = -delta_x;
  54:../../CM7/Core/Src/app_rgb_touch.c ****   }
  55:../../CM7/Core/Src/app_rgb_touch.c **** 
ARM GAS  C:\Users\28576\AppData\Local\Temp\ccfzV602.s 			page 4


  56:../../CM7/Core/Src/app_rgb_touch.c ****   if (delta_y > 0)
 120              		.loc 1 56 3 is_stmt 1 view .LVU26
 121              		.loc 1 56 6 is_stmt 0 view .LVU27
 122 0030 B8F1000F 		cmp	r8, #0
 123 0034 18DD     		ble	.L19
  57:../../CM7/Core/Src/app_rgb_touch.c ****   {
  58:../../CM7/Core/Src/app_rgb_touch.c ****     incy = 1;
 124              		.loc 1 58 10 view .LVU28
 125 0036 0123     		movs	r3, #1
 126              	.LVL8:
 127              		.loc 1 58 10 view .LVU29
 128 0038 0393     		str	r3, [sp, #12]
 129              	.L6:
 130              	.LVL9:
  59:../../CM7/Core/Src/app_rgb_touch.c ****   }
  60:../../CM7/Core/Src/app_rgb_touch.c ****   else if (delta_y == 0)
  61:../../CM7/Core/Src/app_rgb_touch.c ****   {
  62:../../CM7/Core/Src/app_rgb_touch.c ****     incy = 0;
  63:../../CM7/Core/Src/app_rgb_touch.c ****   }
  64:../../CM7/Core/Src/app_rgb_touch.c ****   else
  65:../../CM7/Core/Src/app_rgb_touch.c ****   {
  66:../../CM7/Core/Src/app_rgb_touch.c ****     incy = -1;
  67:../../CM7/Core/Src/app_rgb_touch.c ****     delta_y = -delta_y;
  68:../../CM7/Core/Src/app_rgb_touch.c ****   }
  69:../../CM7/Core/Src/app_rgb_touch.c **** 
  70:../../CM7/Core/Src/app_rgb_touch.c ****   if (delta_x > delta_y)
 131              		.loc 1 70 3 is_stmt 1 view .LVU30
 132              		.loc 1 70 6 is_stmt 0 view .LVU31
 133 003a C645     		cmp	lr, r8
 134 003c 20DD     		ble	.L16
  71:../../CM7/Core/Src/app_rgb_touch.c ****   {
  72:../../CM7/Core/Src/app_rgb_touch.c ****     distance = delta_x;
 135              		.loc 1 72 14 view .LVU32
 136 003e 7646     		mov	r6, lr
 137              	.L7:
 138              	.LVL10:
  73:../../CM7/Core/Src/app_rgb_touch.c ****   }
  74:../../CM7/Core/Src/app_rgb_touch.c ****   else
  75:../../CM7/Core/Src/app_rgb_touch.c ****   {
  76:../../CM7/Core/Src/app_rgb_touch.c ****     distance = delta_y;
  77:../../CM7/Core/Src/app_rgb_touch.c ****   }
  78:../../CM7/Core/Src/app_rgb_touch.c **** 
  79:../../CM7/Core/Src/app_rgb_touch.c ****   for (t = 0; t <= distance + 1; t++)
 139              		.loc 1 79 3 is_stmt 1 view .LVU33
  29:../../CM7/Core/Src/app_rgb_touch.c ****   int incx, incy, row, col;
 140              		.loc 1 29 17 is_stmt 0 view .LVU34
 141 0040 0025     		movs	r5, #0
  29:../../CM7/Core/Src/app_rgb_touch.c ****   int incx, incy, row, col;
 142              		.loc 1 29 7 view .LVU35
 143 0042 2F46     		mov	r7, r5
 144              		.loc 1 79 10 view .LVU36
 145 0044 2C46     		mov	r4, r5
 146 0046 C346     		mov	fp, r8
 147 0048 F046     		mov	r8, lr
 148              	.LVL11:
 149              		.loc 1 79 10 view .LVU37
 150 004a CDF804C0 		str	ip, [sp, #4]
ARM GAS  C:\Users\28576\AppData\Local\Temp\ccfzV602.s 			page 5


 151              		.loc 1 79 3 view .LVU38
 152 004e 1BE0     		b	.L8
 153              	.LVL12:
 154              	.L18:
  46:../../CM7/Core/Src/app_rgb_touch.c ****   {
 155              		.loc 1 46 8 is_stmt 1 view .LVU39
  46:../../CM7/Core/Src/app_rgb_touch.c ****   {
 156              		.loc 1 46 11 is_stmt 0 view .LVU40
 157 0050 BEF1000F 		cmp	lr, #0
 158 0054 05D0     		beq	.L13
  52:../../CM7/Core/Src/app_rgb_touch.c ****     delta_x = -delta_x;
 159              		.loc 1 52 5 is_stmt 1 view .LVU41
 160              	.LVL13:
  53:../../CM7/Core/Src/app_rgb_touch.c ****   }
 161              		.loc 1 53 5 view .LVU42
  53:../../CM7/Core/Src/app_rgb_touch.c ****   }
 162              		.loc 1 53 13 is_stmt 0 view .LVU43
 163 0056 A0EB020E 		sub	lr, r0, r2
 164              	.LVL14:
  52:../../CM7/Core/Src/app_rgb_touch.c ****     delta_x = -delta_x;
 165              		.loc 1 52 10 view .LVU44
 166 005a 4FF0FF32 		mov	r2, #-1
 167              	.LVL15:
  52:../../CM7/Core/Src/app_rgb_touch.c ****     delta_x = -delta_x;
 168              		.loc 1 52 10 view .LVU45
 169 005e 0292     		str	r2, [sp, #8]
 170 0060 E6E7     		b	.L5
 171              	.LVL16:
 172              	.L13:
  48:../../CM7/Core/Src/app_rgb_touch.c ****   }
 173              		.loc 1 48 10 view .LVU46
 174 0062 CDF808E0 		str	lr, [sp, #8]
 175 0066 E3E7     		b	.L5
 176              	.LVL17:
 177              	.L19:
  60:../../CM7/Core/Src/app_rgb_touch.c ****   {
 178              		.loc 1 60 8 is_stmt 1 view .LVU47
  60:../../CM7/Core/Src/app_rgb_touch.c ****   {
 179              		.loc 1 60 11 is_stmt 0 view .LVU48
 180 0068 B8F1000F 		cmp	r8, #0
 181 006c 05D0     		beq	.L15
  66:../../CM7/Core/Src/app_rgb_touch.c ****     delta_y = -delta_y;
 182              		.loc 1 66 5 is_stmt 1 view .LVU49
 183              	.LVL18:
  67:../../CM7/Core/Src/app_rgb_touch.c ****   }
 184              		.loc 1 67 5 view .LVU50
  67:../../CM7/Core/Src/app_rgb_touch.c ****   }
 185              		.loc 1 67 13 is_stmt 0 view .LVU51
 186 006e A1EB0308 		sub	r8, r1, r3
 187              	.LVL19:
  66:../../CM7/Core/Src/app_rgb_touch.c ****     delta_y = -delta_y;
 188              		.loc 1 66 10 view .LVU52
 189 0072 4FF0FF33 		mov	r3, #-1
 190              	.LVL20:
  66:../../CM7/Core/Src/app_rgb_touch.c ****     delta_y = -delta_y;
 191              		.loc 1 66 10 view .LVU53
 192 0076 0393     		str	r3, [sp, #12]
ARM GAS  C:\Users\28576\AppData\Local\Temp\ccfzV602.s 			page 6


 193 0078 DFE7     		b	.L6
 194              	.LVL21:
 195              	.L15:
  62:../../CM7/Core/Src/app_rgb_touch.c ****   }
 196              		.loc 1 62 10 view .LVU54
 197 007a CDF80C80 		str	r8, [sp, #12]
 198 007e DCE7     		b	.L6
 199              	.LVL22:
 200              	.L16:
  76:../../CM7/Core/Src/app_rgb_touch.c ****   }
 201              		.loc 1 76 14 view .LVU55
 202 0080 4646     		mov	r6, r8
 203 0082 DDE7     		b	.L7
 204              	.LVL23:
 205              	.L10:
 206              		.loc 1 79 35 is_stmt 1 discriminator 2 view .LVU56
 207 0084 0134     		adds	r4, r4, #1
 208              	.LVL24:
 209              		.loc 1 79 35 is_stmt 0 discriminator 2 view .LVU57
 210 0086 A4B2     		uxth	r4, r4
 211              	.LVL25:
 212              	.L8:
 213              		.loc 1 79 17 is_stmt 1 discriminator 1 view .LVU58
 214              		.loc 1 79 29 is_stmt 0 discriminator 1 view .LVU59
 215 0088 731C     		adds	r3, r6, #1
 216              		.loc 1 79 17 discriminator 1 view .LVU60
 217 008a 9C42     		cmp	r4, r3
 218 008c 18DC     		bgt	.L3
  80:../../CM7/Core/Src/app_rgb_touch.c ****   {
  81:../../CM7/Core/Src/app_rgb_touch.c ****     lcd_fill_circle(row, col, size, color);
 219              		.loc 1 81 5 is_stmt 1 view .LVU61
 220 008e 0F9B     		ldr	r3, [sp, #60]
 221 0090 019A     		ldr	r2, [sp, #4]
 222 0092 1FFA8AF1 		uxth	r1, r10
 223 0096 1FFA89F0 		uxth	r0, r9
 224 009a FFF7FEFF 		bl	lcd_fill_circle
 225              	.LVL26:
  82:../../CM7/Core/Src/app_rgb_touch.c ****     xerr += delta_x;
 226              		.loc 1 82 5 view .LVU62
 227              		.loc 1 82 10 is_stmt 0 view .LVU63
 228 009e 4744     		add	r7, r7, r8
 229              	.LVL27:
  83:../../CM7/Core/Src/app_rgb_touch.c ****     yerr += delta_y;
 230              		.loc 1 83 5 is_stmt 1 view .LVU64
 231              		.loc 1 83 10 is_stmt 0 view .LVU65
 232 00a0 5D44     		add	r5, r5, fp
 233              	.LVL28:
  84:../../CM7/Core/Src/app_rgb_touch.c **** 
  85:../../CM7/Core/Src/app_rgb_touch.c ****     if (xerr > distance)
 234              		.loc 1 85 5 is_stmt 1 view .LVU66
 235              		.loc 1 85 8 is_stmt 0 view .LVU67
 236 00a2 BE42     		cmp	r6, r7
 237 00a4 04DA     		bge	.L9
  86:../../CM7/Core/Src/app_rgb_touch.c ****     {
  87:../../CM7/Core/Src/app_rgb_touch.c ****       xerr -= distance;
 238              		.loc 1 87 7 is_stmt 1 view .LVU68
 239              		.loc 1 87 12 is_stmt 0 view .LVU69
ARM GAS  C:\Users\28576\AppData\Local\Temp\ccfzV602.s 			page 7


 240 00a6 BF1B     		subs	r7, r7, r6
 241              	.LVL29:
  88:../../CM7/Core/Src/app_rgb_touch.c ****       row += incx;
 242              		.loc 1 88 7 is_stmt 1 view .LVU70
 243              		.loc 1 88 11 is_stmt 0 view .LVU71
 244 00a8 4B46     		mov	r3, r9
 245 00aa 029A     		ldr	r2, [sp, #8]
 246 00ac 1344     		add	r3, r3, r2
 247 00ae 9946     		mov	r9, r3
 248              	.LVL30:
 249              	.L9:
  89:../../CM7/Core/Src/app_rgb_touch.c ****     }
  90:../../CM7/Core/Src/app_rgb_touch.c **** 
  91:../../CM7/Core/Src/app_rgb_touch.c ****     if (yerr > distance)
 250              		.loc 1 91 5 is_stmt 1 view .LVU72
 251              		.loc 1 91 8 is_stmt 0 view .LVU73
 252 00b0 AE42     		cmp	r6, r5
 253 00b2 E7DA     		bge	.L10
  92:../../CM7/Core/Src/app_rgb_touch.c ****     {
  93:../../CM7/Core/Src/app_rgb_touch.c ****       yerr -= distance;
 254              		.loc 1 93 7 is_stmt 1 view .LVU74
 255              		.loc 1 93 12 is_stmt 0 view .LVU75
 256 00b4 AD1B     		subs	r5, r5, r6
 257              	.LVL31:
  94:../../CM7/Core/Src/app_rgb_touch.c ****       col += incy;
 258              		.loc 1 94 7 is_stmt 1 view .LVU76
 259              		.loc 1 94 11 is_stmt 0 view .LVU77
 260 00b6 5346     		mov	r3, r10
 261 00b8 039A     		ldr	r2, [sp, #12]
 262 00ba 1344     		add	r3, r3, r2
 263 00bc 9A46     		mov	r10, r3
 264              	.LVL32:
 265              		.loc 1 94 11 view .LVU78
 266 00be E1E7     		b	.L10
 267              	.LVL33:
 268              	.L3:
  95:../../CM7/Core/Src/app_rgb_touch.c ****     }
  96:../../CM7/Core/Src/app_rgb_touch.c ****   }
  97:../../CM7/Core/Src/app_rgb_touch.c **** }
 269              		.loc 1 97 1 view .LVU79
 270 00c0 05B0     		add	sp, sp, #20
 271              	.LCFI3:
 272              		.cfi_def_cfa_offset 36
 273              		@ sp needed
 274 00c2 BDE8F08F 		pop	{r4, r5, r6, r7, r8, r9, r10, fp, pc}
 275              		.loc 1 97 1 view .LVU80
 276              		.cfi_endproc
 277              	.LFE148:
 279              		.section	.rodata.app_rgb_touch_init.str1.4,"aMS",%progbits,1
 280              		.align	2
 281              	.LC0:
 282 0000 544F5543 		.ascii	"TOUCH INIT FAIL\000"
 282      4820494E 
 282      49542046 
 282      41494C00 
 283              		.align	2
 284              	.LC1:
ARM GAS  C:\Users\28576\AppData\Local\Temp\ccfzV602.s 			page 8


 285 0010 546F7563 		.ascii	"Touch OK, white canvas ready.\015\000"
 285      68204F4B 
 285      2C207768 
 285      69746520 
 285      63616E76 
 286              		.section	.text.app_rgb_touch_init,"ax",%progbits
 287              		.align	1
 288              		.global	app_rgb_touch_init
 289              		.syntax unified
 290              		.thumb
 291              		.thumb_func
 293              	app_rgb_touch_init:
 294              	.LFB149:
  98:../../CM7/Core/Src/app_rgb_touch.c **** 
  99:../../CM7/Core/Src/app_rgb_touch.c **** void app_rgb_touch_init(void)
 100:../../CM7/Core/Src/app_rgb_touch.c **** {
 295              		.loc 1 100 1 is_stmt 1 view -0
 296              		.cfi_startproc
 297              		@ args = 0, pretend = 0, frame = 0
 298              		@ frame_needed = 0, uses_anonymous_args = 0
 299 0000 10B5     		push	{r4, lr}
 300              	.LCFI4:
 301              		.cfi_def_cfa_offset 8
 302              		.cfi_offset 4, -8
 303              		.cfi_offset 14, -4
 304 0002 84B0     		sub	sp, sp, #16
 305              	.LCFI5:
 306              		.cfi_def_cfa_offset 24
 101:../../CM7/Core/Src/app_rgb_touch.c ****   uint8_t tp_ok;
 307              		.loc 1 101 3 view .LVU82
 102:../../CM7/Core/Src/app_rgb_touch.c ****   uint8_t t;
 308              		.loc 1 102 3 view .LVU83
 103:../../CM7/Core/Src/app_rgb_touch.c **** 
 104:../../CM7/Core/Src/app_rgb_touch.c ****   delay_init((uint16_t)(SystemCoreClock / 1000000U));
 309              		.loc 1 104 3 view .LVU84
 310              		.loc 1 104 41 is_stmt 0 view .LVU85
 311 0004 214B     		ldr	r3, .L28
 312 0006 1868     		ldr	r0, [r3]
 313 0008 214B     		ldr	r3, .L28+4
 314 000a A3FB0030 		umull	r3, r0, r3, r0
 315              		.loc 1 104 3 view .LVU86
 316 000e 800C     		lsrs	r0, r0, #18
 317 0010 FFF7FEFF 		bl	delay_init
 318              	.LVL34:
 105:../../CM7/Core/Src/app_rgb_touch.c ****   mpu_memory_protection();
 319              		.loc 1 105 3 is_stmt 1 view .LVU87
 320 0014 FFF7FEFF 		bl	mpu_memory_protection
 321              	.LVL35:
 106:../../CM7/Core/Src/app_rgb_touch.c ****   sdram_init();
 322              		.loc 1 106 3 view .LVU88
 323 0018 FFF7FEFF 		bl	sdram_init
 324              	.LVL36:
 107:../../CM7/Core/Src/app_rgb_touch.c ****   lcd_init();
 325              		.loc 1 107 3 view .LVU89
 326 001c FFF7FEFF 		bl	lcd_init
 327              	.LVL37:
 108:../../CM7/Core/Src/app_rgb_touch.c **** 
ARM GAS  C:\Users\28576\AppData\Local\Temp\ccfzV602.s 			page 9


 109:../../CM7/Core/Src/app_rgb_touch.c ****   tp_ok = tp_dev.init();
 328              		.loc 1 109 3 view .LVU90
 329              		.loc 1 109 17 is_stmt 0 view .LVU91
 330 0020 1C4B     		ldr	r3, .L28+8
 331 0022 1B68     		ldr	r3, [r3]
 332              		.loc 1 109 11 view .LVU92
 333 0024 9847     		blx	r3
 334              	.LVL38:
 335 0026 0446     		mov	r4, r0
 336              	.LVL39:
 110:../../CM7/Core/Src/app_rgb_touch.c **** 
 111:../../CM7/Core/Src/app_rgb_touch.c ****   s_maxp = 5;
 337              		.loc 1 111 3 is_stmt 1 view .LVU93
 338              		.loc 1 111 10 is_stmt 0 view .LVU94
 339 0028 1B4B     		ldr	r3, .L28+12
 340 002a 0522     		movs	r2, #5
 341 002c 1A70     		strb	r2, [r3]
 112:../../CM7/Core/Src/app_rgb_touch.c ****   if (lcddev.id == 0x1018U)
 342              		.loc 1 112 3 is_stmt 1 view .LVU95
 343              		.loc 1 112 13 is_stmt 0 view .LVU96
 344 002e 1B4B     		ldr	r3, .L28+16
 345 0030 9A88     		ldrh	r2, [r3, #4]
 346              		.loc 1 112 6 view .LVU97
 347 0032 41F21803 		movw	r3, #4120
 348 0036 9A42     		cmp	r2, r3
 349 0038 01D0     		beq	.L27
 350              	.L21:
 100:../../CM7/Core/Src/app_rgb_touch.c ****   uint8_t tp_ok;
 351              		.loc 1 100 1 view .LVU98
 352 003a 0023     		movs	r3, #0
 353 003c 0DE0     		b	.L22
 354              	.L27:
 113:../../CM7/Core/Src/app_rgb_touch.c ****   {
 114:../../CM7/Core/Src/app_rgb_touch.c ****     s_maxp = 10;
 355              		.loc 1 114 5 is_stmt 1 view .LVU99
 356              		.loc 1 114 12 is_stmt 0 view .LVU100
 357 003e 164B     		ldr	r3, .L28+12
 358 0040 0A22     		movs	r2, #10
 359 0042 1A70     		strb	r2, [r3]
 360 0044 F9E7     		b	.L21
 361              	.LVL40:
 362              	.L23:
 115:../../CM7/Core/Src/app_rgb_touch.c ****   }
 116:../../CM7/Core/Src/app_rgb_touch.c **** 
 117:../../CM7/Core/Src/app_rgb_touch.c ****   for (t = 0; t < 10U; t++)
 118:../../CM7/Core/Src/app_rgb_touch.c ****   {
 119:../../CM7/Core/Src/app_rgb_touch.c ****     s_lastpos[t][0] = 0xFFFFU;
 363              		.loc 1 119 5 is_stmt 1 view .LVU101
 364              		.loc 1 119 21 is_stmt 0 view .LVU102
 365 0046 164A     		ldr	r2, .L28+20
 366 0048 4FF6FF71 		movw	r1, #65535
 367 004c 22F82310 		strh	r1, [r2, r3, lsl #2]	@ movhi
 120:../../CM7/Core/Src/app_rgb_touch.c ****     s_lastpos[t][1] = 0xFFFFU;
 368              		.loc 1 120 5 is_stmt 1 view .LVU103
 369              		.loc 1 120 21 is_stmt 0 view .LVU104
 370 0050 02EB8302 		add	r2, r2, r3, lsl #2
 371 0054 5180     		strh	r1, [r2, #2]	@ movhi
ARM GAS  C:\Users\28576\AppData\Local\Temp\ccfzV602.s 			page 10


 117:../../CM7/Core/Src/app_rgb_touch.c ****   {
 372              		.loc 1 117 25 is_stmt 1 discriminator 3 view .LVU105
 373 0056 0133     		adds	r3, r3, #1
 374              	.LVL41:
 117:../../CM7/Core/Src/app_rgb_touch.c ****   {
 375              		.loc 1 117 25 is_stmt 0 discriminator 3 view .LVU106
 376 0058 DBB2     		uxtb	r3, r3
 377              	.LVL42:
 378              	.L22:
 117:../../CM7/Core/Src/app_rgb_touch.c ****   {
 379              		.loc 1 117 17 is_stmt 1 discriminator 1 view .LVU107
 380 005a 092B     		cmp	r3, #9
 381 005c F3D9     		bls	.L23
 121:../../CM7/Core/Src/app_rgb_touch.c ****   }
 122:../../CM7/Core/Src/app_rgb_touch.c **** 
 123:../../CM7/Core/Src/app_rgb_touch.c ****   load_draw_dialog();
 382              		.loc 1 123 3 view .LVU108
 383 005e FFF7FEFF 		bl	load_draw_dialog
 384              	.LVL43:
 124:../../CM7/Core/Src/app_rgb_touch.c ****   if (tp_ok != 0U)
 385              		.loc 1 124 3 view .LVU109
 386              		.loc 1 124 6 is_stmt 0 view .LVU110
 387 0062 74B1     		cbz	r4, .L24
 125:../../CM7/Core/Src/app_rgb_touch.c ****   {
 126:../../CM7/Core/Src/app_rgb_touch.c ****     lcd_show_string(10, 30, 360, 16, 16, "TOUCH INIT FAIL", RED);
 388              		.loc 1 126 5 is_stmt 1 view .LVU111
 389 0064 4FF47843 		mov	r3, #63488
 390 0068 0293     		str	r3, [sp, #8]
 391 006a 0E4B     		ldr	r3, .L28+24
 392 006c 0193     		str	r3, [sp, #4]
 393 006e 1023     		movs	r3, #16
 394 0070 0093     		str	r3, [sp]
 395 0072 4FF4B472 		mov	r2, #360
 396 0076 1E21     		movs	r1, #30
 397 0078 0A20     		movs	r0, #10
 398 007a FFF7FEFF 		bl	lcd_show_string
 399              	.LVL44:
 400              	.L20:
 127:../../CM7/Core/Src/app_rgb_touch.c ****   }
 128:../../CM7/Core/Src/app_rgb_touch.c ****   else
 129:../../CM7/Core/Src/app_rgb_touch.c ****   {
 130:../../CM7/Core/Src/app_rgb_touch.c ****     printf("Touch OK, white canvas ready.\r\n");
 131:../../CM7/Core/Src/app_rgb_touch.c ****   }
 132:../../CM7/Core/Src/app_rgb_touch.c **** }
 401              		.loc 1 132 1 is_stmt 0 view .LVU112
 402 007e 04B0     		add	sp, sp, #16
 403              	.LCFI6:
 404              		.cfi_remember_state
 405              		.cfi_def_cfa_offset 8
 406              		@ sp needed
 407 0080 10BD     		pop	{r4, pc}
 408              	.LVL45:
 409              	.L24:
 410              	.LCFI7:
 411              		.cfi_restore_state
 130:../../CM7/Core/Src/app_rgb_touch.c ****   }
 412              		.loc 1 130 5 is_stmt 1 view .LVU113
ARM GAS  C:\Users\28576\AppData\Local\Temp\ccfzV602.s 			page 11


 413 0082 0948     		ldr	r0, .L28+28
 414 0084 FFF7FEFF 		bl	puts
 415              	.LVL46:
 416              		.loc 1 132 1 is_stmt 0 view .LVU114
 417 0088 F9E7     		b	.L20
 418              	.L29:
 419 008a 00BF     		.align	2
 420              	.L28:
 421 008c 00000000 		.word	SystemCoreClock
 422 0090 83DE1B43 		.word	1125899907
 423 0094 00000000 		.word	tp_dev
 424 0098 00000000 		.word	s_maxp
 425 009c 00000000 		.word	lcddev
 426 00a0 00000000 		.word	s_lastpos
 427 00a4 00000000 		.word	.LC0
 428 00a8 10000000 		.word	.LC1
 429              		.cfi_endproc
 430              	.LFE149:
 432              		.section	.text.app_rgb_touch_poll,"ax",%progbits
 433              		.align	1
 434              		.global	app_rgb_touch_poll
 435              		.syntax unified
 436              		.thumb
 437              		.thumb_func
 439              	app_rgb_touch_poll:
 440              	.LFB150:
 133:../../CM7/Core/Src/app_rgb_touch.c **** 
 134:../../CM7/Core/Src/app_rgb_touch.c **** void app_rgb_touch_poll(void)
 135:../../CM7/Core/Src/app_rgb_touch.c **** {
 441              		.loc 1 135 1 is_stmt 1 view -0
 442              		.cfi_startproc
 443              		@ args = 0, pretend = 0, frame = 0
 444              		@ frame_needed = 0, uses_anonymous_args = 0
 445 0000 F0B5     		push	{r4, r5, r6, r7, lr}
 446              	.LCFI8:
 447              		.cfi_def_cfa_offset 20
 448              		.cfi_offset 4, -20
 449              		.cfi_offset 5, -16
 450              		.cfi_offset 6, -12
 451              		.cfi_offset 7, -8
 452              		.cfi_offset 14, -4
 453 0002 83B0     		sub	sp, sp, #12
 454              	.LCFI9:
 455              		.cfi_def_cfa_offset 32
 136:../../CM7/Core/Src/app_rgb_touch.c ****   uint8_t t;
 456              		.loc 1 136 3 view .LVU116
 137:../../CM7/Core/Src/app_rgb_touch.c **** 
 138:../../CM7/Core/Src/app_rgb_touch.c ****   tp_dev.scan(0);
 457              		.loc 1 138 3 view .LVU117
 458              		.loc 1 138 9 is_stmt 0 view .LVU118
 459 0004 2D4B     		ldr	r3, .L39
 460 0006 5B68     		ldr	r3, [r3, #4]
 461              		.loc 1 138 3 view .LVU119
 462 0008 0020     		movs	r0, #0
 463 000a 9847     		blx	r3
 464              	.LVL47:
 139:../../CM7/Core/Src/app_rgb_touch.c ****   for (t = 0; t < s_maxp; t++)
ARM GAS  C:\Users\28576\AppData\Local\Temp\ccfzV602.s 			page 12


 465              		.loc 1 139 3 is_stmt 1 view .LVU120
 466              		.loc 1 139 10 is_stmt 0 view .LVU121
 467 000c 0024     		movs	r4, #0
 468              		.loc 1 139 3 view .LVU122
 469 000e 0DE0     		b	.L31
 470              	.LVL48:
 471              	.L38:
 140:../../CM7/Core/Src/app_rgb_touch.c ****   {
 141:../../CM7/Core/Src/app_rgb_touch.c ****     if ((tp_dev.sta & (1U << t)) != 0U)
 142:../../CM7/Core/Src/app_rgb_touch.c ****     {
 143:../../CM7/Core/Src/app_rgb_touch.c ****       if (tp_dev.x[t] < lcddev.width && tp_dev.y[t] < lcddev.height)
 144:../../CM7/Core/Src/app_rgb_touch.c ****       {
 145:../../CM7/Core/Src/app_rgb_touch.c ****         if (s_lastpos[t][0] == 0xFFFFU)
 146:../../CM7/Core/Src/app_rgb_touch.c ****         {
 147:../../CM7/Core/Src/app_rgb_touch.c ****           s_lastpos[t][0] = tp_dev.x[t];
 472              		.loc 1 147 11 is_stmt 1 view .LVU123
 473              		.loc 1 147 27 is_stmt 0 view .LVU124
 474 0010 2B49     		ldr	r1, .L39+4
 475 0012 21F82420 		strh	r2, [r1, r4, lsl #2]	@ movhi
 148:../../CM7/Core/Src/app_rgb_touch.c ****           s_lastpos[t][1] = tp_dev.y[t];
 476              		.loc 1 148 11 is_stmt 1 view .LVU125
 477              		.loc 1 148 27 is_stmt 0 view .LVU126
 478 0016 01EB8401 		add	r1, r1, r4, lsl #2
 479 001a 4B80     		strh	r3, [r1, #2]	@ movhi
 480 001c 2AE0     		b	.L34
 481              	.L32:
 149:../../CM7/Core/Src/app_rgb_touch.c ****         }
 150:../../CM7/Core/Src/app_rgb_touch.c **** 
 151:../../CM7/Core/Src/app_rgb_touch.c ****         lcd_draw_bline(s_lastpos[t][0], s_lastpos[t][1], tp_dev.x[t], tp_dev.y[t], 2, RED);
 152:../../CM7/Core/Src/app_rgb_touch.c ****         s_lastpos[t][0] = tp_dev.x[t];
 153:../../CM7/Core/Src/app_rgb_touch.c ****         s_lastpos[t][1] = tp_dev.y[t];
 154:../../CM7/Core/Src/app_rgb_touch.c ****       }
 155:../../CM7/Core/Src/app_rgb_touch.c ****     }
 156:../../CM7/Core/Src/app_rgb_touch.c ****     else
 157:../../CM7/Core/Src/app_rgb_touch.c ****     {
 158:../../CM7/Core/Src/app_rgb_touch.c ****       s_lastpos[t][0] = 0xFFFFU;
 482              		.loc 1 158 7 is_stmt 1 view .LVU127
 483              		.loc 1 158 23 is_stmt 0 view .LVU128
 484 001e 284B     		ldr	r3, .L39+4
 485 0020 4FF6FF72 		movw	r2, #65535
 486 0024 23F82420 		strh	r2, [r3, r4, lsl #2]	@ movhi
 487              	.L33:
 139:../../CM7/Core/Src/app_rgb_touch.c ****   {
 488              		.loc 1 139 28 is_stmt 1 discriminator 2 view .LVU129
 489 0028 0134     		adds	r4, r4, #1
 490              	.LVL49:
 139:../../CM7/Core/Src/app_rgb_touch.c ****   {
 491              		.loc 1 139 28 is_stmt 0 discriminator 2 view .LVU130
 492 002a E4B2     		uxtb	r4, r4
 493              	.LVL50:
 494              	.L31:
 139:../../CM7/Core/Src/app_rgb_touch.c ****   {
 495              		.loc 1 139 17 is_stmt 1 discriminator 1 view .LVU131
 496 002c 254B     		ldr	r3, .L39+8
 497 002e 1B78     		ldrb	r3, [r3]	@ zero_extendqisi2
 498 0030 A342     		cmp	r3, r4
 499 0032 3BD9     		bls	.L37
ARM GAS  C:\Users\28576\AppData\Local\Temp\ccfzV602.s 			page 13


 141:../../CM7/Core/Src/app_rgb_touch.c ****     {
 500              		.loc 1 141 5 view .LVU132
 141:../../CM7/Core/Src/app_rgb_touch.c ****     {
 501              		.loc 1 141 16 is_stmt 0 view .LVU133
 502 0034 214B     		ldr	r3, .L39
 503 0036 9B8E     		ldrh	r3, [r3, #52]
 141:../../CM7/Core/Src/app_rgb_touch.c ****     {
 504              		.loc 1 141 34 view .LVU134
 505 0038 2546     		mov	r5, r4
 506 003a E340     		lsrs	r3, r3, r4
 141:../../CM7/Core/Src/app_rgb_touch.c ****     {
 507              		.loc 1 141 8 view .LVU135
 508 003c 13F0010F 		tst	r3, #1
 509 0040 EDD0     		beq	.L32
 143:../../CM7/Core/Src/app_rgb_touch.c ****       {
 510              		.loc 1 143 7 is_stmt 1 view .LVU136
 143:../../CM7/Core/Src/app_rgb_touch.c ****       {
 511              		.loc 1 143 19 is_stmt 0 view .LVU137
 512 0042 221D     		adds	r2, r4, #4
 513 0044 1D4B     		ldr	r3, .L39
 514 0046 03EB4203 		add	r3, r3, r2, lsl #1
 515 004a 9A88     		ldrh	r2, [r3, #4]
 143:../../CM7/Core/Src/app_rgb_touch.c ****       {
 516              		.loc 1 143 31 view .LVU138
 517 004c 1E4B     		ldr	r3, .L39+12
 518 004e 1B88     		ldrh	r3, [r3]
 143:../../CM7/Core/Src/app_rgb_touch.c ****       {
 519              		.loc 1 143 10 view .LVU139
 520 0050 9A42     		cmp	r2, r3
 521 0052 E9D2     		bcs	.L33
 143:../../CM7/Core/Src/app_rgb_touch.c ****       {
 522              		.loc 1 143 49 discriminator 1 view .LVU140
 523 0054 04F11003 		add	r3, r4, #16
 524 0058 1849     		ldr	r1, .L39
 525 005a 31F81330 		ldrh	r3, [r1, r3, lsl #1]
 143:../../CM7/Core/Src/app_rgb_touch.c ****       {
 526              		.loc 1 143 61 discriminator 1 view .LVU141
 527 005e 1A49     		ldr	r1, .L39+12
 528 0060 4988     		ldrh	r1, [r1, #2]
 143:../../CM7/Core/Src/app_rgb_touch.c ****       {
 529              		.loc 1 143 38 discriminator 1 view .LVU142
 530 0062 8B42     		cmp	r3, r1
 531 0064 E0D2     		bcs	.L33
 145:../../CM7/Core/Src/app_rgb_touch.c ****         {
 532              		.loc 1 145 9 is_stmt 1 view .LVU143
 145:../../CM7/Core/Src/app_rgb_touch.c ****         {
 533              		.loc 1 145 25 is_stmt 0 view .LVU144
 534 0066 1649     		ldr	r1, .L39+4
 535 0068 31F82400 		ldrh	r0, [r1, r4, lsl #2]
 145:../../CM7/Core/Src/app_rgb_touch.c ****         {
 536              		.loc 1 145 12 view .LVU145
 537 006c 4FF6FF71 		movw	r1, #65535
 538 0070 8842     		cmp	r0, r1
 539 0072 CDD0     		beq	.L38
 540              	.L34:
 151:../../CM7/Core/Src/app_rgb_touch.c ****         s_lastpos[t][0] = tp_dev.x[t];
 541              		.loc 1 151 9 is_stmt 1 view .LVU146
ARM GAS  C:\Users\28576\AppData\Local\Temp\ccfzV602.s 			page 14


 542 0074 124E     		ldr	r6, .L39+4
 543 0076 06EB8507 		add	r7, r6, r5, lsl #2
 544 007a 7988     		ldrh	r1, [r7, #2]
 545 007c 36F82500 		ldrh	r0, [r6, r5, lsl #2]
 546 0080 4FF4784C 		mov	ip, #63488
 547 0084 CDF804C0 		str	ip, [sp, #4]
 548 0088 4FF0020C 		mov	ip, #2
 549 008c CDF800C0 		str	ip, [sp]
 550 0090 FFF7FEFF 		bl	lcd_draw_bline
 551              	.LVL51:
 152:../../CM7/Core/Src/app_rgb_touch.c ****         s_lastpos[t][1] = tp_dev.y[t];
 552              		.loc 1 152 9 view .LVU147
 152:../../CM7/Core/Src/app_rgb_touch.c ****         s_lastpos[t][1] = tp_dev.y[t];
 553              		.loc 1 152 35 is_stmt 0 view .LVU148
 554 0094 094A     		ldr	r2, .L39
 555 0096 2B1D     		adds	r3, r5, #4
 556 0098 02EB4303 		add	r3, r2, r3, lsl #1
 557 009c 9B88     		ldrh	r3, [r3, #4]
 152:../../CM7/Core/Src/app_rgb_touch.c ****         s_lastpos[t][1] = tp_dev.y[t];
 558              		.loc 1 152 25 view .LVU149
 559 009e 26F82530 		strh	r3, [r6, r5, lsl #2]	@ movhi
 153:../../CM7/Core/Src/app_rgb_touch.c ****       }
 560              		.loc 1 153 9 is_stmt 1 view .LVU150
 153:../../CM7/Core/Src/app_rgb_touch.c ****       }
 561              		.loc 1 153 35 is_stmt 0 view .LVU151
 562 00a2 1035     		adds	r5, r5, #16
 563 00a4 32F81530 		ldrh	r3, [r2, r5, lsl #1]
 153:../../CM7/Core/Src/app_rgb_touch.c ****       }
 564              		.loc 1 153 25 view .LVU152
 565 00a8 7B80     		strh	r3, [r7, #2]	@ movhi
 566 00aa BDE7     		b	.L33
 567              	.L37:
 159:../../CM7/Core/Src/app_rgb_touch.c ****     }
 160:../../CM7/Core/Src/app_rgb_touch.c ****   }
 161:../../CM7/Core/Src/app_rgb_touch.c **** 
 162:../../CM7/Core/Src/app_rgb_touch.c ****   ltdc_framebuffer_sync();
 568              		.loc 1 162 3 is_stmt 1 view .LVU153
 569 00ac FFF7FEFF 		bl	ltdc_framebuffer_sync
 570              	.LVL52:
 163:../../CM7/Core/Src/app_rgb_touch.c ****   HAL_Delay(5);
 571              		.loc 1 163 3 view .LVU154
 572 00b0 0520     		movs	r0, #5
 573 00b2 FFF7FEFF 		bl	HAL_Delay
 574              	.LVL53:
 164:../../CM7/Core/Src/app_rgb_touch.c **** }
 575              		.loc 1 164 1 is_stmt 0 view .LVU155
 576 00b6 03B0     		add	sp, sp, #12
 577              	.LCFI10:
 578              		.cfi_def_cfa_offset 20
 579              		@ sp needed
 580 00b8 F0BD     		pop	{r4, r5, r6, r7, pc}
 581              	.LVL54:
 582              	.L40:
 583              		.loc 1 164 1 view .LVU156
 584 00ba 00BF     		.align	2
 585              	.L39:
 586 00bc 00000000 		.word	tp_dev
ARM GAS  C:\Users\28576\AppData\Local\Temp\ccfzV602.s 			page 15


 587 00c0 00000000 		.word	s_lastpos
 588 00c4 00000000 		.word	s_maxp
 589 00c8 00000000 		.word	lcddev
 590              		.cfi_endproc
 591              	.LFE150:
 593              		.section	.data.s_maxp,"aw"
 596              	s_maxp:
 597 0000 05       		.byte	5
 598              		.section	.bss.s_lastpos,"aw",%nobits
 599              		.align	2
 602              	s_lastpos:
 603 0000 00000000 		.space	40
 603      00000000 
 603      00000000 
 603      00000000 
 603      00000000 
 604              		.text
 605              	.Letext0:
 606              		.file 2 "C:/Users/28576/AppData/Roaming/xPacks/@xpack-dev-tools/arm-none-eabi-gcc/15.2.1-1.1.1/.co
 607              		.file 3 "C:/Users/28576/AppData/Roaming/xPacks/@xpack-dev-tools/arm-none-eabi-gcc/15.2.1-1.1.1/.co
 608              		.file 4 "../../BSP/LCD/lcd.h"
 609              		.file 5 "../../Drivers/CMSIS/Device/ST/STM32H7xx/Include/system_stm32h7xx.h"
 610              		.file 6 "../../BSP/TOUCH/touch.h"
 611              		.file 7 "../../Drivers/STM32H7xx_HAL_Driver/Inc/stm32h7xx_hal.h"
 612              		.file 8 "../../BSP/LCD/lcd_ltdc.h"
 613              		.file 9 "../../BSP/SDRAM/sdram.h"
 614              		.file 10 "../../BSP/MPU/mpu.h"
 615              		.file 11 "../../BSP/bsp_delay.h"
 616              		.file 12 "<built-in>"
ARM GAS  C:\Users\28576\AppData\Local\Temp\ccfzV602.s 			page 16


DEFINED SYMBOLS
                            *ABS*:00000000 app_rgb_touch.c
C:\Users\28576\AppData\Local\Temp\ccfzV602.s:20     .text.load_draw_dialog:00000000 $t
C:\Users\28576\AppData\Local\Temp\ccfzV602.s:25     .text.load_draw_dialog:00000000 load_draw_dialog
C:\Users\28576\AppData\Local\Temp\ccfzV602.s:49     .text.lcd_draw_bline:00000000 $t
C:\Users\28576\AppData\Local\Temp\ccfzV602.s:54     .text.lcd_draw_bline:00000000 lcd_draw_bline
C:\Users\28576\AppData\Local\Temp\ccfzV602.s:280    .rodata.app_rgb_touch_init.str1.4:00000000 $d
C:\Users\28576\AppData\Local\Temp\ccfzV602.s:287    .text.app_rgb_touch_init:00000000 $t
C:\Users\28576\AppData\Local\Temp\ccfzV602.s:293    .text.app_rgb_touch_init:00000000 app_rgb_touch_init
C:\Users\28576\AppData\Local\Temp\ccfzV602.s:421    .text.app_rgb_touch_init:0000008c $d
C:\Users\28576\AppData\Local\Temp\ccfzV602.s:596    .data.s_maxp:00000000 s_maxp
C:\Users\28576\AppData\Local\Temp\ccfzV602.s:602    .bss.s_lastpos:00000000 s_lastpos
C:\Users\28576\AppData\Local\Temp\ccfzV602.s:433    .text.app_rgb_touch_poll:00000000 $t
C:\Users\28576\AppData\Local\Temp\ccfzV602.s:439    .text.app_rgb_touch_poll:00000000 app_rgb_touch_poll
C:\Users\28576\AppData\Local\Temp\ccfzV602.s:586    .text.app_rgb_touch_poll:000000bc $d
C:\Users\28576\AppData\Local\Temp\ccfzV602.s:599    .bss.s_lastpos:00000000 $d

UNDEFINED SYMBOLS
lcd_clear
ltdc_framebuffer_sync
lcd_fill_circle
delay_init
mpu_memory_protection
sdram_init
lcd_init
lcd_show_string
puts
SystemCoreClock
tp_dev
lcddev
HAL_Delay
