ARM GAS  C:\Users\28576\AppData\Local\Temp\cc8xIYBg.s 			page 1


   1              		.cpu cortex-m7
   2              		.arch armv7e-m
   3              		.fpu fpv5-d16
   4              		.eabi_attribute 28, 1
   5              		.eabi_attribute 20, 1
   6              		.eabi_attribute 21, 1
   7              		.eabi_attribute 23, 3
   8              		.eabi_attribute 24, 1
   9              		.eabi_attribute 25, 1
  10              		.eabi_attribute 26, 1
  11              		.eabi_attribute 30, 1
  12              		.eabi_attribute 34, 1
  13              		.eabi_attribute 18, 4
  14              		.file	"ft5206.c"
  15              		.text
  16              	.Ltext0:
  17              		.cfi_sections	.debug_frame
  18              		.file 1 "../../BSP/TOUCH/ft5206.c"
  19              		.section	.text.ft5206_wr_reg,"ax",%progbits
  20              		.align	1
  21              		.global	ft5206_wr_reg
  22              		.syntax unified
  23              		.thumb
  24              		.thumb_func
  26              	ft5206_wr_reg:
  27              	.LVL0:
  28              	.LFB144:
   1:../../BSP/TOUCH/ft5206.c **** /**
   2:../../BSP/TOUCH/ft5206.c ****  * @file        ft5206.c
   3:../../BSP/TOUCH/ft5206.c ****  * @brief       FT5206/FT5426 capacitive touch controller driver.
   4:../../BSP/TOUCH/ft5206.c ****  *
   5:../../BSP/TOUCH/ft5206.c ****  * This driver uses the same software I2C backend (ctiic.c).
   6:../../BSP/TOUCH/ft5206.c ****  */
   7:../../BSP/TOUCH/ft5206.c **** #include "ft5206.h"
   8:../../BSP/TOUCH/ft5206.c **** #include "ctiic.h"
   9:../../BSP/TOUCH/ft5206.c **** #include "touch.h"
  10:../../BSP/TOUCH/ft5206.c **** 
  11:../../BSP/TOUCH/ft5206.c **** #include "lcd.h"
  12:../../BSP/TOUCH/ft5206.c **** #include "bsp_delay.h"
  13:../../BSP/TOUCH/ft5206.c **** 
  14:../../BSP/TOUCH/ft5206.c **** #include <string.h>
  15:../../BSP/TOUCH/ft5206.c **** 
  16:../../BSP/TOUCH/ft5206.c **** uint8_t ft5206_wr_reg(uint16_t reg, uint8_t *buf, uint8_t len)
  17:../../BSP/TOUCH/ft5206.c **** {
  29              		.loc 1 17 1 view -0
  30              		.cfi_startproc
  31              		@ args = 0, pretend = 0, frame = 0
  32              		@ frame_needed = 0, uses_anonymous_args = 0
  33              		.loc 1 17 1 is_stmt 0 view .LVU1
  34 0000 F8B5     		push	{r3, r4, r5, r6, r7, lr}
  35              	.LCFI0:
  36              		.cfi_def_cfa_offset 24
  37              		.cfi_offset 3, -24
  38              		.cfi_offset 4, -20
  39              		.cfi_offset 5, -16
  40              		.cfi_offset 6, -12
  41              		.cfi_offset 7, -8
ARM GAS  C:\Users\28576\AppData\Local\Temp\cc8xIYBg.s 			page 2


  42              		.cfi_offset 14, -4
  43 0002 0446     		mov	r4, r0
  44 0004 0E46     		mov	r6, r1
  45 0006 1546     		mov	r5, r2
  18:../../BSP/TOUCH/ft5206.c ****     uint8_t ret = 0;
  46              		.loc 1 18 5 is_stmt 1 view .LVU2
  47              	.LVL1:
  19:../../BSP/TOUCH/ft5206.c **** 
  20:../../BSP/TOUCH/ft5206.c ****     ct_iic_start();
  48              		.loc 1 20 5 view .LVU3
  49 0008 FFF7FEFF 		bl	ct_iic_start
  50              	.LVL2:
  21:../../BSP/TOUCH/ft5206.c ****     ct_iic_send_byte(FT5206_CMD_WR);
  51              		.loc 1 21 5 view .LVU4
  52 000c 7020     		movs	r0, #112
  53 000e FFF7FEFF 		bl	ct_iic_send_byte
  54              	.LVL3:
  22:../../BSP/TOUCH/ft5206.c ****     ret = ct_iic_wait_ack();
  55              		.loc 1 22 5 view .LVU5
  56              		.loc 1 22 11 is_stmt 0 view .LVU6
  57 0012 FFF7FEFF 		bl	ct_iic_wait_ack
  58              	.LVL4:
  23:../../BSP/TOUCH/ft5206.c ****     if (ret) { ct_iic_stop(); return ret; }
  59              		.loc 1 23 5 is_stmt 1 view .LVU7
  60              		.loc 1 23 8 is_stmt 0 view .LVU8
  61 0016 98B9     		cbnz	r0, .L9
  24:../../BSP/TOUCH/ft5206.c **** 
  25:../../BSP/TOUCH/ft5206.c ****     ct_iic_send_byte((uint8_t)(reg & 0xFF));
  62              		.loc 1 25 5 is_stmt 1 view .LVU9
  63 0018 E0B2     		uxtb	r0, r4
  64              	.LVL5:
  65              		.loc 1 25 5 is_stmt 0 view .LVU10
  66 001a FFF7FEFF 		bl	ct_iic_send_byte
  67              	.LVL6:
  26:../../BSP/TOUCH/ft5206.c ****     ret = ct_iic_wait_ack();
  68              		.loc 1 26 5 is_stmt 1 view .LVU11
  69              		.loc 1 26 11 is_stmt 0 view .LVU12
  70 001e FFF7FEFF 		bl	ct_iic_wait_ack
  71              	.LVL7:
  27:../../BSP/TOUCH/ft5206.c ****     if (ret) { ct_iic_stop(); return ret; }
  72              		.loc 1 27 5 is_stmt 1 view .LVU13
  73              		.loc 1 27 8 is_stmt 0 view .LVU14
  74 0022 0746     		mov	r7, r0
  75 0024 80B9     		cbnz	r0, .L10
  76              	.LBB2:
  28:../../BSP/TOUCH/ft5206.c **** 
  29:../../BSP/TOUCH/ft5206.c ****     for (uint8_t i = 0; i < len; i++)
  77              		.loc 1 29 18 view .LVU15
  78 0026 0446     		mov	r4, r0
  79              	.LVL8:
  80              	.L4:
  81              		.loc 1 29 27 is_stmt 1 discriminator 1 view .LVU16
  82 0028 AC42     		cmp	r4, r5
  83 002a 10D2     		bcs	.L5
  30:../../BSP/TOUCH/ft5206.c ****     {
  31:../../BSP/TOUCH/ft5206.c ****         ct_iic_send_byte(buf[i]);
  84              		.loc 1 31 9 view .LVU17
ARM GAS  C:\Users\28576\AppData\Local\Temp\cc8xIYBg.s 			page 3


  85 002c 305D     		ldrb	r0, [r6, r4]	@ zero_extendqisi2
  86 002e FFF7FEFF 		bl	ct_iic_send_byte
  87              	.LVL9:
  32:../../BSP/TOUCH/ft5206.c ****         ret = ct_iic_wait_ack();
  88              		.loc 1 32 9 view .LVU18
  89              		.loc 1 32 15 is_stmt 0 view .LVU19
  90 0032 FFF7FEFF 		bl	ct_iic_wait_ack
  91              	.LVL10:
  33:../../BSP/TOUCH/ft5206.c ****         if (ret) break;
  92              		.loc 1 33 9 is_stmt 1 view .LVU20
  93              		.loc 1 33 12 is_stmt 0 view .LVU21
  94 0036 0746     		mov	r7, r0
  95 0038 48B9     		cbnz	r0, .L5
  29:../../BSP/TOUCH/ft5206.c ****     {
  96              		.loc 1 29 35 is_stmt 1 discriminator 2 view .LVU22
  97 003a 0134     		adds	r4, r4, #1
  98              	.LVL11:
  29:../../BSP/TOUCH/ft5206.c ****     {
  99              		.loc 1 29 35 is_stmt 0 discriminator 2 view .LVU23
 100 003c E4B2     		uxtb	r4, r4
 101              	.LVL12:
  29:../../BSP/TOUCH/ft5206.c ****     {
 102              		.loc 1 29 35 discriminator 2 view .LVU24
 103 003e F3E7     		b	.L4
 104              	.LVL13:
 105              	.L9:
  29:../../BSP/TOUCH/ft5206.c ****     {
 106              		.loc 1 29 35 discriminator 2 view .LVU25
 107 0040 0746     		mov	r7, r0
 108              	.LBE2:
  23:../../BSP/TOUCH/ft5206.c **** 
 109              		.loc 1 23 16 is_stmt 1 discriminator 1 view .LVU26
 110 0042 FFF7FEFF 		bl	ct_iic_stop
 111              	.LVL14:
  23:../../BSP/TOUCH/ft5206.c **** 
 112              		.loc 1 23 31 discriminator 2 view .LVU27
  23:../../BSP/TOUCH/ft5206.c **** 
 113              		.loc 1 23 38 is_stmt 0 view .LVU28
 114 0046 04E0     		b	.L3
 115              	.LVL15:
 116              	.L10:
  27:../../BSP/TOUCH/ft5206.c **** 
 117              		.loc 1 27 16 is_stmt 1 discriminator 1 view .LVU29
 118 0048 FFF7FEFF 		bl	ct_iic_stop
 119              	.LVL16:
  27:../../BSP/TOUCH/ft5206.c **** 
 120              		.loc 1 27 31 discriminator 2 view .LVU30
  27:../../BSP/TOUCH/ft5206.c **** 
 121              		.loc 1 27 38 is_stmt 0 view .LVU31
 122 004c 01E0     		b	.L3
 123              	.LVL17:
 124              	.L5:
  34:../../BSP/TOUCH/ft5206.c ****     }
  35:../../BSP/TOUCH/ft5206.c **** 
  36:../../BSP/TOUCH/ft5206.c ****     ct_iic_stop();
 125              		.loc 1 36 5 is_stmt 1 view .LVU32
 126 004e FFF7FEFF 		bl	ct_iic_stop
ARM GAS  C:\Users\28576\AppData\Local\Temp\cc8xIYBg.s 			page 4


 127              	.LVL18:
  37:../../BSP/TOUCH/ft5206.c ****     return ret;
 128              		.loc 1 37 5 view .LVU33
 129              	.L3:
  38:../../BSP/TOUCH/ft5206.c **** }
 130              		.loc 1 38 1 is_stmt 0 view .LVU34
 131 0052 3846     		mov	r0, r7
 132 0054 F8BD     		pop	{r3, r4, r5, r6, r7, pc}
 133              		.loc 1 38 1 view .LVU35
 134              		.cfi_endproc
 135              	.LFE144:
 137              		.section	.text.ft5206_rd_reg,"ax",%progbits
 138              		.align	1
 139              		.global	ft5206_rd_reg
 140              		.syntax unified
 141              		.thumb
 142              		.thumb_func
 144              	ft5206_rd_reg:
 145              	.LVL19:
 146              	.LFB145:
  39:../../BSP/TOUCH/ft5206.c **** 
  40:../../BSP/TOUCH/ft5206.c **** void ft5206_rd_reg(uint16_t reg, uint8_t *buf, uint8_t len)
  41:../../BSP/TOUCH/ft5206.c **** {
 147              		.loc 1 41 1 is_stmt 1 view -0
 148              		.cfi_startproc
 149              		@ args = 0, pretend = 0, frame = 0
 150              		@ frame_needed = 0, uses_anonymous_args = 0
 151              		.loc 1 41 1 is_stmt 0 view .LVU37
 152 0000 70B5     		push	{r4, r5, r6, lr}
 153              	.LCFI1:
 154              		.cfi_def_cfa_offset 16
 155              		.cfi_offset 4, -16
 156              		.cfi_offset 5, -12
 157              		.cfi_offset 6, -8
 158              		.cfi_offset 14, -4
 159 0002 0446     		mov	r4, r0
 160 0004 0E46     		mov	r6, r1
 161 0006 1546     		mov	r5, r2
  42:../../BSP/TOUCH/ft5206.c ****     ct_iic_start();
 162              		.loc 1 42 5 is_stmt 1 view .LVU38
 163 0008 FFF7FEFF 		bl	ct_iic_start
 164              	.LVL20:
  43:../../BSP/TOUCH/ft5206.c ****     ct_iic_send_byte(FT5206_CMD_WR);
 165              		.loc 1 43 5 view .LVU39
 166 000c 7020     		movs	r0, #112
 167 000e FFF7FEFF 		bl	ct_iic_send_byte
 168              	.LVL21:
  44:../../BSP/TOUCH/ft5206.c ****     ct_iic_wait_ack();
 169              		.loc 1 44 5 view .LVU40
 170 0012 FFF7FEFF 		bl	ct_iic_wait_ack
 171              	.LVL22:
  45:../../BSP/TOUCH/ft5206.c ****     ct_iic_send_byte((uint8_t)(reg & 0xFF));
 172              		.loc 1 45 5 view .LVU41
 173 0016 E0B2     		uxtb	r0, r4
 174 0018 FFF7FEFF 		bl	ct_iic_send_byte
 175              	.LVL23:
  46:../../BSP/TOUCH/ft5206.c ****     ct_iic_wait_ack();
ARM GAS  C:\Users\28576\AppData\Local\Temp\cc8xIYBg.s 			page 5


 176              		.loc 1 46 5 view .LVU42
 177 001c FFF7FEFF 		bl	ct_iic_wait_ack
 178              	.LVL24:
  47:../../BSP/TOUCH/ft5206.c **** 
  48:../../BSP/TOUCH/ft5206.c ****     ct_iic_start();
 179              		.loc 1 48 5 view .LVU43
 180 0020 FFF7FEFF 		bl	ct_iic_start
 181              	.LVL25:
  49:../../BSP/TOUCH/ft5206.c ****     ct_iic_send_byte(FT5206_CMD_RD);
 182              		.loc 1 49 5 view .LVU44
 183 0024 7120     		movs	r0, #113
 184 0026 FFF7FEFF 		bl	ct_iic_send_byte
 185              	.LVL26:
  50:../../BSP/TOUCH/ft5206.c ****     ct_iic_wait_ack();
 186              		.loc 1 50 5 view .LVU45
 187 002a FFF7FEFF 		bl	ct_iic_wait_ack
 188              	.LVL27:
  51:../../BSP/TOUCH/ft5206.c **** 
  52:../../BSP/TOUCH/ft5206.c ****     for (uint8_t i = 0; i < len; i++)
 189              		.loc 1 52 5 view .LVU46
 190              	.LBB3:
 191              		.loc 1 52 10 view .LVU47
 192              		.loc 1 52 18 is_stmt 0 view .LVU48
 193 002e 0024     		movs	r4, #0
 194              	.LVL28:
 195              		.loc 1 52 5 view .LVU49
 196 0030 08E0     		b	.L12
 197              	.LVL29:
 198              	.L13:
  53:../../BSP/TOUCH/ft5206.c ****     {
  54:../../BSP/TOUCH/ft5206.c ****         buf[i] = ct_iic_read_byte(i == (len - 1) ? 0 : 1);
 199              		.loc 1 54 9 is_stmt 1 view .LVU50
 200              		.loc 1 54 45 is_stmt 0 view .LVU51
 201 0032 681E     		subs	r0, r5, #1
 202              		.loc 1 54 18 view .LVU52
 203 0034 201A     		subs	r0, r4, r0
 204 0036 18BF     		it	ne
 205 0038 0120     		movne	r0, #1
 206 003a FFF7FEFF 		bl	ct_iic_read_byte
 207              	.LVL30:
 208              		.loc 1 54 16 discriminator 1 view .LVU53
 209 003e 3055     		strb	r0, [r6, r4]
  52:../../BSP/TOUCH/ft5206.c ****     {
 210              		.loc 1 52 35 is_stmt 1 discriminator 3 view .LVU54
 211 0040 0134     		adds	r4, r4, #1
 212              	.LVL31:
  52:../../BSP/TOUCH/ft5206.c ****     {
 213              		.loc 1 52 35 is_stmt 0 discriminator 3 view .LVU55
 214 0042 E4B2     		uxtb	r4, r4
 215              	.LVL32:
 216              	.L12:
  52:../../BSP/TOUCH/ft5206.c ****     {
 217              		.loc 1 52 27 is_stmt 1 discriminator 1 view .LVU56
 218 0044 AC42     		cmp	r4, r5
 219 0046 F4D3     		bcc	.L13
 220              	.LBE3:
  55:../../BSP/TOUCH/ft5206.c ****     }
ARM GAS  C:\Users\28576\AppData\Local\Temp\cc8xIYBg.s 			page 6


  56:../../BSP/TOUCH/ft5206.c **** 
  57:../../BSP/TOUCH/ft5206.c ****     ct_iic_stop();
 221              		.loc 1 57 5 view .LVU57
 222 0048 FFF7FEFF 		bl	ct_iic_stop
 223              	.LVL33:
  58:../../BSP/TOUCH/ft5206.c **** }
 224              		.loc 1 58 1 is_stmt 0 view .LVU58
 225 004c 70BD     		pop	{r4, r5, r6, pc}
 226              		.loc 1 58 1 view .LVU59
 227              		.cfi_endproc
 228              	.LFE145:
 230              		.section	.text.ft5206_init,"ax",%progbits
 231              		.align	1
 232              		.global	ft5206_init
 233              		.syntax unified
 234              		.thumb
 235              		.thumb_func
 237              	ft5206_init:
 238              	.LFB146:
  59:../../BSP/TOUCH/ft5206.c **** 
  60:../../BSP/TOUCH/ft5206.c **** uint8_t ft5206_init(void)
  61:../../BSP/TOUCH/ft5206.c **** {
 239              		.loc 1 61 1 is_stmt 1 view -0
 240              		.cfi_startproc
 241              		@ args = 0, pretend = 0, frame = 32
 242              		@ frame_needed = 0, uses_anonymous_args = 0
 243 0000 2DE9F041 		push	{r4, r5, r6, r7, r8, lr}
 244              	.LCFI2:
 245              		.cfi_def_cfa_offset 24
 246              		.cfi_offset 4, -24
 247              		.cfi_offset 5, -20
 248              		.cfi_offset 6, -16
 249              		.cfi_offset 7, -12
 250              		.cfi_offset 8, -8
 251              		.cfi_offset 14, -4
 252 0004 88B0     		sub	sp, sp, #32
 253              	.LCFI3:
 254              		.cfi_def_cfa_offset 56
  62:../../BSP/TOUCH/ft5206.c ****     GPIO_InitTypeDef gpio_init_struct = {0};
 255              		.loc 1 62 5 view .LVU61
 256              		.loc 1 62 22 is_stmt 0 view .LVU62
 257 0006 03AE     		add	r6, sp, #12
 258 0008 0025     		movs	r5, #0
 259 000a 0395     		str	r5, [sp, #12]
 260 000c 0495     		str	r5, [sp, #16]
 261 000e 0595     		str	r5, [sp, #20]
 262 0010 0695     		str	r5, [sp, #24]
 263 0012 0795     		str	r5, [sp, #28]
  63:../../BSP/TOUCH/ft5206.c **** 
  64:../../BSP/TOUCH/ft5206.c ****     FT5206_RST_GPIO_CLK_ENABLE();
 264              		.loc 1 64 5 is_stmt 1 view .LVU63
 265              		.loc 1 64 5 view .LVU64
 266              	.LBB4:
 267              		.loc 1 64 5 view .LVU65
 268              		.loc 1 64 5 view .LVU66
 269 0014 3D4B     		ldr	r3, .L21
 270 0016 D3F8E020 		ldr	r2, [r3, #224]
ARM GAS  C:\Users\28576\AppData\Local\Temp\cc8xIYBg.s 			page 7


 271 001a 42F00202 		orr	r2, r2, #2
 272 001e C3F8E020 		str	r2, [r3, #224]
 273              		.loc 1 64 5 view .LVU67
 274 0022 D3F8E020 		ldr	r2, [r3, #224]
 275 0026 02F00202 		and	r2, r2, #2
 276 002a 0092     		str	r2, [sp]
 277              		.loc 1 64 5 view .LVU68
 278 002c 009A     		ldr	r2, [sp]
 279              	.LBE4:
 280              		.loc 1 64 5 view .LVU69
 281              		.loc 1 64 5 view .LVU70
  65:../../BSP/TOUCH/ft5206.c ****     FT5206_INT_GPIO_CLK_ENABLE();
 282              		.loc 1 65 5 view .LVU71
 283              		.loc 1 65 5 view .LVU72
 284              	.LBB5:
 285              		.loc 1 65 5 view .LVU73
 286              		.loc 1 65 5 view .LVU74
 287 002e D3F8E020 		ldr	r2, [r3, #224]
 288 0032 42F00202 		orr	r2, r2, #2
 289 0036 C3F8E020 		str	r2, [r3, #224]
 290              		.loc 1 65 5 view .LVU75
 291 003a D3F8E030 		ldr	r3, [r3, #224]
 292 003e 03F00203 		and	r3, r3, #2
 293 0042 0193     		str	r3, [sp, #4]
 294              		.loc 1 65 5 view .LVU76
 295 0044 019B     		ldr	r3, [sp, #4]
 296              	.LBE5:
 297              		.loc 1 65 5 view .LVU77
 298              		.loc 1 65 5 view .LVU78
  66:../../BSP/TOUCH/ft5206.c **** 
  67:../../BSP/TOUCH/ft5206.c ****     /* RST output */
  68:../../BSP/TOUCH/ft5206.c ****     gpio_init_struct.Pin = FT5206_RST_GPIO_PIN;
 299              		.loc 1 68 5 view .LVU79
 300              		.loc 1 68 26 is_stmt 0 view .LVU80
 301 0046 4FF48058 		mov	r8, #4096
 302 004a CDF80C80 		str	r8, [sp, #12]
  69:../../BSP/TOUCH/ft5206.c ****     gpio_init_struct.Mode = GPIO_MODE_OUTPUT_PP;
 303              		.loc 1 69 5 is_stmt 1 view .LVU81
 304              		.loc 1 69 27 is_stmt 0 view .LVU82
 305 004e 0124     		movs	r4, #1
 306 0050 0494     		str	r4, [sp, #16]
  70:../../BSP/TOUCH/ft5206.c ****     gpio_init_struct.Pull = GPIO_PULLUP;
 307              		.loc 1 70 5 is_stmt 1 view .LVU83
 308              		.loc 1 70 27 is_stmt 0 view .LVU84
 309 0052 0594     		str	r4, [sp, #20]
  71:../../BSP/TOUCH/ft5206.c ****     gpio_init_struct.Speed = GPIO_SPEED_FREQ_MEDIUM;
 310              		.loc 1 71 5 is_stmt 1 view .LVU85
 311              		.loc 1 71 28 is_stmt 0 view .LVU86
 312 0054 0694     		str	r4, [sp, #24]
  72:../../BSP/TOUCH/ft5206.c ****     HAL_GPIO_Init(FT5206_RST_GPIO_PORT, &gpio_init_struct);
 313              		.loc 1 72 5 is_stmt 1 view .LVU87
 314 0056 2E4F     		ldr	r7, .L21+4
 315 0058 3146     		mov	r1, r6
 316 005a 3846     		mov	r0, r7
 317 005c FFF7FEFF 		bl	HAL_GPIO_Init
 318              	.LVL34:
  73:../../BSP/TOUCH/ft5206.c **** 
ARM GAS  C:\Users\28576\AppData\Local\Temp\cc8xIYBg.s 			page 8


  74:../../BSP/TOUCH/ft5206.c ****     /* INT input */
  75:../../BSP/TOUCH/ft5206.c ****     gpio_init_struct.Pin = FT5206_INT_GPIO_PIN;
 319              		.loc 1 75 5 view .LVU88
 320              		.loc 1 75 26 is_stmt 0 view .LVU89
 321 0060 2023     		movs	r3, #32
 322 0062 0393     		str	r3, [sp, #12]
  76:../../BSP/TOUCH/ft5206.c ****     gpio_init_struct.Mode = GPIO_MODE_INPUT;
 323              		.loc 1 76 5 is_stmt 1 view .LVU90
 324              		.loc 1 76 27 is_stmt 0 view .LVU91
 325 0064 0495     		str	r5, [sp, #16]
  77:../../BSP/TOUCH/ft5206.c ****     gpio_init_struct.Pull = GPIO_PULLUP;
 326              		.loc 1 77 5 is_stmt 1 view .LVU92
 327              		.loc 1 77 27 is_stmt 0 view .LVU93
 328 0066 0594     		str	r4, [sp, #20]
  78:../../BSP/TOUCH/ft5206.c ****     gpio_init_struct.Speed = GPIO_SPEED_FREQ_MEDIUM;
 329              		.loc 1 78 5 is_stmt 1 view .LVU94
 330              		.loc 1 78 28 is_stmt 0 view .LVU95
 331 0068 0694     		str	r4, [sp, #24]
  79:../../BSP/TOUCH/ft5206.c ****     HAL_GPIO_Init(FT5206_INT_GPIO_PORT, &gpio_init_struct);
 332              		.loc 1 79 5 is_stmt 1 view .LVU96
 333 006a 3146     		mov	r1, r6
 334 006c 3846     		mov	r0, r7
 335 006e FFF7FEFF 		bl	HAL_GPIO_Init
 336              	.LVL35:
  80:../../BSP/TOUCH/ft5206.c **** 
  81:../../BSP/TOUCH/ft5206.c ****     ct_iic_init();
 337              		.loc 1 81 5 view .LVU97
 338 0072 FFF7FEFF 		bl	ct_iic_init
 339              	.LVL36:
  82:../../BSP/TOUCH/ft5206.c **** 
  83:../../BSP/TOUCH/ft5206.c ****     FT5206_RST(0);
 340              		.loc 1 83 5 view .LVU98
 341              		.loc 1 83 5 view .LVU99
 342              		.loc 1 83 5 discriminator 2 view .LVU100
 343 0076 2A46     		mov	r2, r5
 344 0078 4146     		mov	r1, r8
 345 007a 3846     		mov	r0, r7
 346 007c FFF7FEFF 		bl	HAL_GPIO_WritePin
 347              	.LVL37:
 348              		.loc 1 83 5 view .LVU101
  84:../../BSP/TOUCH/ft5206.c ****     delay_ms(20);
 349              		.loc 1 84 5 view .LVU102
 350 0080 1420     		movs	r0, #20
 351 0082 FFF7FEFF 		bl	delay_ms
 352              	.LVL38:
  85:../../BSP/TOUCH/ft5206.c ****     FT5206_RST(1);
 353              		.loc 1 85 5 view .LVU103
 354              		.loc 1 85 5 view .LVU104
 355              		.loc 1 85 5 discriminator 1 view .LVU105
 356 0086 2246     		mov	r2, r4
 357 0088 4146     		mov	r1, r8
 358 008a 3846     		mov	r0, r7
 359 008c FFF7FEFF 		bl	HAL_GPIO_WritePin
 360              	.LVL39:
 361              		.loc 1 85 5 view .LVU106
  86:../../BSP/TOUCH/ft5206.c ****     delay_ms(50);
 362              		.loc 1 86 5 view .LVU107
ARM GAS  C:\Users\28576\AppData\Local\Temp\cc8xIYBg.s 			page 9


 363 0090 3220     		movs	r0, #50
 364 0092 FFF7FEFF 		bl	delay_ms
 365              	.LVL40:
  87:../../BSP/TOUCH/ft5206.c **** 
  88:../../BSP/TOUCH/ft5206.c ****     uint8_t temp[2] = {0};
 366              		.loc 1 88 5 view .LVU108
 367              		.loc 1 88 13 is_stmt 0 view .LVU109
 368 0096 ADF80850 		strh	r5, [sp, #8]	@ movhi
  89:../../BSP/TOUCH/ft5206.c **** 
  90:../../BSP/TOUCH/ft5206.c ****     /* Enter normal mode */
  91:../../BSP/TOUCH/ft5206.c ****     temp[0] = 0;
 369              		.loc 1 91 5 is_stmt 1 view .LVU110
  92:../../BSP/TOUCH/ft5206.c ****     ft5206_wr_reg(FT5206_DEVIDE_MODE, temp, 1);
 370              		.loc 1 92 5 view .LVU111
 371 009a 02AE     		add	r6, sp, #8
 372 009c 2246     		mov	r2, r4
 373 009e 3146     		mov	r1, r6
 374 00a0 2846     		mov	r0, r5
 375 00a2 FFF7FEFF 		bl	ft5206_wr_reg
 376              	.LVL41:
  93:../../BSP/TOUCH/ft5206.c ****     ft5206_wr_reg(FT5206_ID_G_MODE, temp, 1);
 377              		.loc 1 93 5 view .LVU112
 378 00a6 2246     		mov	r2, r4
 379 00a8 3146     		mov	r1, r6
 380 00aa A420     		movs	r0, #164
 381 00ac FFF7FEFF 		bl	ft5206_wr_reg
 382              	.LVL42:
  94:../../BSP/TOUCH/ft5206.c **** 
  95:../../BSP/TOUCH/ft5206.c ****     /* Tune touch sensitivity (from your example) */
  96:../../BSP/TOUCH/ft5206.c ****     temp[0] = 22;
 383              		.loc 1 96 5 view .LVU113
 384              		.loc 1 96 13 is_stmt 0 view .LVU114
 385 00b0 1623     		movs	r3, #22
 386 00b2 8DF80830 		strb	r3, [sp, #8]
  97:../../BSP/TOUCH/ft5206.c ****     ft5206_wr_reg(FT5206_ID_G_THGROUP, temp, 1);
 387              		.loc 1 97 5 is_stmt 1 view .LVU115
 388 00b6 2246     		mov	r2, r4
 389 00b8 3146     		mov	r1, r6
 390 00ba 8020     		movs	r0, #128
 391 00bc FFF7FEFF 		bl	ft5206_wr_reg
 392              	.LVL43:
  98:../../BSP/TOUCH/ft5206.c ****     temp[0] = 12;
 393              		.loc 1 98 5 view .LVU116
 394              		.loc 1 98 13 is_stmt 0 view .LVU117
 395 00c0 0C23     		movs	r3, #12
 396 00c2 8DF80830 		strb	r3, [sp, #8]
  99:../../BSP/TOUCH/ft5206.c ****     ft5206_wr_reg(FT5206_ID_G_PERIODACTIVE, temp, 1);
 397              		.loc 1 99 5 is_stmt 1 view .LVU118
 398 00c6 2246     		mov	r2, r4
 399 00c8 3146     		mov	r1, r6
 400 00ca 8820     		movs	r0, #136
 401 00cc FFF7FEFF 		bl	ft5206_wr_reg
 402              	.LVL44:
 100:../../BSP/TOUCH/ft5206.c **** 
 101:../../BSP/TOUCH/ft5206.c ****     /* Read version bytes */
 102:../../BSP/TOUCH/ft5206.c ****     ft5206_rd_reg(FT5206_ID_G_LIB_VERSION, temp, 2);
 403              		.loc 1 102 5 view .LVU119
ARM GAS  C:\Users\28576\AppData\Local\Temp\cc8xIYBg.s 			page 10


 404 00d0 0222     		movs	r2, #2
 405 00d2 3146     		mov	r1, r6
 406 00d4 A120     		movs	r0, #161
 407 00d6 FFF7FEFF 		bl	ft5206_rd_reg
 408              	.LVL45:
 103:../../BSP/TOUCH/ft5206.c **** 
 104:../../BSP/TOUCH/ft5206.c ****     /* Basic verification: accept known FT5206 version patterns */
 105:../../BSP/TOUCH/ft5206.c ****     uint8_t b0 = temp[0];
 409              		.loc 1 105 5 view .LVU120
 410              		.loc 1 105 13 is_stmt 0 view .LVU121
 411 00da 9DF80820 		ldrb	r2, [sp, #8]	@ zero_extendqisi2
 412              	.LVL46:
 106:../../BSP/TOUCH/ft5206.c ****     uint8_t b1 = temp[1];
 413              		.loc 1 106 5 is_stmt 1 view .LVU122
 414              		.loc 1 106 13 is_stmt 0 view .LVU123
 415 00de 9DF80930 		ldrb	r3, [sp, #9]	@ zero_extendqisi2
 416              	.LVL47:
 107:../../BSP/TOUCH/ft5206.c **** 
 108:../../BSP/TOUCH/ft5206.c ****     if ((b0 == 0x30 && b1 == 0x03) || (b1 == 0x01) || (b1 == 0x02) || (b0 == 0x00 && b1 == 0x00))
 417              		.loc 1 108 5 is_stmt 1 view .LVU124
 418              		.loc 1 108 8 is_stmt 0 view .LVU125
 419 00e2 302A     		cmp	r2, #48
 420 00e4 08BF     		it	eq
 421 00e6 032B     		cmpeq	r3, #3
 422 00e8 07D0     		beq	.L17
 423              		.loc 1 108 52 discriminator 1 view .LVU126
 424 00ea 591E     		subs	r1, r3, #1
 425 00ec C9B2     		uxtb	r1, r1
 426 00ee A142     		cmp	r1, r4
 427 00f0 07D9     		bls	.L18
 428              		.loc 1 108 68 discriminator 2 view .LVU127
 429 00f2 1A43     		orrs	r2, r2, r3
 430              	.LVL48:
 431              		.loc 1 108 68 discriminator 2 view .LVU128
 432 00f4 07D0     		beq	.L19
 109:../../BSP/TOUCH/ft5206.c ****         return 0;
 110:../../BSP/TOUCH/ft5206.c **** 
 111:../../BSP/TOUCH/ft5206.c ****     return 1;
 433              		.loc 1 111 12 view .LVU129
 434 00f6 2046     		mov	r0, r4
 435 00f8 00E0     		b	.L16
 436              	.LVL49:
 437              	.L17:
 109:../../BSP/TOUCH/ft5206.c ****         return 0;
 438              		.loc 1 109 16 view .LVU130
 439 00fa 0020     		movs	r0, #0
 440              	.LVL50:
 441              	.L16:
 112:../../BSP/TOUCH/ft5206.c **** }
 442              		.loc 1 112 1 view .LVU131
 443 00fc 08B0     		add	sp, sp, #32
 444              	.LCFI4:
 445              		.cfi_remember_state
 446              		.cfi_def_cfa_offset 24
 447              		@ sp needed
 448 00fe BDE8F081 		pop	{r4, r5, r6, r7, r8, pc}
 449              	.LVL51:
ARM GAS  C:\Users\28576\AppData\Local\Temp\cc8xIYBg.s 			page 11


 450              	.L18:
 451              	.LCFI5:
 452              		.cfi_restore_state
 109:../../BSP/TOUCH/ft5206.c ****         return 0;
 453              		.loc 1 109 16 view .LVU132
 454 0102 0020     		movs	r0, #0
 455 0104 FAE7     		b	.L16
 456              	.LVL52:
 457              	.L19:
 109:../../BSP/TOUCH/ft5206.c ****         return 0;
 458              		.loc 1 109 16 view .LVU133
 459 0106 0020     		movs	r0, #0
 460 0108 F8E7     		b	.L16
 461              	.L22:
 462 010a 00BF     		.align	2
 463              	.L21:
 464 010c 00440258 		.word	1476543488
 465 0110 00040258 		.word	1476527104
 466              		.cfi_endproc
 467              	.LFE146:
 469              		.section	.text.ft5206_scan,"ax",%progbits
 470              		.align	1
 471              		.global	ft5206_scan
 472              		.syntax unified
 473              		.thumb
 474              		.thumb_func
 476              	ft5206_scan:
 477              	.LVL53:
 478              	.LFB147:
 113:../../BSP/TOUCH/ft5206.c **** 
 114:../../BSP/TOUCH/ft5206.c **** static const uint16_t FT5206_TPX_TBL[5] = {
 115:../../BSP/TOUCH/ft5206.c ****     FT5206_TP1_REG, FT5206_TP2_REG, FT5206_TP3_REG, FT5206_TP4_REG, FT5206_TP5_REG
 116:../../BSP/TOUCH/ft5206.c **** };
 117:../../BSP/TOUCH/ft5206.c **** 
 118:../../BSP/TOUCH/ft5206.c **** uint8_t ft5206_scan(uint8_t mode_unused)
 119:../../BSP/TOUCH/ft5206.c **** {
 479              		.loc 1 119 1 is_stmt 1 view -0
 480              		.cfi_startproc
 481              		@ args = 0, pretend = 0, frame = 8
 482              		@ frame_needed = 0, uses_anonymous_args = 0
 483              		.loc 1 119 1 is_stmt 0 view .LVU135
 484 0000 30B5     		push	{r4, r5, lr}
 485              	.LCFI6:
 486              		.cfi_def_cfa_offset 12
 487              		.cfi_offset 4, -12
 488              		.cfi_offset 5, -8
 489              		.cfi_offset 14, -4
 490 0002 83B0     		sub	sp, sp, #12
 491              	.LCFI7:
 492              		.cfi_def_cfa_offset 24
 120:../../BSP/TOUCH/ft5206.c ****     (void)mode_unused;
 493              		.loc 1 120 5 is_stmt 1 view .LVU136
 121:../../BSP/TOUCH/ft5206.c **** 
 122:../../BSP/TOUCH/ft5206.c ****     uint8_t sta = 0;
 494              		.loc 1 122 5 view .LVU137
 495              		.loc 1 122 13 is_stmt 0 view .LVU138
 496 0004 0023     		movs	r3, #0
ARM GAS  C:\Users\28576\AppData\Local\Temp\cc8xIYBg.s 			page 12


 497 0006 8DF80730 		strb	r3, [sp, #7]
 123:../../BSP/TOUCH/ft5206.c ****     uint8_t buf[4] = {0};
 498              		.loc 1 123 5 is_stmt 1 view .LVU139
 499              		.loc 1 123 13 is_stmt 0 view .LVU140
 500 000a 0093     		str	r3, [sp]
 124:../../BSP/TOUCH/ft5206.c ****     uint8_t res = 0;
 501              		.loc 1 124 5 is_stmt 1 view .LVU141
 502              	.LVL54:
 125:../../BSP/TOUCH/ft5206.c **** 
 126:../../BSP/TOUCH/ft5206.c ****     /* Reduce CPU load: poll every 10 calls */
 127:../../BSP/TOUCH/ft5206.c ****     static uint8_t poll_div = 0;
 503              		.loc 1 127 5 view .LVU142
 128:../../BSP/TOUCH/ft5206.c ****     poll_div++;
 504              		.loc 1 128 5 view .LVU143
 505              		.loc 1 128 13 is_stmt 0 view .LVU144
 506 000c 5E4B     		ldr	r3, .L42
 507 000e 1A78     		ldrb	r2, [r3]	@ zero_extendqisi2
 508 0010 0132     		adds	r2, r2, #1
 509 0012 D2B2     		uxtb	r2, r2
 510 0014 1A70     		strb	r2, [r3]
 129:../../BSP/TOUCH/ft5206.c ****     if (!((poll_div % 10) == 0 || poll_div < 10))
 511              		.loc 1 129 5 is_stmt 1 view .LVU145
 512              		.loc 1 129 27 is_stmt 0 view .LVU146
 513 0016 5D4B     		ldr	r3, .L42+4
 514 0018 A3FB0213 		umull	r1, r3, r3, r2
 515 001c DB08     		lsrs	r3, r3, #3
 516 001e 03EB8303 		add	r3, r3, r3, lsl #2
 517 0022 A2EB4303 		sub	r3, r2, r3, lsl #1
 518              		.loc 1 129 8 view .LVU147
 519 0026 13F0FF0F 		tst	r3, #255
 520 002a 02D0     		beq	.L24
 521              		.loc 1 129 9 discriminator 1 view .LVU148
 522 002c 092A     		cmp	r2, #9
 523 002e 00F2A980 		bhi	.L35
 524              	.L24:
 130:../../BSP/TOUCH/ft5206.c ****         return 0;
 131:../../BSP/TOUCH/ft5206.c **** 
 132:../../BSP/TOUCH/ft5206.c ****     ft5206_rd_reg(FT5206_REG_NUM_FINGER, &sta, 1);
 525              		.loc 1 132 5 is_stmt 1 view .LVU149
 526 0032 0122     		movs	r2, #1
 527 0034 0DF10701 		add	r1, sp, #7
 528 0038 0220     		movs	r0, #2
 529              	.LVL55:
 530              		.loc 1 132 5 is_stmt 0 view .LVU150
 531 003a FFF7FEFF 		bl	ft5206_rd_reg
 532              	.LVL56:
 133:../../BSP/TOUCH/ft5206.c ****     uint8_t point_num = sta & 0x0F;
 533              		.loc 1 133 5 is_stmt 1 view .LVU151
 534              		.loc 1 133 29 is_stmt 0 view .LVU152
 535 003e 9DF80730 		ldrb	r3, [sp, #7]	@ zero_extendqisi2
 536              		.loc 1 133 13 view .LVU153
 537 0042 03F00F03 		and	r3, r3, #15
 538              	.LVL57:
 134:../../BSP/TOUCH/ft5206.c **** 
 135:../../BSP/TOUCH/ft5206.c ****     if (point_num && point_num < 6)
 539              		.loc 1 135 5 is_stmt 1 view .LVU154
 540              		.loc 1 135 19 is_stmt 0 view .LVU155
ARM GAS  C:\Users\28576\AppData\Local\Temp\cc8xIYBg.s 			page 13


 541 0046 5A1E     		subs	r2, r3, #1
 542 0048 D2B2     		uxtb	r2, r2
 543              		.loc 1 135 8 view .LVU156
 544 004a 042A     		cmp	r2, #4
 545 004c 18D9     		bls	.L39
 136:../../BSP/TOUCH/ft5206.c ****     {
 137:../../BSP/TOUCH/ft5206.c ****         uint16_t temp_mask = (uint16_t)(0xFFFFU << point_num);
 138:../../BSP/TOUCH/ft5206.c ****         tp_dev.sta = (uint16_t)(~temp_mask) | TP_PRES_DOWN | TP_CATH_PRES;
 139:../../BSP/TOUCH/ft5206.c ****         delay_ms(4);
 140:../../BSP/TOUCH/ft5206.c **** 
 141:../../BSP/TOUCH/ft5206.c ****         for (uint8_t i = 0; i < 5; i++)
 142:../../BSP/TOUCH/ft5206.c ****         {
 143:../../BSP/TOUCH/ft5206.c ****             if (tp_dev.sta & (1U << i))
 144:../../BSP/TOUCH/ft5206.c ****             {
 145:../../BSP/TOUCH/ft5206.c ****                 ft5206_rd_reg(FT5206_TPX_TBL[i], buf, 4);
 146:../../BSP/TOUCH/ft5206.c **** 
 147:../../BSP/TOUCH/ft5206.c ****                 if (tp_dev.touchtype & 0x01U)
 148:../../BSP/TOUCH/ft5206.c ****                 {
 149:../../BSP/TOUCH/ft5206.c ****                     /* Horizontal mapping: follow your example */
 150:../../BSP/TOUCH/ft5206.c ****                     tp_dev.y[i] = (uint16_t)(((buf[0] & 0x0FU) << 8) | buf[1]);
 151:../../BSP/TOUCH/ft5206.c ****                     tp_dev.x[i] = (uint16_t)(((buf[2] & 0x0FU) << 8) | buf[3]);
 152:../../BSP/TOUCH/ft5206.c ****                 }
 153:../../BSP/TOUCH/ft5206.c ****                 else
 154:../../BSP/TOUCH/ft5206.c ****                 {
 155:../../BSP/TOUCH/ft5206.c ****                     tp_dev.x[i] = (uint16_t)(lcddev.width - (((buf[0] & 0x0FU) << 8) | buf[1]));
 156:../../BSP/TOUCH/ft5206.c ****                     tp_dev.y[i] = (uint16_t)(((buf[2] & 0x0FU) << 8) | buf[3]);
 157:../../BSP/TOUCH/ft5206.c ****                 }
 158:../../BSP/TOUCH/ft5206.c **** 
 159:../../BSP/TOUCH/ft5206.c ****                 /* Only accept "contact" events */
 160:../../BSP/TOUCH/ft5206.c ****                 if ((buf[0] & 0xF0U) != 0x80U)
 161:../../BSP/TOUCH/ft5206.c ****                 {
 162:../../BSP/TOUCH/ft5206.c ****                     tp_dev.x[i] = 0;
 163:../../BSP/TOUCH/ft5206.c ****                     tp_dev.y[i] = 0;
 164:../../BSP/TOUCH/ft5206.c ****                 }
 165:../../BSP/TOUCH/ft5206.c ****             }
 166:../../BSP/TOUCH/ft5206.c ****         }
 167:../../BSP/TOUCH/ft5206.c **** 
 168:../../BSP/TOUCH/ft5206.c ****         if (!(tp_dev.x[0] == 0 && tp_dev.y[0] == 0))
 169:../../BSP/TOUCH/ft5206.c ****             res = 1;
 170:../../BSP/TOUCH/ft5206.c **** 
 171:../../BSP/TOUCH/ft5206.c ****         poll_div = 0;
 172:../../BSP/TOUCH/ft5206.c ****     }
 173:../../BSP/TOUCH/ft5206.c ****     else
 174:../../BSP/TOUCH/ft5206.c ****     {
 175:../../BSP/TOUCH/ft5206.c ****         if (tp_dev.sta & TP_PRES_DOWN)
 546              		.loc 1 175 9 is_stmt 1 view .LVU157
 547              		.loc 1 175 19 is_stmt 0 view .LVU158
 548 004e 504A     		ldr	r2, .L42+8
 549 0050 938E     		ldrh	r3, [r2, #52]
 550              	.LVL58:
 551              		.loc 1 175 13 view .LVU159
 552 0052 B2F93420 		ldrsh	r2, [r2, #52]
 553              		.loc 1 175 12 view .LVU160
 554 0056 002A     		cmp	r2, #0
 555 0058 C0F28E80 		blt	.L40
 176:../../BSP/TOUCH/ft5206.c ****         {
 177:../../BSP/TOUCH/ft5206.c ****             tp_dev.sta &= ~TP_PRES_DOWN;
ARM GAS  C:\Users\28576\AppData\Local\Temp\cc8xIYBg.s 			page 14


 178:../../BSP/TOUCH/ft5206.c ****         }
 179:../../BSP/TOUCH/ft5206.c ****         else
 180:../../BSP/TOUCH/ft5206.c ****         {
 181:../../BSP/TOUCH/ft5206.c ****             tp_dev.x[0] = 0xFFFFU;
 556              		.loc 1 181 13 is_stmt 1 view .LVU161
 557              		.loc 1 181 25 is_stmt 0 view .LVU162
 558 005c 4C4A     		ldr	r2, .L42+8
 559 005e 4FF6FF71 		movw	r1, #65535
 560 0062 9181     		strh	r1, [r2, #12]	@ movhi
 182:../../BSP/TOUCH/ft5206.c ****             tp_dev.y[0] = 0xFFFFU;
 561              		.loc 1 182 13 is_stmt 1 view .LVU163
 562              		.loc 1 182 25 is_stmt 0 view .LVU164
 563 0064 1184     		strh	r1, [r2, #32]	@ movhi
 183:../../BSP/TOUCH/ft5206.c ****             tp_dev.sta &= 0xE000U;
 564              		.loc 1 183 13 is_stmt 1 view .LVU165
 565              		.loc 1 183 24 is_stmt 0 view .LVU166
 566 0066 03F46043 		and	r3, r3, #57344
 567 006a 9386     		strh	r3, [r2, #52]	@ movhi
 124:../../BSP/TOUCH/ft5206.c **** 
 568              		.loc 1 124 13 view .LVU167
 569 006c 0020     		movs	r0, #0
 570              	.LVL59:
 571              	.L33:
 184:../../BSP/TOUCH/ft5206.c ****         }
 185:../../BSP/TOUCH/ft5206.c ****     }
 186:../../BSP/TOUCH/ft5206.c **** 
 187:../../BSP/TOUCH/ft5206.c ****     if (poll_div > 240)
 572              		.loc 1 187 5 is_stmt 1 view .LVU168
 573              		.loc 1 187 18 is_stmt 0 view .LVU169
 574 006e 464B     		ldr	r3, .L42
 575 0070 1B78     		ldrb	r3, [r3]	@ zero_extendqisi2
 576              		.loc 1 187 8 view .LVU170
 577 0072 F02B     		cmp	r3, #240
 578 0074 02D9     		bls	.L25
 188:../../BSP/TOUCH/ft5206.c ****         poll_div = 10;
 579              		.loc 1 188 9 is_stmt 1 view .LVU171
 580              		.loc 1 188 18 is_stmt 0 view .LVU172
 581 0076 444B     		ldr	r3, .L42
 582 0078 0A22     		movs	r2, #10
 583 007a 1A70     		strb	r2, [r3]
 584              	.LVL60:
 585              	.L25:
 189:../../BSP/TOUCH/ft5206.c **** 
 190:../../BSP/TOUCH/ft5206.c ****     return res;
 191:../../BSP/TOUCH/ft5206.c **** }
 586              		.loc 1 191 1 view .LVU173
 587 007c 03B0     		add	sp, sp, #12
 588              	.LCFI8:
 589              		.cfi_remember_state
 590              		.cfi_def_cfa_offset 12
 591              		@ sp needed
 592 007e 30BD     		pop	{r4, r5, pc}
 593              	.LVL61:
 594              	.L39:
 595              	.LCFI9:
 596              		.cfi_restore_state
 597              	.LBB6:
ARM GAS  C:\Users\28576\AppData\Local\Temp\cc8xIYBg.s 			page 15


 137:../../BSP/TOUCH/ft5206.c ****         tp_dev.sta = (uint16_t)(~temp_mask) | TP_PRES_DOWN | TP_CATH_PRES;
 598              		.loc 1 137 9 is_stmt 1 view .LVU174
 137:../../BSP/TOUCH/ft5206.c ****         tp_dev.sta = (uint16_t)(~temp_mask) | TP_PRES_DOWN | TP_CATH_PRES;
 599              		.loc 1 137 49 is_stmt 0 view .LVU175
 600 0080 4FF6FF72 		movw	r2, #65535
 601 0084 02FA03F3 		lsl	r3, r2, r3
 602              	.LVL62:
 137:../../BSP/TOUCH/ft5206.c ****         tp_dev.sta = (uint16_t)(~temp_mask) | TP_PRES_DOWN | TP_CATH_PRES;
 603              		.loc 1 137 18 view .LVU176
 604 0088 9BB2     		uxth	r3, r3
 605              	.LVL63:
 138:../../BSP/TOUCH/ft5206.c ****         delay_ms(4);
 606              		.loc 1 138 9 is_stmt 1 view .LVU177
 138:../../BSP/TOUCH/ft5206.c ****         delay_ms(4);
 607              		.loc 1 138 22 is_stmt 0 view .LVU178
 608 008a 5A40     		eors	r2, r2, r3
 138:../../BSP/TOUCH/ft5206.c ****         delay_ms(4);
 609              		.loc 1 138 20 view .LVU179
 610 008c 414B     		ldr	r3, .L42+12
 611              	.LVL64:
 138:../../BSP/TOUCH/ft5206.c ****         delay_ms(4);
 612              		.loc 1 138 20 view .LVU180
 613 008e 1343     		orrs	r3, r3, r2
 614 0090 3F4A     		ldr	r2, .L42+8
 615 0092 9386     		strh	r3, [r2, #52]	@ movhi
 139:../../BSP/TOUCH/ft5206.c **** 
 616              		.loc 1 139 9 is_stmt 1 view .LVU181
 617 0094 0420     		movs	r0, #4
 618 0096 FFF7FEFF 		bl	delay_ms
 619              	.LVL65:
 141:../../BSP/TOUCH/ft5206.c ****         {
 620              		.loc 1 141 9 view .LVU182
 621              	.LBB7:
 141:../../BSP/TOUCH/ft5206.c ****         {
 622              		.loc 1 141 14 view .LVU183
 141:../../BSP/TOUCH/ft5206.c ****         {
 623              		.loc 1 141 22 is_stmt 0 view .LVU184
 624 009a 0024     		movs	r4, #0
 141:../../BSP/TOUCH/ft5206.c ****         {
 625              		.loc 1 141 9 view .LVU185
 626 009c 2DE0     		b	.L27
 627              	.LVL66:
 628              	.L29:
 155:../../BSP/TOUCH/ft5206.c ****                     tp_dev.y[i] = (uint16_t)(((buf[2] & 0x0FU) << 8) | buf[3]);
 629              		.loc 1 155 21 is_stmt 1 view .LVU186
 155:../../BSP/TOUCH/ft5206.c ****                     tp_dev.y[i] = (uint16_t)(((buf[2] & 0x0FU) << 8) | buf[3]);
 630              		.loc 1 155 52 is_stmt 0 view .LVU187
 631 009e 3E4B     		ldr	r3, .L42+16
 632 00a0 1A88     		ldrh	r2, [r3]
 155:../../BSP/TOUCH/ft5206.c ****                     tp_dev.y[i] = (uint16_t)(((buf[2] & 0x0FU) << 8) | buf[3]);
 633              		.loc 1 155 67 view .LVU188
 634 00a2 9DF80030 		ldrb	r3, [sp]	@ zero_extendqisi2
 155:../../BSP/TOUCH/ft5206.c ****                     tp_dev.y[i] = (uint16_t)(((buf[2] & 0x0FU) << 8) | buf[3]);
 635              		.loc 1 155 80 view .LVU189
 636 00a6 1B02     		lsls	r3, r3, #8
 637 00a8 03F47063 		and	r3, r3, #3840
 155:../../BSP/TOUCH/ft5206.c ****                     tp_dev.y[i] = (uint16_t)(((buf[2] & 0x0FU) << 8) | buf[3]);
ARM GAS  C:\Users\28576\AppData\Local\Temp\cc8xIYBg.s 			page 16


 638              		.loc 1 155 91 view .LVU190
 639 00ac 9DF80110 		ldrb	r1, [sp, #1]	@ zero_extendqisi2
 155:../../BSP/TOUCH/ft5206.c ****                     tp_dev.y[i] = (uint16_t)(((buf[2] & 0x0FU) << 8) | buf[3]);
 640              		.loc 1 155 86 view .LVU191
 641 00b0 0B43     		orrs	r3, r3, r1
 155:../../BSP/TOUCH/ft5206.c ****                     tp_dev.y[i] = (uint16_t)(((buf[2] & 0x0FU) << 8) | buf[3]);
 642              		.loc 1 155 35 view .LVU192
 643 00b2 D21A     		subs	r2, r2, r3
 155:../../BSP/TOUCH/ft5206.c ****                     tp_dev.y[i] = (uint16_t)(((buf[2] & 0x0FU) << 8) | buf[3]);
 644              		.loc 1 155 33 view .LVU193
 645 00b4 3649     		ldr	r1, .L42+8
 646 00b6 231D     		adds	r3, r4, #4
 647 00b8 01EB4303 		add	r3, r1, r3, lsl #1
 648 00bc 9A80     		strh	r2, [r3, #4]	@ movhi
 156:../../BSP/TOUCH/ft5206.c ****                 }
 649              		.loc 1 156 21 is_stmt 1 view .LVU194
 156:../../BSP/TOUCH/ft5206.c ****                 }
 650              		.loc 1 156 51 is_stmt 0 view .LVU195
 651 00be 9DF80230 		ldrb	r3, [sp, #2]	@ zero_extendqisi2
 156:../../BSP/TOUCH/ft5206.c ****                 }
 652              		.loc 1 156 64 view .LVU196
 653 00c2 1B02     		lsls	r3, r3, #8
 654 00c4 03F47063 		and	r3, r3, #3840
 156:../../BSP/TOUCH/ft5206.c ****                 }
 655              		.loc 1 156 75 view .LVU197
 656 00c8 9DF80320 		ldrb	r2, [sp, #3]	@ zero_extendqisi2
 156:../../BSP/TOUCH/ft5206.c ****                 }
 657              		.loc 1 156 35 view .LVU198
 658 00cc 1343     		orrs	r3, r3, r2
 156:../../BSP/TOUCH/ft5206.c ****                 }
 659              		.loc 1 156 33 view .LVU199
 660 00ce 04F11002 		add	r2, r4, #16
 661 00d2 21F81230 		strh	r3, [r1, r2, lsl #1]	@ movhi
 662              	.L30:
 160:../../BSP/TOUCH/ft5206.c ****                 {
 663              		.loc 1 160 17 is_stmt 1 view .LVU200
 160:../../BSP/TOUCH/ft5206.c ****                 {
 664              		.loc 1 160 25 is_stmt 0 view .LVU201
 665 00d6 9DF80030 		ldrb	r3, [sp]	@ zero_extendqisi2
 160:../../BSP/TOUCH/ft5206.c ****                 {
 666              		.loc 1 160 20 view .LVU202
 667 00da 03F0F003 		and	r3, r3, #240
 668 00de 802B     		cmp	r3, #128
 669 00e0 09D0     		beq	.L28
 162:../../BSP/TOUCH/ft5206.c ****                     tp_dev.y[i] = 0;
 670              		.loc 1 162 21 is_stmt 1 view .LVU203
 162:../../BSP/TOUCH/ft5206.c ****                     tp_dev.y[i] = 0;
 671              		.loc 1 162 33 is_stmt 0 view .LVU204
 672 00e2 2B4A     		ldr	r2, .L42+8
 673 00e4 2B1D     		adds	r3, r5, #4
 674 00e6 02EB4303 		add	r3, r2, r3, lsl #1
 675 00ea 0021     		movs	r1, #0
 676 00ec 9980     		strh	r1, [r3, #4]	@ movhi
 163:../../BSP/TOUCH/ft5206.c ****                 }
 677              		.loc 1 163 21 is_stmt 1 view .LVU205
 163:../../BSP/TOUCH/ft5206.c ****                 }
 678              		.loc 1 163 33 is_stmt 0 view .LVU206
ARM GAS  C:\Users\28576\AppData\Local\Temp\cc8xIYBg.s 			page 17


 679 00ee 05F11003 		add	r3, r5, #16
 680 00f2 22F81310 		strh	r1, [r2, r3, lsl #1]	@ movhi
 681              	.L28:
 141:../../BSP/TOUCH/ft5206.c ****         {
 682              		.loc 1 141 37 is_stmt 1 discriminator 2 view .LVU207
 683 00f6 0134     		adds	r4, r4, #1
 684              	.LVL67:
 141:../../BSP/TOUCH/ft5206.c ****         {
 685              		.loc 1 141 37 is_stmt 0 discriminator 2 view .LVU208
 686 00f8 E4B2     		uxtb	r4, r4
 687              	.LVL68:
 688              	.L27:
 141:../../BSP/TOUCH/ft5206.c ****         {
 689              		.loc 1 141 31 is_stmt 1 discriminator 1 view .LVU209
 690 00fa 042C     		cmp	r4, #4
 691 00fc 2DD8     		bhi	.L41
 143:../../BSP/TOUCH/ft5206.c ****             {
 692              		.loc 1 143 13 view .LVU210
 143:../../BSP/TOUCH/ft5206.c ****             {
 693              		.loc 1 143 23 is_stmt 0 view .LVU211
 694 00fe 244B     		ldr	r3, .L42+8
 695 0100 9B8E     		ldrh	r3, [r3, #52]
 143:../../BSP/TOUCH/ft5206.c ****             {
 696              		.loc 1 143 17 view .LVU212
 697 0102 2546     		mov	r5, r4
 698 0104 E340     		lsrs	r3, r3, r4
 143:../../BSP/TOUCH/ft5206.c ****             {
 699              		.loc 1 143 16 view .LVU213
 700 0106 13F0010F 		tst	r3, #1
 701 010a F4D0     		beq	.L28
 145:../../BSP/TOUCH/ft5206.c **** 
 702              		.loc 1 145 17 is_stmt 1 view .LVU214
 703 010c 0422     		movs	r2, #4
 704 010e 6946     		mov	r1, sp
 705 0110 224B     		ldr	r3, .L42+20
 706 0112 33F81400 		ldrh	r0, [r3, r4, lsl #1]
 707 0116 FFF7FEFF 		bl	ft5206_rd_reg
 708              	.LVL69:
 147:../../BSP/TOUCH/ft5206.c ****                 {
 709              		.loc 1 147 17 view .LVU215
 147:../../BSP/TOUCH/ft5206.c ****                 {
 710              		.loc 1 147 27 is_stmt 0 view .LVU216
 711 011a 1D4B     		ldr	r3, .L42+8
 712 011c 93F83630 		ldrb	r3, [r3, #54]	@ zero_extendqisi2
 147:../../BSP/TOUCH/ft5206.c ****                 {
 713              		.loc 1 147 20 view .LVU217
 714 0120 13F0010F 		tst	r3, #1
 715 0124 BBD0     		beq	.L29
 150:../../BSP/TOUCH/ft5206.c ****                     tp_dev.x[i] = (uint16_t)(((buf[2] & 0x0FU) << 8) | buf[3]);
 716              		.loc 1 150 21 is_stmt 1 view .LVU218
 150:../../BSP/TOUCH/ft5206.c ****                     tp_dev.x[i] = (uint16_t)(((buf[2] & 0x0FU) << 8) | buf[3]);
 717              		.loc 1 150 51 is_stmt 0 view .LVU219
 718 0126 9DF80030 		ldrb	r3, [sp]	@ zero_extendqisi2
 150:../../BSP/TOUCH/ft5206.c ****                     tp_dev.x[i] = (uint16_t)(((buf[2] & 0x0FU) << 8) | buf[3]);
 719              		.loc 1 150 64 view .LVU220
 720 012a 1B02     		lsls	r3, r3, #8
 721 012c 03F47063 		and	r3, r3, #3840
ARM GAS  C:\Users\28576\AppData\Local\Temp\cc8xIYBg.s 			page 18


 150:../../BSP/TOUCH/ft5206.c ****                     tp_dev.x[i] = (uint16_t)(((buf[2] & 0x0FU) << 8) | buf[3]);
 722              		.loc 1 150 75 view .LVU221
 723 0130 9DF80120 		ldrb	r2, [sp, #1]	@ zero_extendqisi2
 150:../../BSP/TOUCH/ft5206.c ****                     tp_dev.x[i] = (uint16_t)(((buf[2] & 0x0FU) << 8) | buf[3]);
 724              		.loc 1 150 35 view .LVU222
 725 0134 1343     		orrs	r3, r3, r2
 150:../../BSP/TOUCH/ft5206.c ****                     tp_dev.x[i] = (uint16_t)(((buf[2] & 0x0FU) << 8) | buf[3]);
 726              		.loc 1 150 33 view .LVU223
 727 0136 164A     		ldr	r2, .L42+8
 728 0138 04F11001 		add	r1, r4, #16
 729 013c 22F81130 		strh	r3, [r2, r1, lsl #1]	@ movhi
 151:../../BSP/TOUCH/ft5206.c ****                 }
 730              		.loc 1 151 21 is_stmt 1 view .LVU224
 151:../../BSP/TOUCH/ft5206.c ****                 }
 731              		.loc 1 151 51 is_stmt 0 view .LVU225
 732 0140 9DF80230 		ldrb	r3, [sp, #2]	@ zero_extendqisi2
 151:../../BSP/TOUCH/ft5206.c ****                 }
 733              		.loc 1 151 64 view .LVU226
 734 0144 1B02     		lsls	r3, r3, #8
 735 0146 03F47063 		and	r3, r3, #3840
 151:../../BSP/TOUCH/ft5206.c ****                 }
 736              		.loc 1 151 75 view .LVU227
 737 014a 9DF80310 		ldrb	r1, [sp, #3]	@ zero_extendqisi2
 151:../../BSP/TOUCH/ft5206.c ****                 }
 738              		.loc 1 151 35 view .LVU228
 739 014e 0B43     		orrs	r3, r3, r1
 151:../../BSP/TOUCH/ft5206.c ****                 }
 740              		.loc 1 151 33 view .LVU229
 741 0150 211D     		adds	r1, r4, #4
 742 0152 02EB4102 		add	r2, r2, r1, lsl #1
 743 0156 9380     		strh	r3, [r2, #4]	@ movhi
 744 0158 BDE7     		b	.L30
 745              	.L41:
 746              	.LBE7:
 168:../../BSP/TOUCH/ft5206.c ****             res = 1;
 747              		.loc 1 168 9 is_stmt 1 view .LVU230
 168:../../BSP/TOUCH/ft5206.c ****             res = 1;
 748              		.loc 1 168 23 is_stmt 0 view .LVU231
 749 015a 0D4B     		ldr	r3, .L42+8
 750 015c 9B89     		ldrh	r3, [r3, #12]
 168:../../BSP/TOUCH/ft5206.c ****             res = 1;
 751              		.loc 1 168 12 view .LVU232
 752 015e 23B9     		cbnz	r3, .L36
 168:../../BSP/TOUCH/ft5206.c ****             res = 1;
 753              		.loc 1 168 43 discriminator 1 view .LVU233
 754 0160 0B4B     		ldr	r3, .L42+8
 755 0162 1B8C     		ldrh	r3, [r3, #32]
 168:../../BSP/TOUCH/ft5206.c ****             res = 1;
 756              		.loc 1 168 13 discriminator 1 view .LVU234
 757 0164 33B9     		cbnz	r3, .L37
 758              	.LBE6:
 124:../../BSP/TOUCH/ft5206.c **** 
 759              		.loc 1 124 13 view .LVU235
 760 0166 1846     		mov	r0, r3
 761 0168 00E0     		b	.L32
 762              	.L36:
 763              	.LBB8:
ARM GAS  C:\Users\28576\AppData\Local\Temp\cc8xIYBg.s 			page 19


 169:../../BSP/TOUCH/ft5206.c **** 
 764              		.loc 1 169 17 view .LVU236
 765 016a 0120     		movs	r0, #1
 766              	.L32:
 767              	.LVL70:
 171:../../BSP/TOUCH/ft5206.c ****     }
 768              		.loc 1 171 9 is_stmt 1 view .LVU237
 171:../../BSP/TOUCH/ft5206.c ****     }
 769              		.loc 1 171 18 is_stmt 0 view .LVU238
 770 016c 064B     		ldr	r3, .L42
 771 016e 0022     		movs	r2, #0
 772 0170 1A70     		strb	r2, [r3]
 773              	.LBE8:
 774 0172 7CE7     		b	.L33
 775              	.LVL71:
 776              	.L37:
 777              	.LBB9:
 169:../../BSP/TOUCH/ft5206.c **** 
 778              		.loc 1 169 17 view .LVU239
 779 0174 0120     		movs	r0, #1
 780 0176 F9E7     		b	.L32
 781              	.LVL72:
 782              	.L40:
 169:../../BSP/TOUCH/ft5206.c **** 
 783              		.loc 1 169 17 view .LVU240
 784              	.LBE9:
 177:../../BSP/TOUCH/ft5206.c ****         }
 785              		.loc 1 177 13 is_stmt 1 view .LVU241
 177:../../BSP/TOUCH/ft5206.c ****         }
 786              		.loc 1 177 24 is_stmt 0 view .LVU242
 787 0178 C3F30E03 		ubfx	r3, r3, #0, #15
 788 017c 044A     		ldr	r2, .L42+8
 789 017e 9386     		strh	r3, [r2, #52]	@ movhi
 124:../../BSP/TOUCH/ft5206.c **** 
 790              		.loc 1 124 13 view .LVU243
 791 0180 0020     		movs	r0, #0
 792 0182 74E7     		b	.L33
 793              	.LVL73:
 794              	.L35:
 130:../../BSP/TOUCH/ft5206.c **** 
 795              		.loc 1 130 16 view .LVU244
 796 0184 0020     		movs	r0, #0
 797              	.LVL74:
 130:../../BSP/TOUCH/ft5206.c **** 
 798              		.loc 1 130 16 view .LVU245
 799 0186 79E7     		b	.L25
 800              	.L43:
 801              		.align	2
 802              	.L42:
 803 0188 00000000 		.word	poll_div.0
 804 018c CDCCCCCC 		.word	-858993459
 805 0190 00000000 		.word	tp_dev
 806 0194 00C0FFFF 		.word	-16384
 807 0198 00000000 		.word	lcddev
 808 019c 00000000 		.word	FT5206_TPX_TBL
 809              		.cfi_endproc
 810              	.LFE147:
ARM GAS  C:\Users\28576\AppData\Local\Temp\cc8xIYBg.s 			page 20


 812              		.section	.bss.poll_div.0,"aw",%nobits
 815              	poll_div.0:
 816 0000 00       		.space	1
 817              		.section	.rodata.FT5206_TPX_TBL,"a"
 818              		.align	2
 821              	FT5206_TPX_TBL:
 822 0000 0300     		.short	3
 823 0002 0900     		.short	9
 824 0004 0F00     		.short	15
 825 0006 1500     		.short	21
 826 0008 1B00     		.short	27
 827              		.text
 828              	.Letext0:
 829              		.file 2 "C:/Users/28576/AppData/Roaming/xPacks/@xpack-dev-tools/arm-none-eabi-gcc/15.2.1-1.1.1/.co
 830              		.file 3 "C:/Users/28576/AppData/Roaming/xPacks/@xpack-dev-tools/arm-none-eabi-gcc/15.2.1-1.1.1/.co
 831              		.file 4 "../../Drivers/CMSIS/Device/ST/STM32H7xx/Include/stm32h747xx.h"
 832              		.file 5 "../../Drivers/STM32H7xx_HAL_Driver/Inc/stm32h7xx_hal_gpio.h"
 833              		.file 6 "../../BSP/LCD/lcd.h"
 834              		.file 7 "../../BSP/TOUCH/touch.h"
 835              		.file 8 "../../BSP/bsp_delay.h"
 836              		.file 9 "../../BSP/TOUCH/ctiic.h"
ARM GAS  C:\Users\28576\AppData\Local\Temp\cc8xIYBg.s 			page 21


DEFINED SYMBOLS
                            *ABS*:00000000 ft5206.c
C:\Users\28576\AppData\Local\Temp\cc8xIYBg.s:20     .text.ft5206_wr_reg:00000000 $t
C:\Users\28576\AppData\Local\Temp\cc8xIYBg.s:26     .text.ft5206_wr_reg:00000000 ft5206_wr_reg
C:\Users\28576\AppData\Local\Temp\cc8xIYBg.s:138    .text.ft5206_rd_reg:00000000 $t
C:\Users\28576\AppData\Local\Temp\cc8xIYBg.s:144    .text.ft5206_rd_reg:00000000 ft5206_rd_reg
C:\Users\28576\AppData\Local\Temp\cc8xIYBg.s:231    .text.ft5206_init:00000000 $t
C:\Users\28576\AppData\Local\Temp\cc8xIYBg.s:237    .text.ft5206_init:00000000 ft5206_init
C:\Users\28576\AppData\Local\Temp\cc8xIYBg.s:464    .text.ft5206_init:0000010c $d
C:\Users\28576\AppData\Local\Temp\cc8xIYBg.s:470    .text.ft5206_scan:00000000 $t
C:\Users\28576\AppData\Local\Temp\cc8xIYBg.s:476    .text.ft5206_scan:00000000 ft5206_scan
C:\Users\28576\AppData\Local\Temp\cc8xIYBg.s:803    .text.ft5206_scan:00000188 $d
C:\Users\28576\AppData\Local\Temp\cc8xIYBg.s:815    .bss.poll_div.0:00000000 poll_div.0
C:\Users\28576\AppData\Local\Temp\cc8xIYBg.s:821    .rodata.FT5206_TPX_TBL:00000000 FT5206_TPX_TBL
C:\Users\28576\AppData\Local\Temp\cc8xIYBg.s:816    .bss.poll_div.0:00000000 $d
C:\Users\28576\AppData\Local\Temp\cc8xIYBg.s:818    .rodata.FT5206_TPX_TBL:00000000 $d

UNDEFINED SYMBOLS
ct_iic_start
ct_iic_send_byte
ct_iic_wait_ack
ct_iic_stop
ct_iic_read_byte
HAL_GPIO_Init
ct_iic_init
HAL_GPIO_WritePin
delay_ms
tp_dev
lcddev
