ARM GAS  C:\Users\27655\AppData\Local\Temp\ccHg52ml.s 			page 1


   1              		.cpu cortex-m7
   2              		.arch armv7e-m
   3              		.fpu fpv5-d16
   4              		.eabi_attribute 28, 1
   5              		.eabi_attribute 20, 1
   6              		.eabi_attribute 21, 1
   7              		.eabi_attribute 23, 3
   8              		.eabi_attribute 24, 1
   9              		.eabi_attribute 25, 1
  10              		.eabi_attribute 26, 1
  11              		.eabi_attribute 30, 1
  12              		.eabi_attribute 34, 1
  13              		.eabi_attribute 18, 4
  14              		.file	"gpio.c"
  15              		.text
  16              	.Ltext0:
  17              		.cfi_sections	.debug_frame
  18              		.file 1 "Core/Src/gpio.c"
  19              		.section	.text.MX_GPIO_Init,"ax",%progbits
  20              		.align	1
  21              		.global	MX_GPIO_Init
  22              		.syntax unified
  23              		.thumb
  24              		.thumb_func
  26              	MX_GPIO_Init:
  27              	.LFB146:
   1:Core/Src/gpio.c **** /* USER CODE BEGIN Header */
   2:Core/Src/gpio.c **** /**
   3:Core/Src/gpio.c ****   ******************************************************************************
   4:Core/Src/gpio.c ****   * @file    gpio.c
   5:Core/Src/gpio.c ****   * @brief   This file provides code for the configuration
   6:Core/Src/gpio.c ****   *          of all used GPIO pins.
   7:Core/Src/gpio.c ****   ******************************************************************************
   8:Core/Src/gpio.c ****   * @attention
   9:Core/Src/gpio.c ****   *
  10:Core/Src/gpio.c ****   * Copyright (c) 2026 STMicroelectronics.
  11:Core/Src/gpio.c ****   * All rights reserved.
  12:Core/Src/gpio.c ****   *
  13:Core/Src/gpio.c ****   * This software is licensed under terms that can be found in the LICENSE file
  14:Core/Src/gpio.c ****   * in the root directory of this software component.
  15:Core/Src/gpio.c ****   * If no LICENSE file comes with this software, it is provided AS-IS.
  16:Core/Src/gpio.c ****   *
  17:Core/Src/gpio.c ****   ******************************************************************************
  18:Core/Src/gpio.c ****   */
  19:Core/Src/gpio.c **** /* USER CODE END Header */
  20:Core/Src/gpio.c **** 
  21:Core/Src/gpio.c **** /* Includes ------------------------------------------------------------------*/
  22:Core/Src/gpio.c **** #include "gpio.h"
  23:Core/Src/gpio.c **** 
  24:Core/Src/gpio.c **** /* USER CODE BEGIN 0 */
  25:Core/Src/gpio.c **** 
  26:Core/Src/gpio.c **** /* USER CODE END 0 */
  27:Core/Src/gpio.c **** 
  28:Core/Src/gpio.c **** /*----------------------------------------------------------------------------*/
  29:Core/Src/gpio.c **** /* Configure GPIO                                                             */
  30:Core/Src/gpio.c **** /*----------------------------------------------------------------------------*/
  31:Core/Src/gpio.c **** /* USER CODE BEGIN 1 */
ARM GAS  C:\Users\27655\AppData\Local\Temp\ccHg52ml.s 			page 2


  32:Core/Src/gpio.c **** 
  33:Core/Src/gpio.c **** /* USER CODE END 1 */
  34:Core/Src/gpio.c **** 
  35:Core/Src/gpio.c **** /** Configure pins
  36:Core/Src/gpio.c ****      PA14 (JTCK/SWCLK)   ------> DEBUG_JTCK-SWCLK
  37:Core/Src/gpio.c ****      PC15-OSC32_OUT (OSC32_OUT)   ------> RCC_OSC32_OUT
  38:Core/Src/gpio.c ****      PC14-OSC32_IN (OSC32_IN)   ------> RCC_OSC32_IN
  39:Core/Src/gpio.c ****      PA13 (JTMS/SWDIO)   ------> DEBUG_JTMS-SWDIO
  40:Core/Src/gpio.c ****      PH1-OSC_OUT (PH1)   ------> RCC_OSC_OUT
  41:Core/Src/gpio.c ****      PH0-OSC_IN (PH0)   ------> RCC_OSC_IN
  42:Core/Src/gpio.c **** */
  43:Core/Src/gpio.c **** void MX_GPIO_Init(void)
  44:Core/Src/gpio.c **** {
  28              		.loc 1 44 1 view -0
  29              		.cfi_startproc
  30              		@ args = 0, pretend = 0, frame = 40
  31              		@ frame_needed = 0, uses_anonymous_args = 0
  32 0000 2DE9F041 		push	{r4, r5, r6, r7, r8, lr}
  33              	.LCFI0:
  34              		.cfi_def_cfa_offset 24
  35              		.cfi_offset 4, -24
  36              		.cfi_offset 5, -20
  37              		.cfi_offset 6, -16
  38              		.cfi_offset 7, -12
  39              		.cfi_offset 8, -8
  40              		.cfi_offset 14, -4
  41 0004 8AB0     		sub	sp, sp, #40
  42              	.LCFI1:
  43              		.cfi_def_cfa_offset 64
  45:Core/Src/gpio.c **** 
  46:Core/Src/gpio.c ****   GPIO_InitTypeDef GPIO_InitStruct = {0};
  44              		.loc 1 46 3 view .LVU1
  45              		.loc 1 46 20 is_stmt 0 view .LVU2
  46 0006 05AD     		add	r5, sp, #20
  47 0008 0024     		movs	r4, #0
  48 000a 0594     		str	r4, [sp, #20]
  49 000c 0694     		str	r4, [sp, #24]
  50 000e 0794     		str	r4, [sp, #28]
  51 0010 0894     		str	r4, [sp, #32]
  52 0012 0994     		str	r4, [sp, #36]
  47:Core/Src/gpio.c **** 
  48:Core/Src/gpio.c ****   /* GPIO Ports Clock Enable */
  49:Core/Src/gpio.c ****   __HAL_RCC_GPIOA_CLK_ENABLE();
  53              		.loc 1 49 3 is_stmt 1 view .LVU3
  54              	.LBB2:
  55              		.loc 1 49 3 view .LVU4
  56              		.loc 1 49 3 view .LVU5
  57 0014 2F4B     		ldr	r3, .L3
  58 0016 D3F8E020 		ldr	r2, [r3, #224]
  59 001a 42F00102 		orr	r2, r2, #1
  60 001e C3F8E020 		str	r2, [r3, #224]
  61              		.loc 1 49 3 view .LVU6
  62 0022 D3F8E020 		ldr	r2, [r3, #224]
  63 0026 02F00102 		and	r2, r2, #1
  64 002a 0092     		str	r2, [sp]
  65              		.loc 1 49 3 view .LVU7
  66 002c 009A     		ldr	r2, [sp]
ARM GAS  C:\Users\27655\AppData\Local\Temp\ccHg52ml.s 			page 3


  67              	.LBE2:
  68              		.loc 1 49 3 view .LVU8
  50:Core/Src/gpio.c ****   __HAL_RCC_GPIOC_CLK_ENABLE();
  69              		.loc 1 50 3 view .LVU9
  70              	.LBB3:
  71              		.loc 1 50 3 view .LVU10
  72              		.loc 1 50 3 view .LVU11
  73 002e D3F8E020 		ldr	r2, [r3, #224]
  74 0032 42F00402 		orr	r2, r2, #4
  75 0036 C3F8E020 		str	r2, [r3, #224]
  76              		.loc 1 50 3 view .LVU12
  77 003a D3F8E020 		ldr	r2, [r3, #224]
  78 003e 02F00402 		and	r2, r2, #4
  79 0042 0192     		str	r2, [sp, #4]
  80              		.loc 1 50 3 view .LVU13
  81 0044 019A     		ldr	r2, [sp, #4]
  82              	.LBE3:
  83              		.loc 1 50 3 view .LVU14
  51:Core/Src/gpio.c ****   __HAL_RCC_GPIOE_CLK_ENABLE();
  84              		.loc 1 51 3 view .LVU15
  85              	.LBB4:
  86              		.loc 1 51 3 view .LVU16
  87              		.loc 1 51 3 view .LVU17
  88 0046 D3F8E020 		ldr	r2, [r3, #224]
  89 004a 42F01002 		orr	r2, r2, #16
  90 004e C3F8E020 		str	r2, [r3, #224]
  91              		.loc 1 51 3 view .LVU18
  92 0052 D3F8E020 		ldr	r2, [r3, #224]
  93 0056 02F01002 		and	r2, r2, #16
  94 005a 0292     		str	r2, [sp, #8]
  95              		.loc 1 51 3 view .LVU19
  96 005c 029A     		ldr	r2, [sp, #8]
  97              	.LBE4:
  98              		.loc 1 51 3 view .LVU20
  52:Core/Src/gpio.c ****   __HAL_RCC_GPIOH_CLK_ENABLE();
  99              		.loc 1 52 3 view .LVU21
 100              	.LBB5:
 101              		.loc 1 52 3 view .LVU22
 102              		.loc 1 52 3 view .LVU23
 103 005e D3F8E020 		ldr	r2, [r3, #224]
 104 0062 42F08002 		orr	r2, r2, #128
 105 0066 C3F8E020 		str	r2, [r3, #224]
 106              		.loc 1 52 3 view .LVU24
 107 006a D3F8E020 		ldr	r2, [r3, #224]
 108 006e 02F08002 		and	r2, r2, #128
 109 0072 0392     		str	r2, [sp, #12]
 110              		.loc 1 52 3 view .LVU25
 111 0074 039A     		ldr	r2, [sp, #12]
 112              	.LBE5:
 113              		.loc 1 52 3 view .LVU26
  53:Core/Src/gpio.c ****   __HAL_RCC_GPIOB_CLK_ENABLE();
 114              		.loc 1 53 3 view .LVU27
 115              	.LBB6:
 116              		.loc 1 53 3 view .LVU28
 117              		.loc 1 53 3 view .LVU29
 118 0076 D3F8E020 		ldr	r2, [r3, #224]
 119 007a 42F00202 		orr	r2, r2, #2
ARM GAS  C:\Users\27655\AppData\Local\Temp\ccHg52ml.s 			page 4


 120 007e C3F8E020 		str	r2, [r3, #224]
 121              		.loc 1 53 3 view .LVU30
 122 0082 D3F8E030 		ldr	r3, [r3, #224]
 123 0086 03F00203 		and	r3, r3, #2
 124 008a 0493     		str	r3, [sp, #16]
 125              		.loc 1 53 3 view .LVU31
 126 008c 049B     		ldr	r3, [sp, #16]
 127              	.LBE6:
 128              		.loc 1 53 3 view .LVU32
  54:Core/Src/gpio.c **** 
  55:Core/Src/gpio.c ****   /*Configure GPIO pin Output Level */
  56:Core/Src/gpio.c ****   HAL_GPIO_WritePin(LED_B_GPIO_Port, LED_B_Pin, GPIO_PIN_SET);
 129              		.loc 1 56 3 view .LVU33
 130 008e DFF84C80 		ldr	r8, .L3+8
 131 0092 0122     		movs	r2, #1
 132 0094 0821     		movs	r1, #8
 133 0096 4046     		mov	r0, r8
 134 0098 FFF7FEFF 		bl	HAL_GPIO_WritePin
 135              	.LVL0:
  57:Core/Src/gpio.c **** 
  58:Core/Src/gpio.c ****   /*Configure GPIO pin Output Level */
  59:Core/Src/gpio.c ****   HAL_GPIO_WritePin(GPIOB, LED_G_Pin|LED_R_Pin, GPIO_PIN_SET);
 136              		.loc 1 59 3 view .LVU34
 137 009c 0E4E     		ldr	r6, .L3+4
 138 009e 0122     		movs	r2, #1
 139 00a0 0321     		movs	r1, #3
 140 00a2 3046     		mov	r0, r6
 141 00a4 FFF7FEFF 		bl	HAL_GPIO_WritePin
 142              	.LVL1:
  60:Core/Src/gpio.c **** 
  61:Core/Src/gpio.c ****   /*Configure GPIO pin : LED_B_Pin */
  62:Core/Src/gpio.c ****   GPIO_InitStruct.Pin = LED_B_Pin;
 143              		.loc 1 62 3 view .LVU35
 144              		.loc 1 62 23 is_stmt 0 view .LVU36
 145 00a8 0823     		movs	r3, #8
 146 00aa 0593     		str	r3, [sp, #20]
  63:Core/Src/gpio.c ****   GPIO_InitStruct.Mode = GPIO_MODE_OUTPUT_PP;
 147              		.loc 1 63 3 is_stmt 1 view .LVU37
 148              		.loc 1 63 24 is_stmt 0 view .LVU38
 149 00ac 0127     		movs	r7, #1
 150 00ae 0697     		str	r7, [sp, #24]
  64:Core/Src/gpio.c ****   GPIO_InitStruct.Pull = GPIO_NOPULL;
 151              		.loc 1 64 3 is_stmt 1 view .LVU39
 152              		.loc 1 64 24 is_stmt 0 view .LVU40
 153 00b0 0794     		str	r4, [sp, #28]
  65:Core/Src/gpio.c ****   GPIO_InitStruct.Speed = GPIO_SPEED_FREQ_LOW;
 154              		.loc 1 65 3 is_stmt 1 view .LVU41
 155              		.loc 1 65 25 is_stmt 0 view .LVU42
 156 00b2 0894     		str	r4, [sp, #32]
  66:Core/Src/gpio.c ****   HAL_GPIO_Init(LED_B_GPIO_Port, &GPIO_InitStruct);
 157              		.loc 1 66 3 is_stmt 1 view .LVU43
 158 00b4 2946     		mov	r1, r5
 159 00b6 4046     		mov	r0, r8
 160 00b8 FFF7FEFF 		bl	HAL_GPIO_Init
 161              	.LVL2:
  67:Core/Src/gpio.c **** 
  68:Core/Src/gpio.c ****   /*Configure GPIO pins : LED_G_Pin LED_R_Pin */
ARM GAS  C:\Users\27655\AppData\Local\Temp\ccHg52ml.s 			page 5


  69:Core/Src/gpio.c ****   GPIO_InitStruct.Pin = LED_G_Pin|LED_R_Pin;
 162              		.loc 1 69 3 view .LVU44
 163              		.loc 1 69 23 is_stmt 0 view .LVU45
 164 00bc 0323     		movs	r3, #3
 165 00be 0593     		str	r3, [sp, #20]
  70:Core/Src/gpio.c ****   GPIO_InitStruct.Mode = GPIO_MODE_OUTPUT_PP;
 166              		.loc 1 70 3 is_stmt 1 view .LVU46
 167              		.loc 1 70 24 is_stmt 0 view .LVU47
 168 00c0 0697     		str	r7, [sp, #24]
  71:Core/Src/gpio.c ****   GPIO_InitStruct.Pull = GPIO_NOPULL;
 169              		.loc 1 71 3 is_stmt 1 view .LVU48
 170              		.loc 1 71 24 is_stmt 0 view .LVU49
 171 00c2 0794     		str	r4, [sp, #28]
  72:Core/Src/gpio.c ****   GPIO_InitStruct.Speed = GPIO_SPEED_FREQ_LOW;
 172              		.loc 1 72 3 is_stmt 1 view .LVU50
 173              		.loc 1 72 25 is_stmt 0 view .LVU51
 174 00c4 0894     		str	r4, [sp, #32]
  73:Core/Src/gpio.c ****   HAL_GPIO_Init(GPIOB, &GPIO_InitStruct);
 175              		.loc 1 73 3 is_stmt 1 view .LVU52
 176 00c6 2946     		mov	r1, r5
 177 00c8 3046     		mov	r0, r6
 178 00ca FFF7FEFF 		bl	HAL_GPIO_Init
 179              	.LVL3:
  74:Core/Src/gpio.c **** 
  75:Core/Src/gpio.c **** }
 180              		.loc 1 75 1 is_stmt 0 view .LVU53
 181 00ce 0AB0     		add	sp, sp, #40
 182              	.LCFI2:
 183              		.cfi_def_cfa_offset 24
 184              		@ sp needed
 185 00d0 BDE8F081 		pop	{r4, r5, r6, r7, r8, pc}
 186              	.L4:
 187              		.align	2
 188              	.L3:
 189 00d4 00440258 		.word	1476543488
 190 00d8 00040258 		.word	1476527104
 191 00dc 00100258 		.word	1476530176
 192              		.cfi_endproc
 193              	.LFE146:
 195              		.text
 196              	.Letext0:
 197              		.file 2 "D:/TOOLS/xpack-arm-none-eabi-gcc/arm-none-eabi/include/machine/_default_types.h"
 198              		.file 3 "D:/TOOLS/xpack-arm-none-eabi-gcc/arm-none-eabi/include/sys/_stdint.h"
 199              		.file 4 "Drivers/CMSIS/Device/ST/STM32H7xx/Include/stm32h743xx.h"
 200              		.file 5 "Drivers/STM32H7xx_HAL_Driver/Inc/stm32h7xx_hal_gpio.h"
ARM GAS  C:\Users\27655\AppData\Local\Temp\ccHg52ml.s 			page 6


DEFINED SYMBOLS
                            *ABS*:00000000 gpio.c
C:\Users\27655\AppData\Local\Temp\ccHg52ml.s:20     .text.MX_GPIO_Init:00000000 $t
C:\Users\27655\AppData\Local\Temp\ccHg52ml.s:26     .text.MX_GPIO_Init:00000000 MX_GPIO_Init
C:\Users\27655\AppData\Local\Temp\ccHg52ml.s:189    .text.MX_GPIO_Init:000000d4 $d

UNDEFINED SYMBOLS
HAL_GPIO_WritePin
HAL_GPIO_Init
