ARM GAS  C:\Users\28576\AppData\Local\Temp\cc28lKzH.s 			page 1


   1              		.cpu cortex-m7
   2              		.arch armv7e-m
   3              		.fpu fpv5-d16
   4              		.eabi_attribute 28, 1
   5              		.eabi_attribute 20, 1
   6              		.eabi_attribute 21, 1
   7              		.eabi_attribute 23, 3
   8              		.eabi_attribute 24, 1
   9              		.eabi_attribute 25, 1
  10              		.eabi_attribute 26, 1
  11              		.eabi_attribute 30, 1
  12              		.eabi_attribute 34, 1
  13              		.eabi_attribute 18, 4
  14              		.file	"freertos.c"
  15              		.text
  16              	.Ltext0:
  17              		.cfi_sections	.debug_frame
  18              		.file 1 "../../CM7/Core/Src/freertos.c"
  19              		.section	.text.StartDefaultTask,"ax",%progbits
  20              		.align	1
  21              		.global	StartDefaultTask
  22              		.syntax unified
  23              		.thumb
  24              		.thumb_func
  26              	StartDefaultTask:
  27              	.LFB149:
   1:../../CM7/Core/Src/freertos.c **** /* USER CODE BEGIN Header */
   2:../../CM7/Core/Src/freertos.c **** /**
   3:../../CM7/Core/Src/freertos.c ****   ******************************************************************************
   4:../../CM7/Core/Src/freertos.c ****   * File Name          : freertos.c
   5:../../CM7/Core/Src/freertos.c ****   * Description        : Code for freertos applications
   6:../../CM7/Core/Src/freertos.c ****   ******************************************************************************
   7:../../CM7/Core/Src/freertos.c ****   * @attention
   8:../../CM7/Core/Src/freertos.c ****   *
   9:../../CM7/Core/Src/freertos.c ****   * Copyright (c) 2026 STMicroelectronics.
  10:../../CM7/Core/Src/freertos.c ****   * All rights reserved.
  11:../../CM7/Core/Src/freertos.c ****   *
  12:../../CM7/Core/Src/freertos.c ****   * This software is licensed under terms that can be found in the LICENSE file
  13:../../CM7/Core/Src/freertos.c ****   * in the root directory of this software component.
  14:../../CM7/Core/Src/freertos.c ****   * If no LICENSE file comes with this software, it is provided AS-IS.
  15:../../CM7/Core/Src/freertos.c ****   *
  16:../../CM7/Core/Src/freertos.c ****   ******************************************************************************
  17:../../CM7/Core/Src/freertos.c ****   */
  18:../../CM7/Core/Src/freertos.c **** /* USER CODE END Header */
  19:../../CM7/Core/Src/freertos.c **** 
  20:../../CM7/Core/Src/freertos.c **** /* Includes ------------------------------------------------------------------*/
  21:../../CM7/Core/Src/freertos.c **** #include "FreeRTOS.h"
  22:../../CM7/Core/Src/freertos.c **** #include "task.h"
  23:../../CM7/Core/Src/freertos.c **** #include "main.h"
  24:../../CM7/Core/Src/freertos.c **** #include "cmsis_os.h"
  25:../../CM7/Core/Src/freertos.c **** 
  26:../../CM7/Core/Src/freertos.c **** /* Private includes ----------------------------------------------------------*/
  27:../../CM7/Core/Src/freertos.c **** /* USER CODE BEGIN Includes */
  28:../../CM7/Core/Src/freertos.c **** 
  29:../../CM7/Core/Src/freertos.c **** /* USER CODE END Includes */
  30:../../CM7/Core/Src/freertos.c **** 
  31:../../CM7/Core/Src/freertos.c **** /* Private typedef -----------------------------------------------------------*/
ARM GAS  C:\Users\28576\AppData\Local\Temp\cc28lKzH.s 			page 2


  32:../../CM7/Core/Src/freertos.c **** /* USER CODE BEGIN PTD */
  33:../../CM7/Core/Src/freertos.c **** 
  34:../../CM7/Core/Src/freertos.c **** /* USER CODE END PTD */
  35:../../CM7/Core/Src/freertos.c **** 
  36:../../CM7/Core/Src/freertos.c **** /* Private define ------------------------------------------------------------*/
  37:../../CM7/Core/Src/freertos.c **** /* USER CODE BEGIN PD */
  38:../../CM7/Core/Src/freertos.c **** 
  39:../../CM7/Core/Src/freertos.c **** /* USER CODE END PD */
  40:../../CM7/Core/Src/freertos.c **** 
  41:../../CM7/Core/Src/freertos.c **** /* Private macro -------------------------------------------------------------*/
  42:../../CM7/Core/Src/freertos.c **** /* USER CODE BEGIN PM */
  43:../../CM7/Core/Src/freertos.c **** 
  44:../../CM7/Core/Src/freertos.c **** /* USER CODE END PM */
  45:../../CM7/Core/Src/freertos.c **** 
  46:../../CM7/Core/Src/freertos.c **** /* Private variables ---------------------------------------------------------*/
  47:../../CM7/Core/Src/freertos.c **** /* USER CODE BEGIN Variables */
  48:../../CM7/Core/Src/freertos.c **** 
  49:../../CM7/Core/Src/freertos.c **** /* USER CODE END Variables */
  50:../../CM7/Core/Src/freertos.c **** /* Definitions for defaultTask */
  51:../../CM7/Core/Src/freertos.c **** osThreadId_t defaultTaskHandle;
  52:../../CM7/Core/Src/freertos.c **** const osThreadAttr_t defaultTask_attributes = {
  53:../../CM7/Core/Src/freertos.c ****   .name = "defaultTask",
  54:../../CM7/Core/Src/freertos.c ****   .stack_size = 128 * 4,
  55:../../CM7/Core/Src/freertos.c ****   .priority = (osPriority_t) osPriorityNormal,
  56:../../CM7/Core/Src/freertos.c **** };
  57:../../CM7/Core/Src/freertos.c **** 
  58:../../CM7/Core/Src/freertos.c **** /* Private function prototypes -----------------------------------------------*/
  59:../../CM7/Core/Src/freertos.c **** /* USER CODE BEGIN FunctionPrototypes */
  60:../../CM7/Core/Src/freertos.c **** 
  61:../../CM7/Core/Src/freertos.c **** /* USER CODE END FunctionPrototypes */
  62:../../CM7/Core/Src/freertos.c **** 
  63:../../CM7/Core/Src/freertos.c **** void StartDefaultTask(void *argument);
  64:../../CM7/Core/Src/freertos.c **** 
  65:../../CM7/Core/Src/freertos.c **** void MX_FREERTOS_Init(void); /* (MISRA C 2004 rule 8.1) */
  66:../../CM7/Core/Src/freertos.c **** 
  67:../../CM7/Core/Src/freertos.c **** /**
  68:../../CM7/Core/Src/freertos.c ****   * @brief  FreeRTOS initialization
  69:../../CM7/Core/Src/freertos.c ****   * @param  None
  70:../../CM7/Core/Src/freertos.c ****   * @retval None
  71:../../CM7/Core/Src/freertos.c ****   */
  72:../../CM7/Core/Src/freertos.c **** void MX_FREERTOS_Init(void) {
  73:../../CM7/Core/Src/freertos.c ****   /* USER CODE BEGIN Init */
  74:../../CM7/Core/Src/freertos.c **** 
  75:../../CM7/Core/Src/freertos.c ****   /* USER CODE END Init */
  76:../../CM7/Core/Src/freertos.c **** 
  77:../../CM7/Core/Src/freertos.c ****   /* USER CODE BEGIN RTOS_MUTEX */
  78:../../CM7/Core/Src/freertos.c ****   /* add mutexes, ... */
  79:../../CM7/Core/Src/freertos.c ****   /* USER CODE END RTOS_MUTEX */
  80:../../CM7/Core/Src/freertos.c **** 
  81:../../CM7/Core/Src/freertos.c ****   /* USER CODE BEGIN RTOS_SEMAPHORES */
  82:../../CM7/Core/Src/freertos.c ****   /* add semaphores, ... */
  83:../../CM7/Core/Src/freertos.c ****   /* USER CODE END RTOS_SEMAPHORES */
  84:../../CM7/Core/Src/freertos.c **** 
  85:../../CM7/Core/Src/freertos.c ****   /* USER CODE BEGIN RTOS_TIMERS */
  86:../../CM7/Core/Src/freertos.c ****   /* start timers, add new ones, ... */
  87:../../CM7/Core/Src/freertos.c ****   /* USER CODE END RTOS_TIMERS */
  88:../../CM7/Core/Src/freertos.c **** 
ARM GAS  C:\Users\28576\AppData\Local\Temp\cc28lKzH.s 			page 3


  89:../../CM7/Core/Src/freertos.c ****   /* USER CODE BEGIN RTOS_QUEUES */
  90:../../CM7/Core/Src/freertos.c ****   /* add queues, ... */
  91:../../CM7/Core/Src/freertos.c ****   /* USER CODE END RTOS_QUEUES */
  92:../../CM7/Core/Src/freertos.c **** 
  93:../../CM7/Core/Src/freertos.c ****   /* Create the thread(s) */
  94:../../CM7/Core/Src/freertos.c ****   /* creation of defaultTask */
  95:../../CM7/Core/Src/freertos.c ****   defaultTaskHandle = osThreadNew(StartDefaultTask, NULL, &defaultTask_attributes);
  96:../../CM7/Core/Src/freertos.c **** 
  97:../../CM7/Core/Src/freertos.c ****   /* USER CODE BEGIN RTOS_THREADS */
  98:../../CM7/Core/Src/freertos.c ****   /* add threads, ... */
  99:../../CM7/Core/Src/freertos.c ****   /* USER CODE END RTOS_THREADS */
 100:../../CM7/Core/Src/freertos.c **** 
 101:../../CM7/Core/Src/freertos.c ****   /* USER CODE BEGIN RTOS_EVENTS */
 102:../../CM7/Core/Src/freertos.c ****   /* add events, ... */
 103:../../CM7/Core/Src/freertos.c ****   /* USER CODE END RTOS_EVENTS */
 104:../../CM7/Core/Src/freertos.c **** 
 105:../../CM7/Core/Src/freertos.c **** }
 106:../../CM7/Core/Src/freertos.c **** 
 107:../../CM7/Core/Src/freertos.c **** /* USER CODE BEGIN Header_StartDefaultTask */
 108:../../CM7/Core/Src/freertos.c **** /**
 109:../../CM7/Core/Src/freertos.c ****   * @brief  Function implementing the defaultTask thread.
 110:../../CM7/Core/Src/freertos.c ****   * @param  argument: Not used
 111:../../CM7/Core/Src/freertos.c ****   * @retval None
 112:../../CM7/Core/Src/freertos.c ****   */
 113:../../CM7/Core/Src/freertos.c **** /* USER CODE END Header_StartDefaultTask */
 114:../../CM7/Core/Src/freertos.c **** void StartDefaultTask(void *argument)
 115:../../CM7/Core/Src/freertos.c **** {
  28              		.loc 1 115 1 view -0
  29              		.cfi_startproc
  30              		@ Volatile: function does not return.
  31              		@ args = 0, pretend = 0, frame = 0
  32              		@ frame_needed = 0, uses_anonymous_args = 0
  33              	.LVL0:
  34              		.loc 1 115 1 is_stmt 0 view .LVU1
  35 0000 08B5     		push	{r3, lr}
  36              	.LCFI0:
  37              		.cfi_def_cfa_offset 8
  38              		.cfi_offset 3, -8
  39              		.cfi_offset 14, -4
  40              	.LVL1:
  41              	.L2:
 116:../../CM7/Core/Src/freertos.c ****   /* USER CODE BEGIN StartDefaultTask */
 117:../../CM7/Core/Src/freertos.c ****   /* Infinite loop */
 118:../../CM7/Core/Src/freertos.c ****   for(;;)
  42              		.loc 1 118 3 is_stmt 1 view .LVU2
 119:../../CM7/Core/Src/freertos.c ****   {
 120:../../CM7/Core/Src/freertos.c ****     osDelay(1);
  43              		.loc 1 120 5 discriminator 2 view .LVU3
  44 0002 0120     		movs	r0, #1
  45 0004 FFF7FEFF 		bl	osDelay
  46              	.LVL2:
 118:../../CM7/Core/Src/freertos.c ****   {
  47              		.loc 1 118 3 view .LVU4
  48 0008 FBE7     		b	.L2
  49              		.cfi_endproc
  50              	.LFE149:
  52              		.section	.text.MX_FREERTOS_Init,"ax",%progbits
ARM GAS  C:\Users\28576\AppData\Local\Temp\cc28lKzH.s 			page 4


  53              		.align	1
  54              		.global	MX_FREERTOS_Init
  55              		.syntax unified
  56              		.thumb
  57              		.thumb_func
  59              	MX_FREERTOS_Init:
  60              	.LFB148:
  72:../../CM7/Core/Src/freertos.c ****   /* USER CODE BEGIN Init */
  61              		.loc 1 72 29 view -0
  62              		.cfi_startproc
  63              		@ args = 0, pretend = 0, frame = 0
  64              		@ frame_needed = 0, uses_anonymous_args = 0
  65 0000 08B5     		push	{r3, lr}
  66              	.LCFI1:
  67              		.cfi_def_cfa_offset 8
  68              		.cfi_offset 3, -8
  69              		.cfi_offset 14, -4
  95:../../CM7/Core/Src/freertos.c **** 
  70              		.loc 1 95 3 view .LVU6
  95:../../CM7/Core/Src/freertos.c **** 
  71              		.loc 1 95 23 is_stmt 0 view .LVU7
  72 0002 044A     		ldr	r2, .L6
  73 0004 0021     		movs	r1, #0
  74 0006 0448     		ldr	r0, .L6+4
  75 0008 FFF7FEFF 		bl	osThreadNew
  76              	.LVL3:
  95:../../CM7/Core/Src/freertos.c **** 
  77              		.loc 1 95 21 discriminator 1 view .LVU8
  78 000c 034B     		ldr	r3, .L6+8
  79 000e 1860     		str	r0, [r3]
 105:../../CM7/Core/Src/freertos.c **** 
  80              		.loc 1 105 1 view .LVU9
  81 0010 08BD     		pop	{r3, pc}
  82              	.L7:
  83 0012 00BF     		.align	2
  84              	.L6:
  85 0014 00000000 		.word	defaultTask_attributes
  86 0018 00000000 		.word	StartDefaultTask
  87 001c 00000000 		.word	defaultTaskHandle
  88              		.cfi_endproc
  89              	.LFE148:
  91              		.global	defaultTask_attributes
  92              		.section	.rodata.str1.4,"aMS",%progbits,1
  93              		.align	2
  94              	.LC0:
  95 0000 64656661 		.ascii	"defaultTask\000"
  95      756C7454 
  95      61736B00 
  96              		.section	.rodata.defaultTask_attributes,"a"
  97              		.align	2
 100              	defaultTask_attributes:
 101 0000 00000000 		.word	.LC0
 102 0004 00000000 		.space	16
 102      00000000 
 102      00000000 
 102      00000000 
 103 0014 00020000 		.word	512
ARM GAS  C:\Users\28576\AppData\Local\Temp\cc28lKzH.s 			page 5


 104 0018 18000000 		.word	24
 105 001c 00000000 		.space	8
 105      00000000 
 106              		.global	defaultTaskHandle
 107              		.section	.bss.defaultTaskHandle,"aw",%nobits
 108              		.align	2
 111              	defaultTaskHandle:
 112 0000 00000000 		.space	4
 113              		.text
 114              	.Letext0:
 115              		.file 2 "C:/Users/28576/AppData/Roaming/xPacks/@xpack-dev-tools/arm-none-eabi-gcc/15.2.1-1.1.1/.co
 116              		.file 3 "C:/Users/28576/AppData/Roaming/xPacks/@xpack-dev-tools/arm-none-eabi-gcc/15.2.1-1.1.1/.co
 117              		.file 4 "../../Middlewares/Third_Party/FreeRTOS/Source/CMSIS_RTOS_V2/cmsis_os2.h"
ARM GAS  C:\Users\28576\AppData\Local\Temp\cc28lKzH.s 			page 6


DEFINED SYMBOLS
                            *ABS*:00000000 freertos.c
C:\Users\28576\AppData\Local\Temp\cc28lKzH.s:20     .text.StartDefaultTask:00000000 $t
C:\Users\28576\AppData\Local\Temp\cc28lKzH.s:26     .text.StartDefaultTask:00000000 StartDefaultTask
C:\Users\28576\AppData\Local\Temp\cc28lKzH.s:53     .text.MX_FREERTOS_Init:00000000 $t
C:\Users\28576\AppData\Local\Temp\cc28lKzH.s:59     .text.MX_FREERTOS_Init:00000000 MX_FREERTOS_Init
C:\Users\28576\AppData\Local\Temp\cc28lKzH.s:85     .text.MX_FREERTOS_Init:00000014 $d
C:\Users\28576\AppData\Local\Temp\cc28lKzH.s:100    .rodata.defaultTask_attributes:00000000 defaultTask_attributes
C:\Users\28576\AppData\Local\Temp\cc28lKzH.s:111    .bss.defaultTaskHandle:00000000 defaultTaskHandle
C:\Users\28576\AppData\Local\Temp\cc28lKzH.s:93     .rodata.str1.4:00000000 $d
C:\Users\28576\AppData\Local\Temp\cc28lKzH.s:97     .rodata.defaultTask_attributes:00000000 $d
C:\Users\28576\AppData\Local\Temp\cc28lKzH.s:108    .bss.defaultTaskHandle:00000000 $d

UNDEFINED SYMBOLS
osDelay
osThreadNew
