ARM GAS  C:\Users\28576\AppData\Local\Temp\cc1pvLbW.s 			page 1


   1              		.cpu cortex-m7
   2              		.arch armv7e-m
   3              		.fpu fpv5-d16
   4              		.eabi_attribute 28, 1
   5              		.eabi_attribute 20, 1
   6              		.eabi_attribute 21, 1
   7              		.eabi_attribute 23, 3
   8              		.eabi_attribute 24, 1
   9              		.eabi_attribute 25, 1
  10              		.eabi_attribute 26, 1
  11              		.eabi_attribute 30, 1
  12              		.eabi_attribute 34, 1
  13              		.eabi_attribute 18, 4
  14              		.file	"lv_calendar_header_arrow.c"
  15              		.text
  16              	.Ltext0:
  17              		.cfi_sections	.debug_frame
  18              		.file 1 "../../Middlewares/LVGL/GUI/lvgl/src/widgets/calendar/lv_calendar_header_arrow.c"
  19              		.section	.rodata.my_constructor.str1.4,"aMS",%progbits,1
  20              		.align	2
  21              	.LC0:
  22 0000 EF819300 		.ascii	"\357\201\223\000"
  23              		.align	2
  24              	.LC1:
  25 0004 EF819400 		.ascii	"\357\201\224\000"
  26              		.section	.text.my_constructor,"ax",%progbits
  27              		.align	1
  28              		.syntax unified
  29              		.thumb
  30              		.thumb_func
  32              	my_constructor:
  33              	.LVL0:
  34              	.LFB173:
   1:../../Middlewares/LVGL/GUI/lvgl/src/widgets/calendar/lv_calendar_header_arrow.c **** /**
   2:../../Middlewares/LVGL/GUI/lvgl/src/widgets/calendar/lv_calendar_header_arrow.c ****  * @file lv_calendar_header_arrow.c
   3:../../Middlewares/LVGL/GUI/lvgl/src/widgets/calendar/lv_calendar_header_arrow.c ****  *
   4:../../Middlewares/LVGL/GUI/lvgl/src/widgets/calendar/lv_calendar_header_arrow.c ****  */
   5:../../Middlewares/LVGL/GUI/lvgl/src/widgets/calendar/lv_calendar_header_arrow.c **** 
   6:../../Middlewares/LVGL/GUI/lvgl/src/widgets/calendar/lv_calendar_header_arrow.c **** /*********************
   7:../../Middlewares/LVGL/GUI/lvgl/src/widgets/calendar/lv_calendar_header_arrow.c ****  *      INCLUDES
   8:../../Middlewares/LVGL/GUI/lvgl/src/widgets/calendar/lv_calendar_header_arrow.c ****  *********************/
   9:../../Middlewares/LVGL/GUI/lvgl/src/widgets/calendar/lv_calendar_header_arrow.c **** #include "../../core/lv_obj_class_private.h"
  10:../../Middlewares/LVGL/GUI/lvgl/src/widgets/calendar/lv_calendar_header_arrow.c **** #include "lv_calendar_header_arrow.h"
  11:../../Middlewares/LVGL/GUI/lvgl/src/widgets/calendar/lv_calendar_header_arrow.c **** #if LV_USE_CALENDAR && LV_USE_CALENDAR_HEADER_ARROW
  12:../../Middlewares/LVGL/GUI/lvgl/src/widgets/calendar/lv_calendar_header_arrow.c **** 
  13:../../Middlewares/LVGL/GUI/lvgl/src/widgets/calendar/lv_calendar_header_arrow.c **** #include "lv_calendar.h"
  14:../../Middlewares/LVGL/GUI/lvgl/src/widgets/calendar/lv_calendar_header_arrow.c **** #include "../button/lv_button.h"
  15:../../Middlewares/LVGL/GUI/lvgl/src/widgets/calendar/lv_calendar_header_arrow.c **** #include "../label/lv_label.h"
  16:../../Middlewares/LVGL/GUI/lvgl/src/widgets/calendar/lv_calendar_header_arrow.c **** #include "../../layouts/flex/lv_flex.h"
  17:../../Middlewares/LVGL/GUI/lvgl/src/widgets/calendar/lv_calendar_header_arrow.c **** #include "../../misc/lv_assert.h"
  18:../../Middlewares/LVGL/GUI/lvgl/src/widgets/calendar/lv_calendar_header_arrow.c **** 
  19:../../Middlewares/LVGL/GUI/lvgl/src/widgets/calendar/lv_calendar_header_arrow.c **** /*********************
  20:../../Middlewares/LVGL/GUI/lvgl/src/widgets/calendar/lv_calendar_header_arrow.c ****  *      DEFINES
  21:../../Middlewares/LVGL/GUI/lvgl/src/widgets/calendar/lv_calendar_header_arrow.c ****  *********************/
  22:../../Middlewares/LVGL/GUI/lvgl/src/widgets/calendar/lv_calendar_header_arrow.c **** 
  23:../../Middlewares/LVGL/GUI/lvgl/src/widgets/calendar/lv_calendar_header_arrow.c **** /**********************
  24:../../Middlewares/LVGL/GUI/lvgl/src/widgets/calendar/lv_calendar_header_arrow.c ****  *      TYPEDEFS
ARM GAS  C:\Users\28576\AppData\Local\Temp\cc1pvLbW.s 			page 2


  25:../../Middlewares/LVGL/GUI/lvgl/src/widgets/calendar/lv_calendar_header_arrow.c ****  **********************/
  26:../../Middlewares/LVGL/GUI/lvgl/src/widgets/calendar/lv_calendar_header_arrow.c **** 
  27:../../Middlewares/LVGL/GUI/lvgl/src/widgets/calendar/lv_calendar_header_arrow.c **** /**********************
  28:../../Middlewares/LVGL/GUI/lvgl/src/widgets/calendar/lv_calendar_header_arrow.c ****  *  STATIC PROTOTYPES
  29:../../Middlewares/LVGL/GUI/lvgl/src/widgets/calendar/lv_calendar_header_arrow.c ****  **********************/
  30:../../Middlewares/LVGL/GUI/lvgl/src/widgets/calendar/lv_calendar_header_arrow.c **** static void my_constructor(const lv_obj_class_t * class_p, lv_obj_t * obj);
  31:../../Middlewares/LVGL/GUI/lvgl/src/widgets/calendar/lv_calendar_header_arrow.c **** static void month_event_cb(lv_event_t * e);
  32:../../Middlewares/LVGL/GUI/lvgl/src/widgets/calendar/lv_calendar_header_arrow.c **** static void value_changed_event_cb(lv_event_t * e);
  33:../../Middlewares/LVGL/GUI/lvgl/src/widgets/calendar/lv_calendar_header_arrow.c **** 
  34:../../Middlewares/LVGL/GUI/lvgl/src/widgets/calendar/lv_calendar_header_arrow.c **** /**********************
  35:../../Middlewares/LVGL/GUI/lvgl/src/widgets/calendar/lv_calendar_header_arrow.c ****  *  STATIC VARIABLES
  36:../../Middlewares/LVGL/GUI/lvgl/src/widgets/calendar/lv_calendar_header_arrow.c ****  **********************/
  37:../../Middlewares/LVGL/GUI/lvgl/src/widgets/calendar/lv_calendar_header_arrow.c **** 
  38:../../Middlewares/LVGL/GUI/lvgl/src/widgets/calendar/lv_calendar_header_arrow.c **** const lv_obj_class_t lv_calendar_header_arrow_class = {
  39:../../Middlewares/LVGL/GUI/lvgl/src/widgets/calendar/lv_calendar_header_arrow.c ****     .base_class = &lv_obj_class,
  40:../../Middlewares/LVGL/GUI/lvgl/src/widgets/calendar/lv_calendar_header_arrow.c ****     .constructor_cb = my_constructor,
  41:../../Middlewares/LVGL/GUI/lvgl/src/widgets/calendar/lv_calendar_header_arrow.c ****     .width_def = LV_PCT(100),
  42:../../Middlewares/LVGL/GUI/lvgl/src/widgets/calendar/lv_calendar_header_arrow.c ****     .height_def = LV_DPI_DEF / 3,
  43:../../Middlewares/LVGL/GUI/lvgl/src/widgets/calendar/lv_calendar_header_arrow.c ****     .name = "lv_calendar_header_arrow",
  44:../../Middlewares/LVGL/GUI/lvgl/src/widgets/calendar/lv_calendar_header_arrow.c **** };
  45:../../Middlewares/LVGL/GUI/lvgl/src/widgets/calendar/lv_calendar_header_arrow.c **** 
  46:../../Middlewares/LVGL/GUI/lvgl/src/widgets/calendar/lv_calendar_header_arrow.c **** static const char * month_names_def[12] = LV_CALENDAR_DEFAULT_MONTH_NAMES;
  47:../../Middlewares/LVGL/GUI/lvgl/src/widgets/calendar/lv_calendar_header_arrow.c **** 
  48:../../Middlewares/LVGL/GUI/lvgl/src/widgets/calendar/lv_calendar_header_arrow.c **** /**********************
  49:../../Middlewares/LVGL/GUI/lvgl/src/widgets/calendar/lv_calendar_header_arrow.c ****  *      MACROS
  50:../../Middlewares/LVGL/GUI/lvgl/src/widgets/calendar/lv_calendar_header_arrow.c ****  **********************/
  51:../../Middlewares/LVGL/GUI/lvgl/src/widgets/calendar/lv_calendar_header_arrow.c **** 
  52:../../Middlewares/LVGL/GUI/lvgl/src/widgets/calendar/lv_calendar_header_arrow.c **** /**********************
  53:../../Middlewares/LVGL/GUI/lvgl/src/widgets/calendar/lv_calendar_header_arrow.c ****  *   GLOBAL FUNCTIONS
  54:../../Middlewares/LVGL/GUI/lvgl/src/widgets/calendar/lv_calendar_header_arrow.c ****  **********************/
  55:../../Middlewares/LVGL/GUI/lvgl/src/widgets/calendar/lv_calendar_header_arrow.c **** 
  56:../../Middlewares/LVGL/GUI/lvgl/src/widgets/calendar/lv_calendar_header_arrow.c **** lv_obj_t * lv_calendar_add_header_arrow(lv_obj_t * parent)
  57:../../Middlewares/LVGL/GUI/lvgl/src/widgets/calendar/lv_calendar_header_arrow.c **** {
  58:../../Middlewares/LVGL/GUI/lvgl/src/widgets/calendar/lv_calendar_header_arrow.c ****     lv_obj_t * obj = lv_obj_class_create_obj(&lv_calendar_header_arrow_class, parent);
  59:../../Middlewares/LVGL/GUI/lvgl/src/widgets/calendar/lv_calendar_header_arrow.c ****     lv_obj_class_init_obj(obj);
  60:../../Middlewares/LVGL/GUI/lvgl/src/widgets/calendar/lv_calendar_header_arrow.c ****     return obj;
  61:../../Middlewares/LVGL/GUI/lvgl/src/widgets/calendar/lv_calendar_header_arrow.c **** }
  62:../../Middlewares/LVGL/GUI/lvgl/src/widgets/calendar/lv_calendar_header_arrow.c **** 
  63:../../Middlewares/LVGL/GUI/lvgl/src/widgets/calendar/lv_calendar_header_arrow.c **** /**********************
  64:../../Middlewares/LVGL/GUI/lvgl/src/widgets/calendar/lv_calendar_header_arrow.c ****  *  STATIC FUNCTIONS
  65:../../Middlewares/LVGL/GUI/lvgl/src/widgets/calendar/lv_calendar_header_arrow.c ****  **********************/
  66:../../Middlewares/LVGL/GUI/lvgl/src/widgets/calendar/lv_calendar_header_arrow.c **** 
  67:../../Middlewares/LVGL/GUI/lvgl/src/widgets/calendar/lv_calendar_header_arrow.c **** static void my_constructor(const lv_obj_class_t * class_p, lv_obj_t * obj)
  68:../../Middlewares/LVGL/GUI/lvgl/src/widgets/calendar/lv_calendar_header_arrow.c **** {
  35              		.loc 1 68 1 view -0
  36              		.cfi_startproc
  37              		@ args = 0, pretend = 0, frame = 0
  38              		@ frame_needed = 0, uses_anonymous_args = 0
  39              		.loc 1 68 1 is_stmt 0 view .LVU1
  40 0000 F8B5     		push	{r3, r4, r5, r6, r7, lr}
  41              	.LCFI0:
  42              		.cfi_def_cfa_offset 24
  43              		.cfi_offset 3, -24
  44              		.cfi_offset 4, -20
  45              		.cfi_offset 5, -16
  46              		.cfi_offset 6, -12
  47              		.cfi_offset 7, -8
ARM GAS  C:\Users\28576\AppData\Local\Temp\cc1pvLbW.s 			page 3


  48              		.cfi_offset 14, -4
  49 0002 0C46     		mov	r4, r1
  69:../../Middlewares/LVGL/GUI/lvgl/src/widgets/calendar/lv_calendar_header_arrow.c ****     LV_TRACE_OBJ_CREATE("begin");
  50              		.loc 1 69 33 is_stmt 1 view .LVU2
  70:../../Middlewares/LVGL/GUI/lvgl/src/widgets/calendar/lv_calendar_header_arrow.c **** 
  71:../../Middlewares/LVGL/GUI/lvgl/src/widgets/calendar/lv_calendar_header_arrow.c ****     LV_UNUSED(class_p);
  51              		.loc 1 71 5 view .LVU3
  72:../../Middlewares/LVGL/GUI/lvgl/src/widgets/calendar/lv_calendar_header_arrow.c **** 
  73:../../Middlewares/LVGL/GUI/lvgl/src/widgets/calendar/lv_calendar_header_arrow.c ****     lv_obj_move_to_index(obj, 0);
  52              		.loc 1 73 5 view .LVU4
  53 0004 0021     		movs	r1, #0
  54              	.LVL1:
  55              		.loc 1 73 5 is_stmt 0 view .LVU5
  56 0006 2046     		mov	r0, r4
  57              	.LVL2:
  58              		.loc 1 73 5 view .LVU6
  59 0008 FFF7FEFF 		bl	lv_obj_move_to_index
  60              	.LVL3:
  74:../../Middlewares/LVGL/GUI/lvgl/src/widgets/calendar/lv_calendar_header_arrow.c **** 
  75:../../Middlewares/LVGL/GUI/lvgl/src/widgets/calendar/lv_calendar_header_arrow.c ****     lv_obj_set_flex_flow(obj, LV_FLEX_FLOW_ROW);
  61              		.loc 1 75 5 is_stmt 1 view .LVU7
  62 000c 0021     		movs	r1, #0
  63 000e 2046     		mov	r0, r4
  64 0010 FFF7FEFF 		bl	lv_obj_set_flex_flow
  65              	.LVL4:
  76:../../Middlewares/LVGL/GUI/lvgl/src/widgets/calendar/lv_calendar_header_arrow.c ****     lv_obj_set_flex_align(obj, LV_FLEX_ALIGN_START, LV_FLEX_ALIGN_CENTER, LV_FLEX_ALIGN_START);
  66              		.loc 1 76 5 view .LVU8
  67 0014 0023     		movs	r3, #0
  68 0016 0222     		movs	r2, #2
  69 0018 1946     		mov	r1, r3
  70 001a 2046     		mov	r0, r4
  71 001c FFF7FEFF 		bl	lv_obj_set_flex_align
  72              	.LVL5:
  77:../../Middlewares/LVGL/GUI/lvgl/src/widgets/calendar/lv_calendar_header_arrow.c **** 
  78:../../Middlewares/LVGL/GUI/lvgl/src/widgets/calendar/lv_calendar_header_arrow.c ****     lv_obj_t * mo_prev = lv_button_create(obj);
  73              		.loc 1 78 5 view .LVU9
  74              		.loc 1 78 26 is_stmt 0 view .LVU10
  75 0020 2046     		mov	r0, r4
  76 0022 FFF7FEFF 		bl	lv_button_create
  77              	.LVL6:
  78 0026 0546     		mov	r5, r0
  79              	.LVL7:
  79:../../Middlewares/LVGL/GUI/lvgl/src/widgets/calendar/lv_calendar_header_arrow.c ****     lv_obj_set_style_bg_image_src(mo_prev, LV_SYMBOL_LEFT, 0);
  80              		.loc 1 79 5 is_stmt 1 view .LVU11
  81 0028 0022     		movs	r2, #0
  82 002a 2949     		ldr	r1, .L3
  83 002c FFF7FEFF 		bl	lv_obj_set_style_bg_image_src
  84              	.LVL8:
  80:../../Middlewares/LVGL/GUI/lvgl/src/widgets/calendar/lv_calendar_header_arrow.c ****     lv_obj_set_height(mo_prev, lv_pct(100));
  85              		.loc 1 80 5 view .LVU12
  86 0030 6420     		movs	r0, #100
  87 0032 FFF7FEFF 		bl	lv_pct
  88              	.LVL9:
  89 0036 0146     		mov	r1, r0
  90              		.loc 1 80 5 is_stmt 0 discriminator 1 view .LVU13
  91 0038 2846     		mov	r0, r5
  92 003a FFF7FEFF 		bl	lv_obj_set_height
ARM GAS  C:\Users\28576\AppData\Local\Temp\cc1pvLbW.s 			page 4


  93              	.LVL10:
  81:../../Middlewares/LVGL/GUI/lvgl/src/widgets/calendar/lv_calendar_header_arrow.c ****     lv_obj_update_layout(mo_prev);
  94              		.loc 1 81 5 is_stmt 1 view .LVU14
  95 003e 2846     		mov	r0, r5
  96 0040 FFF7FEFF 		bl	lv_obj_update_layout
  97              	.LVL11:
  82:../../Middlewares/LVGL/GUI/lvgl/src/widgets/calendar/lv_calendar_header_arrow.c ****     int32_t btn_size = lv_obj_get_height(mo_prev);
  98              		.loc 1 82 5 view .LVU15
  99              		.loc 1 82 24 is_stmt 0 view .LVU16
 100 0044 2846     		mov	r0, r5
 101 0046 FFF7FEFF 		bl	lv_obj_get_height
 102              	.LVL12:
 103 004a 0646     		mov	r6, r0
 104              	.LVL13:
  83:../../Middlewares/LVGL/GUI/lvgl/src/widgets/calendar/lv_calendar_header_arrow.c ****     lv_obj_set_width(mo_prev, btn_size);
 105              		.loc 1 83 5 is_stmt 1 view .LVU17
 106 004c 0146     		mov	r1, r0
 107 004e 2846     		mov	r0, r5
 108              	.LVL14:
 109              		.loc 1 83 5 is_stmt 0 view .LVU18
 110 0050 FFF7FEFF 		bl	lv_obj_set_width
 111              	.LVL15:
  84:../../Middlewares/LVGL/GUI/lvgl/src/widgets/calendar/lv_calendar_header_arrow.c **** 
  85:../../Middlewares/LVGL/GUI/lvgl/src/widgets/calendar/lv_calendar_header_arrow.c ****     lv_obj_add_event_cb(mo_prev, month_event_cb, LV_EVENT_CLICKED, NULL);
 112              		.loc 1 85 5 is_stmt 1 view .LVU19
 113 0054 1F4F     		ldr	r7, .L3+4
 114 0056 0023     		movs	r3, #0
 115 0058 0A22     		movs	r2, #10
 116 005a 3946     		mov	r1, r7
 117 005c 2846     		mov	r0, r5
 118 005e FFF7FEFF 		bl	lv_obj_add_event_cb
 119              	.LVL16:
  86:../../Middlewares/LVGL/GUI/lvgl/src/widgets/calendar/lv_calendar_header_arrow.c ****     lv_obj_remove_flag(mo_prev, LV_OBJ_FLAG_CLICK_FOCUSABLE);
 120              		.loc 1 86 5 view .LVU20
 121 0062 0421     		movs	r1, #4
 122 0064 2846     		mov	r0, r5
 123 0066 FFF7FEFF 		bl	lv_obj_remove_flag
 124              	.LVL17:
  87:../../Middlewares/LVGL/GUI/lvgl/src/widgets/calendar/lv_calendar_header_arrow.c **** 
  88:../../Middlewares/LVGL/GUI/lvgl/src/widgets/calendar/lv_calendar_header_arrow.c ****     lv_obj_t * label = lv_label_create(obj);
 125              		.loc 1 88 5 view .LVU21
 126              		.loc 1 88 24 is_stmt 0 view .LVU22
 127 006a 2046     		mov	r0, r4
 128 006c FFF7FEFF 		bl	lv_label_create
 129              	.LVL18:
 130 0070 0546     		mov	r5, r0
 131              	.LVL19:
  89:../../Middlewares/LVGL/GUI/lvgl/src/widgets/calendar/lv_calendar_header_arrow.c ****     lv_label_set_long_mode(label, LV_LABEL_LONG_MODE_SCROLL_CIRCULAR);
 132              		.loc 1 89 5 is_stmt 1 view .LVU23
 133 0072 0321     		movs	r1, #3
 134 0074 FFF7FEFF 		bl	lv_label_set_long_mode
 135              	.LVL20:
  90:../../Middlewares/LVGL/GUI/lvgl/src/widgets/calendar/lv_calendar_header_arrow.c ****     lv_obj_set_style_text_align(label, LV_TEXT_ALIGN_CENTER, 0);
 136              		.loc 1 90 5 view .LVU24
 137 0078 0022     		movs	r2, #0
 138 007a 0221     		movs	r1, #2
 139 007c 2846     		mov	r0, r5
ARM GAS  C:\Users\28576\AppData\Local\Temp\cc1pvLbW.s 			page 5


 140 007e FFF7FEFF 		bl	lv_obj_set_style_text_align
 141              	.LVL21:
  91:../../Middlewares/LVGL/GUI/lvgl/src/widgets/calendar/lv_calendar_header_arrow.c ****     lv_obj_set_flex_grow(label, 1);
 142              		.loc 1 91 5 view .LVU25
 143 0082 0121     		movs	r1, #1
 144 0084 2846     		mov	r0, r5
 145 0086 FFF7FEFF 		bl	lv_obj_set_flex_grow
 146              	.LVL22:
  92:../../Middlewares/LVGL/GUI/lvgl/src/widgets/calendar/lv_calendar_header_arrow.c **** 
  93:../../Middlewares/LVGL/GUI/lvgl/src/widgets/calendar/lv_calendar_header_arrow.c ****     lv_obj_t * mo_next = lv_button_create(obj);
 147              		.loc 1 93 5 view .LVU26
 148              		.loc 1 93 26 is_stmt 0 view .LVU27
 149 008a 2046     		mov	r0, r4
 150 008c FFF7FEFF 		bl	lv_button_create
 151              	.LVL23:
 152 0090 0546     		mov	r5, r0
 153              	.LVL24:
  94:../../Middlewares/LVGL/GUI/lvgl/src/widgets/calendar/lv_calendar_header_arrow.c ****     lv_obj_set_style_bg_image_src(mo_next, LV_SYMBOL_RIGHT, 0);
 154              		.loc 1 94 5 is_stmt 1 view .LVU28
 155 0092 0022     		movs	r2, #0
 156 0094 1049     		ldr	r1, .L3+8
 157 0096 FFF7FEFF 		bl	lv_obj_set_style_bg_image_src
 158              	.LVL25:
  95:../../Middlewares/LVGL/GUI/lvgl/src/widgets/calendar/lv_calendar_header_arrow.c ****     lv_obj_set_size(mo_next, btn_size, btn_size);
 159              		.loc 1 95 5 view .LVU29
 160 009a 3246     		mov	r2, r6
 161 009c 3146     		mov	r1, r6
 162 009e 2846     		mov	r0, r5
 163 00a0 FFF7FEFF 		bl	lv_obj_set_size
 164              	.LVL26:
  96:../../Middlewares/LVGL/GUI/lvgl/src/widgets/calendar/lv_calendar_header_arrow.c **** 
  97:../../Middlewares/LVGL/GUI/lvgl/src/widgets/calendar/lv_calendar_header_arrow.c ****     lv_obj_add_event_cb(mo_next, month_event_cb, LV_EVENT_CLICKED, NULL);
 165              		.loc 1 97 5 view .LVU30
 166 00a4 0023     		movs	r3, #0
 167 00a6 0A22     		movs	r2, #10
 168 00a8 3946     		mov	r1, r7
 169 00aa 2846     		mov	r0, r5
 170 00ac FFF7FEFF 		bl	lv_obj_add_event_cb
 171              	.LVL27:
  98:../../Middlewares/LVGL/GUI/lvgl/src/widgets/calendar/lv_calendar_header_arrow.c ****     lv_obj_remove_flag(mo_next, LV_OBJ_FLAG_CLICK_FOCUSABLE);
 172              		.loc 1 98 5 view .LVU31
 173 00b0 0421     		movs	r1, #4
 174 00b2 2846     		mov	r0, r5
 175 00b4 FFF7FEFF 		bl	lv_obj_remove_flag
 176              	.LVL28:
  99:../../Middlewares/LVGL/GUI/lvgl/src/widgets/calendar/lv_calendar_header_arrow.c **** 
 100:../../Middlewares/LVGL/GUI/lvgl/src/widgets/calendar/lv_calendar_header_arrow.c ****     lv_obj_add_event_cb(obj, value_changed_event_cb, LV_EVENT_VALUE_CHANGED, NULL);
 177              		.loc 1 100 5 view .LVU32
 178 00b8 0023     		movs	r3, #0
 179 00ba 2322     		movs	r2, #35
 180 00bc 0749     		ldr	r1, .L3+12
 181 00be 2046     		mov	r0, r4
 182 00c0 FFF7FEFF 		bl	lv_obj_add_event_cb
 183              	.LVL29:
 101:../../Middlewares/LVGL/GUI/lvgl/src/widgets/calendar/lv_calendar_header_arrow.c ****     /*Refresh the drop downs*/
 102:../../Middlewares/LVGL/GUI/lvgl/src/widgets/calendar/lv_calendar_header_arrow.c ****     lv_obj_send_event(obj, LV_EVENT_VALUE_CHANGED, NULL);
 184              		.loc 1 102 5 view .LVU33
ARM GAS  C:\Users\28576\AppData\Local\Temp\cc1pvLbW.s 			page 6


 185 00c4 0022     		movs	r2, #0
 186 00c6 2321     		movs	r1, #35
 187 00c8 2046     		mov	r0, r4
 188 00ca FFF7FEFF 		bl	lv_obj_send_event
 189              	.LVL30:
 103:../../Middlewares/LVGL/GUI/lvgl/src/widgets/calendar/lv_calendar_header_arrow.c **** }
 190              		.loc 1 103 1 is_stmt 0 view .LVU34
 191 00ce F8BD     		pop	{r3, r4, r5, r6, r7, pc}
 192              	.LVL31:
 193              	.L4:
 194              		.loc 1 103 1 view .LVU35
 195              		.align	2
 196              	.L3:
 197 00d0 00000000 		.word	.LC0
 198 00d4 00000000 		.word	month_event_cb
 199 00d8 04000000 		.word	.LC1
 200 00dc 00000000 		.word	value_changed_event_cb
 201              		.cfi_endproc
 202              	.LFE173:
 204              		.section	.rodata.value_changed_event_cb.str1.4,"aMS",%progbits,1
 205              		.align	2
 206              	.LC2:
 207 0000 25642025 		.ascii	"%d %s\000"
 207      7300
 208              		.section	.text.value_changed_event_cb,"ax",%progbits
 209              		.align	1
 210              		.syntax unified
 211              		.thumb
 212              		.thumb_func
 214              	value_changed_event_cb:
 215              	.LVL32:
 216              	.LFB175:
 104:../../Middlewares/LVGL/GUI/lvgl/src/widgets/calendar/lv_calendar_header_arrow.c **** 
 105:../../Middlewares/LVGL/GUI/lvgl/src/widgets/calendar/lv_calendar_header_arrow.c **** static void month_event_cb(lv_event_t * e)
 106:../../Middlewares/LVGL/GUI/lvgl/src/widgets/calendar/lv_calendar_header_arrow.c **** {
 107:../../Middlewares/LVGL/GUI/lvgl/src/widgets/calendar/lv_calendar_header_arrow.c ****     lv_obj_t * btn = lv_event_get_current_target(e);
 108:../../Middlewares/LVGL/GUI/lvgl/src/widgets/calendar/lv_calendar_header_arrow.c **** 
 109:../../Middlewares/LVGL/GUI/lvgl/src/widgets/calendar/lv_calendar_header_arrow.c ****     lv_obj_t * header = lv_obj_get_parent(btn);
 110:../../Middlewares/LVGL/GUI/lvgl/src/widgets/calendar/lv_calendar_header_arrow.c ****     lv_obj_t * calendar = lv_obj_get_parent(header);
 111:../../Middlewares/LVGL/GUI/lvgl/src/widgets/calendar/lv_calendar_header_arrow.c **** 
 112:../../Middlewares/LVGL/GUI/lvgl/src/widgets/calendar/lv_calendar_header_arrow.c ****     const lv_calendar_date_t * d;
 113:../../Middlewares/LVGL/GUI/lvgl/src/widgets/calendar/lv_calendar_header_arrow.c ****     d = lv_calendar_get_showed_date(calendar);
 114:../../Middlewares/LVGL/GUI/lvgl/src/widgets/calendar/lv_calendar_header_arrow.c ****     lv_calendar_date_t newd = *d;
 115:../../Middlewares/LVGL/GUI/lvgl/src/widgets/calendar/lv_calendar_header_arrow.c **** 
 116:../../Middlewares/LVGL/GUI/lvgl/src/widgets/calendar/lv_calendar_header_arrow.c ****     LV_ASSERT_FORMAT_MSG(newd.month >= 1 && newd.month <= 12,
 117:../../Middlewares/LVGL/GUI/lvgl/src/widgets/calendar/lv_calendar_header_arrow.c ****                          "Invalid month: %d (expected 1-12)", newd.month);
 118:../../Middlewares/LVGL/GUI/lvgl/src/widgets/calendar/lv_calendar_header_arrow.c **** 
 119:../../Middlewares/LVGL/GUI/lvgl/src/widgets/calendar/lv_calendar_header_arrow.c ****     /*The last child is the right button*/
 120:../../Middlewares/LVGL/GUI/lvgl/src/widgets/calendar/lv_calendar_header_arrow.c ****     if(lv_obj_get_child(header, 0) == btn) {
 121:../../Middlewares/LVGL/GUI/lvgl/src/widgets/calendar/lv_calendar_header_arrow.c ****         if(newd.month == 1) {
 122:../../Middlewares/LVGL/GUI/lvgl/src/widgets/calendar/lv_calendar_header_arrow.c ****             newd.month = 12;
 123:../../Middlewares/LVGL/GUI/lvgl/src/widgets/calendar/lv_calendar_header_arrow.c ****             newd.year --;
 124:../../Middlewares/LVGL/GUI/lvgl/src/widgets/calendar/lv_calendar_header_arrow.c ****         }
 125:../../Middlewares/LVGL/GUI/lvgl/src/widgets/calendar/lv_calendar_header_arrow.c ****         else {
 126:../../Middlewares/LVGL/GUI/lvgl/src/widgets/calendar/lv_calendar_header_arrow.c ****             newd.month --;
 127:../../Middlewares/LVGL/GUI/lvgl/src/widgets/calendar/lv_calendar_header_arrow.c ****         }
 128:../../Middlewares/LVGL/GUI/lvgl/src/widgets/calendar/lv_calendar_header_arrow.c ****     }
ARM GAS  C:\Users\28576\AppData\Local\Temp\cc1pvLbW.s 			page 7


 129:../../Middlewares/LVGL/GUI/lvgl/src/widgets/calendar/lv_calendar_header_arrow.c ****     else {
 130:../../Middlewares/LVGL/GUI/lvgl/src/widgets/calendar/lv_calendar_header_arrow.c ****         if(newd.month == 12) {
 131:../../Middlewares/LVGL/GUI/lvgl/src/widgets/calendar/lv_calendar_header_arrow.c ****             newd.month = 1;
 132:../../Middlewares/LVGL/GUI/lvgl/src/widgets/calendar/lv_calendar_header_arrow.c ****             newd.year ++;
 133:../../Middlewares/LVGL/GUI/lvgl/src/widgets/calendar/lv_calendar_header_arrow.c ****         }
 134:../../Middlewares/LVGL/GUI/lvgl/src/widgets/calendar/lv_calendar_header_arrow.c ****         else {
 135:../../Middlewares/LVGL/GUI/lvgl/src/widgets/calendar/lv_calendar_header_arrow.c ****             newd.month ++;
 136:../../Middlewares/LVGL/GUI/lvgl/src/widgets/calendar/lv_calendar_header_arrow.c ****         }
 137:../../Middlewares/LVGL/GUI/lvgl/src/widgets/calendar/lv_calendar_header_arrow.c ****     }
 138:../../Middlewares/LVGL/GUI/lvgl/src/widgets/calendar/lv_calendar_header_arrow.c **** 
 139:../../Middlewares/LVGL/GUI/lvgl/src/widgets/calendar/lv_calendar_header_arrow.c ****     lv_calendar_set_month_shown(calendar, newd.year, newd.month);
 140:../../Middlewares/LVGL/GUI/lvgl/src/widgets/calendar/lv_calendar_header_arrow.c **** 
 141:../../Middlewares/LVGL/GUI/lvgl/src/widgets/calendar/lv_calendar_header_arrow.c ****     lv_obj_t * label = lv_obj_get_child(header, 1);
 142:../../Middlewares/LVGL/GUI/lvgl/src/widgets/calendar/lv_calendar_header_arrow.c ****     lv_label_set_text_fmt(label, "%d %s", newd.year, month_names_def[newd.month - 1]);
 143:../../Middlewares/LVGL/GUI/lvgl/src/widgets/calendar/lv_calendar_header_arrow.c **** }
 144:../../Middlewares/LVGL/GUI/lvgl/src/widgets/calendar/lv_calendar_header_arrow.c **** 
 145:../../Middlewares/LVGL/GUI/lvgl/src/widgets/calendar/lv_calendar_header_arrow.c **** static void value_changed_event_cb(lv_event_t * e)
 146:../../Middlewares/LVGL/GUI/lvgl/src/widgets/calendar/lv_calendar_header_arrow.c **** {
 217              		.loc 1 146 1 is_stmt 1 view -0
 218              		.cfi_startproc
 219              		@ args = 0, pretend = 0, frame = 0
 220              		@ frame_needed = 0, uses_anonymous_args = 0
 221              		.loc 1 146 1 is_stmt 0 view .LVU37
 222 0000 38B5     		push	{r3, r4, r5, lr}
 223              	.LCFI1:
 224              		.cfi_def_cfa_offset 16
 225              		.cfi_offset 3, -16
 226              		.cfi_offset 4, -12
 227              		.cfi_offset 5, -8
 228              		.cfi_offset 14, -4
 147:../../Middlewares/LVGL/GUI/lvgl/src/widgets/calendar/lv_calendar_header_arrow.c ****     lv_obj_t * header = lv_event_get_current_target(e);
 229              		.loc 1 147 5 is_stmt 1 view .LVU38
 230              		.loc 1 147 25 is_stmt 0 view .LVU39
 231 0002 FFF7FEFF 		bl	lv_event_get_current_target
 232              	.LVL33:
 233              		.loc 1 147 25 view .LVU40
 234 0006 0546     		mov	r5, r0
 235              	.LVL34:
 148:../../Middlewares/LVGL/GUI/lvgl/src/widgets/calendar/lv_calendar_header_arrow.c ****     lv_obj_t * calendar = lv_obj_get_parent(header);
 236              		.loc 1 148 5 is_stmt 1 view .LVU41
 237              		.loc 1 148 27 is_stmt 0 view .LVU42
 238 0008 FFF7FEFF 		bl	lv_obj_get_parent
 239              	.LVL35:
 149:../../Middlewares/LVGL/GUI/lvgl/src/widgets/calendar/lv_calendar_header_arrow.c **** 
 150:../../Middlewares/LVGL/GUI/lvgl/src/widgets/calendar/lv_calendar_header_arrow.c ****     const lv_calendar_date_t * date = lv_calendar_get_showed_date(calendar);
 240              		.loc 1 150 5 is_stmt 1 view .LVU43
 241              		.loc 1 150 39 is_stmt 0 view .LVU44
 242 000c FFF7FEFF 		bl	lv_calendar_get_showed_date
 243              	.LVL36:
 151:../../Middlewares/LVGL/GUI/lvgl/src/widgets/calendar/lv_calendar_header_arrow.c ****     LV_ASSERT_FORMAT_MSG(date->month >= 1 && date->month <= 12,
 244              		.loc 1 151 5 is_stmt 1 view .LVU45
 245              		.loc 1 151 5 view .LVU46
 246 0010 90F90230 		ldrsb	r3, [r0, #2]
 247 0014 013B     		subs	r3, r3, #1
 248 0016 DBB2     		uxtb	r3, r3
 249 0018 0B2B     		cmp	r3, #11
 250 001a 00D9     		bls	.L6
ARM GAS  C:\Users\28576\AppData\Local\Temp\cc1pvLbW.s 			page 8


 251              	.L7:
 252              		.loc 1 151 5 view .LVU47
 253              		.loc 1 151 5 view .LVU48
 254              		.loc 1 151 5 view .LVU49
 255              		.loc 1 151 5 view .LVU50
 256              		.loc 1 151 5 view .LVU51
 257 001c FEE7     		b	.L7
 258              	.L6:
 259 001e 0446     		mov	r4, r0
 260              		.loc 1 151 5 view .LVU52
 152:../../Middlewares/LVGL/GUI/lvgl/src/widgets/calendar/lv_calendar_header_arrow.c ****                          "Invalid month: %d (expected 1-12)", date->month);
 153:../../Middlewares/LVGL/GUI/lvgl/src/widgets/calendar/lv_calendar_header_arrow.c **** 
 154:../../Middlewares/LVGL/GUI/lvgl/src/widgets/calendar/lv_calendar_header_arrow.c ****     lv_obj_t * label = lv_obj_get_child(header, 1);
 261              		.loc 1 154 5 view .LVU53
 262              		.loc 1 154 24 is_stmt 0 view .LVU54
 263 0020 0121     		movs	r1, #1
 264 0022 2846     		mov	r0, r5
 265              	.LVL37:
 266              		.loc 1 154 24 view .LVU55
 267 0024 FFF7FEFF 		bl	lv_obj_get_child
 268              	.LVL38:
 155:../../Middlewares/LVGL/GUI/lvgl/src/widgets/calendar/lv_calendar_header_arrow.c ****     lv_label_set_text_fmt(label, "%d %s", date->year, month_names_def[date->month - 1]);
 269              		.loc 1 155 5 is_stmt 1 view .LVU56
 270              		.loc 1 155 75 is_stmt 0 view .LVU57
 271 0028 94F90230 		ldrsb	r3, [r4, #2]
 272              		.loc 1 155 83 view .LVU58
 273 002c 013B     		subs	r3, r3, #1
 274              		.loc 1 155 5 view .LVU59
 275 002e 044A     		ldr	r2, .L9
 276 0030 52F82330 		ldr	r3, [r2, r3, lsl #2]
 277 0034 2288     		ldrh	r2, [r4]
 278 0036 0349     		ldr	r1, .L9+4
 279 0038 FFF7FEFF 		bl	lv_label_set_text_fmt
 280              	.LVL39:
 156:../../Middlewares/LVGL/GUI/lvgl/src/widgets/calendar/lv_calendar_header_arrow.c **** }
 281              		.loc 1 156 1 view .LVU60
 282 003c 38BD     		pop	{r3, r4, r5, pc}
 283              	.LVL40:
 284              	.L10:
 285              		.loc 1 156 1 view .LVU61
 286 003e 00BF     		.align	2
 287              	.L9:
 288 0040 00000000 		.word	month_names_def
 289 0044 00000000 		.word	.LC2
 290              		.cfi_endproc
 291              	.LFE175:
 293              		.section	.text.month_event_cb,"ax",%progbits
 294              		.align	1
 295              		.syntax unified
 296              		.thumb
 297              		.thumb_func
 299              	month_event_cb:
 300              	.LVL41:
 301              	.LFB174:
 106:../../Middlewares/LVGL/GUI/lvgl/src/widgets/calendar/lv_calendar_header_arrow.c ****     lv_obj_t * btn = lv_event_get_current_target(e);
 302              		.loc 1 106 1 is_stmt 1 view -0
 303              		.cfi_startproc
ARM GAS  C:\Users\28576\AppData\Local\Temp\cc1pvLbW.s 			page 9


 304              		@ args = 0, pretend = 0, frame = 8
 305              		@ frame_needed = 0, uses_anonymous_args = 0
 106:../../Middlewares/LVGL/GUI/lvgl/src/widgets/calendar/lv_calendar_header_arrow.c ****     lv_obj_t * btn = lv_event_get_current_target(e);
 306              		.loc 1 106 1 is_stmt 0 view .LVU63
 307 0000 2DE9F043 		push	{r4, r5, r6, r7, r8, r9, lr}
 308              	.LCFI2:
 309              		.cfi_def_cfa_offset 28
 310              		.cfi_offset 4, -28
 311              		.cfi_offset 5, -24
 312              		.cfi_offset 6, -20
 313              		.cfi_offset 7, -16
 314              		.cfi_offset 8, -12
 315              		.cfi_offset 9, -8
 316              		.cfi_offset 14, -4
 317 0004 83B0     		sub	sp, sp, #12
 318              	.LCFI3:
 319              		.cfi_def_cfa_offset 40
 107:../../Middlewares/LVGL/GUI/lvgl/src/widgets/calendar/lv_calendar_header_arrow.c **** 
 320              		.loc 1 107 5 is_stmt 1 view .LVU64
 107:../../Middlewares/LVGL/GUI/lvgl/src/widgets/calendar/lv_calendar_header_arrow.c **** 
 321              		.loc 1 107 22 is_stmt 0 view .LVU65
 322 0006 FFF7FEFF 		bl	lv_event_get_current_target
 323              	.LVL42:
 107:../../Middlewares/LVGL/GUI/lvgl/src/widgets/calendar/lv_calendar_header_arrow.c **** 
 324              		.loc 1 107 22 view .LVU66
 325 000a 8046     		mov	r8, r0
 326              	.LVL43:
 109:../../Middlewares/LVGL/GUI/lvgl/src/widgets/calendar/lv_calendar_header_arrow.c ****     lv_obj_t * calendar = lv_obj_get_parent(header);
 327              		.loc 1 109 5 is_stmt 1 view .LVU67
 109:../../Middlewares/LVGL/GUI/lvgl/src/widgets/calendar/lv_calendar_header_arrow.c ****     lv_obj_t * calendar = lv_obj_get_parent(header);
 328              		.loc 1 109 25 is_stmt 0 view .LVU68
 329 000c FFF7FEFF 		bl	lv_obj_get_parent
 330              	.LVL44:
 109:../../Middlewares/LVGL/GUI/lvgl/src/widgets/calendar/lv_calendar_header_arrow.c ****     lv_obj_t * calendar = lv_obj_get_parent(header);
 331              		.loc 1 109 25 view .LVU69
 332 0010 0746     		mov	r7, r0
 333              	.LVL45:
 110:../../Middlewares/LVGL/GUI/lvgl/src/widgets/calendar/lv_calendar_header_arrow.c **** 
 334              		.loc 1 110 5 is_stmt 1 view .LVU70
 110:../../Middlewares/LVGL/GUI/lvgl/src/widgets/calendar/lv_calendar_header_arrow.c **** 
 335              		.loc 1 110 27 is_stmt 0 view .LVU71
 336 0012 FFF7FEFF 		bl	lv_obj_get_parent
 337              	.LVL46:
 110:../../Middlewares/LVGL/GUI/lvgl/src/widgets/calendar/lv_calendar_header_arrow.c **** 
 338              		.loc 1 110 27 view .LVU72
 339 0016 8146     		mov	r9, r0
 340              	.LVL47:
 112:../../Middlewares/LVGL/GUI/lvgl/src/widgets/calendar/lv_calendar_header_arrow.c ****     d = lv_calendar_get_showed_date(calendar);
 341              		.loc 1 112 5 is_stmt 1 view .LVU73
 113:../../Middlewares/LVGL/GUI/lvgl/src/widgets/calendar/lv_calendar_header_arrow.c ****     lv_calendar_date_t newd = *d;
 342              		.loc 1 113 5 view .LVU74
 113:../../Middlewares/LVGL/GUI/lvgl/src/widgets/calendar/lv_calendar_header_arrow.c ****     lv_calendar_date_t newd = *d;
 343              		.loc 1 113 9 is_stmt 0 view .LVU75
 344 0018 FFF7FEFF 		bl	lv_calendar_get_showed_date
 345              	.LVL48:
 114:../../Middlewares/LVGL/GUI/lvgl/src/widgets/calendar/lv_calendar_header_arrow.c **** 
 346              		.loc 1 114 5 is_stmt 1 view .LVU76
ARM GAS  C:\Users\28576\AppData\Local\Temp\cc1pvLbW.s 			page 10


 114:../../Middlewares/LVGL/GUI/lvgl/src/widgets/calendar/lv_calendar_header_arrow.c **** 
 347              		.loc 1 114 24 is_stmt 0 view .LVU77
 348 001c 0068     		ldr	r0, [r0]	@ unaligned
 349              	.LVL49:
 114:../../Middlewares/LVGL/GUI/lvgl/src/widgets/calendar/lv_calendar_header_arrow.c **** 
 350              		.loc 1 114 24 view .LVU78
 351 001e 0190     		str	r0, [sp, #4]
 116:../../Middlewares/LVGL/GUI/lvgl/src/widgets/calendar/lv_calendar_header_arrow.c ****                          "Invalid month: %d (expected 1-12)", newd.month);
 352              		.loc 1 116 5 is_stmt 1 view .LVU79
 116:../../Middlewares/LVGL/GUI/lvgl/src/widgets/calendar/lv_calendar_header_arrow.c ****                          "Invalid month: %d (expected 1-12)", newd.month);
 353              		.loc 1 116 5 view .LVU80
 354 0020 9DF90660 		ldrsb	r6, [sp, #6]
 355 0024 F5B2     		uxtb	r5, r6
 356 0026 6C1E     		subs	r4, r5, #1
 357 0028 E4B2     		uxtb	r4, r4
 358 002a 0B2C     		cmp	r4, #11
 359 002c 00D9     		bls	.L12
 360              	.L13:
 116:../../Middlewares/LVGL/GUI/lvgl/src/widgets/calendar/lv_calendar_header_arrow.c ****                          "Invalid month: %d (expected 1-12)", newd.month);
 361              		.loc 1 116 5 view .LVU81
 116:../../Middlewares/LVGL/GUI/lvgl/src/widgets/calendar/lv_calendar_header_arrow.c ****                          "Invalid month: %d (expected 1-12)", newd.month);
 362              		.loc 1 116 5 view .LVU82
 116:../../Middlewares/LVGL/GUI/lvgl/src/widgets/calendar/lv_calendar_header_arrow.c ****                          "Invalid month: %d (expected 1-12)", newd.month);
 363              		.loc 1 116 5 view .LVU83
 116:../../Middlewares/LVGL/GUI/lvgl/src/widgets/calendar/lv_calendar_header_arrow.c ****                          "Invalid month: %d (expected 1-12)", newd.month);
 364              		.loc 1 116 5 view .LVU84
 116:../../Middlewares/LVGL/GUI/lvgl/src/widgets/calendar/lv_calendar_header_arrow.c ****                          "Invalid month: %d (expected 1-12)", newd.month);
 365              		.loc 1 116 5 view .LVU85
 366 002e FEE7     		b	.L13
 367              	.L12:
 116:../../Middlewares/LVGL/GUI/lvgl/src/widgets/calendar/lv_calendar_header_arrow.c ****                          "Invalid month: %d (expected 1-12)", newd.month);
 368              		.loc 1 116 5 view .LVU86
 120:../../Middlewares/LVGL/GUI/lvgl/src/widgets/calendar/lv_calendar_header_arrow.c ****         if(newd.month == 1) {
 369              		.loc 1 120 5 view .LVU87
 120:../../Middlewares/LVGL/GUI/lvgl/src/widgets/calendar/lv_calendar_header_arrow.c ****         if(newd.month == 1) {
 370              		.loc 1 120 8 is_stmt 0 view .LVU88
 371 0030 0021     		movs	r1, #0
 372 0032 3846     		mov	r0, r7
 373 0034 FFF7FEFF 		bl	lv_obj_get_child
 374              	.LVL50:
 120:../../Middlewares/LVGL/GUI/lvgl/src/widgets/calendar/lv_calendar_header_arrow.c ****         if(newd.month == 1) {
 375              		.loc 1 120 7 discriminator 1 view .LVU89
 376 0038 4045     		cmp	r0, r8
 377 003a 1CD0     		beq	.L19
 130:../../Middlewares/LVGL/GUI/lvgl/src/widgets/calendar/lv_calendar_header_arrow.c ****             newd.month = 1;
 378              		.loc 1 130 9 is_stmt 1 view .LVU90
 130:../../Middlewares/LVGL/GUI/lvgl/src/widgets/calendar/lv_calendar_header_arrow.c ****             newd.month = 1;
 379              		.loc 1 130 11 is_stmt 0 view .LVU91
 380 003c 0C2E     		cmp	r6, #12
 381 003e 28D0     		beq	.L20
 135:../../Middlewares/LVGL/GUI/lvgl/src/widgets/calendar/lv_calendar_header_arrow.c ****         }
 382              		.loc 1 135 13 is_stmt 1 view .LVU92
 135:../../Middlewares/LVGL/GUI/lvgl/src/widgets/calendar/lv_calendar_header_arrow.c ****         }
 383              		.loc 1 135 24 is_stmt 0 view .LVU93
 384 0040 0135     		adds	r5, r5, #1
 385 0042 8DF80650 		strb	r5, [sp, #6]
 386              	.L16:
ARM GAS  C:\Users\28576\AppData\Local\Temp\cc1pvLbW.s 			page 11


 139:../../Middlewares/LVGL/GUI/lvgl/src/widgets/calendar/lv_calendar_header_arrow.c **** 
 387              		.loc 1 139 5 is_stmt 1 view .LVU94
 139:../../Middlewares/LVGL/GUI/lvgl/src/widgets/calendar/lv_calendar_header_arrow.c **** 
 388              		.loc 1 139 47 is_stmt 0 view .LVU95
 389 0046 BDF80450 		ldrh	r5, [sp, #4]
 139:../../Middlewares/LVGL/GUI/lvgl/src/widgets/calendar/lv_calendar_header_arrow.c **** 
 390              		.loc 1 139 58 view .LVU96
 391 004a 9DF90640 		ldrsb	r4, [sp, #6]
 139:../../Middlewares/LVGL/GUI/lvgl/src/widgets/calendar/lv_calendar_header_arrow.c **** 
 392              		.loc 1 139 5 view .LVU97
 393 004e 2246     		mov	r2, r4
 394 0050 2946     		mov	r1, r5
 395 0052 4846     		mov	r0, r9
 396 0054 FFF7FEFF 		bl	lv_calendar_set_month_shown
 397              	.LVL51:
 141:../../Middlewares/LVGL/GUI/lvgl/src/widgets/calendar/lv_calendar_header_arrow.c ****     lv_label_set_text_fmt(label, "%d %s", newd.year, month_names_def[newd.month - 1]);
 398              		.loc 1 141 5 is_stmt 1 view .LVU98
 141:../../Middlewares/LVGL/GUI/lvgl/src/widgets/calendar/lv_calendar_header_arrow.c ****     lv_label_set_text_fmt(label, "%d %s", newd.year, month_names_def[newd.month - 1]);
 399              		.loc 1 141 24 is_stmt 0 view .LVU99
 400 0058 0121     		movs	r1, #1
 401 005a 3846     		mov	r0, r7
 402 005c FFF7FEFF 		bl	lv_obj_get_child
 403              	.LVL52:
 142:../../Middlewares/LVGL/GUI/lvgl/src/widgets/calendar/lv_calendar_header_arrow.c **** }
 404              		.loc 1 142 5 is_stmt 1 view .LVU100
 142:../../Middlewares/LVGL/GUI/lvgl/src/widgets/calendar/lv_calendar_header_arrow.c **** }
 405              		.loc 1 142 81 is_stmt 0 view .LVU101
 406 0060 013C     		subs	r4, r4, #1
 142:../../Middlewares/LVGL/GUI/lvgl/src/widgets/calendar/lv_calendar_header_arrow.c **** }
 407              		.loc 1 142 5 view .LVU102
 408 0062 104B     		ldr	r3, .L22
 409 0064 53F82430 		ldr	r3, [r3, r4, lsl #2]
 410 0068 2A46     		mov	r2, r5
 411 006a 0F49     		ldr	r1, .L22+4
 412 006c FFF7FEFF 		bl	lv_label_set_text_fmt
 413              	.LVL53:
 143:../../Middlewares/LVGL/GUI/lvgl/src/widgets/calendar/lv_calendar_header_arrow.c **** 
 414              		.loc 1 143 1 view .LVU103
 415 0070 03B0     		add	sp, sp, #12
 416              	.LCFI4:
 417              		.cfi_remember_state
 418              		.cfi_def_cfa_offset 28
 419              		@ sp needed
 420 0072 BDE8F083 		pop	{r4, r5, r6, r7, r8, r9, pc}
 421              	.LVL54:
 422              	.L19:
 423              	.LCFI5:
 424              		.cfi_restore_state
 121:../../Middlewares/LVGL/GUI/lvgl/src/widgets/calendar/lv_calendar_header_arrow.c ****             newd.month = 12;
 425              		.loc 1 121 9 is_stmt 1 view .LVU104
 121:../../Middlewares/LVGL/GUI/lvgl/src/widgets/calendar/lv_calendar_header_arrow.c ****             newd.month = 12;
 426              		.loc 1 121 11 is_stmt 0 view .LVU105
 427 0076 012E     		cmp	r6, #1
 428 0078 02D0     		beq	.L21
 126:../../Middlewares/LVGL/GUI/lvgl/src/widgets/calendar/lv_calendar_header_arrow.c ****         }
 429              		.loc 1 126 13 is_stmt 1 view .LVU106
 126:../../Middlewares/LVGL/GUI/lvgl/src/widgets/calendar/lv_calendar_header_arrow.c ****         }
ARM GAS  C:\Users\28576\AppData\Local\Temp\cc1pvLbW.s 			page 12


 430              		.loc 1 126 24 is_stmt 0 view .LVU107
 431 007a 8DF80640 		strb	r4, [sp, #6]
 432 007e E2E7     		b	.L16
 433              	.L21:
 122:../../Middlewares/LVGL/GUI/lvgl/src/widgets/calendar/lv_calendar_header_arrow.c ****             newd.year --;
 434              		.loc 1 122 13 is_stmt 1 view .LVU108
 122:../../Middlewares/LVGL/GUI/lvgl/src/widgets/calendar/lv_calendar_header_arrow.c ****             newd.year --;
 435              		.loc 1 122 24 is_stmt 0 view .LVU109
 436 0080 0C23     		movs	r3, #12
 437 0082 8DF80630 		strb	r3, [sp, #6]
 123:../../Middlewares/LVGL/GUI/lvgl/src/widgets/calendar/lv_calendar_header_arrow.c ****         }
 438              		.loc 1 123 13 is_stmt 1 view .LVU110
 123:../../Middlewares/LVGL/GUI/lvgl/src/widgets/calendar/lv_calendar_header_arrow.c ****         }
 439              		.loc 1 123 17 is_stmt 0 view .LVU111
 440 0086 BDF80430 		ldrh	r3, [sp, #4]
 123:../../Middlewares/LVGL/GUI/lvgl/src/widgets/calendar/lv_calendar_header_arrow.c ****         }
 441              		.loc 1 123 23 view .LVU112
 442 008a 013B     		subs	r3, r3, #1
 443 008c ADF80430 		strh	r3, [sp, #4]	@ movhi
 444 0090 D9E7     		b	.L16
 445              	.L20:
 131:../../Middlewares/LVGL/GUI/lvgl/src/widgets/calendar/lv_calendar_header_arrow.c ****             newd.year ++;
 446              		.loc 1 131 13 is_stmt 1 view .LVU113
 131:../../Middlewares/LVGL/GUI/lvgl/src/widgets/calendar/lv_calendar_header_arrow.c ****             newd.year ++;
 447              		.loc 1 131 24 is_stmt 0 view .LVU114
 448 0092 0123     		movs	r3, #1
 449 0094 8DF80630 		strb	r3, [sp, #6]
 132:../../Middlewares/LVGL/GUI/lvgl/src/widgets/calendar/lv_calendar_header_arrow.c ****         }
 450              		.loc 1 132 13 is_stmt 1 view .LVU115
 132:../../Middlewares/LVGL/GUI/lvgl/src/widgets/calendar/lv_calendar_header_arrow.c ****         }
 451              		.loc 1 132 17 is_stmt 0 view .LVU116
 452 0098 BDF80430 		ldrh	r3, [sp, #4]
 132:../../Middlewares/LVGL/GUI/lvgl/src/widgets/calendar/lv_calendar_header_arrow.c ****         }
 453              		.loc 1 132 23 view .LVU117
 454 009c 0133     		adds	r3, r3, #1
 455 009e ADF80430 		strh	r3, [sp, #4]	@ movhi
 456 00a2 D0E7     		b	.L16
 457              	.L23:
 458              		.align	2
 459              	.L22:
 460 00a4 00000000 		.word	month_names_def
 461 00a8 00000000 		.word	.LC2
 462              		.cfi_endproc
 463              	.LFE174:
 465              		.section	.text.lv_calendar_add_header_arrow,"ax",%progbits
 466              		.align	1
 467              		.global	lv_calendar_add_header_arrow
 468              		.syntax unified
 469              		.thumb
 470              		.thumb_func
 472              	lv_calendar_add_header_arrow:
 473              	.LVL55:
 474              	.LFB172:
  57:../../Middlewares/LVGL/GUI/lvgl/src/widgets/calendar/lv_calendar_header_arrow.c ****     lv_obj_t * obj = lv_obj_class_create_obj(&lv_calendar_header_arrow_class, parent);
 475              		.loc 1 57 1 is_stmt 1 view -0
 476              		.cfi_startproc
 477              		@ args = 0, pretend = 0, frame = 0
ARM GAS  C:\Users\28576\AppData\Local\Temp\cc1pvLbW.s 			page 13


 478              		@ frame_needed = 0, uses_anonymous_args = 0
  57:../../Middlewares/LVGL/GUI/lvgl/src/widgets/calendar/lv_calendar_header_arrow.c ****     lv_obj_t * obj = lv_obj_class_create_obj(&lv_calendar_header_arrow_class, parent);
 479              		.loc 1 57 1 is_stmt 0 view .LVU119
 480 0000 10B5     		push	{r4, lr}
 481              	.LCFI6:
 482              		.cfi_def_cfa_offset 8
 483              		.cfi_offset 4, -8
 484              		.cfi_offset 14, -4
 485 0002 0146     		mov	r1, r0
  58:../../Middlewares/LVGL/GUI/lvgl/src/widgets/calendar/lv_calendar_header_arrow.c ****     lv_obj_class_init_obj(obj);
 486              		.loc 1 58 5 is_stmt 1 view .LVU120
  58:../../Middlewares/LVGL/GUI/lvgl/src/widgets/calendar/lv_calendar_header_arrow.c ****     lv_obj_class_init_obj(obj);
 487              		.loc 1 58 22 is_stmt 0 view .LVU121
 488 0004 0348     		ldr	r0, .L26
 489              	.LVL56:
  58:../../Middlewares/LVGL/GUI/lvgl/src/widgets/calendar/lv_calendar_header_arrow.c ****     lv_obj_class_init_obj(obj);
 490              		.loc 1 58 22 view .LVU122
 491 0006 FFF7FEFF 		bl	lv_obj_class_create_obj
 492              	.LVL57:
  58:../../Middlewares/LVGL/GUI/lvgl/src/widgets/calendar/lv_calendar_header_arrow.c ****     lv_obj_class_init_obj(obj);
 493              		.loc 1 58 22 view .LVU123
 494 000a 0446     		mov	r4, r0
 495              	.LVL58:
  59:../../Middlewares/LVGL/GUI/lvgl/src/widgets/calendar/lv_calendar_header_arrow.c ****     return obj;
 496              		.loc 1 59 5 is_stmt 1 view .LVU124
 497 000c FFF7FEFF 		bl	lv_obj_class_init_obj
 498              	.LVL59:
  60:../../Middlewares/LVGL/GUI/lvgl/src/widgets/calendar/lv_calendar_header_arrow.c **** }
 499              		.loc 1 60 5 view .LVU125
  61:../../Middlewares/LVGL/GUI/lvgl/src/widgets/calendar/lv_calendar_header_arrow.c **** 
 500              		.loc 1 61 1 is_stmt 0 view .LVU126
 501 0010 2046     		mov	r0, r4
 502 0012 10BD     		pop	{r4, pc}
 503              	.LVL60:
 504              	.L27:
  61:../../Middlewares/LVGL/GUI/lvgl/src/widgets/calendar/lv_calendar_header_arrow.c **** 
 505              		.loc 1 61 1 view .LVU127
 506              		.align	2
 507              	.L26:
 508 0014 00000000 		.word	lv_calendar_header_arrow_class
 509              		.cfi_endproc
 510              	.LFE172:
 512              		.section	.rodata.str1.4,"aMS",%progbits,1
 513              		.align	2
 514              	.LC3:
 515 0000 4A616E75 		.ascii	"January\000"
 515      61727900 
 516              		.align	2
 517              	.LC4:
 518 0008 46656272 		.ascii	"February\000"
 518      75617279 
 518      00
 519 0011 000000   		.align	2
 520              	.LC5:
 521 0014 4D617263 		.ascii	"March\000"
 521      6800
 522 001a 0000     		.align	2
ARM GAS  C:\Users\28576\AppData\Local\Temp\cc1pvLbW.s 			page 14


 523              	.LC6:
 524 001c 41707269 		.ascii	"April\000"
 524      6C00
 525 0022 0000     		.align	2
 526              	.LC7:
 527 0024 4D617900 		.ascii	"May\000"
 528              		.align	2
 529              	.LC8:
 530 0028 4A756E65 		.ascii	"June\000"
 530      00
 531 002d 000000   		.align	2
 532              	.LC9:
 533 0030 4A756C79 		.ascii	"July\000"
 533      00
 534 0035 000000   		.align	2
 535              	.LC10:
 536 0038 41756775 		.ascii	"August\000"
 536      737400
 537 003f 00       		.align	2
 538              	.LC11:
 539 0040 53657074 		.ascii	"September\000"
 539      656D6265 
 539      7200
 540 004a 0000     		.align	2
 541              	.LC12:
 542 004c 4F63746F 		.ascii	"October\000"
 542      62657200 
 543              		.align	2
 544              	.LC13:
 545 0054 4E6F7665 		.ascii	"November\000"
 545      6D626572 
 545      00
 546 005d 000000   		.align	2
 547              	.LC14:
 548 0060 44656365 		.ascii	"December\000"
 548      6D626572 
 548      00
 549              		.section	.rodata.month_names_def,"a"
 550              		.align	2
 553              	month_names_def:
 554 0000 00000000 		.word	.LC3
 555 0004 08000000 		.word	.LC4
 556 0008 14000000 		.word	.LC5
 557 000c 1C000000 		.word	.LC6
 558 0010 24000000 		.word	.LC7
 559 0014 28000000 		.word	.LC8
 560 0018 30000000 		.word	.LC9
 561 001c 38000000 		.word	.LC10
 562 0020 40000000 		.word	.LC11
 563 0024 4C000000 		.word	.LC12
 564 0028 54000000 		.word	.LC13
 565 002c 60000000 		.word	.LC14
 566              		.global	lv_calendar_header_arrow_class
 567              		.section	.rodata.str1.4
 568 0069 000000   		.align	2
 569              	.LC15:
 570 006c 6C765F63 		.ascii	"lv_calendar_header_arrow\000"
ARM GAS  C:\Users\28576\AppData\Local\Temp\cc1pvLbW.s 			page 15


 570      616C656E 
 570      6461725F 
 570      68656164 
 570      65725F61 
 571              		.section	.rodata.lv_calendar_header_arrow_class,"a"
 572              		.align	2
 575              	lv_calendar_header_arrow_class:
 576 0000 00000000 		.word	lv_obj_class
 577 0004 00000000 		.word	my_constructor
 578 0008 00000000 		.space	12
 578      00000000 
 578      00000000 
 579 0014 6C000000 		.word	.LC15
 580 0018 64000020 		.word	536871012
 581 001c 2B000000 		.word	43
 582 0020 00000000 		.space	4
 583              		.text
 584              	.Letext0:
 585              		.file 2 "C:/Users/28576/AppData/Roaming/xPacks/@xpack-dev-tools/arm-none-eabi-gcc/15.2.1-1.1.1/.co
 586              		.file 3 "C:/Users/28576/AppData/Roaming/xPacks/@xpack-dev-tools/arm-none-eabi-gcc/15.2.1-1.1.1/.co
 587              		.file 4 "H:/STM32H7/RGB_LVGL/Middlewares/LVGL/GUI/lvgl/src/misc/lv_types.h"
 588              		.file 5 "H:/STM32H7/RGB_LVGL/Middlewares/LVGL/GUI/lvgl/src/core/lv_obj_class_private.h"
 589              		.file 6 "H:/STM32H7/RGB_LVGL/Middlewares/LVGL/GUI/lvgl/src/misc/lv_text.h"
 590              		.file 7 "H:/STM32H7/RGB_LVGL/Middlewares/LVGL/GUI/lvgl/src/layouts/flex/lv_flex.h"
 591              		.file 8 "H:/STM32H7/RGB_LVGL/Middlewares/LVGL/GUI/lvgl/src/misc/lv_event.h"
 592              		.file 9 "H:/STM32H7/RGB_LVGL/Middlewares/LVGL/GUI/lvgl/src/core/lv_obj_style.h"
 593              		.file 10 "H:/STM32H7/RGB_LVGL/Middlewares/LVGL/GUI/lvgl/src/indev/lv_indev.h"
 594              		.file 11 "H:/STM32H7/RGB_LVGL/Middlewares/LVGL/GUI/lvgl/src/core/lv_obj.h"
 595              		.file 12 "../../Middlewares/LVGL/GUI/lvgl/src/widgets/calendar/lv_calendar_header_arrow.h"
 596              		.file 13 "../../Middlewares/LVGL/GUI/lvgl/src/widgets/calendar/lv_calendar.h"
 597              		.file 14 "../../Middlewares/LVGL/GUI/lvgl/src/widgets/calendar/../label/lv_label.h"
 598              		.file 15 "H:/STM32H7/RGB_LVGL/Middlewares/LVGL/GUI/lvgl/src/core/lv_obj_class.h"
 599              		.file 16 "H:/STM32H7/RGB_LVGL/Middlewares/LVGL/GUI/lvgl/src/core/lv_obj_tree.h"
 600              		.file 17 "H:/STM32H7/RGB_LVGL/Middlewares/LVGL/GUI/lvgl/src/core/lv_obj_event.h"
 601              		.file 18 "H:/STM32H7/RGB_LVGL/Middlewares/LVGL/GUI/lvgl/src/core/lv_obj_pos.h"
 602              		.file 19 "H:/STM32H7/RGB_LVGL/Middlewares/LVGL/GUI/lvgl/src/core/lv_obj_style_gen.h"
 603              		.file 20 "H:/STM32H7/RGB_LVGL/Middlewares/LVGL/GUI/lvgl/src/misc/lv_area.h"
 604              		.file 21 "../../Middlewares/LVGL/GUI/lvgl/src/widgets/calendar/../button/lv_button.h"
ARM GAS  C:\Users\28576\AppData\Local\Temp\cc1pvLbW.s 			page 16


DEFINED SYMBOLS
                            *ABS*:00000000 lv_calendar_header_arrow.c
C:\Users\28576\AppData\Local\Temp\cc1pvLbW.s:20     .rodata.my_constructor.str1.4:00000000 $d
C:\Users\28576\AppData\Local\Temp\cc1pvLbW.s:27     .text.my_constructor:00000000 $t
C:\Users\28576\AppData\Local\Temp\cc1pvLbW.s:32     .text.my_constructor:00000000 my_constructor
C:\Users\28576\AppData\Local\Temp\cc1pvLbW.s:197    .text.my_constructor:000000d0 $d
C:\Users\28576\AppData\Local\Temp\cc1pvLbW.s:299    .text.month_event_cb:00000000 month_event_cb
C:\Users\28576\AppData\Local\Temp\cc1pvLbW.s:214    .text.value_changed_event_cb:00000000 value_changed_event_cb
C:\Users\28576\AppData\Local\Temp\cc1pvLbW.s:205    .rodata.value_changed_event_cb.str1.4:00000000 $d
C:\Users\28576\AppData\Local\Temp\cc1pvLbW.s:209    .text.value_changed_event_cb:00000000 $t
C:\Users\28576\AppData\Local\Temp\cc1pvLbW.s:288    .text.value_changed_event_cb:00000040 $d
C:\Users\28576\AppData\Local\Temp\cc1pvLbW.s:553    .rodata.month_names_def:00000000 month_names_def
C:\Users\28576\AppData\Local\Temp\cc1pvLbW.s:294    .text.month_event_cb:00000000 $t
C:\Users\28576\AppData\Local\Temp\cc1pvLbW.s:460    .text.month_event_cb:000000a4 $d
C:\Users\28576\AppData\Local\Temp\cc1pvLbW.s:466    .text.lv_calendar_add_header_arrow:00000000 $t
C:\Users\28576\AppData\Local\Temp\cc1pvLbW.s:472    .text.lv_calendar_add_header_arrow:00000000 lv_calendar_add_header_arrow
C:\Users\28576\AppData\Local\Temp\cc1pvLbW.s:508    .text.lv_calendar_add_header_arrow:00000014 $d
C:\Users\28576\AppData\Local\Temp\cc1pvLbW.s:575    .rodata.lv_calendar_header_arrow_class:00000000 lv_calendar_header_arrow_class
C:\Users\28576\AppData\Local\Temp\cc1pvLbW.s:513    .rodata.str1.4:00000000 $d
C:\Users\28576\AppData\Local\Temp\cc1pvLbW.s:550    .rodata.month_names_def:00000000 $d
C:\Users\28576\AppData\Local\Temp\cc1pvLbW.s:572    .rodata.lv_calendar_header_arrow_class:00000000 $d

UNDEFINED SYMBOLS
lv_obj_move_to_index
lv_obj_set_flex_flow
lv_obj_set_flex_align
lv_button_create
lv_obj_set_style_bg_image_src
lv_pct
lv_obj_set_height
lv_obj_update_layout
lv_obj_get_height
lv_obj_set_width
lv_obj_add_event_cb
lv_obj_remove_flag
lv_label_create
lv_label_set_long_mode
lv_obj_set_style_text_align
lv_obj_set_flex_grow
lv_obj_set_size
lv_obj_send_event
lv_event_get_current_target
lv_obj_get_parent
lv_calendar_get_showed_date
lv_obj_get_child
lv_label_set_text_fmt
lv_calendar_set_month_shown
lv_obj_class_create_obj
lv_obj_class_init_obj
lv_obj_class
