ARM GAS  C:\Users\28576\AppData\Local\Temp\ccvVkpNh.s 			page 1


   1              		.cpu cortex-m7
   2              		.arch armv7e-m
   3              		.fpu fpv5-d16
   4              		.eabi_attribute 28, 1
   5              		.eabi_attribute 20, 1
   6              		.eabi_attribute 21, 1
   7              		.eabi_attribute 23, 3
   8              		.eabi_attribute 24, 1
   9              		.eabi_attribute 25, 1
  10              		.eabi_attribute 26, 1
  11              		.eabi_attribute 30, 1
  12              		.eabi_attribute 34, 1
  13              		.eabi_attribute 18, 4
  14              		.file	"lv_list.c"
  15              		.text
  16              	.Ltext0:
  17              		.cfi_sections	.debug_frame
  18              		.file 1 "../../Middlewares/LVGL/GUI/lvgl/src/widgets/list/lv_list.c"
  19              		.section	.text.lv_list_create,"ax",%progbits
  20              		.align	1
  21              		.global	lv_list_create
  22              		.syntax unified
  23              		.thumb
  24              		.thumb_func
  26              	lv_list_create:
  27              	.LVL0:
  28              	.LFB172:
   1:../../Middlewares/LVGL/GUI/lvgl/src/widgets/list/lv_list.c **** /**
   2:../../Middlewares/LVGL/GUI/lvgl/src/widgets/list/lv_list.c ****  * @file lv_list.c
   3:../../Middlewares/LVGL/GUI/lvgl/src/widgets/list/lv_list.c ****  *
   4:../../Middlewares/LVGL/GUI/lvgl/src/widgets/list/lv_list.c ****  */
   5:../../Middlewares/LVGL/GUI/lvgl/src/widgets/list/lv_list.c **** 
   6:../../Middlewares/LVGL/GUI/lvgl/src/widgets/list/lv_list.c **** /*********************
   7:../../Middlewares/LVGL/GUI/lvgl/src/widgets/list/lv_list.c ****  *      INCLUDES
   8:../../Middlewares/LVGL/GUI/lvgl/src/widgets/list/lv_list.c ****  *********************/
   9:../../Middlewares/LVGL/GUI/lvgl/src/widgets/list/lv_list.c **** #include "../../core/lv_obj_class_private.h"
  10:../../Middlewares/LVGL/GUI/lvgl/src/widgets/list/lv_list.c **** #include "lv_list.h"
  11:../../Middlewares/LVGL/GUI/lvgl/src/widgets/list/lv_list.c **** #include "../../layouts/flex/lv_flex.h"
  12:../../Middlewares/LVGL/GUI/lvgl/src/widgets/list/lv_list.c **** #include "../../display/lv_display.h"
  13:../../Middlewares/LVGL/GUI/lvgl/src/widgets/list/lv_list.c **** #include "../label/lv_label.h"
  14:../../Middlewares/LVGL/GUI/lvgl/src/widgets/list/lv_list.c **** #include "../image/lv_image.h"
  15:../../Middlewares/LVGL/GUI/lvgl/src/widgets/list/lv_list.c **** #include "../button/lv_button.h"
  16:../../Middlewares/LVGL/GUI/lvgl/src/widgets/list/lv_list.c **** 
  17:../../Middlewares/LVGL/GUI/lvgl/src/widgets/list/lv_list.c **** #if LV_USE_LIST
  18:../../Middlewares/LVGL/GUI/lvgl/src/widgets/list/lv_list.c **** 
  19:../../Middlewares/LVGL/GUI/lvgl/src/widgets/list/lv_list.c **** /*********************
  20:../../Middlewares/LVGL/GUI/lvgl/src/widgets/list/lv_list.c ****  *      DEFINES
  21:../../Middlewares/LVGL/GUI/lvgl/src/widgets/list/lv_list.c ****  *********************/
  22:../../Middlewares/LVGL/GUI/lvgl/src/widgets/list/lv_list.c **** #define MY_CLASS        (&lv_list_class)
  23:../../Middlewares/LVGL/GUI/lvgl/src/widgets/list/lv_list.c **** #define MY_CLASS_BUTTON (&lv_list_button_class)
  24:../../Middlewares/LVGL/GUI/lvgl/src/widgets/list/lv_list.c **** #define MY_CLASS_TEXT   (&lv_list_text_class)
  25:../../Middlewares/LVGL/GUI/lvgl/src/widgets/list/lv_list.c **** 
  26:../../Middlewares/LVGL/GUI/lvgl/src/widgets/list/lv_list.c **** /**********************
  27:../../Middlewares/LVGL/GUI/lvgl/src/widgets/list/lv_list.c ****  *      TYPEDEFS
  28:../../Middlewares/LVGL/GUI/lvgl/src/widgets/list/lv_list.c ****  **********************/
  29:../../Middlewares/LVGL/GUI/lvgl/src/widgets/list/lv_list.c **** 
  30:../../Middlewares/LVGL/GUI/lvgl/src/widgets/list/lv_list.c **** /**********************
ARM GAS  C:\Users\28576\AppData\Local\Temp\ccvVkpNh.s 			page 2


  31:../../Middlewares/LVGL/GUI/lvgl/src/widgets/list/lv_list.c ****  *  STATIC PROTOTYPES
  32:../../Middlewares/LVGL/GUI/lvgl/src/widgets/list/lv_list.c ****  **********************/
  33:../../Middlewares/LVGL/GUI/lvgl/src/widgets/list/lv_list.c **** const lv_obj_class_t lv_list_class = {
  34:../../Middlewares/LVGL/GUI/lvgl/src/widgets/list/lv_list.c ****     .base_class = &lv_obj_class,
  35:../../Middlewares/LVGL/GUI/lvgl/src/widgets/list/lv_list.c ****     .width_def = (LV_DPI_DEF * 3) / 2,
  36:../../Middlewares/LVGL/GUI/lvgl/src/widgets/list/lv_list.c ****     .height_def = LV_DPI_DEF * 2,
  37:../../Middlewares/LVGL/GUI/lvgl/src/widgets/list/lv_list.c ****     .name = "lv_list",
  38:../../Middlewares/LVGL/GUI/lvgl/src/widgets/list/lv_list.c **** };
  39:../../Middlewares/LVGL/GUI/lvgl/src/widgets/list/lv_list.c **** 
  40:../../Middlewares/LVGL/GUI/lvgl/src/widgets/list/lv_list.c **** const lv_obj_class_t lv_list_button_class = {
  41:../../Middlewares/LVGL/GUI/lvgl/src/widgets/list/lv_list.c ****     .base_class = &lv_button_class,
  42:../../Middlewares/LVGL/GUI/lvgl/src/widgets/list/lv_list.c ****     .width_def = LV_PCT(100),
  43:../../Middlewares/LVGL/GUI/lvgl/src/widgets/list/lv_list.c ****     .height_def = LV_SIZE_CONTENT,
  44:../../Middlewares/LVGL/GUI/lvgl/src/widgets/list/lv_list.c ****     .name = "lv_list_button",
  45:../../Middlewares/LVGL/GUI/lvgl/src/widgets/list/lv_list.c **** };
  46:../../Middlewares/LVGL/GUI/lvgl/src/widgets/list/lv_list.c **** 
  47:../../Middlewares/LVGL/GUI/lvgl/src/widgets/list/lv_list.c **** const lv_obj_class_t lv_list_text_class = {
  48:../../Middlewares/LVGL/GUI/lvgl/src/widgets/list/lv_list.c ****     .base_class = &lv_label_class,
  49:../../Middlewares/LVGL/GUI/lvgl/src/widgets/list/lv_list.c ****     .width_def = LV_PCT(100),
  50:../../Middlewares/LVGL/GUI/lvgl/src/widgets/list/lv_list.c ****     .height_def = LV_SIZE_CONTENT,
  51:../../Middlewares/LVGL/GUI/lvgl/src/widgets/list/lv_list.c ****     .name = "lv_list_text",
  52:../../Middlewares/LVGL/GUI/lvgl/src/widgets/list/lv_list.c **** };
  53:../../Middlewares/LVGL/GUI/lvgl/src/widgets/list/lv_list.c **** 
  54:../../Middlewares/LVGL/GUI/lvgl/src/widgets/list/lv_list.c **** /**********************
  55:../../Middlewares/LVGL/GUI/lvgl/src/widgets/list/lv_list.c ****  *  STATIC VARIABLES
  56:../../Middlewares/LVGL/GUI/lvgl/src/widgets/list/lv_list.c ****  **********************/
  57:../../Middlewares/LVGL/GUI/lvgl/src/widgets/list/lv_list.c **** 
  58:../../Middlewares/LVGL/GUI/lvgl/src/widgets/list/lv_list.c **** /**********************
  59:../../Middlewares/LVGL/GUI/lvgl/src/widgets/list/lv_list.c ****  *      MACROS
  60:../../Middlewares/LVGL/GUI/lvgl/src/widgets/list/lv_list.c ****  **********************/
  61:../../Middlewares/LVGL/GUI/lvgl/src/widgets/list/lv_list.c **** 
  62:../../Middlewares/LVGL/GUI/lvgl/src/widgets/list/lv_list.c **** /**********************
  63:../../Middlewares/LVGL/GUI/lvgl/src/widgets/list/lv_list.c ****  *   GLOBAL FUNCTIONS
  64:../../Middlewares/LVGL/GUI/lvgl/src/widgets/list/lv_list.c ****  **********************/
  65:../../Middlewares/LVGL/GUI/lvgl/src/widgets/list/lv_list.c **** 
  66:../../Middlewares/LVGL/GUI/lvgl/src/widgets/list/lv_list.c **** lv_obj_t * lv_list_create(lv_obj_t * parent)
  67:../../Middlewares/LVGL/GUI/lvgl/src/widgets/list/lv_list.c **** {
  29              		.loc 1 67 1 view -0
  30              		.cfi_startproc
  31              		@ args = 0, pretend = 0, frame = 0
  32              		@ frame_needed = 0, uses_anonymous_args = 0
  33              		.loc 1 67 1 is_stmt 0 view .LVU1
  34 0000 10B5     		push	{r4, lr}
  35              	.LCFI0:
  36              		.cfi_def_cfa_offset 8
  37              		.cfi_offset 4, -8
  38              		.cfi_offset 14, -4
  39 0002 0146     		mov	r1, r0
  68:../../Middlewares/LVGL/GUI/lvgl/src/widgets/list/lv_list.c ****     LV_LOG_INFO("begin");
  40              		.loc 1 68 5 is_stmt 1 view .LVU2
  41              		.loc 1 68 5 view .LVU3
  42              		.loc 1 68 5 view .LVU4
  69:../../Middlewares/LVGL/GUI/lvgl/src/widgets/list/lv_list.c ****     lv_obj_t * obj = lv_obj_class_create_obj(MY_CLASS, parent);
  43              		.loc 1 69 5 view .LVU5
  44              		.loc 1 69 22 is_stmt 0 view .LVU6
  45 0004 0548     		ldr	r0, .L3
  46              	.LVL1:
ARM GAS  C:\Users\28576\AppData\Local\Temp\ccvVkpNh.s 			page 3


  47              		.loc 1 69 22 view .LVU7
  48 0006 FFF7FEFF 		bl	lv_obj_class_create_obj
  49              	.LVL2:
  50              		.loc 1 69 22 view .LVU8
  51 000a 0446     		mov	r4, r0
  52              	.LVL3:
  70:../../Middlewares/LVGL/GUI/lvgl/src/widgets/list/lv_list.c ****     lv_obj_class_init_obj(obj);
  53              		.loc 1 70 5 is_stmt 1 view .LVU9
  54 000c FFF7FEFF 		bl	lv_obj_class_init_obj
  55              	.LVL4:
  71:../../Middlewares/LVGL/GUI/lvgl/src/widgets/list/lv_list.c ****     lv_obj_set_flex_flow(obj, LV_FLEX_FLOW_COLUMN);
  56              		.loc 1 71 5 view .LVU10
  57 0010 0121     		movs	r1, #1
  58 0012 2046     		mov	r0, r4
  59 0014 FFF7FEFF 		bl	lv_obj_set_flex_flow
  60              	.LVL5:
  72:../../Middlewares/LVGL/GUI/lvgl/src/widgets/list/lv_list.c ****     return obj;
  61              		.loc 1 72 5 view .LVU11
  73:../../Middlewares/LVGL/GUI/lvgl/src/widgets/list/lv_list.c **** }
  62              		.loc 1 73 1 is_stmt 0 view .LVU12
  63 0018 2046     		mov	r0, r4
  64 001a 10BD     		pop	{r4, pc}
  65              	.LVL6:
  66              	.L4:
  67              		.loc 1 73 1 view .LVU13
  68              		.align	2
  69              	.L3:
  70 001c 00000000 		.word	lv_list_class
  71              		.cfi_endproc
  72              	.LFE172:
  74              		.section	.text.lv_list_add_text,"ax",%progbits
  75              		.align	1
  76              		.global	lv_list_add_text
  77              		.syntax unified
  78              		.thumb
  79              		.thumb_func
  81              	lv_list_add_text:
  82              	.LVL7:
  83              	.LFB173:
  74:../../Middlewares/LVGL/GUI/lvgl/src/widgets/list/lv_list.c **** 
  75:../../Middlewares/LVGL/GUI/lvgl/src/widgets/list/lv_list.c **** lv_obj_t * lv_list_add_text(lv_obj_t * list, const char * txt)
  76:../../Middlewares/LVGL/GUI/lvgl/src/widgets/list/lv_list.c **** {
  84              		.loc 1 76 1 is_stmt 1 view -0
  85              		.cfi_startproc
  86              		@ args = 0, pretend = 0, frame = 0
  87              		@ frame_needed = 0, uses_anonymous_args = 0
  88              		.loc 1 76 1 is_stmt 0 view .LVU15
  89 0000 38B5     		push	{r3, r4, r5, lr}
  90              	.LCFI1:
  91              		.cfi_def_cfa_offset 16
  92              		.cfi_offset 3, -16
  93              		.cfi_offset 4, -12
  94              		.cfi_offset 5, -8
  95              		.cfi_offset 14, -4
  96 0002 0D46     		mov	r5, r1
  77:../../Middlewares/LVGL/GUI/lvgl/src/widgets/list/lv_list.c ****     LV_LOG_INFO("begin");
  97              		.loc 1 77 5 is_stmt 1 view .LVU16
ARM GAS  C:\Users\28576\AppData\Local\Temp\ccvVkpNh.s 			page 4


  98              		.loc 1 77 5 view .LVU17
  99              		.loc 1 77 5 view .LVU18
  78:../../Middlewares/LVGL/GUI/lvgl/src/widgets/list/lv_list.c **** 
  79:../../Middlewares/LVGL/GUI/lvgl/src/widgets/list/lv_list.c ****     lv_obj_t * obj = lv_obj_class_create_obj(MY_CLASS_TEXT, list);
 100              		.loc 1 79 5 view .LVU19
 101              		.loc 1 79 22 is_stmt 0 view .LVU20
 102 0004 0146     		mov	r1, r0
 103              	.LVL8:
 104              		.loc 1 79 22 view .LVU21
 105 0006 0648     		ldr	r0, .L7
 106              	.LVL9:
 107              		.loc 1 79 22 view .LVU22
 108 0008 FFF7FEFF 		bl	lv_obj_class_create_obj
 109              	.LVL10:
 110              		.loc 1 79 22 view .LVU23
 111 000c 0446     		mov	r4, r0
 112              	.LVL11:
  80:../../Middlewares/LVGL/GUI/lvgl/src/widgets/list/lv_list.c ****     lv_obj_class_init_obj(obj);
 113              		.loc 1 80 5 is_stmt 1 view .LVU24
 114 000e FFF7FEFF 		bl	lv_obj_class_init_obj
 115              	.LVL12:
  81:../../Middlewares/LVGL/GUI/lvgl/src/widgets/list/lv_list.c ****     lv_label_set_text(obj, txt);
 116              		.loc 1 81 5 view .LVU25
 117 0012 2946     		mov	r1, r5
 118 0014 2046     		mov	r0, r4
 119 0016 FFF7FEFF 		bl	lv_label_set_text
 120              	.LVL13:
  82:../../Middlewares/LVGL/GUI/lvgl/src/widgets/list/lv_list.c ****     return obj;
 121              		.loc 1 82 5 view .LVU26
  83:../../Middlewares/LVGL/GUI/lvgl/src/widgets/list/lv_list.c **** }
 122              		.loc 1 83 1 is_stmt 0 view .LVU27
 123 001a 2046     		mov	r0, r4
 124 001c 38BD     		pop	{r3, r4, r5, pc}
 125              	.LVL14:
 126              	.L8:
 127              		.loc 1 83 1 view .LVU28
 128 001e 00BF     		.align	2
 129              	.L7:
 130 0020 00000000 		.word	lv_list_text_class
 131              		.cfi_endproc
 132              	.LFE173:
 134              		.section	.text.lv_list_add_button,"ax",%progbits
 135              		.align	1
 136              		.global	lv_list_add_button
 137              		.syntax unified
 138              		.thumb
 139              		.thumb_func
 141              	lv_list_add_button:
 142              	.LVL15:
 143              	.LFB174:
  84:../../Middlewares/LVGL/GUI/lvgl/src/widgets/list/lv_list.c **** 
  85:../../Middlewares/LVGL/GUI/lvgl/src/widgets/list/lv_list.c **** lv_obj_t * lv_list_add_button(lv_obj_t * list, const void * icon, const char * txt)
  86:../../Middlewares/LVGL/GUI/lvgl/src/widgets/list/lv_list.c **** {
 144              		.loc 1 86 1 is_stmt 1 view -0
 145              		.cfi_startproc
 146              		@ args = 0, pretend = 0, frame = 0
 147              		@ frame_needed = 0, uses_anonymous_args = 0
ARM GAS  C:\Users\28576\AppData\Local\Temp\ccvVkpNh.s 			page 5


 148              		.loc 1 86 1 is_stmt 0 view .LVU30
 149 0000 70B5     		push	{r4, r5, r6, lr}
 150              	.LCFI2:
 151              		.cfi_def_cfa_offset 16
 152              		.cfi_offset 4, -16
 153              		.cfi_offset 5, -12
 154              		.cfi_offset 6, -8
 155              		.cfi_offset 14, -4
 156 0002 0D46     		mov	r5, r1
 157 0004 1646     		mov	r6, r2
  87:../../Middlewares/LVGL/GUI/lvgl/src/widgets/list/lv_list.c ****     LV_LOG_INFO("begin");
 158              		.loc 1 87 5 is_stmt 1 view .LVU31
 159              		.loc 1 87 5 view .LVU32
 160              		.loc 1 87 5 view .LVU33
  88:../../Middlewares/LVGL/GUI/lvgl/src/widgets/list/lv_list.c ****     lv_obj_t * obj = lv_obj_class_create_obj(MY_CLASS_BUTTON, list);
 161              		.loc 1 88 5 view .LVU34
 162              		.loc 1 88 22 is_stmt 0 view .LVU35
 163 0006 0146     		mov	r1, r0
 164              	.LVL16:
 165              		.loc 1 88 22 view .LVU36
 166 0008 1148     		ldr	r0, .L13
 167              	.LVL17:
 168              		.loc 1 88 22 view .LVU37
 169 000a FFF7FEFF 		bl	lv_obj_class_create_obj
 170              	.LVL18:
 171              		.loc 1 88 22 view .LVU38
 172 000e 0446     		mov	r4, r0
 173              	.LVL19:
  89:../../Middlewares/LVGL/GUI/lvgl/src/widgets/list/lv_list.c ****     lv_obj_class_init_obj(obj);
 174              		.loc 1 89 5 is_stmt 1 view .LVU39
 175 0010 FFF7FEFF 		bl	lv_obj_class_init_obj
 176              	.LVL20:
  90:../../Middlewares/LVGL/GUI/lvgl/src/widgets/list/lv_list.c ****     lv_obj_set_flex_flow(obj, LV_FLEX_FLOW_ROW);
 177              		.loc 1 90 5 view .LVU40
 178 0014 0021     		movs	r1, #0
 179 0016 2046     		mov	r0, r4
 180 0018 FFF7FEFF 		bl	lv_obj_set_flex_flow
 181              	.LVL21:
  91:../../Middlewares/LVGL/GUI/lvgl/src/widgets/list/lv_list.c **** 
  92:../../Middlewares/LVGL/GUI/lvgl/src/widgets/list/lv_list.c **** #if LV_USE_IMAGE == 1
  93:../../Middlewares/LVGL/GUI/lvgl/src/widgets/list/lv_list.c ****     if(icon) {
 182              		.loc 1 93 5 view .LVU41
 183              		.loc 1 93 7 is_stmt 0 view .LVU42
 184 001c 2DB1     		cbz	r5, .L10
 185              	.LBB2:
  94:../../Middlewares/LVGL/GUI/lvgl/src/widgets/list/lv_list.c ****         lv_obj_t * img = lv_image_create(obj);
 186              		.loc 1 94 9 is_stmt 1 view .LVU43
 187              		.loc 1 94 26 is_stmt 0 view .LVU44
 188 001e 2046     		mov	r0, r4
 189 0020 FFF7FEFF 		bl	lv_image_create
 190              	.LVL22:
  95:../../Middlewares/LVGL/GUI/lvgl/src/widgets/list/lv_list.c ****         lv_image_set_src(img, icon);
 191              		.loc 1 95 9 is_stmt 1 view .LVU45
 192 0024 2946     		mov	r1, r5
 193 0026 FFF7FEFF 		bl	lv_image_set_src
 194              	.LVL23:
 195              	.L10:
ARM GAS  C:\Users\28576\AppData\Local\Temp\ccvVkpNh.s 			page 6


 196              		.loc 1 95 9 is_stmt 0 view .LVU46
 197              	.LBE2:
  96:../../Middlewares/LVGL/GUI/lvgl/src/widgets/list/lv_list.c ****     }
  97:../../Middlewares/LVGL/GUI/lvgl/src/widgets/list/lv_list.c **** #endif
  98:../../Middlewares/LVGL/GUI/lvgl/src/widgets/list/lv_list.c **** 
  99:../../Middlewares/LVGL/GUI/lvgl/src/widgets/list/lv_list.c ****     if(txt) {
 198              		.loc 1 99 5 is_stmt 1 view .LVU47
 199              		.loc 1 99 7 is_stmt 0 view .LVU48
 200 002a 3546     		mov	r5, r6
 201              	.LVL24:
 202              		.loc 1 99 7 view .LVU49
 203 002c 76B1     		cbz	r6, .L9
 204              	.LVL25:
 205              	.LBB3:
 100:../../Middlewares/LVGL/GUI/lvgl/src/widgets/list/lv_list.c ****         lv_obj_t * label = lv_label_create(obj);
 206              		.loc 1 100 9 is_stmt 1 view .LVU50
 207              		.loc 1 100 28 is_stmt 0 view .LVU51
 208 002e 2046     		mov	r0, r4
 209 0030 FFF7FEFF 		bl	lv_label_create
 210              	.LVL26:
 211 0034 0646     		mov	r6, r0
 212              	.LVL27:
 101:../../Middlewares/LVGL/GUI/lvgl/src/widgets/list/lv_list.c ****         lv_label_set_text(label, txt);
 213              		.loc 1 101 9 is_stmt 1 view .LVU52
 214 0036 2946     		mov	r1, r5
 215 0038 FFF7FEFF 		bl	lv_label_set_text
 216              	.LVL28:
 102:../../Middlewares/LVGL/GUI/lvgl/src/widgets/list/lv_list.c ****         lv_label_set_long_mode(label, LV_LABEL_LONG_MODE_SCROLL_CIRCULAR);
 217              		.loc 1 102 9 view .LVU53
 218 003c 0321     		movs	r1, #3
 219 003e 3046     		mov	r0, r6
 220 0040 FFF7FEFF 		bl	lv_label_set_long_mode
 221              	.LVL29:
 103:../../Middlewares/LVGL/GUI/lvgl/src/widgets/list/lv_list.c ****         lv_obj_set_flex_grow(label, 1);
 222              		.loc 1 103 9 view .LVU54
 223 0044 0121     		movs	r1, #1
 224 0046 3046     		mov	r0, r6
 225 0048 FFF7FEFF 		bl	lv_obj_set_flex_grow
 226              	.LVL30:
 227              	.LBE3:
 104:../../Middlewares/LVGL/GUI/lvgl/src/widgets/list/lv_list.c ****     }
 105:../../Middlewares/LVGL/GUI/lvgl/src/widgets/list/lv_list.c **** 
 106:../../Middlewares/LVGL/GUI/lvgl/src/widgets/list/lv_list.c ****     return obj;
 228              		.loc 1 106 5 view .LVU55
 229              	.L9:
 107:../../Middlewares/LVGL/GUI/lvgl/src/widgets/list/lv_list.c **** }
 230              		.loc 1 107 1 is_stmt 0 view .LVU56
 231 004c 2046     		mov	r0, r4
 232 004e 70BD     		pop	{r4, r5, r6, pc}
 233              	.LVL31:
 234              	.L14:
 235              		.loc 1 107 1 view .LVU57
 236              		.align	2
 237              	.L13:
 238 0050 00000000 		.word	lv_list_button_class
 239              		.cfi_endproc
 240              	.LFE174:
ARM GAS  C:\Users\28576\AppData\Local\Temp\ccvVkpNh.s 			page 7


 242              		.section	.rodata.lv_list_get_button_text.str1.4,"aMS",%progbits,1
 243              		.align	2
 244              	.LC0:
 245 0000 00       		.ascii	"\000"
 246              		.section	.text.lv_list_get_button_text,"ax",%progbits
 247              		.align	1
 248              		.global	lv_list_get_button_text
 249              		.syntax unified
 250              		.thumb
 251              		.thumb_func
 253              	lv_list_get_button_text:
 254              	.LVL32:
 255              	.LFB175:
 108:../../Middlewares/LVGL/GUI/lvgl/src/widgets/list/lv_list.c **** 
 109:../../Middlewares/LVGL/GUI/lvgl/src/widgets/list/lv_list.c **** const char * lv_list_get_button_text(lv_obj_t * list, lv_obj_t * btn)
 110:../../Middlewares/LVGL/GUI/lvgl/src/widgets/list/lv_list.c **** {
 256              		.loc 1 110 1 is_stmt 1 view -0
 257              		.cfi_startproc
 258              		@ args = 0, pretend = 0, frame = 0
 259              		@ frame_needed = 0, uses_anonymous_args = 0
 260              		.loc 1 110 1 is_stmt 0 view .LVU59
 261 0000 70B5     		push	{r4, r5, r6, lr}
 262              	.LCFI3:
 263              		.cfi_def_cfa_offset 16
 264              		.cfi_offset 4, -16
 265              		.cfi_offset 5, -12
 266              		.cfi_offset 6, -8
 267              		.cfi_offset 14, -4
 268 0002 0D46     		mov	r5, r1
 111:../../Middlewares/LVGL/GUI/lvgl/src/widgets/list/lv_list.c ****     LV_UNUSED(list);
 269              		.loc 1 111 5 is_stmt 1 view .LVU60
 112:../../Middlewares/LVGL/GUI/lvgl/src/widgets/list/lv_list.c ****     uint32_t i;
 270              		.loc 1 112 5 view .LVU61
 113:../../Middlewares/LVGL/GUI/lvgl/src/widgets/list/lv_list.c ****     for(i = 0; i < lv_obj_get_child_count(btn); i++) {
 271              		.loc 1 113 5 view .LVU62
 272              	.LVL33:
 273              		.loc 1 113 11 is_stmt 0 view .LVU63
 274 0004 0024     		movs	r4, #0
 275              		.loc 1 113 5 view .LVU64
 276 0006 00E0     		b	.L16
 277              	.LVL34:
 278              	.L17:
 279              		.loc 1 113 50 is_stmt 1 discriminator 2 view .LVU65
 280 0008 0134     		adds	r4, r4, #1
 281              	.LVL35:
 282              	.L16:
 283              		.loc 1 113 18 discriminator 1 view .LVU66
 284              		.loc 1 113 20 is_stmt 0 discriminator 1 view .LVU67
 285 000a 2846     		mov	r0, r5
 286 000c FFF7FEFF 		bl	lv_obj_get_child_count
 287              	.LVL36:
 288              		.loc 1 113 18 discriminator 3 view .LVU68
 289 0010 A042     		cmp	r0, r4
 290 0012 0DD9     		bls	.L21
 291              	.LBB4:
 114:../../Middlewares/LVGL/GUI/lvgl/src/widgets/list/lv_list.c ****         lv_obj_t * child = lv_obj_get_child(btn, i);
 292              		.loc 1 114 9 is_stmt 1 view .LVU69
ARM GAS  C:\Users\28576\AppData\Local\Temp\ccvVkpNh.s 			page 8


 293              		.loc 1 114 28 is_stmt 0 view .LVU70
 294 0014 2146     		mov	r1, r4
 295 0016 2846     		mov	r0, r5
 296 0018 FFF7FEFF 		bl	lv_obj_get_child
 297              	.LVL37:
 298 001c 0646     		mov	r6, r0
 299              	.LVL38:
 115:../../Middlewares/LVGL/GUI/lvgl/src/widgets/list/lv_list.c ****         if(lv_obj_check_type(child, &lv_label_class)) {
 300              		.loc 1 115 9 is_stmt 1 view .LVU71
 301              		.loc 1 115 12 is_stmt 0 view .LVU72
 302 001e 0549     		ldr	r1, .L22
 303 0020 FFF7FEFF 		bl	lv_obj_check_type
 304              	.LVL39:
 305              		.loc 1 115 11 discriminator 1 view .LVU73
 306 0024 0028     		cmp	r0, #0
 307 0026 EFD0     		beq	.L17
 116:../../Middlewares/LVGL/GUI/lvgl/src/widgets/list/lv_list.c ****             return lv_label_get_text(child);
 308              		.loc 1 116 13 is_stmt 1 view .LVU74
 309              		.loc 1 116 20 is_stmt 0 view .LVU75
 310 0028 3046     		mov	r0, r6
 311 002a FFF7FEFF 		bl	lv_label_get_text
 312              	.LVL40:
 313 002e 00E0     		b	.L15
 314              	.LVL41:
 315              	.L21:
 316              		.loc 1 116 20 view .LVU76
 317              	.LBE4:
 117:../../Middlewares/LVGL/GUI/lvgl/src/widgets/list/lv_list.c ****         }
 118:../../Middlewares/LVGL/GUI/lvgl/src/widgets/list/lv_list.c **** 
 119:../../Middlewares/LVGL/GUI/lvgl/src/widgets/list/lv_list.c ****     }
 120:../../Middlewares/LVGL/GUI/lvgl/src/widgets/list/lv_list.c **** 
 121:../../Middlewares/LVGL/GUI/lvgl/src/widgets/list/lv_list.c ****     return "";
 318              		.loc 1 121 12 view .LVU77
 319 0030 0148     		ldr	r0, .L22+4
 320              	.L15:
 122:../../Middlewares/LVGL/GUI/lvgl/src/widgets/list/lv_list.c **** }
 321              		.loc 1 122 1 view .LVU78
 322 0032 70BD     		pop	{r4, r5, r6, pc}
 323              	.LVL42:
 324              	.L23:
 325              		.loc 1 122 1 view .LVU79
 326              		.align	2
 327              	.L22:
 328 0034 00000000 		.word	lv_label_class
 329 0038 00000000 		.word	.LC0
 330              		.cfi_endproc
 331              	.LFE175:
 333              		.section	.text.lv_list_set_button_text,"ax",%progbits
 334              		.align	1
 335              		.global	lv_list_set_button_text
 336              		.syntax unified
 337              		.thumb
 338              		.thumb_func
 340              	lv_list_set_button_text:
 341              	.LVL43:
 342              	.LFB176:
 123:../../Middlewares/LVGL/GUI/lvgl/src/widgets/list/lv_list.c **** 
ARM GAS  C:\Users\28576\AppData\Local\Temp\ccvVkpNh.s 			page 9


 124:../../Middlewares/LVGL/GUI/lvgl/src/widgets/list/lv_list.c **** void lv_list_set_button_text(lv_obj_t * list, lv_obj_t * btn, const char * txt)
 125:../../Middlewares/LVGL/GUI/lvgl/src/widgets/list/lv_list.c **** {
 343              		.loc 1 125 1 is_stmt 1 view -0
 344              		.cfi_startproc
 345              		@ args = 0, pretend = 0, frame = 0
 346              		@ frame_needed = 0, uses_anonymous_args = 0
 347              		.loc 1 125 1 is_stmt 0 view .LVU81
 348 0000 F8B5     		push	{r3, r4, r5, r6, r7, lr}
 349              	.LCFI4:
 350              		.cfi_def_cfa_offset 24
 351              		.cfi_offset 3, -24
 352              		.cfi_offset 4, -20
 353              		.cfi_offset 5, -16
 354              		.cfi_offset 6, -12
 355              		.cfi_offset 7, -8
 356              		.cfi_offset 14, -4
 357 0002 0D46     		mov	r5, r1
 358 0004 1746     		mov	r7, r2
 126:../../Middlewares/LVGL/GUI/lvgl/src/widgets/list/lv_list.c ****     LV_UNUSED(list);
 359              		.loc 1 126 5 is_stmt 1 view .LVU82
 127:../../Middlewares/LVGL/GUI/lvgl/src/widgets/list/lv_list.c ****     uint32_t i;
 360              		.loc 1 127 5 view .LVU83
 128:../../Middlewares/LVGL/GUI/lvgl/src/widgets/list/lv_list.c ****     for(i = 0; i < lv_obj_get_child_count(btn); i++) {
 361              		.loc 1 128 5 view .LVU84
 362              	.LVL44:
 363              		.loc 1 128 11 is_stmt 0 view .LVU85
 364 0006 0024     		movs	r4, #0
 365              		.loc 1 128 5 view .LVU86
 366 0008 00E0     		b	.L25
 367              	.LVL45:
 368              	.L26:
 369              		.loc 1 128 50 is_stmt 1 discriminator 2 view .LVU87
 370 000a 0134     		adds	r4, r4, #1
 371              	.LVL46:
 372              	.L25:
 373              		.loc 1 128 18 discriminator 1 view .LVU88
 374              		.loc 1 128 20 is_stmt 0 discriminator 1 view .LVU89
 375 000c 2846     		mov	r0, r5
 376 000e FFF7FEFF 		bl	lv_obj_get_child_count
 377              	.LVL47:
 378              		.loc 1 128 18 discriminator 3 view .LVU90
 379 0012 A042     		cmp	r0, r4
 380 0014 0DD9     		bls	.L24
 381              	.LBB5:
 129:../../Middlewares/LVGL/GUI/lvgl/src/widgets/list/lv_list.c ****         lv_obj_t * child = lv_obj_get_child(btn, i);
 382              		.loc 1 129 9 is_stmt 1 view .LVU91
 383              		.loc 1 129 28 is_stmt 0 view .LVU92
 384 0016 2146     		mov	r1, r4
 385 0018 2846     		mov	r0, r5
 386 001a FFF7FEFF 		bl	lv_obj_get_child
 387              	.LVL48:
 388 001e 0646     		mov	r6, r0
 389              	.LVL49:
 130:../../Middlewares/LVGL/GUI/lvgl/src/widgets/list/lv_list.c ****         if(lv_obj_check_type(child, &lv_label_class)) {
 390              		.loc 1 130 9 is_stmt 1 view .LVU93
 391              		.loc 1 130 12 is_stmt 0 view .LVU94
 392 0020 0449     		ldr	r1, .L30
ARM GAS  C:\Users\28576\AppData\Local\Temp\ccvVkpNh.s 			page 10


 393 0022 FFF7FEFF 		bl	lv_obj_check_type
 394              	.LVL50:
 395              		.loc 1 130 11 discriminator 1 view .LVU95
 396 0026 0028     		cmp	r0, #0
 397 0028 EFD0     		beq	.L26
 131:../../Middlewares/LVGL/GUI/lvgl/src/widgets/list/lv_list.c ****             lv_label_set_text(child, txt);
 398              		.loc 1 131 13 is_stmt 1 view .LVU96
 399 002a 3946     		mov	r1, r7
 400 002c 3046     		mov	r0, r6
 401 002e FFF7FEFF 		bl	lv_label_set_text
 402              	.LVL51:
 132:../../Middlewares/LVGL/GUI/lvgl/src/widgets/list/lv_list.c ****             return;
 403              		.loc 1 132 13 view .LVU97
 404              	.L24:
 405              		.loc 1 132 13 is_stmt 0 view .LVU98
 406              	.LBE5:
 133:../../Middlewares/LVGL/GUI/lvgl/src/widgets/list/lv_list.c ****         }
 134:../../Middlewares/LVGL/GUI/lvgl/src/widgets/list/lv_list.c ****     }
 135:../../Middlewares/LVGL/GUI/lvgl/src/widgets/list/lv_list.c **** }
 407              		.loc 1 135 1 view .LVU99
 408 0032 F8BD     		pop	{r3, r4, r5, r6, r7, pc}
 409              	.LVL52:
 410              	.L31:
 411              		.loc 1 135 1 view .LVU100
 412              		.align	2
 413              	.L30:
 414 0034 00000000 		.word	lv_label_class
 415              		.cfi_endproc
 416              	.LFE176:
 418              		.global	lv_list_text_class
 419              		.section	.rodata.str1.4,"aMS",%progbits,1
 420              		.align	2
 421              	.LC1:
 422 0000 6C765F6C 		.ascii	"lv_list_text\000"
 422      6973745F 
 422      74657874 
 422      00
 423              		.section	.rodata.lv_list_text_class,"a"
 424              		.align	2
 427              	lv_list_text_class:
 428 0000 00000000 		.word	lv_label_class
 429 0004 00000000 		.space	16
 429      00000000 
 429      00000000 
 429      00000000 
 430 0014 00000000 		.word	.LC1
 431 0018 64000020 		.word	536871012
 432 001c FFFFFF3F 		.word	1073741823
 433 0020 00000000 		.space	4
 434              		.global	lv_list_button_class
 435              		.section	.rodata.str1.4
 436 000d 000000   		.align	2
 437              	.LC2:
 438 0010 6C765F6C 		.ascii	"lv_list_button\000"
 438      6973745F 
 438      62757474 
 438      6F6E00
ARM GAS  C:\Users\28576\AppData\Local\Temp\ccvVkpNh.s 			page 11


 439              		.section	.rodata.lv_list_button_class,"a"
 440              		.align	2
 443              	lv_list_button_class:
 444 0000 00000000 		.word	lv_button_class
 445 0004 00000000 		.space	16
 445      00000000 
 445      00000000 
 445      00000000 
 446 0014 10000000 		.word	.LC2
 447 0018 64000020 		.word	536871012
 448 001c FFFFFF3F 		.word	1073741823
 449 0020 00000000 		.space	4
 450              		.global	lv_list_class
 451              		.section	.rodata.str1.4
 452 001f 00       		.align	2
 453              	.LC3:
 454 0020 6C765F6C 		.ascii	"lv_list\000"
 454      69737400 
 455              		.section	.rodata.lv_list_class,"a"
 456              		.align	2
 459              	lv_list_class:
 460 0000 00000000 		.word	lv_obj_class
 461 0004 00000000 		.space	16
 461      00000000 
 461      00000000 
 461      00000000 
 462 0014 20000000 		.word	.LC3
 463 0018 C3000000 		.word	195
 464 001c 04010000 		.word	260
 465 0020 00000000 		.space	4
 466              		.text
 467              	.Letext0:
 468              		.file 2 "C:/Users/28576/AppData/Roaming/xPacks/@xpack-dev-tools/arm-none-eabi-gcc/15.2.1-1.1.1/.co
 469              		.file 3 "C:/Users/28576/AppData/Roaming/xPacks/@xpack-dev-tools/arm-none-eabi-gcc/15.2.1-1.1.1/.co
 470              		.file 4 "H:/STM32H7/RGB_LVGL/Middlewares/LVGL/GUI/lvgl/src/misc/lv_types.h"
 471              		.file 5 "H:/STM32H7/RGB_LVGL/Middlewares/LVGL/GUI/lvgl/src/core/lv_obj_class_private.h"
 472              		.file 6 "H:/STM32H7/RGB_LVGL/Middlewares/LVGL/GUI/lvgl/src/layouts/flex/lv_flex.h"
 473              		.file 7 "H:/STM32H7/RGB_LVGL/Middlewares/LVGL/GUI/lvgl/src/indev/lv_indev.h"
 474              		.file 8 "H:/STM32H7/RGB_LVGL/Middlewares/LVGL/GUI/lvgl/src/core/lv_obj.h"
 475              		.file 9 "../../Middlewares/LVGL/GUI/lvgl/src/widgets/list/lv_list.h"
 476              		.file 10 "../../Middlewares/LVGL/GUI/lvgl/src/widgets/list/../label/lv_label.h"
 477              		.file 11 "../../Middlewares/LVGL/GUI/lvgl/src/widgets/list/../button/lv_button.h"
 478              		.file 12 "H:/STM32H7/RGB_LVGL/Middlewares/LVGL/GUI/lvgl/src/core/lv_obj_tree.h"
 479              		.file 13 "../../Middlewares/LVGL/GUI/lvgl/src/widgets/list/../image/lv_image.h"
 480              		.file 14 "H:/STM32H7/RGB_LVGL/Middlewares/LVGL/GUI/lvgl/src/core/lv_obj_class.h"
ARM GAS  C:\Users\28576\AppData\Local\Temp\ccvVkpNh.s 			page 12


DEFINED SYMBOLS
                            *ABS*:00000000 lv_list.c
C:\Users\28576\AppData\Local\Temp\ccvVkpNh.s:20     .text.lv_list_create:00000000 $t
C:\Users\28576\AppData\Local\Temp\ccvVkpNh.s:26     .text.lv_list_create:00000000 lv_list_create
C:\Users\28576\AppData\Local\Temp\ccvVkpNh.s:70     .text.lv_list_create:0000001c $d
C:\Users\28576\AppData\Local\Temp\ccvVkpNh.s:459    .rodata.lv_list_class:00000000 lv_list_class
C:\Users\28576\AppData\Local\Temp\ccvVkpNh.s:75     .text.lv_list_add_text:00000000 $t
C:\Users\28576\AppData\Local\Temp\ccvVkpNh.s:81     .text.lv_list_add_text:00000000 lv_list_add_text
C:\Users\28576\AppData\Local\Temp\ccvVkpNh.s:130    .text.lv_list_add_text:00000020 $d
C:\Users\28576\AppData\Local\Temp\ccvVkpNh.s:427    .rodata.lv_list_text_class:00000000 lv_list_text_class
C:\Users\28576\AppData\Local\Temp\ccvVkpNh.s:135    .text.lv_list_add_button:00000000 $t
C:\Users\28576\AppData\Local\Temp\ccvVkpNh.s:141    .text.lv_list_add_button:00000000 lv_list_add_button
C:\Users\28576\AppData\Local\Temp\ccvVkpNh.s:238    .text.lv_list_add_button:00000050 $d
C:\Users\28576\AppData\Local\Temp\ccvVkpNh.s:443    .rodata.lv_list_button_class:00000000 lv_list_button_class
C:\Users\28576\AppData\Local\Temp\ccvVkpNh.s:243    .rodata.lv_list_get_button_text.str1.4:00000000 $d
C:\Users\28576\AppData\Local\Temp\ccvVkpNh.s:247    .text.lv_list_get_button_text:00000000 $t
C:\Users\28576\AppData\Local\Temp\ccvVkpNh.s:253    .text.lv_list_get_button_text:00000000 lv_list_get_button_text
C:\Users\28576\AppData\Local\Temp\ccvVkpNh.s:328    .text.lv_list_get_button_text:00000034 $d
C:\Users\28576\AppData\Local\Temp\ccvVkpNh.s:334    .text.lv_list_set_button_text:00000000 $t
C:\Users\28576\AppData\Local\Temp\ccvVkpNh.s:340    .text.lv_list_set_button_text:00000000 lv_list_set_button_text
C:\Users\28576\AppData\Local\Temp\ccvVkpNh.s:414    .text.lv_list_set_button_text:00000034 $d
C:\Users\28576\AppData\Local\Temp\ccvVkpNh.s:420    .rodata.str1.4:00000000 $d
C:\Users\28576\AppData\Local\Temp\ccvVkpNh.s:424    .rodata.lv_list_text_class:00000000 $d
C:\Users\28576\AppData\Local\Temp\ccvVkpNh.s:440    .rodata.lv_list_button_class:00000000 $d
C:\Users\28576\AppData\Local\Temp\ccvVkpNh.s:456    .rodata.lv_list_class:00000000 $d

UNDEFINED SYMBOLS
lv_obj_class_create_obj
lv_obj_class_init_obj
lv_obj_set_flex_flow
lv_label_set_text
lv_image_create
lv_image_set_src
lv_label_create
lv_label_set_long_mode
lv_obj_set_flex_grow
lv_obj_get_child_count
lv_obj_get_child
lv_obj_check_type
lv_label_get_text
lv_label_class
lv_button_class
lv_obj_class
