ARM GAS  C:\Users\28576\AppData\Local\Temp\cct21ZCc.s 			page 1


   1              		.cpu cortex-m7
   2              		.arch armv7e-m
   3              		.fpu fpv5-d16
   4              		.eabi_attribute 28, 1
   5              		.eabi_attribute 20, 1
   6              		.eabi_attribute 21, 1
   7              		.eabi_attribute 23, 3
   8              		.eabi_attribute 24, 1
   9              		.eabi_attribute 25, 1
  10              		.eabi_attribute 26, 1
  11              		.eabi_attribute 30, 1
  12              		.eabi_attribute 34, 1
  13              		.eabi_attribute 18, 4
  14              		.file	"lv_tree.c"
  15              		.text
  16              	.Ltext0:
  17              		.cfi_sections	.debug_frame
  18              		.file 1 "../../Middlewares/LVGL/GUI/lvgl/src/misc/lv_tree.c"
  19              		.section	.text._lv_tree_node_construct,"ax",%progbits
  20              		.align	1
  21              		.syntax unified
  22              		.thumb
  23              		.thumb_func
  25              	_lv_tree_node_construct:
  26              	.LVL0:
  27              	.LFB2:
   1:../../Middlewares/LVGL/GUI/lvgl/src/misc/lv_tree.c **** /**
   2:../../Middlewares/LVGL/GUI/lvgl/src/misc/lv_tree.c ****  * @file lv_tree.c
   3:../../Middlewares/LVGL/GUI/lvgl/src/misc/lv_tree.c ****  * Tree.
   4:../../Middlewares/LVGL/GUI/lvgl/src/misc/lv_tree.c ****  * The nodes are dynamically allocated by the 'lv_mem' module,
   5:../../Middlewares/LVGL/GUI/lvgl/src/misc/lv_tree.c ****  */
   6:../../Middlewares/LVGL/GUI/lvgl/src/misc/lv_tree.c **** 
   7:../../Middlewares/LVGL/GUI/lvgl/src/misc/lv_tree.c **** /*********************
   8:../../Middlewares/LVGL/GUI/lvgl/src/misc/lv_tree.c ****  *      INCLUDES
   9:../../Middlewares/LVGL/GUI/lvgl/src/misc/lv_tree.c ****  *********************/
  10:../../Middlewares/LVGL/GUI/lvgl/src/misc/lv_tree.c **** #include "lv_tree.h"
  11:../../Middlewares/LVGL/GUI/lvgl/src/misc/lv_tree.c **** #include "../stdlib/lv_mem.h"
  12:../../Middlewares/LVGL/GUI/lvgl/src/misc/lv_tree.c **** #include "../stdlib/lv_string.h"
  13:../../Middlewares/LVGL/GUI/lvgl/src/misc/lv_tree.c **** 
  14:../../Middlewares/LVGL/GUI/lvgl/src/misc/lv_tree.c **** #include "lv_assert.h"
  15:../../Middlewares/LVGL/GUI/lvgl/src/misc/lv_tree.c **** 
  16:../../Middlewares/LVGL/GUI/lvgl/src/misc/lv_tree.c **** /*********************
  17:../../Middlewares/LVGL/GUI/lvgl/src/misc/lv_tree.c ****  *      DEFINES
  18:../../Middlewares/LVGL/GUI/lvgl/src/misc/lv_tree.c ****  *********************/
  19:../../Middlewares/LVGL/GUI/lvgl/src/misc/lv_tree.c **** #define INIT_CHILDREN_CAP 4
  20:../../Middlewares/LVGL/GUI/lvgl/src/misc/lv_tree.c **** 
  21:../../Middlewares/LVGL/GUI/lvgl/src/misc/lv_tree.c **** /**********************
  22:../../Middlewares/LVGL/GUI/lvgl/src/misc/lv_tree.c ****  *      TYPEDEFS
  23:../../Middlewares/LVGL/GUI/lvgl/src/misc/lv_tree.c ****  **********************/
  24:../../Middlewares/LVGL/GUI/lvgl/src/misc/lv_tree.c **** 
  25:../../Middlewares/LVGL/GUI/lvgl/src/misc/lv_tree.c **** /**********************
  26:../../Middlewares/LVGL/GUI/lvgl/src/misc/lv_tree.c ****  *  STATIC PROTOTYPES
  27:../../Middlewares/LVGL/GUI/lvgl/src/misc/lv_tree.c ****  **********************/
  28:../../Middlewares/LVGL/GUI/lvgl/src/misc/lv_tree.c **** 
  29:../../Middlewares/LVGL/GUI/lvgl/src/misc/lv_tree.c **** /**********************
  30:../../Middlewares/LVGL/GUI/lvgl/src/misc/lv_tree.c ****  *  STATIC VARIABLES
  31:../../Middlewares/LVGL/GUI/lvgl/src/misc/lv_tree.c ****  **********************/
ARM GAS  C:\Users\28576\AppData\Local\Temp\cct21ZCc.s 			page 2


  32:../../Middlewares/LVGL/GUI/lvgl/src/misc/lv_tree.c **** 
  33:../../Middlewares/LVGL/GUI/lvgl/src/misc/lv_tree.c **** const lv_tree_class_t lv_tree_node_class = {
  34:../../Middlewares/LVGL/GUI/lvgl/src/misc/lv_tree.c ****     .base_class = NULL,
  35:../../Middlewares/LVGL/GUI/lvgl/src/misc/lv_tree.c ****     .instance_size = sizeof(lv_tree_node_t),
  36:../../Middlewares/LVGL/GUI/lvgl/src/misc/lv_tree.c ****     .constructor_cb = NULL,
  37:../../Middlewares/LVGL/GUI/lvgl/src/misc/lv_tree.c ****     .destructor_cb = NULL,
  38:../../Middlewares/LVGL/GUI/lvgl/src/misc/lv_tree.c **** };
  39:../../Middlewares/LVGL/GUI/lvgl/src/misc/lv_tree.c **** 
  40:../../Middlewares/LVGL/GUI/lvgl/src/misc/lv_tree.c **** /**********************
  41:../../Middlewares/LVGL/GUI/lvgl/src/misc/lv_tree.c ****  *      MACROS
  42:../../Middlewares/LVGL/GUI/lvgl/src/misc/lv_tree.c ****  **********************/
  43:../../Middlewares/LVGL/GUI/lvgl/src/misc/lv_tree.c **** 
  44:../../Middlewares/LVGL/GUI/lvgl/src/misc/lv_tree.c **** /**********************
  45:../../Middlewares/LVGL/GUI/lvgl/src/misc/lv_tree.c ****  *   GLOBAL FUNCTIONS
  46:../../Middlewares/LVGL/GUI/lvgl/src/misc/lv_tree.c ****  **********************/
  47:../../Middlewares/LVGL/GUI/lvgl/src/misc/lv_tree.c **** 
  48:../../Middlewares/LVGL/GUI/lvgl/src/misc/lv_tree.c **** static void _lv_tree_node_construct(const lv_tree_class_t * class_p, lv_tree_node_t * node)
  49:../../Middlewares/LVGL/GUI/lvgl/src/misc/lv_tree.c **** {
  28              		.loc 1 49 1 view -0
  29              		.cfi_startproc
  30              		@ args = 0, pretend = 0, frame = 0
  31              		@ frame_needed = 0, uses_anonymous_args = 0
  32              		.loc 1 49 1 is_stmt 0 view .LVU1
  33 0000 70B5     		push	{r4, r5, r6, lr}
  34              	.LCFI0:
  35              		.cfi_def_cfa_offset 16
  36              		.cfi_offset 4, -16
  37              		.cfi_offset 5, -12
  38              		.cfi_offset 6, -8
  39              		.cfi_offset 14, -4
  40 0002 0646     		mov	r6, r0
  41 0004 0C46     		mov	r4, r1
  50:../../Middlewares/LVGL/GUI/lvgl/src/misc/lv_tree.c ****     if(node->class_p->base_class) {
  42              		.loc 1 50 5 is_stmt 1 view .LVU2
  43              		.loc 1 50 12 is_stmt 0 view .LVU3
  44 0006 0D69     		ldr	r5, [r1, #16]
  45              		.loc 1 50 21 view .LVU4
  46 0008 2B68     		ldr	r3, [r5]
  47              		.loc 1 50 7 view .LVU5
  48 000a 1BB1     		cbz	r3, .L2
  49              	.LBB4:
  51:../../Middlewares/LVGL/GUI/lvgl/src/misc/lv_tree.c ****         const lv_tree_class_t * original_class_p = node->class_p;
  50              		.loc 1 51 9 is_stmt 1 view .LVU6
  51              	.LVL1:
  52:../../Middlewares/LVGL/GUI/lvgl/src/misc/lv_tree.c **** 
  53:../../Middlewares/LVGL/GUI/lvgl/src/misc/lv_tree.c ****         node->class_p = node->class_p->base_class;
  52              		.loc 1 53 9 view .LVU7
  53              		.loc 1 53 23 is_stmt 0 view .LVU8
  54 000c 0B61     		str	r3, [r1, #16]
  54:../../Middlewares/LVGL/GUI/lvgl/src/misc/lv_tree.c **** 
  55:../../Middlewares/LVGL/GUI/lvgl/src/misc/lv_tree.c ****         _lv_tree_node_construct(class_p, node);
  55              		.loc 1 55 9 is_stmt 1 view .LVU9
  56 000e FFF7F7FF 		bl	_lv_tree_node_construct
  57              	.LVL2:
  56:../../Middlewares/LVGL/GUI/lvgl/src/misc/lv_tree.c **** 
  57:../../Middlewares/LVGL/GUI/lvgl/src/misc/lv_tree.c ****         node->class_p = original_class_p;
  58              		.loc 1 57 9 view .LVU10
ARM GAS  C:\Users\28576\AppData\Local\Temp\cct21ZCc.s 			page 3


  59              		.loc 1 57 23 is_stmt 0 view .LVU11
  60 0012 2561     		str	r5, [r4, #16]
  61              	.LVL3:
  62              	.L2:
  63              		.loc 1 57 23 view .LVU12
  64              	.LBE4:
  58:../../Middlewares/LVGL/GUI/lvgl/src/misc/lv_tree.c ****     }
  59:../../Middlewares/LVGL/GUI/lvgl/src/misc/lv_tree.c **** 
  60:../../Middlewares/LVGL/GUI/lvgl/src/misc/lv_tree.c ****     if(node->class_p->constructor_cb) node->class_p->constructor_cb(class_p, node);
  65              		.loc 1 60 5 is_stmt 1 view .LVU13
  66              		.loc 1 60 12 is_stmt 0 view .LVU14
  67 0014 2369     		ldr	r3, [r4, #16]
  68              		.loc 1 60 21 view .LVU15
  69 0016 9B68     		ldr	r3, [r3, #8]
  70              		.loc 1 60 7 view .LVU16
  71 0018 13B1     		cbz	r3, .L1
  72              		.loc 1 60 39 is_stmt 1 discriminator 1 view .LVU17
  73 001a 2146     		mov	r1, r4
  74 001c 3046     		mov	r0, r6
  75 001e 9847     		blx	r3
  76              	.LVL4:
  77              	.L1:
  61:../../Middlewares/LVGL/GUI/lvgl/src/misc/lv_tree.c **** }
  78              		.loc 1 61 1 is_stmt 0 view .LVU18
  79 0020 70BD     		pop	{r4, r5, r6, pc}
  80              		.loc 1 61 1 view .LVU19
  81              		.cfi_endproc
  82              	.LFE2:
  84              		.section	.text._lv_tree_node_destruct,"ax",%progbits
  85              		.align	1
  86              		.syntax unified
  87              		.thumb
  88              		.thumb_func
  90              	_lv_tree_node_destruct:
  91              	.LVL5:
  92              	.LFB3:
  62:../../Middlewares/LVGL/GUI/lvgl/src/misc/lv_tree.c **** 
  63:../../Middlewares/LVGL/GUI/lvgl/src/misc/lv_tree.c **** static void _lv_tree_node_destruct(lv_tree_node_t * node)
  64:../../Middlewares/LVGL/GUI/lvgl/src/misc/lv_tree.c **** {
  93              		.loc 1 64 1 is_stmt 1 view -0
  94              		.cfi_startproc
  95              		@ args = 0, pretend = 0, frame = 0
  96              		@ frame_needed = 0, uses_anonymous_args = 0
  97              		.loc 1 64 1 is_stmt 0 view .LVU21
  98 0000 10B5     		push	{r4, lr}
  99              	.LCFI1:
 100              		.cfi_def_cfa_offset 8
 101              		.cfi_offset 4, -8
 102              		.cfi_offset 14, -4
 103 0002 0446     		mov	r4, r0
  65:../../Middlewares/LVGL/GUI/lvgl/src/misc/lv_tree.c ****     if(node->class_p->destructor_cb) node->class_p->destructor_cb(node->class_p, node);
 104              		.loc 1 65 5 is_stmt 1 view .LVU22
 105              		.loc 1 65 12 is_stmt 0 view .LVU23
 106 0004 0069     		ldr	r0, [r0, #16]
 107              	.LVL6:
 108              		.loc 1 65 21 view .LVU24
 109 0006 C368     		ldr	r3, [r0, #12]
ARM GAS  C:\Users\28576\AppData\Local\Temp\cct21ZCc.s 			page 4


 110              		.loc 1 65 7 view .LVU25
 111 0008 0BB1     		cbz	r3, .L6
 112              		.loc 1 65 38 is_stmt 1 discriminator 1 view .LVU26
 113 000a 2146     		mov	r1, r4
 114 000c 9847     		blx	r3
 115              	.LVL7:
 116              	.L6:
  66:../../Middlewares/LVGL/GUI/lvgl/src/misc/lv_tree.c **** 
  67:../../Middlewares/LVGL/GUI/lvgl/src/misc/lv_tree.c ****     if(node->class_p->base_class) {
 117              		.loc 1 67 5 view .LVU27
 118              		.loc 1 67 12 is_stmt 0 view .LVU28
 119 000e 2369     		ldr	r3, [r4, #16]
 120              		.loc 1 67 21 view .LVU29
 121 0010 1B68     		ldr	r3, [r3]
 122              		.loc 1 67 7 view .LVU30
 123 0012 1BB1     		cbz	r3, .L5
  68:../../Middlewares/LVGL/GUI/lvgl/src/misc/lv_tree.c ****         node->class_p = node->class_p->base_class;
 124              		.loc 1 68 9 is_stmt 1 view .LVU31
 125              		.loc 1 68 23 is_stmt 0 view .LVU32
 126 0014 2361     		str	r3, [r4, #16]
  69:../../Middlewares/LVGL/GUI/lvgl/src/misc/lv_tree.c **** 
  70:../../Middlewares/LVGL/GUI/lvgl/src/misc/lv_tree.c ****         _lv_tree_node_destruct(node);
 127              		.loc 1 70 9 is_stmt 1 view .LVU33
 128 0016 2046     		mov	r0, r4
 129 0018 FFF7F2FF 		bl	_lv_tree_node_destruct
 130              	.LVL8:
 131              	.L5:
  71:../../Middlewares/LVGL/GUI/lvgl/src/misc/lv_tree.c ****     }
  72:../../Middlewares/LVGL/GUI/lvgl/src/misc/lv_tree.c **** }
 132              		.loc 1 72 1 is_stmt 0 view .LVU34
 133 001c 10BD     		pop	{r4, pc}
 134              		.loc 1 72 1 view .LVU35
 135              		.cfi_endproc
 136              	.LFE3:
 138              		.section	.text.get_instance_size,"ax",%progbits
 139              		.align	1
 140              		.syntax unified
 141              		.thumb
 142              		.thumb_func
 144              	get_instance_size:
 145              	.LVL9:
 146              	.LFB4:
  73:../../Middlewares/LVGL/GUI/lvgl/src/misc/lv_tree.c **** 
  74:../../Middlewares/LVGL/GUI/lvgl/src/misc/lv_tree.c **** static uint32_t get_instance_size(const lv_tree_class_t * class_p)
  75:../../Middlewares/LVGL/GUI/lvgl/src/misc/lv_tree.c **** {
 147              		.loc 1 75 1 is_stmt 1 view -0
 148              		.cfi_startproc
 149              		@ args = 0, pretend = 0, frame = 0
 150              		@ frame_needed = 0, uses_anonymous_args = 0
 151              		@ link register save eliminated.
  76:../../Middlewares/LVGL/GUI/lvgl/src/misc/lv_tree.c ****     const lv_tree_class_t * base = class_p;
 152              		.loc 1 76 5 view .LVU37
  77:../../Middlewares/LVGL/GUI/lvgl/src/misc/lv_tree.c ****     while(base && base->instance_size == 0)
 153              		.loc 1 77 5 view .LVU38
 154              		.loc 1 77 10 is_stmt 0 view .LVU39
 155 0000 00E0     		b	.L10
 156              	.LVL10:
ARM GAS  C:\Users\28576\AppData\Local\Temp\cct21ZCc.s 			page 5


 157              	.L12:
  78:../../Middlewares/LVGL/GUI/lvgl/src/misc/lv_tree.c ****         base = base->base_class;
 158              		.loc 1 78 9 is_stmt 1 view .LVU40
 159              		.loc 1 78 14 is_stmt 0 view .LVU41
 160 0002 0068     		ldr	r0, [r0]
 161              	.LVL11:
 162              	.L10:
  77:../../Middlewares/LVGL/GUI/lvgl/src/misc/lv_tree.c ****     while(base && base->instance_size == 0)
 163              		.loc 1 77 16 is_stmt 1 view .LVU42
 164 0004 10B1     		cbz	r0, .L11
  77:../../Middlewares/LVGL/GUI/lvgl/src/misc/lv_tree.c ****     while(base && base->instance_size == 0)
 165              		.loc 1 77 23 is_stmt 0 discriminator 1 view .LVU43
 166 0006 4368     		ldr	r3, [r0, #4]
  77:../../Middlewares/LVGL/GUI/lvgl/src/misc/lv_tree.c ****     while(base && base->instance_size == 0)
 167              		.loc 1 77 16 discriminator 1 view .LVU44
 168 0008 002B     		cmp	r3, #0
 169 000a FAD0     		beq	.L12
 170              	.L11:
  79:../../Middlewares/LVGL/GUI/lvgl/src/misc/lv_tree.c **** 
  80:../../Middlewares/LVGL/GUI/lvgl/src/misc/lv_tree.c ****     LV_ASSERT_NULL(base);
 171              		.loc 1 80 5 is_stmt 1 view .LVU45
 172              		.loc 1 80 5 view .LVU46
 173 000c 08B1     		cbz	r0, .L14
 174              		.loc 1 80 5 view .LVU47
 175              		.loc 1 80 25 view .LVU48
  81:../../Middlewares/LVGL/GUI/lvgl/src/misc/lv_tree.c **** 
  82:../../Middlewares/LVGL/GUI/lvgl/src/misc/lv_tree.c ****     return base->instance_size;
 176              		.loc 1 82 5 view .LVU49
  83:../../Middlewares/LVGL/GUI/lvgl/src/misc/lv_tree.c **** }
 177              		.loc 1 83 1 is_stmt 0 view .LVU50
 178 000e 4068     		ldr	r0, [r0, #4]
 179              	.LVL12:
 180              		.loc 1 83 1 view .LVU51
 181 0010 7047     		bx	lr
 182              	.LVL13:
 183              	.L14:
  80:../../Middlewares/LVGL/GUI/lvgl/src/misc/lv_tree.c **** 
 184              		.loc 1 80 5 is_stmt 1 view .LVU52
  80:../../Middlewares/LVGL/GUI/lvgl/src/misc/lv_tree.c **** 
 185              		.loc 1 80 5 view .LVU53
  80:../../Middlewares/LVGL/GUI/lvgl/src/misc/lv_tree.c **** 
 186              		.loc 1 80 5 view .LVU54
  80:../../Middlewares/LVGL/GUI/lvgl/src/misc/lv_tree.c **** 
 187              		.loc 1 80 5 view .LVU55
  80:../../Middlewares/LVGL/GUI/lvgl/src/misc/lv_tree.c **** 
 188              		.loc 1 80 5 view .LVU56
 189 0012 FEE7     		b	.L14
 190              		.cfi_endproc
 191              	.LFE4:
 193              		.section	.text._lv_tree_class_create_node,"ax",%progbits
 194              		.align	1
 195              		.syntax unified
 196              		.thumb
 197              		.thumb_func
 199              	_lv_tree_class_create_node:
 200              	.LVL14:
 201              	.LFB5:
ARM GAS  C:\Users\28576\AppData\Local\Temp\cct21ZCc.s 			page 6


  84:../../Middlewares/LVGL/GUI/lvgl/src/misc/lv_tree.c **** 
  85:../../Middlewares/LVGL/GUI/lvgl/src/misc/lv_tree.c **** static lv_tree_node_t * _lv_tree_class_create_node(const lv_tree_class_t * class_p, lv_tree_node_t 
  86:../../Middlewares/LVGL/GUI/lvgl/src/misc/lv_tree.c **** {
 202              		.loc 1 86 1 view -0
 203              		.cfi_startproc
 204              		@ args = 0, pretend = 0, frame = 0
 205              		@ frame_needed = 0, uses_anonymous_args = 0
 206              		.loc 1 86 1 is_stmt 0 view .LVU58
 207 0000 F8B5     		push	{r3, r4, r5, r6, r7, lr}
 208              	.LCFI2:
 209              		.cfi_def_cfa_offset 24
 210              		.cfi_offset 3, -24
 211              		.cfi_offset 4, -20
 212              		.cfi_offset 5, -16
 213              		.cfi_offset 6, -12
 214              		.cfi_offset 7, -8
 215              		.cfi_offset 14, -4
 216 0002 0746     		mov	r7, r0
 217 0004 0C46     		mov	r4, r1
  87:../../Middlewares/LVGL/GUI/lvgl/src/misc/lv_tree.c ****     uint32_t s = get_instance_size(class_p);
 218              		.loc 1 87 5 is_stmt 1 view .LVU59
 219              		.loc 1 87 18 is_stmt 0 view .LVU60
 220 0006 FFF7FEFF 		bl	get_instance_size
 221              	.LVL15:
 222              		.loc 1 87 18 view .LVU61
 223 000a 0646     		mov	r6, r0
 224              	.LVL16:
  88:../../Middlewares/LVGL/GUI/lvgl/src/misc/lv_tree.c ****     lv_tree_node_t * node = lv_malloc(s);
 225              		.loc 1 88 5 is_stmt 1 view .LVU62
 226              		.loc 1 88 29 is_stmt 0 view .LVU63
 227 000c FFF7FEFF 		bl	lv_malloc
 228              	.LVL17:
  89:../../Middlewares/LVGL/GUI/lvgl/src/misc/lv_tree.c ****     if(node == NULL) return NULL;
 229              		.loc 1 89 5 is_stmt 1 view .LVU64
 230              		.loc 1 89 7 is_stmt 0 view .LVU65
 231 0010 0546     		mov	r5, r0
 232 0012 C8B1     		cbz	r0, .L15
  90:../../Middlewares/LVGL/GUI/lvgl/src/misc/lv_tree.c ****     lv_memzero(node, s);
 233              		.loc 1 90 5 is_stmt 1 view .LVU66
 234              	.LVL18:
 235              	.LBB5:
 236              	.LBI5:
 237              		.file 2 "../../Middlewares/LVGL/GUI/lvgl/src/misc/../stdlib/lv_string.h"
   1:../../Middlewares/LVGL/GUI/lvgl/src/misc/../stdlib/lv_string.h **** /**
   2:../../Middlewares/LVGL/GUI/lvgl/src/misc/../stdlib/lv_string.h ****  * @file lv_string.h
   3:../../Middlewares/LVGL/GUI/lvgl/src/misc/../stdlib/lv_string.h ****  *
   4:../../Middlewares/LVGL/GUI/lvgl/src/misc/../stdlib/lv_string.h ****  */
   5:../../Middlewares/LVGL/GUI/lvgl/src/misc/../stdlib/lv_string.h **** 
   6:../../Middlewares/LVGL/GUI/lvgl/src/misc/../stdlib/lv_string.h **** #ifndef LV_STRING_H
   7:../../Middlewares/LVGL/GUI/lvgl/src/misc/../stdlib/lv_string.h **** #define LV_STRING_H
   8:../../Middlewares/LVGL/GUI/lvgl/src/misc/../stdlib/lv_string.h **** 
   9:../../Middlewares/LVGL/GUI/lvgl/src/misc/../stdlib/lv_string.h **** #ifdef __cplusplus
  10:../../Middlewares/LVGL/GUI/lvgl/src/misc/../stdlib/lv_string.h **** extern "C" {
  11:../../Middlewares/LVGL/GUI/lvgl/src/misc/../stdlib/lv_string.h **** #endif
  12:../../Middlewares/LVGL/GUI/lvgl/src/misc/../stdlib/lv_string.h **** 
  13:../../Middlewares/LVGL/GUI/lvgl/src/misc/../stdlib/lv_string.h **** /*********************
  14:../../Middlewares/LVGL/GUI/lvgl/src/misc/../stdlib/lv_string.h ****  *      INCLUDES
ARM GAS  C:\Users\28576\AppData\Local\Temp\cct21ZCc.s 			page 7


  15:../../Middlewares/LVGL/GUI/lvgl/src/misc/../stdlib/lv_string.h ****  *********************/
  16:../../Middlewares/LVGL/GUI/lvgl/src/misc/../stdlib/lv_string.h **** #include "../lv_conf_internal.h"
  17:../../Middlewares/LVGL/GUI/lvgl/src/misc/../stdlib/lv_string.h **** #include "../misc/lv_types.h"
  18:../../Middlewares/LVGL/GUI/lvgl/src/misc/../stdlib/lv_string.h **** 
  19:../../Middlewares/LVGL/GUI/lvgl/src/misc/../stdlib/lv_string.h **** /*********************
  20:../../Middlewares/LVGL/GUI/lvgl/src/misc/../stdlib/lv_string.h ****  *      DEFINES
  21:../../Middlewares/LVGL/GUI/lvgl/src/misc/../stdlib/lv_string.h ****  *********************/
  22:../../Middlewares/LVGL/GUI/lvgl/src/misc/../stdlib/lv_string.h **** 
  23:../../Middlewares/LVGL/GUI/lvgl/src/misc/../stdlib/lv_string.h **** /**********************
  24:../../Middlewares/LVGL/GUI/lvgl/src/misc/../stdlib/lv_string.h ****  *      TYPEDEFS
  25:../../Middlewares/LVGL/GUI/lvgl/src/misc/../stdlib/lv_string.h ****  **********************/
  26:../../Middlewares/LVGL/GUI/lvgl/src/misc/../stdlib/lv_string.h **** 
  27:../../Middlewares/LVGL/GUI/lvgl/src/misc/../stdlib/lv_string.h **** /**********************
  28:../../Middlewares/LVGL/GUI/lvgl/src/misc/../stdlib/lv_string.h ****  * GLOBAL PROTOTYPES
  29:../../Middlewares/LVGL/GUI/lvgl/src/misc/../stdlib/lv_string.h ****  **********************/
  30:../../Middlewares/LVGL/GUI/lvgl/src/misc/../stdlib/lv_string.h **** 
  31:../../Middlewares/LVGL/GUI/lvgl/src/misc/../stdlib/lv_string.h **** /**
  32:../../Middlewares/LVGL/GUI/lvgl/src/misc/../stdlib/lv_string.h ****  * @brief Copies a block of memory from a source address to a destination address.
  33:../../Middlewares/LVGL/GUI/lvgl/src/misc/../stdlib/lv_string.h ****  * @param dst Pointer to the destination array where the content is to be copied.
  34:../../Middlewares/LVGL/GUI/lvgl/src/misc/../stdlib/lv_string.h ****  * @param src Pointer to the source of data to be copied.
  35:../../Middlewares/LVGL/GUI/lvgl/src/misc/../stdlib/lv_string.h ****  * @param len Number of bytes to copy.
  36:../../Middlewares/LVGL/GUI/lvgl/src/misc/../stdlib/lv_string.h ****  * @return Pointer to the destination array.
  37:../../Middlewares/LVGL/GUI/lvgl/src/misc/../stdlib/lv_string.h ****  * @note The function does not check for any overlapping of the source and destination memory block
  38:../../Middlewares/LVGL/GUI/lvgl/src/misc/../stdlib/lv_string.h ****  */
  39:../../Middlewares/LVGL/GUI/lvgl/src/misc/../stdlib/lv_string.h **** void * lv_memcpy(void * dst, const void * src, size_t len);
  40:../../Middlewares/LVGL/GUI/lvgl/src/misc/../stdlib/lv_string.h **** 
  41:../../Middlewares/LVGL/GUI/lvgl/src/misc/../stdlib/lv_string.h **** /**
  42:../../Middlewares/LVGL/GUI/lvgl/src/misc/../stdlib/lv_string.h ****  * @brief Fills a block of memory with a specified value.
  43:../../Middlewares/LVGL/GUI/lvgl/src/misc/../stdlib/lv_string.h ****  * @param dst Pointer to the destination array to fill with the specified value.
  44:../../Middlewares/LVGL/GUI/lvgl/src/misc/../stdlib/lv_string.h ****  * @param v Value to be set. The value is passed as an int, but the function fills
  45:../../Middlewares/LVGL/GUI/lvgl/src/misc/../stdlib/lv_string.h ****  *          the block of memory using the unsigned char conversion of this value.
  46:../../Middlewares/LVGL/GUI/lvgl/src/misc/../stdlib/lv_string.h ****  * @param len Number of bytes to be set to the value.
  47:../../Middlewares/LVGL/GUI/lvgl/src/misc/../stdlib/lv_string.h ****  */
  48:../../Middlewares/LVGL/GUI/lvgl/src/misc/../stdlib/lv_string.h **** void lv_memset(void * dst, uint8_t v, size_t len);
  49:../../Middlewares/LVGL/GUI/lvgl/src/misc/../stdlib/lv_string.h **** 
  50:../../Middlewares/LVGL/GUI/lvgl/src/misc/../stdlib/lv_string.h **** /**
  51:../../Middlewares/LVGL/GUI/lvgl/src/misc/../stdlib/lv_string.h ****  * @brief Move a block of memory from source to destination
  52:../../Middlewares/LVGL/GUI/lvgl/src/misc/../stdlib/lv_string.h ****  * @param dst Pointer to the destination array where the content is to be copied.
  53:../../Middlewares/LVGL/GUI/lvgl/src/misc/../stdlib/lv_string.h ****  * @param src Pointer to the source of data to be copied.
  54:../../Middlewares/LVGL/GUI/lvgl/src/misc/../stdlib/lv_string.h ****  * @param len Number of bytes to copy
  55:../../Middlewares/LVGL/GUI/lvgl/src/misc/../stdlib/lv_string.h ****  * @return Pointer to the destination array.
  56:../../Middlewares/LVGL/GUI/lvgl/src/misc/../stdlib/lv_string.h ****  */
  57:../../Middlewares/LVGL/GUI/lvgl/src/misc/../stdlib/lv_string.h **** void * lv_memmove(void * dst, const void * src, size_t len);
  58:../../Middlewares/LVGL/GUI/lvgl/src/misc/../stdlib/lv_string.h **** 
  59:../../Middlewares/LVGL/GUI/lvgl/src/misc/../stdlib/lv_string.h **** /**
  60:../../Middlewares/LVGL/GUI/lvgl/src/misc/../stdlib/lv_string.h ****  * @brief This function will compare two memory blocks
  61:../../Middlewares/LVGL/GUI/lvgl/src/misc/../stdlib/lv_string.h ****  * @param p1 Pointer to the first memory block
  62:../../Middlewares/LVGL/GUI/lvgl/src/misc/../stdlib/lv_string.h ****  * @param p2 Pointer to the second memory block
  63:../../Middlewares/LVGL/GUI/lvgl/src/misc/../stdlib/lv_string.h ****  * @param len Number of bytes to compare
  64:../../Middlewares/LVGL/GUI/lvgl/src/misc/../stdlib/lv_string.h ****  * @return The difference between the value of the first unmatching byte.
  65:../../Middlewares/LVGL/GUI/lvgl/src/misc/../stdlib/lv_string.h ****  */
  66:../../Middlewares/LVGL/GUI/lvgl/src/misc/../stdlib/lv_string.h **** int lv_memcmp(const void * p1, const void * p2, size_t len);
  67:../../Middlewares/LVGL/GUI/lvgl/src/misc/../stdlib/lv_string.h **** 
  68:../../Middlewares/LVGL/GUI/lvgl/src/misc/../stdlib/lv_string.h **** /**
  69:../../Middlewares/LVGL/GUI/lvgl/src/misc/../stdlib/lv_string.h ****  * Same as `memset(dst, 0x00, len)`.
  70:../../Middlewares/LVGL/GUI/lvgl/src/misc/../stdlib/lv_string.h ****  * @param dst pointer to the destination buffer
  71:../../Middlewares/LVGL/GUI/lvgl/src/misc/../stdlib/lv_string.h ****  * @param len number of byte to set
ARM GAS  C:\Users\28576\AppData\Local\Temp\cct21ZCc.s 			page 8


  72:../../Middlewares/LVGL/GUI/lvgl/src/misc/../stdlib/lv_string.h ****  */
  73:../../Middlewares/LVGL/GUI/lvgl/src/misc/../stdlib/lv_string.h **** static inline void lv_memzero(void * dst, size_t len)
 238              		.loc 2 73 20 view .LVU67
 239              	.LBB6:
  74:../../Middlewares/LVGL/GUI/lvgl/src/misc/../stdlib/lv_string.h **** {
  75:../../Middlewares/LVGL/GUI/lvgl/src/misc/../stdlib/lv_string.h ****     lv_memset(dst, 0x00, len);
 240              		.loc 2 75 5 view .LVU68
 241 0014 3246     		mov	r2, r6
 242 0016 0021     		movs	r1, #0
 243 0018 FFF7FEFF 		bl	lv_memset
 244              	.LVL19:
 245              		.loc 2 75 5 is_stmt 0 view .LVU69
 246              	.LBE6:
 247              	.LBE5:
  91:../../Middlewares/LVGL/GUI/lvgl/src/misc/lv_tree.c ****     node->class_p = class_p;
 248              		.loc 1 91 5 is_stmt 1 view .LVU70
 249              		.loc 1 91 19 is_stmt 0 view .LVU71
 250 001c 2F61     		str	r7, [r5, #16]
  92:../../Middlewares/LVGL/GUI/lvgl/src/misc/lv_tree.c ****     node->parent = parent;
 251              		.loc 1 92 5 is_stmt 1 view .LVU72
 252              		.loc 1 92 18 is_stmt 0 view .LVU73
 253 001e 2C60     		str	r4, [r5]
  93:../../Middlewares/LVGL/GUI/lvgl/src/misc/lv_tree.c ****     node->child_cap = INIT_CHILDREN_CAP;
 254              		.loc 1 93 5 is_stmt 1 view .LVU74
 255              		.loc 1 93 21 is_stmt 0 view .LVU75
 256 0020 0423     		movs	r3, #4
 257 0022 EB60     		str	r3, [r5, #12]
  94:../../Middlewares/LVGL/GUI/lvgl/src/misc/lv_tree.c ****     node->children = lv_malloc(sizeof(lv_tree_node_t *) * node->child_cap);
 258              		.loc 1 94 5 is_stmt 1 view .LVU76
 259              		.loc 1 94 22 is_stmt 0 view .LVU77
 260 0024 1020     		movs	r0, #16
 261 0026 FFF7FEFF 		bl	lv_malloc
 262              	.LVL20:
 263              		.loc 1 94 20 discriminator 1 view .LVU78
 264 002a 6860     		str	r0, [r5, #4]
  95:../../Middlewares/LVGL/GUI/lvgl/src/misc/lv_tree.c ****     if(parent != NULL) {
 265              		.loc 1 95 5 is_stmt 1 view .LVU79
 266              		.loc 1 95 7 is_stmt 0 view .LVU80
 267 002c 64B1     		cbz	r4, .L15
  96:../../Middlewares/LVGL/GUI/lvgl/src/misc/lv_tree.c ****         parent->child_cnt++;
 268              		.loc 1 96 9 is_stmt 1 view .LVU81
 269              		.loc 1 96 15 is_stmt 0 view .LVU82
 270 002e A368     		ldr	r3, [r4, #8]
 271              		.loc 1 96 26 view .LVU83
 272 0030 0133     		adds	r3, r3, #1
 273 0032 A360     		str	r3, [r4, #8]
  97:../../Middlewares/LVGL/GUI/lvgl/src/misc/lv_tree.c ****         if(parent->child_cnt == parent->child_cap) {
 274              		.loc 1 97 9 is_stmt 1 view .LVU84
 275              		.loc 1 97 39 is_stmt 0 view .LVU85
 276 0034 E168     		ldr	r1, [r4, #12]
 277              		.loc 1 97 11 view .LVU86
 278 0036 8B42     		cmp	r3, r1
 279 0038 08D0     		beq	.L19
 280              	.L17:
  98:../../Middlewares/LVGL/GUI/lvgl/src/misc/lv_tree.c ****             parent->child_cap <<= 1;
  99:../../Middlewares/LVGL/GUI/lvgl/src/misc/lv_tree.c ****             parent->children = lv_realloc(parent->children, sizeof(lv_tree_node_t *) * parent->chil
 100:../../Middlewares/LVGL/GUI/lvgl/src/misc/lv_tree.c ****         }
ARM GAS  C:\Users\28576\AppData\Local\Temp\cct21ZCc.s 			page 9


 101:../../Middlewares/LVGL/GUI/lvgl/src/misc/lv_tree.c ****         parent->children[parent->child_cnt - 1] = node;
 281              		.loc 1 101 9 is_stmt 1 view .LVU87
 282              		.loc 1 101 15 is_stmt 0 view .LVU88
 283 003a 6268     		ldr	r2, [r4, #4]
 284              		.loc 1 101 32 view .LVU89
 285 003c A168     		ldr	r1, [r4, #8]
 286              		.loc 1 101 44 view .LVU90
 287 003e 6FF04043 		mvn	r3, #-1073741824
 288 0042 0B44     		add	r3, r3, r1
 289              		.loc 1 101 49 view .LVU91
 290 0044 42F82350 		str	r5, [r2, r3, lsl #2]
 291              	.L15:
 102:../../Middlewares/LVGL/GUI/lvgl/src/misc/lv_tree.c ****     }
 103:../../Middlewares/LVGL/GUI/lvgl/src/misc/lv_tree.c ****     return node;
 104:../../Middlewares/LVGL/GUI/lvgl/src/misc/lv_tree.c **** }
 292              		.loc 1 104 1 view .LVU92
 293 0048 2846     		mov	r0, r5
 294 004a F8BD     		pop	{r3, r4, r5, r6, r7, pc}
 295              	.LVL21:
 296              	.L19:
  98:../../Middlewares/LVGL/GUI/lvgl/src/misc/lv_tree.c ****             parent->child_cap <<= 1;
 297              		.loc 1 98 13 is_stmt 1 view .LVU93
  98:../../Middlewares/LVGL/GUI/lvgl/src/misc/lv_tree.c ****             parent->child_cap <<= 1;
 298              		.loc 1 98 31 is_stmt 0 view .LVU94
 299 004c 4B00     		lsls	r3, r1, #1
 300 004e E360     		str	r3, [r4, #12]
  99:../../Middlewares/LVGL/GUI/lvgl/src/misc/lv_tree.c ****         }
 301              		.loc 1 99 13 is_stmt 1 view .LVU95
  99:../../Middlewares/LVGL/GUI/lvgl/src/misc/lv_tree.c ****         }
 302              		.loc 1 99 32 is_stmt 0 view .LVU96
 303 0050 C900     		lsls	r1, r1, #3
 304 0052 6068     		ldr	r0, [r4, #4]
 305 0054 FFF7FEFF 		bl	lv_realloc
 306              	.LVL22:
  99:../../Middlewares/LVGL/GUI/lvgl/src/misc/lv_tree.c ****         }
 307              		.loc 1 99 30 discriminator 1 view .LVU97
 308 0058 6060     		str	r0, [r4, #4]
 309 005a EEE7     		b	.L17
 310              		.cfi_endproc
 311              	.LFE5:
 313              		.section	.text._lv_tree_node_destructor_cb,"ax",%progbits
 314              		.align	1
 315              		.syntax unified
 316              		.thumb
 317              		.thumb_func
 319              	_lv_tree_node_destructor_cb:
 320              	.LVL23:
 321              	.LFB7:
 105:../../Middlewares/LVGL/GUI/lvgl/src/misc/lv_tree.c **** 
 106:../../Middlewares/LVGL/GUI/lvgl/src/misc/lv_tree.c **** lv_tree_node_t * lv_tree_node_create(const lv_tree_class_t * class_p, lv_tree_node_t * parent)
 107:../../Middlewares/LVGL/GUI/lvgl/src/misc/lv_tree.c **** {
 108:../../Middlewares/LVGL/GUI/lvgl/src/misc/lv_tree.c ****     LV_ASSERT_NULL(class_p);
 109:../../Middlewares/LVGL/GUI/lvgl/src/misc/lv_tree.c ****     lv_tree_node_t * node = _lv_tree_class_create_node(class_p, parent);
 110:../../Middlewares/LVGL/GUI/lvgl/src/misc/lv_tree.c ****     LV_ASSERT_NULL(node);
 111:../../Middlewares/LVGL/GUI/lvgl/src/misc/lv_tree.c ****     _lv_tree_node_construct(node->class_p, node);
 112:../../Middlewares/LVGL/GUI/lvgl/src/misc/lv_tree.c ****     return node;
 113:../../Middlewares/LVGL/GUI/lvgl/src/misc/lv_tree.c **** }
ARM GAS  C:\Users\28576\AppData\Local\Temp\cct21ZCc.s 			page 10


 114:../../Middlewares/LVGL/GUI/lvgl/src/misc/lv_tree.c **** 
 115:../../Middlewares/LVGL/GUI/lvgl/src/misc/lv_tree.c **** static bool _lv_tree_node_destructor_cb(const lv_tree_node_t * n, void * user_data)
 116:../../Middlewares/LVGL/GUI/lvgl/src/misc/lv_tree.c **** {
 322              		.loc 1 116 1 is_stmt 1 view -0
 323              		.cfi_startproc
 324              		@ args = 0, pretend = 0, frame = 0
 325              		@ frame_needed = 0, uses_anonymous_args = 0
 117:../../Middlewares/LVGL/GUI/lvgl/src/misc/lv_tree.c ****     LV_UNUSED(user_data);
 326              		.loc 1 117 5 view .LVU99
 118:../../Middlewares/LVGL/GUI/lvgl/src/misc/lv_tree.c ****     if(n) {
 327              		.loc 1 118 5 view .LVU100
 328              		.loc 1 118 7 is_stmt 0 view .LVU101
 329 0000 58B1     		cbz	r0, .L23
 116:../../Middlewares/LVGL/GUI/lvgl/src/misc/lv_tree.c ****     LV_UNUSED(user_data);
 330              		.loc 1 116 1 view .LVU102
 331 0002 10B5     		push	{r4, lr}
 332              	.LCFI3:
 333              		.cfi_def_cfa_offset 8
 334              		.cfi_offset 4, -8
 335              		.cfi_offset 14, -4
 336 0004 0446     		mov	r4, r0
 337              	.LBB7:
 119:../../Middlewares/LVGL/GUI/lvgl/src/misc/lv_tree.c ****         lv_tree_node_t * node = (lv_tree_node_t *)n;
 338              		.loc 1 119 9 is_stmt 1 view .LVU103
 339              	.LVL24:
 120:../../Middlewares/LVGL/GUI/lvgl/src/misc/lv_tree.c ****         _lv_tree_node_destruct(node);
 340              		.loc 1 120 9 view .LVU104
 341 0006 FFF7FEFF 		bl	_lv_tree_node_destruct
 342              	.LVL25:
 121:../../Middlewares/LVGL/GUI/lvgl/src/misc/lv_tree.c ****         lv_free(node->children);
 343              		.loc 1 121 9 view .LVU105
 344 000a 6068     		ldr	r0, [r4, #4]
 345 000c FFF7FEFF 		bl	lv_free
 346              	.LVL26:
 122:../../Middlewares/LVGL/GUI/lvgl/src/misc/lv_tree.c ****         lv_free(node);
 347              		.loc 1 122 9 view .LVU106
 348 0010 2046     		mov	r0, r4
 349 0012 FFF7FEFF 		bl	lv_free
 350              	.LVL27:
 351              	.LBE7:
 123:../../Middlewares/LVGL/GUI/lvgl/src/misc/lv_tree.c ****     }
 124:../../Middlewares/LVGL/GUI/lvgl/src/misc/lv_tree.c ****     return true;
 352              		.loc 1 124 5 view .LVU107
 125:../../Middlewares/LVGL/GUI/lvgl/src/misc/lv_tree.c **** }
 353              		.loc 1 125 1 is_stmt 0 view .LVU108
 354 0016 0120     		movs	r0, #1
 355 0018 10BD     		pop	{r4, pc}
 356              	.LVL28:
 357              	.L23:
 358              	.LCFI4:
 359              		.cfi_def_cfa_offset 0
 360              		.cfi_restore 4
 361              		.cfi_restore 14
 124:../../Middlewares/LVGL/GUI/lvgl/src/misc/lv_tree.c **** }
 362              		.loc 1 124 5 is_stmt 1 view .LVU109
 363              		.loc 1 125 1 is_stmt 0 view .LVU110
 364 001a 0120     		movs	r0, #1
ARM GAS  C:\Users\28576\AppData\Local\Temp\cct21ZCc.s 			page 11


 365              	.LVL29:
 366              		.loc 1 125 1 view .LVU111
 367 001c 7047     		bx	lr
 368              		.cfi_endproc
 369              	.LFE7:
 371              		.section	.text.lv_tree_node_create,"ax",%progbits
 372              		.align	1
 373              		.global	lv_tree_node_create
 374              		.syntax unified
 375              		.thumb
 376              		.thumb_func
 378              	lv_tree_node_create:
 379              	.LVL30:
 380              	.LFB6:
 107:../../Middlewares/LVGL/GUI/lvgl/src/misc/lv_tree.c ****     LV_ASSERT_NULL(class_p);
 381              		.loc 1 107 1 is_stmt 1 view -0
 382              		.cfi_startproc
 383              		@ args = 0, pretend = 0, frame = 0
 384              		@ frame_needed = 0, uses_anonymous_args = 0
 108:../../Middlewares/LVGL/GUI/lvgl/src/misc/lv_tree.c ****     lv_tree_node_t * node = _lv_tree_class_create_node(class_p, parent);
 385              		.loc 1 108 5 view .LVU113
 108:../../Middlewares/LVGL/GUI/lvgl/src/misc/lv_tree.c ****     lv_tree_node_t * node = _lv_tree_class_create_node(class_p, parent);
 386              		.loc 1 108 5 view .LVU114
 387 0000 50B1     		cbz	r0, .L28
 107:../../Middlewares/LVGL/GUI/lvgl/src/misc/lv_tree.c ****     LV_ASSERT_NULL(class_p);
 388              		.loc 1 107 1 is_stmt 0 view .LVU115
 389 0002 10B5     		push	{r4, lr}
 390              	.LCFI5:
 391              		.cfi_def_cfa_offset 8
 392              		.cfi_offset 4, -8
 393              		.cfi_offset 14, -4
 108:../../Middlewares/LVGL/GUI/lvgl/src/misc/lv_tree.c ****     lv_tree_node_t * node = _lv_tree_class_create_node(class_p, parent);
 394              		.loc 1 108 5 is_stmt 1 view .LVU116
 108:../../Middlewares/LVGL/GUI/lvgl/src/misc/lv_tree.c ****     lv_tree_node_t * node = _lv_tree_class_create_node(class_p, parent);
 395              		.loc 1 108 28 view .LVU117
 109:../../Middlewares/LVGL/GUI/lvgl/src/misc/lv_tree.c ****     LV_ASSERT_NULL(node);
 396              		.loc 1 109 5 view .LVU118
 109:../../Middlewares/LVGL/GUI/lvgl/src/misc/lv_tree.c ****     LV_ASSERT_NULL(node);
 397              		.loc 1 109 29 is_stmt 0 view .LVU119
 398 0004 FFF7FEFF 		bl	_lv_tree_class_create_node
 399              	.LVL31:
 110:../../Middlewares/LVGL/GUI/lvgl/src/misc/lv_tree.c ****     _lv_tree_node_construct(node->class_p, node);
 400              		.loc 1 110 5 is_stmt 1 view .LVU120
 110:../../Middlewares/LVGL/GUI/lvgl/src/misc/lv_tree.c ****     _lv_tree_node_construct(node->class_p, node);
 401              		.loc 1 110 5 view .LVU121
 402 0008 38B1     		cbz	r0, .L30
 110:../../Middlewares/LVGL/GUI/lvgl/src/misc/lv_tree.c ****     _lv_tree_node_construct(node->class_p, node);
 403              		.loc 1 110 5 view .LVU122
 110:../../Middlewares/LVGL/GUI/lvgl/src/misc/lv_tree.c ****     _lv_tree_node_construct(node->class_p, node);
 404              		.loc 1 110 25 view .LVU123
 111:../../Middlewares/LVGL/GUI/lvgl/src/misc/lv_tree.c ****     return node;
 405              		.loc 1 111 5 view .LVU124
 406 000a 0446     		mov	r4, r0
 407 000c 0146     		mov	r1, r0
 408 000e 0069     		ldr	r0, [r0, #16]
 409              	.LVL32:
 111:../../Middlewares/LVGL/GUI/lvgl/src/misc/lv_tree.c ****     return node;
ARM GAS  C:\Users\28576\AppData\Local\Temp\cct21ZCc.s 			page 12


 410              		.loc 1 111 5 is_stmt 0 view .LVU125
 411 0010 FFF7FEFF 		bl	_lv_tree_node_construct
 412              	.LVL33:
 112:../../Middlewares/LVGL/GUI/lvgl/src/misc/lv_tree.c **** }
 413              		.loc 1 112 5 is_stmt 1 view .LVU126
 113:../../Middlewares/LVGL/GUI/lvgl/src/misc/lv_tree.c **** 
 414              		.loc 1 113 1 is_stmt 0 view .LVU127
 415 0014 2046     		mov	r0, r4
 416 0016 10BD     		pop	{r4, pc}
 417              	.LVL34:
 418              	.L28:
 419              	.LCFI6:
 420              		.cfi_def_cfa_offset 0
 421              		.cfi_restore 4
 422              		.cfi_restore 14
 108:../../Middlewares/LVGL/GUI/lvgl/src/misc/lv_tree.c ****     lv_tree_node_t * node = _lv_tree_class_create_node(class_p, parent);
 423              		.loc 1 108 5 is_stmt 1 view .LVU128
 108:../../Middlewares/LVGL/GUI/lvgl/src/misc/lv_tree.c ****     lv_tree_node_t * node = _lv_tree_class_create_node(class_p, parent);
 424              		.loc 1 108 5 view .LVU129
 108:../../Middlewares/LVGL/GUI/lvgl/src/misc/lv_tree.c ****     lv_tree_node_t * node = _lv_tree_class_create_node(class_p, parent);
 425              		.loc 1 108 5 view .LVU130
 108:../../Middlewares/LVGL/GUI/lvgl/src/misc/lv_tree.c ****     lv_tree_node_t * node = _lv_tree_class_create_node(class_p, parent);
 426              		.loc 1 108 5 view .LVU131
 108:../../Middlewares/LVGL/GUI/lvgl/src/misc/lv_tree.c ****     lv_tree_node_t * node = _lv_tree_class_create_node(class_p, parent);
 427              		.loc 1 108 5 view .LVU132
 428 0018 FEE7     		b	.L28
 429              	.LVL35:
 430              	.L30:
 431              	.LCFI7:
 432              		.cfi_def_cfa_offset 8
 433              		.cfi_offset 4, -8
 434              		.cfi_offset 14, -4
 110:../../Middlewares/LVGL/GUI/lvgl/src/misc/lv_tree.c ****     _lv_tree_node_construct(node->class_p, node);
 435              		.loc 1 110 5 view .LVU133
 110:../../Middlewares/LVGL/GUI/lvgl/src/misc/lv_tree.c ****     _lv_tree_node_construct(node->class_p, node);
 436              		.loc 1 110 5 view .LVU134
 110:../../Middlewares/LVGL/GUI/lvgl/src/misc/lv_tree.c ****     _lv_tree_node_construct(node->class_p, node);
 437              		.loc 1 110 5 view .LVU135
 110:../../Middlewares/LVGL/GUI/lvgl/src/misc/lv_tree.c ****     _lv_tree_node_construct(node->class_p, node);
 438              		.loc 1 110 5 view .LVU136
 110:../../Middlewares/LVGL/GUI/lvgl/src/misc/lv_tree.c ****     _lv_tree_node_construct(node->class_p, node);
 439              		.loc 1 110 5 view .LVU137
 440 001a FEE7     		b	.L30
 441              		.cfi_endproc
 442              	.LFE6:
 444              		.section	.text.lv_tree_walk,"ax",%progbits
 445              		.align	1
 446              		.global	lv_tree_walk
 447              		.syntax unified
 448              		.thumb
 449              		.thumb_func
 451              	lv_tree_walk:
 452              	.LVL36:
 453              	.LFB9:
 126:../../Middlewares/LVGL/GUI/lvgl/src/misc/lv_tree.c **** 
 127:../../Middlewares/LVGL/GUI/lvgl/src/misc/lv_tree.c **** void lv_tree_node_delete(lv_tree_node_t * node)
 128:../../Middlewares/LVGL/GUI/lvgl/src/misc/lv_tree.c **** {
ARM GAS  C:\Users\28576\AppData\Local\Temp\cct21ZCc.s 			page 13


 129:../../Middlewares/LVGL/GUI/lvgl/src/misc/lv_tree.c ****     if(node) {
 130:../../Middlewares/LVGL/GUI/lvgl/src/misc/lv_tree.c ****         if(node->parent) {
 131:../../Middlewares/LVGL/GUI/lvgl/src/misc/lv_tree.c ****             /* Remove from parent */
 132:../../Middlewares/LVGL/GUI/lvgl/src/misc/lv_tree.c ****             lv_tree_node_t * parent = node->parent;
 133:../../Middlewares/LVGL/GUI/lvgl/src/misc/lv_tree.c ****             for(uint32_t i = 0; i < parent->child_cnt; i++) {
 134:../../Middlewares/LVGL/GUI/lvgl/src/misc/lv_tree.c ****                 if(parent->children[i] == node) {
 135:../../Middlewares/LVGL/GUI/lvgl/src/misc/lv_tree.c ****                     parent->children[i] = NULL;
 136:../../Middlewares/LVGL/GUI/lvgl/src/misc/lv_tree.c ****                 }
 137:../../Middlewares/LVGL/GUI/lvgl/src/misc/lv_tree.c ****             }
 138:../../Middlewares/LVGL/GUI/lvgl/src/misc/lv_tree.c ****         }
 139:../../Middlewares/LVGL/GUI/lvgl/src/misc/lv_tree.c ****         lv_tree_walk(node, LV_TREE_WALK_POST_ORDER, _lv_tree_node_destructor_cb, NULL, NULL, NULL);
 140:../../Middlewares/LVGL/GUI/lvgl/src/misc/lv_tree.c ****     }
 141:../../Middlewares/LVGL/GUI/lvgl/src/misc/lv_tree.c **** }
 142:../../Middlewares/LVGL/GUI/lvgl/src/misc/lv_tree.c **** 
 143:../../Middlewares/LVGL/GUI/lvgl/src/misc/lv_tree.c **** bool lv_tree_walk(const lv_tree_node_t * node,
 144:../../Middlewares/LVGL/GUI/lvgl/src/misc/lv_tree.c ****                   lv_tree_walk_mode_t mode,
 145:../../Middlewares/LVGL/GUI/lvgl/src/misc/lv_tree.c ****                   lv_tree_traverse_cb_t cb,
 146:../../Middlewares/LVGL/GUI/lvgl/src/misc/lv_tree.c ****                   lv_tree_before_cb_t bcb,
 147:../../Middlewares/LVGL/GUI/lvgl/src/misc/lv_tree.c ****                   lv_tree_after_cb_t acb,
 148:../../Middlewares/LVGL/GUI/lvgl/src/misc/lv_tree.c ****                   void * user_data)
 149:../../Middlewares/LVGL/GUI/lvgl/src/misc/lv_tree.c **** {
 454              		.loc 1 149 1 view -0
 455              		.cfi_startproc
 456              		@ args = 8, pretend = 0, frame = 0
 457              		@ frame_needed = 0, uses_anonymous_args = 0
 458              		.loc 1 149 1 is_stmt 0 view .LVU139
 459 0000 2DE9F043 		push	{r4, r5, r6, r7, r8, r9, lr}
 460              	.LCFI8:
 461              		.cfi_def_cfa_offset 28
 462              		.cfi_offset 4, -28
 463              		.cfi_offset 5, -24
 464              		.cfi_offset 6, -20
 465              		.cfi_offset 7, -16
 466              		.cfi_offset 8, -12
 467              		.cfi_offset 9, -8
 468              		.cfi_offset 14, -4
 469 0004 83B0     		sub	sp, sp, #12
 470              	.LCFI9:
 471              		.cfi_def_cfa_offset 40
 150:../../Middlewares/LVGL/GUI/lvgl/src/misc/lv_tree.c ****     if(node && cb) {
 472              		.loc 1 150 5 is_stmt 1 view .LVU140
 473              		.loc 1 150 7 is_stmt 0 view .LVU141
 474 0006 0028     		cmp	r0, #0
 475 0008 18BF     		it	ne
 476 000a 002A     		cmpne	r2, #0
 477 000c 14BF     		ite	ne
 478 000e 0125     		movne	r5, #1
 479 0010 0025     		moveq	r5, #0
 480 0012 3FD0     		beq	.L42
 481 0014 0E46     		mov	r6, r1
 482 0016 9946     		mov	r9, r3
 483 0018 0746     		mov	r7, r0
 484 001a 9046     		mov	r8, r2
 151:../../Middlewares/LVGL/GUI/lvgl/src/misc/lv_tree.c ****         if(mode == LV_TREE_WALK_PRE_ORDER) {
 485              		.loc 1 151 9 is_stmt 1 view .LVU142
 486              		.loc 1 151 11 is_stmt 0 view .LVU143
 487 001c 41B9     		cbnz	r1, .L35
ARM GAS  C:\Users\28576\AppData\Local\Temp\cct21ZCc.s 			page 14


 152:../../Middlewares/LVGL/GUI/lvgl/src/misc/lv_tree.c ****             if(bcb && !bcb(node, user_data)) {
 488              		.loc 1 152 13 is_stmt 1 view .LVU144
 489              		.loc 1 152 15 is_stmt 0 view .LVU145
 490 001e 1BB1     		cbz	r3, .L36
 491              		.loc 1 152 24 discriminator 1 view .LVU146
 492 0020 0B99     		ldr	r1, [sp, #44]
 493              	.LVL37:
 494              		.loc 1 152 24 discriminator 1 view .LVU147
 495 0022 9847     		blx	r3
 496              	.LVL38:
 497              		.loc 1 152 20 discriminator 2 view .LVU148
 498 0024 0028     		cmp	r0, #0
 499 0026 3AD0     		beq	.L43
 500              	.L36:
 153:../../Middlewares/LVGL/GUI/lvgl/src/misc/lv_tree.c ****                 return false;
 154:../../Middlewares/LVGL/GUI/lvgl/src/misc/lv_tree.c ****             }
 155:../../Middlewares/LVGL/GUI/lvgl/src/misc/lv_tree.c ****             if(!cb(node, user_data)) {
 501              		.loc 1 155 13 is_stmt 1 view .LVU149
 502              		.loc 1 155 17 is_stmt 0 view .LVU150
 503 0028 0B99     		ldr	r1, [sp, #44]
 504 002a 3846     		mov	r0, r7
 505 002c C047     		blx	r8
 506              	.LVL39:
 507              		.loc 1 155 15 discriminator 1 view .LVU151
 508 002e 08B1     		cbz	r0, .L46
 509              	.L35:
 149:../../Middlewares/LVGL/GUI/lvgl/src/misc/lv_tree.c ****     if(node && cb) {
 510              		.loc 1 149 1 view .LVU152
 511 0030 0024     		movs	r4, #0
 512 0032 02E0     		b	.L37
 513              	.L46:
 156:../../Middlewares/LVGL/GUI/lvgl/src/misc/lv_tree.c ****                 return false;
 514              		.loc 1 156 24 view .LVU153
 515 0034 0546     		mov	r5, r0
 516 0036 2EE0     		b	.L34
 517              	.LVL40:
 518              	.L48:
 519              	.LBB8:
 157:../../Middlewares/LVGL/GUI/lvgl/src/misc/lv_tree.c ****             }
 158:../../Middlewares/LVGL/GUI/lvgl/src/misc/lv_tree.c ****         }
 159:../../Middlewares/LVGL/GUI/lvgl/src/misc/lv_tree.c ****         for(uint32_t i = 0; i < node->child_cnt; i++) {
 520              		.loc 1 159 51 is_stmt 1 discriminator 2 view .LVU154
 521 0038 0134     		adds	r4, r4, #1
 522              	.LVL41:
 523              	.L37:
 524              		.loc 1 159 31 discriminator 1 view .LVU155
 525              		.loc 1 159 37 is_stmt 0 discriminator 1 view .LVU156
 526 003a BB68     		ldr	r3, [r7, #8]
 527              		.loc 1 159 31 discriminator 1 view .LVU157
 528 003c A342     		cmp	r3, r4
 529 003e 0FD9     		bls	.L47
 160:../../Middlewares/LVGL/GUI/lvgl/src/misc/lv_tree.c ****             if(!lv_tree_walk(node->children[i], mode, cb, bcb, acb, user_data)) {
 530              		.loc 1 160 13 is_stmt 1 view .LVU158
 531              		.loc 1 160 34 is_stmt 0 view .LVU159
 532 0040 7B68     		ldr	r3, [r7, #4]
 533              		.loc 1 160 17 view .LVU160
 534 0042 53F82400 		ldr	r0, [r3, r4, lsl #2]
ARM GAS  C:\Users\28576\AppData\Local\Temp\cct21ZCc.s 			page 15


 535 0046 0B9B     		ldr	r3, [sp, #44]
 536 0048 0193     		str	r3, [sp, #4]
 537 004a 0A9B     		ldr	r3, [sp, #40]
 538 004c 0093     		str	r3, [sp]
 539 004e 4B46     		mov	r3, r9
 540 0050 4246     		mov	r2, r8
 541 0052 3146     		mov	r1, r6
 542 0054 FFF7FEFF 		bl	lv_tree_walk
 543              	.LVL42:
 544              		.loc 1 160 15 discriminator 1 view .LVU161
 545 0058 0028     		cmp	r0, #0
 546 005a EDD1     		bne	.L48
 161:../../Middlewares/LVGL/GUI/lvgl/src/misc/lv_tree.c ****                 return false;
 547              		.loc 1 161 24 view .LVU162
 548 005c 0546     		mov	r5, r0
 549 005e 1AE0     		b	.L34
 550              	.L47:
 551              		.loc 1 161 24 view .LVU163
 552              	.LBE8:
 162:../../Middlewares/LVGL/GUI/lvgl/src/misc/lv_tree.c ****             }
 163:../../Middlewares/LVGL/GUI/lvgl/src/misc/lv_tree.c ****         }
 164:../../Middlewares/LVGL/GUI/lvgl/src/misc/lv_tree.c ****         if(mode == LV_TREE_WALK_PRE_ORDER) {
 553              		.loc 1 164 9 is_stmt 1 view .LVU164
 554              		.loc 1 164 11 is_stmt 0 view .LVU165
 555 0060 26B9     		cbnz	r6, .L39
 165:../../Middlewares/LVGL/GUI/lvgl/src/misc/lv_tree.c ****             if(acb) {
 556              		.loc 1 165 13 is_stmt 1 view .LVU166
 557              		.loc 1 165 15 is_stmt 0 view .LVU167
 558 0062 0A9B     		ldr	r3, [sp, #40]
 559 0064 13B1     		cbz	r3, .L39
 166:../../Middlewares/LVGL/GUI/lvgl/src/misc/lv_tree.c ****                 acb(node, user_data);
 560              		.loc 1 166 17 is_stmt 1 view .LVU168
 561 0066 0B99     		ldr	r1, [sp, #44]
 562 0068 3846     		mov	r0, r7
 563 006a 9847     		blx	r3
 564              	.LVL43:
 565              	.L39:
 167:../../Middlewares/LVGL/GUI/lvgl/src/misc/lv_tree.c ****             }
 168:../../Middlewares/LVGL/GUI/lvgl/src/misc/lv_tree.c ****         }
 169:../../Middlewares/LVGL/GUI/lvgl/src/misc/lv_tree.c **** 
 170:../../Middlewares/LVGL/GUI/lvgl/src/misc/lv_tree.c ****         if(mode == LV_TREE_WALK_POST_ORDER) {
 566              		.loc 1 170 9 view .LVU169
 567              		.loc 1 170 11 is_stmt 0 view .LVU170
 568 006c 012E     		cmp	r6, #1
 569 006e 12D1     		bne	.L34
 171:../../Middlewares/LVGL/GUI/lvgl/src/misc/lv_tree.c ****             if(bcb && !bcb(node, user_data)) {
 570              		.loc 1 171 13 is_stmt 1 view .LVU171
 571              		.loc 1 171 15 is_stmt 0 view .LVU172
 572 0070 4B46     		mov	r3, r9
 573 0072 23B1     		cbz	r3, .L40
 574              	.LVL44:
 575              		.loc 1 171 24 discriminator 1 view .LVU173
 576 0074 0B99     		ldr	r1, [sp, #44]
 577 0076 3846     		mov	r0, r7
 578 0078 C847     		blx	r9
 579              	.LVL45:
 580              		.loc 1 171 20 discriminator 2 view .LVU174
ARM GAS  C:\Users\28576\AppData\Local\Temp\cct21ZCc.s 			page 16


 581 007a 0546     		mov	r5, r0
 582 007c 58B1     		cbz	r0, .L34
 583              	.L40:
 172:../../Middlewares/LVGL/GUI/lvgl/src/misc/lv_tree.c ****                 return false;
 173:../../Middlewares/LVGL/GUI/lvgl/src/misc/lv_tree.c ****             }
 174:../../Middlewares/LVGL/GUI/lvgl/src/misc/lv_tree.c ****             if(!cb(node, user_data)) {
 584              		.loc 1 174 13 is_stmt 1 view .LVU175
 585              		.loc 1 174 17 is_stmt 0 view .LVU176
 586 007e 0B99     		ldr	r1, [sp, #44]
 587 0080 3846     		mov	r0, r7
 588 0082 C047     		blx	r8
 589              	.LVL46:
 590              		.loc 1 174 15 discriminator 1 view .LVU177
 591 0084 0546     		mov	r5, r0
 592 0086 30B1     		cbz	r0, .L34
 175:../../Middlewares/LVGL/GUI/lvgl/src/misc/lv_tree.c ****                 return false;
 176:../../Middlewares/LVGL/GUI/lvgl/src/misc/lv_tree.c ****             }
 177:../../Middlewares/LVGL/GUI/lvgl/src/misc/lv_tree.c ****             if(acb) {
 593              		.loc 1 177 13 is_stmt 1 view .LVU178
 594              		.loc 1 177 15 is_stmt 0 view .LVU179
 595 0088 0A9B     		ldr	r3, [sp, #40]
 596 008a 23B1     		cbz	r3, .L34
 178:../../Middlewares/LVGL/GUI/lvgl/src/misc/lv_tree.c ****                 acb(node, user_data);
 597              		.loc 1 178 17 is_stmt 1 view .LVU180
 598 008c 0B99     		ldr	r1, [sp, #44]
 599 008e 3846     		mov	r0, r7
 600 0090 9847     		blx	r3
 601              	.LVL47:
 179:../../Middlewares/LVGL/GUI/lvgl/src/misc/lv_tree.c ****             }
 180:../../Middlewares/LVGL/GUI/lvgl/src/misc/lv_tree.c ****             return true;
 602              		.loc 1 180 13 view .LVU181
 603              		.loc 1 180 20 is_stmt 0 view .LVU182
 604 0092 00E0     		b	.L34
 605              	.LVL48:
 606              	.L42:
 181:../../Middlewares/LVGL/GUI/lvgl/src/misc/lv_tree.c ****         }
 182:../../Middlewares/LVGL/GUI/lvgl/src/misc/lv_tree.c ****         else {
 183:../../Middlewares/LVGL/GUI/lvgl/src/misc/lv_tree.c ****             return true;
 184:../../Middlewares/LVGL/GUI/lvgl/src/misc/lv_tree.c ****         }
 185:../../Middlewares/LVGL/GUI/lvgl/src/misc/lv_tree.c ****     }
 186:../../Middlewares/LVGL/GUI/lvgl/src/misc/lv_tree.c ****     else {
 187:../../Middlewares/LVGL/GUI/lvgl/src/misc/lv_tree.c ****         return true;
 607              		.loc 1 187 16 view .LVU183
 608 0094 0125     		movs	r5, #1
 609              	.LVL49:
 610              	.L34:
 188:../../Middlewares/LVGL/GUI/lvgl/src/misc/lv_tree.c ****     }
 189:../../Middlewares/LVGL/GUI/lvgl/src/misc/lv_tree.c **** }
 611              		.loc 1 189 1 view .LVU184
 612 0096 2846     		mov	r0, r5
 613 0098 03B0     		add	sp, sp, #12
 614              	.LCFI10:
 615              		.cfi_remember_state
 616              		.cfi_def_cfa_offset 28
 617              		@ sp needed
 618 009a BDE8F083 		pop	{r4, r5, r6, r7, r8, r9, pc}
 619              	.LVL50:
ARM GAS  C:\Users\28576\AppData\Local\Temp\cct21ZCc.s 			page 17


 620              	.L43:
 621              	.LCFI11:
 622              		.cfi_restore_state
 153:../../Middlewares/LVGL/GUI/lvgl/src/misc/lv_tree.c ****             }
 623              		.loc 1 153 24 view .LVU185
 624 009e 0546     		mov	r5, r0
 625 00a0 F9E7     		b	.L34
 626              		.cfi_endproc
 627              	.LFE9:
 629              		.section	.text.lv_tree_node_delete,"ax",%progbits
 630              		.align	1
 631              		.global	lv_tree_node_delete
 632              		.syntax unified
 633              		.thumb
 634              		.thumb_func
 636              	lv_tree_node_delete:
 637              	.LVL51:
 638              	.LFB8:
 128:../../Middlewares/LVGL/GUI/lvgl/src/misc/lv_tree.c ****     if(node) {
 639              		.loc 1 128 1 is_stmt 1 view -0
 640              		.cfi_startproc
 641              		@ args = 0, pretend = 0, frame = 0
 642              		@ frame_needed = 0, uses_anonymous_args = 0
 129:../../Middlewares/LVGL/GUI/lvgl/src/misc/lv_tree.c ****         if(node->parent) {
 643              		.loc 1 129 5 view .LVU187
 129:../../Middlewares/LVGL/GUI/lvgl/src/misc/lv_tree.c ****         if(node->parent) {
 644              		.loc 1 129 7 is_stmt 0 view .LVU188
 645 0000 E8B1     		cbz	r0, .L57
 128:../../Middlewares/LVGL/GUI/lvgl/src/misc/lv_tree.c ****     if(node) {
 646              		.loc 1 128 1 view .LVU189
 647 0002 00B5     		push	{lr}
 648              	.LCFI12:
 649              		.cfi_def_cfa_offset 4
 650              		.cfi_offset 14, -4
 651 0004 83B0     		sub	sp, sp, #12
 652              	.LCFI13:
 653              		.cfi_def_cfa_offset 16
 654 0006 8446     		mov	ip, r0
 130:../../Middlewares/LVGL/GUI/lvgl/src/misc/lv_tree.c ****             /* Remove from parent */
 655              		.loc 1 130 9 is_stmt 1 view .LVU190
 130:../../Middlewares/LVGL/GUI/lvgl/src/misc/lv_tree.c ****             /* Remove from parent */
 656              		.loc 1 130 16 is_stmt 0 view .LVU191
 657 0008 0268     		ldr	r2, [r0]
 130:../../Middlewares/LVGL/GUI/lvgl/src/misc/lv_tree.c ****             /* Remove from parent */
 658              		.loc 1 130 11 view .LVU192
 659 000a 72B1     		cbz	r2, .L52
 660              	.LBB9:
 661              	.LBB10:
 133:../../Middlewares/LVGL/GUI/lvgl/src/misc/lv_tree.c ****                 if(parent->children[i] == node) {
 662              		.loc 1 133 26 view .LVU193
 663 000c 0023     		movs	r3, #0
 664 000e 00E0     		b	.L51
 665              	.LVL52:
 666              	.L53:
 133:../../Middlewares/LVGL/GUI/lvgl/src/misc/lv_tree.c ****                 if(parent->children[i] == node) {
 667              		.loc 1 133 57 is_stmt 1 discriminator 2 view .LVU194
 668 0010 0133     		adds	r3, r3, #1
ARM GAS  C:\Users\28576\AppData\Local\Temp\cct21ZCc.s 			page 18


 669              	.LVL53:
 670              	.L51:
 133:../../Middlewares/LVGL/GUI/lvgl/src/misc/lv_tree.c ****                 if(parent->children[i] == node) {
 671              		.loc 1 133 35 discriminator 1 view .LVU195
 133:../../Middlewares/LVGL/GUI/lvgl/src/misc/lv_tree.c ****                 if(parent->children[i] == node) {
 672              		.loc 1 133 43 is_stmt 0 discriminator 1 view .LVU196
 673 0012 9168     		ldr	r1, [r2, #8]
 133:../../Middlewares/LVGL/GUI/lvgl/src/misc/lv_tree.c ****                 if(parent->children[i] == node) {
 674              		.loc 1 133 35 discriminator 1 view .LVU197
 675 0014 9942     		cmp	r1, r3
 676 0016 08D9     		bls	.L52
 134:../../Middlewares/LVGL/GUI/lvgl/src/misc/lv_tree.c ****                     parent->children[i] = NULL;
 677              		.loc 1 134 17 is_stmt 1 view .LVU198
 134:../../Middlewares/LVGL/GUI/lvgl/src/misc/lv_tree.c ****                     parent->children[i] = NULL;
 678              		.loc 1 134 26 is_stmt 0 view .LVU199
 679 0018 5168     		ldr	r1, [r2, #4]
 134:../../Middlewares/LVGL/GUI/lvgl/src/misc/lv_tree.c ****                     parent->children[i] = NULL;
 680              		.loc 1 134 19 view .LVU200
 681 001a 51F82300 		ldr	r0, [r1, r3, lsl #2]
 682 001e 6045     		cmp	r0, ip
 683 0020 F6D1     		bne	.L53
 135:../../Middlewares/LVGL/GUI/lvgl/src/misc/lv_tree.c ****                 }
 684              		.loc 1 135 21 is_stmt 1 view .LVU201
 135:../../Middlewares/LVGL/GUI/lvgl/src/misc/lv_tree.c ****                 }
 685              		.loc 1 135 41 is_stmt 0 view .LVU202
 686 0022 0020     		movs	r0, #0
 687 0024 41F82300 		str	r0, [r1, r3, lsl #2]
 688 0028 F2E7     		b	.L53
 689              	.LVL54:
 690              	.L52:
 135:../../Middlewares/LVGL/GUI/lvgl/src/misc/lv_tree.c ****                 }
 691              		.loc 1 135 41 view .LVU203
 692              	.LBE10:
 693              	.LBE9:
 139:../../Middlewares/LVGL/GUI/lvgl/src/misc/lv_tree.c ****     }
 694              		.loc 1 139 9 is_stmt 1 view .LVU204
 695 002a 0023     		movs	r3, #0
 696 002c 0193     		str	r3, [sp, #4]
 697 002e 0093     		str	r3, [sp]
 698 0030 034A     		ldr	r2, .L60
 699 0032 0121     		movs	r1, #1
 700 0034 6046     		mov	r0, ip
 701 0036 FFF7FEFF 		bl	lv_tree_walk
 702              	.LVL55:
 141:../../Middlewares/LVGL/GUI/lvgl/src/misc/lv_tree.c **** 
 703              		.loc 1 141 1 is_stmt 0 view .LVU205
 704 003a 03B0     		add	sp, sp, #12
 705              	.LCFI14:
 706              		.cfi_def_cfa_offset 4
 707              		@ sp needed
 708 003c 00BD     		pop	{pc}
 709              	.LVL56:
 710              	.L57:
 711              	.LCFI15:
 712              		.cfi_def_cfa_offset 0
 713              		.cfi_restore 14
 141:../../Middlewares/LVGL/GUI/lvgl/src/misc/lv_tree.c **** 
ARM GAS  C:\Users\28576\AppData\Local\Temp\cct21ZCc.s 			page 19


 714              		.loc 1 141 1 view .LVU206
 715 003e 7047     		bx	lr
 716              	.L61:
 717              		.align	2
 718              	.L60:
 719 0040 00000000 		.word	_lv_tree_node_destructor_cb
 720              		.cfi_endproc
 721              	.LFE8:
 723              		.global	lv_tree_node_class
 724              		.section	.rodata.lv_tree_node_class,"a"
 725              		.align	2
 728              	lv_tree_node_class:
 729 0000 00000000 		.word	0
 730 0004 14000000 		.word	20
 731 0008 00000000 		.word	0
 732 000c 00000000 		.word	0
 733              		.text
 734              	.Letext0:
 735              		.file 3 "C:/Users/28576/AppData/Roaming/xPacks/@xpack-dev-tools/arm-none-eabi-gcc/15.2.1-1.1.1/.co
 736              		.file 4 "C:/Users/28576/AppData/Roaming/xPacks/@xpack-dev-tools/arm-none-eabi-gcc/15.2.1-1.1.1/.co
 737              		.file 5 "C:/Users/28576/AppData/Roaming/xPacks/@xpack-dev-tools/arm-none-eabi-gcc/15.2.1-1.1.1/.co
 738              		.file 6 "../../Middlewares/LVGL/GUI/lvgl/src/misc/lv_tree.h"
 739              		.file 7 "../../Middlewares/LVGL/GUI/lvgl/src/misc/../stdlib/lv_mem.h"
ARM GAS  C:\Users\28576\AppData\Local\Temp\cct21ZCc.s 			page 20


DEFINED SYMBOLS
                            *ABS*:00000000 lv_tree.c
C:\Users\28576\AppData\Local\Temp\cct21ZCc.s:20     .text._lv_tree_node_construct:00000000 $t
C:\Users\28576\AppData\Local\Temp\cct21ZCc.s:25     .text._lv_tree_node_construct:00000000 _lv_tree_node_construct
C:\Users\28576\AppData\Local\Temp\cct21ZCc.s:85     .text._lv_tree_node_destruct:00000000 $t
C:\Users\28576\AppData\Local\Temp\cct21ZCc.s:90     .text._lv_tree_node_destruct:00000000 _lv_tree_node_destruct
C:\Users\28576\AppData\Local\Temp\cct21ZCc.s:139    .text.get_instance_size:00000000 $t
C:\Users\28576\AppData\Local\Temp\cct21ZCc.s:144    .text.get_instance_size:00000000 get_instance_size
C:\Users\28576\AppData\Local\Temp\cct21ZCc.s:194    .text._lv_tree_class_create_node:00000000 $t
C:\Users\28576\AppData\Local\Temp\cct21ZCc.s:199    .text._lv_tree_class_create_node:00000000 _lv_tree_class_create_node
C:\Users\28576\AppData\Local\Temp\cct21ZCc.s:314    .text._lv_tree_node_destructor_cb:00000000 $t
C:\Users\28576\AppData\Local\Temp\cct21ZCc.s:319    .text._lv_tree_node_destructor_cb:00000000 _lv_tree_node_destructor_cb
C:\Users\28576\AppData\Local\Temp\cct21ZCc.s:372    .text.lv_tree_node_create:00000000 $t
C:\Users\28576\AppData\Local\Temp\cct21ZCc.s:378    .text.lv_tree_node_create:00000000 lv_tree_node_create
C:\Users\28576\AppData\Local\Temp\cct21ZCc.s:445    .text.lv_tree_walk:00000000 $t
C:\Users\28576\AppData\Local\Temp\cct21ZCc.s:451    .text.lv_tree_walk:00000000 lv_tree_walk
C:\Users\28576\AppData\Local\Temp\cct21ZCc.s:630    .text.lv_tree_node_delete:00000000 $t
C:\Users\28576\AppData\Local\Temp\cct21ZCc.s:636    .text.lv_tree_node_delete:00000000 lv_tree_node_delete
C:\Users\28576\AppData\Local\Temp\cct21ZCc.s:719    .text.lv_tree_node_delete:00000040 $d
C:\Users\28576\AppData\Local\Temp\cct21ZCc.s:728    .rodata.lv_tree_node_class:00000000 lv_tree_node_class
C:\Users\28576\AppData\Local\Temp\cct21ZCc.s:725    .rodata.lv_tree_node_class:00000000 $d

UNDEFINED SYMBOLS
lv_malloc
lv_memset
lv_realloc
lv_free
