ARM GAS  C:\Users\28576\AppData\Local\Temp\cc7g7bXT.s 			page 1


   1              		.cpu cortex-m7
   2              		.arch armv7e-m
   3              		.fpu fpv5-d16
   4              		.eabi_attribute 28, 1
   5              		.eabi_attribute 20, 1
   6              		.eabi_attribute 21, 1
   7              		.eabi_attribute 23, 3
   8              		.eabi_attribute 24, 1
   9              		.eabi_attribute 25, 1
  10              		.eabi_attribute 26, 1
  11              		.eabi_attribute 30, 1
  12              		.eabi_attribute 34, 1
  13              		.eabi_attribute 18, 4
  14              		.file	"stm32h7xx_it.c"
  15              		.text
  16              	.Ltext0:
  17              		.cfi_sections	.debug_frame
  18              		.file 1 "../../CM7/Core/Src/stm32h7xx_it.c"
  19              		.section	.text.NMI_Handler,"ax",%progbits
  20              		.align	1
  21              		.global	NMI_Handler
  22              		.syntax unified
  23              		.thumb
  24              		.thumb_func
  26              	NMI_Handler:
  27              	.LFB144:
   1:../../CM7/Core/Src/stm32h7xx_it.c **** /* USER CODE BEGIN Header */
   2:../../CM7/Core/Src/stm32h7xx_it.c **** /**
   3:../../CM7/Core/Src/stm32h7xx_it.c ****   ******************************************************************************
   4:../../CM7/Core/Src/stm32h7xx_it.c ****   * @file    stm32h7xx_it.c
   5:../../CM7/Core/Src/stm32h7xx_it.c ****   * @brief   Interrupt Service Routines.
   6:../../CM7/Core/Src/stm32h7xx_it.c ****   ******************************************************************************
   7:../../CM7/Core/Src/stm32h7xx_it.c ****   * @attention
   8:../../CM7/Core/Src/stm32h7xx_it.c ****   *
   9:../../CM7/Core/Src/stm32h7xx_it.c ****   * Copyright (c) 2026 STMicroelectronics.
  10:../../CM7/Core/Src/stm32h7xx_it.c ****   * All rights reserved.
  11:../../CM7/Core/Src/stm32h7xx_it.c ****   *
  12:../../CM7/Core/Src/stm32h7xx_it.c ****   * This software is licensed under terms that can be found in the LICENSE file
  13:../../CM7/Core/Src/stm32h7xx_it.c ****   * in the root directory of this software component.
  14:../../CM7/Core/Src/stm32h7xx_it.c ****   * If no LICENSE file comes with this software, it is provided AS-IS.
  15:../../CM7/Core/Src/stm32h7xx_it.c ****   *
  16:../../CM7/Core/Src/stm32h7xx_it.c ****   ******************************************************************************
  17:../../CM7/Core/Src/stm32h7xx_it.c ****   */
  18:../../CM7/Core/Src/stm32h7xx_it.c **** /* USER CODE END Header */
  19:../../CM7/Core/Src/stm32h7xx_it.c **** 
  20:../../CM7/Core/Src/stm32h7xx_it.c **** /* Includes ------------------------------------------------------------------*/
  21:../../CM7/Core/Src/stm32h7xx_it.c **** #include "main.h"
  22:../../CM7/Core/Src/stm32h7xx_it.c **** #include "stm32h7xx_it.h"
  23:../../CM7/Core/Src/stm32h7xx_it.c **** /* Private includes ----------------------------------------------------------*/
  24:../../CM7/Core/Src/stm32h7xx_it.c **** /* USER CODE BEGIN Includes */
  25:../../CM7/Core/Src/stm32h7xx_it.c **** /* USER CODE END Includes */
  26:../../CM7/Core/Src/stm32h7xx_it.c **** 
  27:../../CM7/Core/Src/stm32h7xx_it.c **** /* Private typedef -----------------------------------------------------------*/
  28:../../CM7/Core/Src/stm32h7xx_it.c **** /* USER CODE BEGIN TD */
  29:../../CM7/Core/Src/stm32h7xx_it.c **** 
  30:../../CM7/Core/Src/stm32h7xx_it.c **** /* USER CODE END TD */
  31:../../CM7/Core/Src/stm32h7xx_it.c **** 
ARM GAS  C:\Users\28576\AppData\Local\Temp\cc7g7bXT.s 			page 2


  32:../../CM7/Core/Src/stm32h7xx_it.c **** /* Private define ------------------------------------------------------------*/
  33:../../CM7/Core/Src/stm32h7xx_it.c **** /* USER CODE BEGIN PD */
  34:../../CM7/Core/Src/stm32h7xx_it.c **** 
  35:../../CM7/Core/Src/stm32h7xx_it.c **** /* USER CODE END PD */
  36:../../CM7/Core/Src/stm32h7xx_it.c **** 
  37:../../CM7/Core/Src/stm32h7xx_it.c **** /* Private macro -------------------------------------------------------------*/
  38:../../CM7/Core/Src/stm32h7xx_it.c **** /* USER CODE BEGIN PM */
  39:../../CM7/Core/Src/stm32h7xx_it.c **** 
  40:../../CM7/Core/Src/stm32h7xx_it.c **** /* USER CODE END PM */
  41:../../CM7/Core/Src/stm32h7xx_it.c **** 
  42:../../CM7/Core/Src/stm32h7xx_it.c **** /* Private variables ---------------------------------------------------------*/
  43:../../CM7/Core/Src/stm32h7xx_it.c **** /* USER CODE BEGIN PV */
  44:../../CM7/Core/Src/stm32h7xx_it.c **** 
  45:../../CM7/Core/Src/stm32h7xx_it.c **** /* USER CODE END PV */
  46:../../CM7/Core/Src/stm32h7xx_it.c **** 
  47:../../CM7/Core/Src/stm32h7xx_it.c **** /* Private function prototypes -----------------------------------------------*/
  48:../../CM7/Core/Src/stm32h7xx_it.c **** /* USER CODE BEGIN PFP */
  49:../../CM7/Core/Src/stm32h7xx_it.c **** 
  50:../../CM7/Core/Src/stm32h7xx_it.c **** /* USER CODE END PFP */
  51:../../CM7/Core/Src/stm32h7xx_it.c **** 
  52:../../CM7/Core/Src/stm32h7xx_it.c **** /* Private user code ---------------------------------------------------------*/
  53:../../CM7/Core/Src/stm32h7xx_it.c **** /* USER CODE BEGIN 0 */
  54:../../CM7/Core/Src/stm32h7xx_it.c **** 
  55:../../CM7/Core/Src/stm32h7xx_it.c **** /* USER CODE END 0 */
  56:../../CM7/Core/Src/stm32h7xx_it.c **** 
  57:../../CM7/Core/Src/stm32h7xx_it.c **** /* External variables --------------------------------------------------------*/
  58:../../CM7/Core/Src/stm32h7xx_it.c **** extern UART_HandleTypeDef huart1;
  59:../../CM7/Core/Src/stm32h7xx_it.c **** extern TIM_HandleTypeDef htim6;
  60:../../CM7/Core/Src/stm32h7xx_it.c **** 
  61:../../CM7/Core/Src/stm32h7xx_it.c **** /* USER CODE BEGIN EV */
  62:../../CM7/Core/Src/stm32h7xx_it.c **** 
  63:../../CM7/Core/Src/stm32h7xx_it.c **** /* USER CODE END EV */
  64:../../CM7/Core/Src/stm32h7xx_it.c **** 
  65:../../CM7/Core/Src/stm32h7xx_it.c **** /******************************************************************************/
  66:../../CM7/Core/Src/stm32h7xx_it.c **** /*           Cortex Processor Interruption and Exception Handlers          */
  67:../../CM7/Core/Src/stm32h7xx_it.c **** /******************************************************************************/
  68:../../CM7/Core/Src/stm32h7xx_it.c **** /**
  69:../../CM7/Core/Src/stm32h7xx_it.c ****   * @brief This function handles Non maskable interrupt.
  70:../../CM7/Core/Src/stm32h7xx_it.c ****   */
  71:../../CM7/Core/Src/stm32h7xx_it.c **** void NMI_Handler(void)
  72:../../CM7/Core/Src/stm32h7xx_it.c **** {
  28              		.loc 1 72 1 view -0
  29              		.cfi_startproc
  30              		@ Volatile: function does not return.
  31              		@ args = 0, pretend = 0, frame = 0
  32              		@ frame_needed = 0, uses_anonymous_args = 0
  33              		@ link register save eliminated.
  34              	.L2:
  73:../../CM7/Core/Src/stm32h7xx_it.c ****   /* USER CODE BEGIN NonMaskableInt_IRQn 0 */
  74:../../CM7/Core/Src/stm32h7xx_it.c **** 
  75:../../CM7/Core/Src/stm32h7xx_it.c ****   /* USER CODE END NonMaskableInt_IRQn 0 */
  76:../../CM7/Core/Src/stm32h7xx_it.c ****   /* USER CODE BEGIN NonMaskableInt_IRQn 1 */
  77:../../CM7/Core/Src/stm32h7xx_it.c ****    while (1)
  35              		.loc 1 77 4 view .LVU1
  78:../../CM7/Core/Src/stm32h7xx_it.c ****   {
  79:../../CM7/Core/Src/stm32h7xx_it.c ****   }
  36              		.loc 1 79 3 view .LVU2
ARM GAS  C:\Users\28576\AppData\Local\Temp\cc7g7bXT.s 			page 3


  77:../../CM7/Core/Src/stm32h7xx_it.c ****   {
  37              		.loc 1 77 10 view .LVU3
  38 0000 FEE7     		b	.L2
  39              		.cfi_endproc
  40              	.LFE144:
  42              		.section	.text.HardFault_Handler,"ax",%progbits
  43              		.align	1
  44              		.global	HardFault_Handler
  45              		.syntax unified
  46              		.thumb
  47              		.thumb_func
  49              	HardFault_Handler:
  50              	.LFB145:
  80:../../CM7/Core/Src/stm32h7xx_it.c ****   /* USER CODE END NonMaskableInt_IRQn 1 */
  81:../../CM7/Core/Src/stm32h7xx_it.c **** }
  82:../../CM7/Core/Src/stm32h7xx_it.c **** 
  83:../../CM7/Core/Src/stm32h7xx_it.c **** /**
  84:../../CM7/Core/Src/stm32h7xx_it.c ****   * @brief This function handles Hard fault interrupt.
  85:../../CM7/Core/Src/stm32h7xx_it.c ****   */
  86:../../CM7/Core/Src/stm32h7xx_it.c **** void HardFault_Handler(void)
  87:../../CM7/Core/Src/stm32h7xx_it.c **** {
  51              		.loc 1 87 1 view -0
  52              		.cfi_startproc
  53              		@ Volatile: function does not return.
  54              		@ args = 0, pretend = 0, frame = 0
  55              		@ frame_needed = 0, uses_anonymous_args = 0
  56              		@ link register save eliminated.
  57              	.L4:
  88:../../CM7/Core/Src/stm32h7xx_it.c ****   /* USER CODE BEGIN HardFault_IRQn 0 */
  89:../../CM7/Core/Src/stm32h7xx_it.c **** 
  90:../../CM7/Core/Src/stm32h7xx_it.c ****   /* USER CODE END HardFault_IRQn 0 */
  91:../../CM7/Core/Src/stm32h7xx_it.c ****   while (1)
  58              		.loc 1 91 3 view .LVU5
  92:../../CM7/Core/Src/stm32h7xx_it.c ****   {
  93:../../CM7/Core/Src/stm32h7xx_it.c ****     /* USER CODE BEGIN W1_HardFault_IRQn 0 */
  94:../../CM7/Core/Src/stm32h7xx_it.c ****     /* USER CODE END W1_HardFault_IRQn 0 */
  95:../../CM7/Core/Src/stm32h7xx_it.c ****   }
  59              		.loc 1 95 3 view .LVU6
  91:../../CM7/Core/Src/stm32h7xx_it.c ****   {
  60              		.loc 1 91 9 view .LVU7
  61 0000 FEE7     		b	.L4
  62              		.cfi_endproc
  63              	.LFE145:
  65              		.section	.text.MemManage_Handler,"ax",%progbits
  66              		.align	1
  67              		.global	MemManage_Handler
  68              		.syntax unified
  69              		.thumb
  70              		.thumb_func
  72              	MemManage_Handler:
  73              	.LFB146:
  96:../../CM7/Core/Src/stm32h7xx_it.c **** }
  97:../../CM7/Core/Src/stm32h7xx_it.c **** 
  98:../../CM7/Core/Src/stm32h7xx_it.c **** /**
  99:../../CM7/Core/Src/stm32h7xx_it.c ****   * @brief This function handles Memory management fault.
 100:../../CM7/Core/Src/stm32h7xx_it.c ****   */
 101:../../CM7/Core/Src/stm32h7xx_it.c **** void MemManage_Handler(void)
ARM GAS  C:\Users\28576\AppData\Local\Temp\cc7g7bXT.s 			page 4


 102:../../CM7/Core/Src/stm32h7xx_it.c **** {
  74              		.loc 1 102 1 view -0
  75              		.cfi_startproc
  76              		@ Volatile: function does not return.
  77              		@ args = 0, pretend = 0, frame = 0
  78              		@ frame_needed = 0, uses_anonymous_args = 0
  79              		@ link register save eliminated.
  80              	.L6:
 103:../../CM7/Core/Src/stm32h7xx_it.c ****   /* USER CODE BEGIN MemoryManagement_IRQn 0 */
 104:../../CM7/Core/Src/stm32h7xx_it.c **** 
 105:../../CM7/Core/Src/stm32h7xx_it.c ****   /* USER CODE END MemoryManagement_IRQn 0 */
 106:../../CM7/Core/Src/stm32h7xx_it.c ****   while (1)
  81              		.loc 1 106 3 view .LVU9
 107:../../CM7/Core/Src/stm32h7xx_it.c ****   {
 108:../../CM7/Core/Src/stm32h7xx_it.c ****     /* USER CODE BEGIN W1_MemoryManagement_IRQn 0 */
 109:../../CM7/Core/Src/stm32h7xx_it.c ****     /* USER CODE END W1_MemoryManagement_IRQn 0 */
 110:../../CM7/Core/Src/stm32h7xx_it.c ****   }
  82              		.loc 1 110 3 view .LVU10
 106:../../CM7/Core/Src/stm32h7xx_it.c ****   {
  83              		.loc 1 106 9 view .LVU11
  84 0000 FEE7     		b	.L6
  85              		.cfi_endproc
  86              	.LFE146:
  88              		.section	.text.BusFault_Handler,"ax",%progbits
  89              		.align	1
  90              		.global	BusFault_Handler
  91              		.syntax unified
  92              		.thumb
  93              		.thumb_func
  95              	BusFault_Handler:
  96              	.LFB147:
 111:../../CM7/Core/Src/stm32h7xx_it.c **** }
 112:../../CM7/Core/Src/stm32h7xx_it.c **** 
 113:../../CM7/Core/Src/stm32h7xx_it.c **** /**
 114:../../CM7/Core/Src/stm32h7xx_it.c ****   * @brief This function handles Pre-fetch fault, memory access fault.
 115:../../CM7/Core/Src/stm32h7xx_it.c ****   */
 116:../../CM7/Core/Src/stm32h7xx_it.c **** void BusFault_Handler(void)
 117:../../CM7/Core/Src/stm32h7xx_it.c **** {
  97              		.loc 1 117 1 view -0
  98              		.cfi_startproc
  99              		@ Volatile: function does not return.
 100              		@ args = 0, pretend = 0, frame = 0
 101              		@ frame_needed = 0, uses_anonymous_args = 0
 102              		@ link register save eliminated.
 103              	.L8:
 118:../../CM7/Core/Src/stm32h7xx_it.c ****   /* USER CODE BEGIN BusFault_IRQn 0 */
 119:../../CM7/Core/Src/stm32h7xx_it.c **** 
 120:../../CM7/Core/Src/stm32h7xx_it.c ****   /* USER CODE END BusFault_IRQn 0 */
 121:../../CM7/Core/Src/stm32h7xx_it.c ****   while (1)
 104              		.loc 1 121 3 view .LVU13
 122:../../CM7/Core/Src/stm32h7xx_it.c ****   {
 123:../../CM7/Core/Src/stm32h7xx_it.c ****     /* USER CODE BEGIN W1_BusFault_IRQn 0 */
 124:../../CM7/Core/Src/stm32h7xx_it.c ****     /* USER CODE END W1_BusFault_IRQn 0 */
 125:../../CM7/Core/Src/stm32h7xx_it.c ****   }
 105              		.loc 1 125 3 view .LVU14
 121:../../CM7/Core/Src/stm32h7xx_it.c ****   {
 106              		.loc 1 121 9 view .LVU15
ARM GAS  C:\Users\28576\AppData\Local\Temp\cc7g7bXT.s 			page 5


 107 0000 FEE7     		b	.L8
 108              		.cfi_endproc
 109              	.LFE147:
 111              		.section	.text.UsageFault_Handler,"ax",%progbits
 112              		.align	1
 113              		.global	UsageFault_Handler
 114              		.syntax unified
 115              		.thumb
 116              		.thumb_func
 118              	UsageFault_Handler:
 119              	.LFB148:
 126:../../CM7/Core/Src/stm32h7xx_it.c **** }
 127:../../CM7/Core/Src/stm32h7xx_it.c **** 
 128:../../CM7/Core/Src/stm32h7xx_it.c **** /**
 129:../../CM7/Core/Src/stm32h7xx_it.c ****   * @brief This function handles Undefined instruction or illegal state.
 130:../../CM7/Core/Src/stm32h7xx_it.c ****   */
 131:../../CM7/Core/Src/stm32h7xx_it.c **** void UsageFault_Handler(void)
 132:../../CM7/Core/Src/stm32h7xx_it.c **** {
 120              		.loc 1 132 1 view -0
 121              		.cfi_startproc
 122              		@ Volatile: function does not return.
 123              		@ args = 0, pretend = 0, frame = 0
 124              		@ frame_needed = 0, uses_anonymous_args = 0
 125              		@ link register save eliminated.
 126              	.L10:
 133:../../CM7/Core/Src/stm32h7xx_it.c ****   /* USER CODE BEGIN UsageFault_IRQn 0 */
 134:../../CM7/Core/Src/stm32h7xx_it.c **** 
 135:../../CM7/Core/Src/stm32h7xx_it.c ****   /* USER CODE END UsageFault_IRQn 0 */
 136:../../CM7/Core/Src/stm32h7xx_it.c ****   while (1)
 127              		.loc 1 136 3 view .LVU17
 137:../../CM7/Core/Src/stm32h7xx_it.c ****   {
 138:../../CM7/Core/Src/stm32h7xx_it.c ****     /* USER CODE BEGIN W1_UsageFault_IRQn 0 */
 139:../../CM7/Core/Src/stm32h7xx_it.c ****     /* USER CODE END W1_UsageFault_IRQn 0 */
 140:../../CM7/Core/Src/stm32h7xx_it.c ****   }
 128              		.loc 1 140 3 view .LVU18
 136:../../CM7/Core/Src/stm32h7xx_it.c ****   {
 129              		.loc 1 136 9 view .LVU19
 130 0000 FEE7     		b	.L10
 131              		.cfi_endproc
 132              	.LFE148:
 134              		.section	.text.DebugMon_Handler,"ax",%progbits
 135              		.align	1
 136              		.global	DebugMon_Handler
 137              		.syntax unified
 138              		.thumb
 139              		.thumb_func
 141              	DebugMon_Handler:
 142              	.LFB149:
 141:../../CM7/Core/Src/stm32h7xx_it.c **** }
 142:../../CM7/Core/Src/stm32h7xx_it.c **** 
 143:../../CM7/Core/Src/stm32h7xx_it.c **** /**
 144:../../CM7/Core/Src/stm32h7xx_it.c ****   * @brief This function handles Debug monitor.
 145:../../CM7/Core/Src/stm32h7xx_it.c ****   */
 146:../../CM7/Core/Src/stm32h7xx_it.c **** void DebugMon_Handler(void)
 147:../../CM7/Core/Src/stm32h7xx_it.c **** {
 143              		.loc 1 147 1 view -0
 144              		.cfi_startproc
ARM GAS  C:\Users\28576\AppData\Local\Temp\cc7g7bXT.s 			page 6


 145              		@ args = 0, pretend = 0, frame = 0
 146              		@ frame_needed = 0, uses_anonymous_args = 0
 147              		@ link register save eliminated.
 148:../../CM7/Core/Src/stm32h7xx_it.c ****   /* USER CODE BEGIN DebugMonitor_IRQn 0 */
 149:../../CM7/Core/Src/stm32h7xx_it.c **** 
 150:../../CM7/Core/Src/stm32h7xx_it.c ****   /* USER CODE END DebugMonitor_IRQn 0 */
 151:../../CM7/Core/Src/stm32h7xx_it.c ****   /* USER CODE BEGIN DebugMonitor_IRQn 1 */
 152:../../CM7/Core/Src/stm32h7xx_it.c **** 
 153:../../CM7/Core/Src/stm32h7xx_it.c ****   /* USER CODE END DebugMonitor_IRQn 1 */
 154:../../CM7/Core/Src/stm32h7xx_it.c **** }
 148              		.loc 1 154 1 view .LVU21
 149 0000 7047     		bx	lr
 150              		.cfi_endproc
 151              	.LFE149:
 153              		.section	.text.EXTI9_5_IRQHandler,"ax",%progbits
 154              		.align	1
 155              		.global	EXTI9_5_IRQHandler
 156              		.syntax unified
 157              		.thumb
 158              		.thumb_func
 160              	EXTI9_5_IRQHandler:
 161              	.LFB150:
 155:../../CM7/Core/Src/stm32h7xx_it.c **** 
 156:../../CM7/Core/Src/stm32h7xx_it.c **** /******************************************************************************/
 157:../../CM7/Core/Src/stm32h7xx_it.c **** /* STM32H7xx Peripheral Interrupt Handlers                                    */
 158:../../CM7/Core/Src/stm32h7xx_it.c **** /* Add here the Interrupt Handlers for the used peripherals.                  */
 159:../../CM7/Core/Src/stm32h7xx_it.c **** /* For the available peripheral interrupt handler names,                      */
 160:../../CM7/Core/Src/stm32h7xx_it.c **** /* please refer to the startup file (startup_stm32h7xx.s).                    */
 161:../../CM7/Core/Src/stm32h7xx_it.c **** /******************************************************************************/
 162:../../CM7/Core/Src/stm32h7xx_it.c **** 
 163:../../CM7/Core/Src/stm32h7xx_it.c **** /**
 164:../../CM7/Core/Src/stm32h7xx_it.c ****   * @brief This function handles EXTI line[9:5] interrupts.
 165:../../CM7/Core/Src/stm32h7xx_it.c ****   */
 166:../../CM7/Core/Src/stm32h7xx_it.c **** void EXTI9_5_IRQHandler(void)
 167:../../CM7/Core/Src/stm32h7xx_it.c **** {
 162              		.loc 1 167 1 view -0
 163              		.cfi_startproc
 164              		@ args = 0, pretend = 0, frame = 0
 165              		@ frame_needed = 0, uses_anonymous_args = 0
 166 0000 08B5     		push	{r3, lr}
 167              	.LCFI0:
 168              		.cfi_def_cfa_offset 8
 169              		.cfi_offset 3, -8
 170              		.cfi_offset 14, -4
 168:../../CM7/Core/Src/stm32h7xx_it.c ****   /* USER CODE BEGIN EXTI9_5_IRQn 0 */
 169:../../CM7/Core/Src/stm32h7xx_it.c **** 
 170:../../CM7/Core/Src/stm32h7xx_it.c ****   /* USER CODE END EXTI9_5_IRQn 0 */
 171:../../CM7/Core/Src/stm32h7xx_it.c ****   HAL_GPIO_EXTI_IRQHandler(GPIO_PIN_8);
 171              		.loc 1 171 3 view .LVU23
 172 0002 4FF48070 		mov	r0, #256
 173 0006 FFF7FEFF 		bl	HAL_GPIO_EXTI_IRQHandler
 174              	.LVL0:
 172:../../CM7/Core/Src/stm32h7xx_it.c ****   /* USER CODE BEGIN EXTI9_5_IRQn 1 */
 173:../../CM7/Core/Src/stm32h7xx_it.c **** 
 174:../../CM7/Core/Src/stm32h7xx_it.c ****   /* USER CODE END EXTI9_5_IRQn 1 */
 175:../../CM7/Core/Src/stm32h7xx_it.c **** }
 175              		.loc 1 175 1 is_stmt 0 view .LVU24
ARM GAS  C:\Users\28576\AppData\Local\Temp\cc7g7bXT.s 			page 7


 176 000a 08BD     		pop	{r3, pc}
 177              		.cfi_endproc
 178              	.LFE150:
 180              		.section	.text.USART1_IRQHandler,"ax",%progbits
 181              		.align	1
 182              		.global	USART1_IRQHandler
 183              		.syntax unified
 184              		.thumb
 185              		.thumb_func
 187              	USART1_IRQHandler:
 188              	.LFB151:
 176:../../CM7/Core/Src/stm32h7xx_it.c **** 
 177:../../CM7/Core/Src/stm32h7xx_it.c **** /**
 178:../../CM7/Core/Src/stm32h7xx_it.c ****   * @brief This function handles USART1 global interrupt.
 179:../../CM7/Core/Src/stm32h7xx_it.c ****   */
 180:../../CM7/Core/Src/stm32h7xx_it.c **** void USART1_IRQHandler(void)
 181:../../CM7/Core/Src/stm32h7xx_it.c **** {
 189              		.loc 1 181 1 is_stmt 1 view -0
 190              		.cfi_startproc
 191              		@ args = 0, pretend = 0, frame = 0
 192              		@ frame_needed = 0, uses_anonymous_args = 0
 193 0000 08B5     		push	{r3, lr}
 194              	.LCFI1:
 195              		.cfi_def_cfa_offset 8
 196              		.cfi_offset 3, -8
 197              		.cfi_offset 14, -4
 182:../../CM7/Core/Src/stm32h7xx_it.c ****   /* USER CODE BEGIN USART1_IRQn 0 */
 183:../../CM7/Core/Src/stm32h7xx_it.c **** 
 184:../../CM7/Core/Src/stm32h7xx_it.c ****   /* USER CODE END USART1_IRQn 0 */
 185:../../CM7/Core/Src/stm32h7xx_it.c ****   HAL_UART_IRQHandler(&huart1);
 198              		.loc 1 185 3 view .LVU26
 199 0002 0248     		ldr	r0, .L16
 200 0004 FFF7FEFF 		bl	HAL_UART_IRQHandler
 201              	.LVL1:
 186:../../CM7/Core/Src/stm32h7xx_it.c ****   /* USER CODE BEGIN USART1_IRQn 1 */
 187:../../CM7/Core/Src/stm32h7xx_it.c **** 
 188:../../CM7/Core/Src/stm32h7xx_it.c ****   /* USER CODE END USART1_IRQn 1 */
 189:../../CM7/Core/Src/stm32h7xx_it.c **** }
 202              		.loc 1 189 1 is_stmt 0 view .LVU27
 203 0008 08BD     		pop	{r3, pc}
 204              	.L17:
 205 000a 00BF     		.align	2
 206              	.L16:
 207 000c 00000000 		.word	huart1
 208              		.cfi_endproc
 209              	.LFE151:
 211              		.section	.text.TIM6_DAC_IRQHandler,"ax",%progbits
 212              		.align	1
 213              		.global	TIM6_DAC_IRQHandler
 214              		.syntax unified
 215              		.thumb
 216              		.thumb_func
 218              	TIM6_DAC_IRQHandler:
 219              	.LFB152:
 190:../../CM7/Core/Src/stm32h7xx_it.c **** 
 191:../../CM7/Core/Src/stm32h7xx_it.c **** /**
 192:../../CM7/Core/Src/stm32h7xx_it.c ****   * @brief This function handles TIM6 global interrupt, DAC1_CH1 and DAC1_CH2 underrun error interr
ARM GAS  C:\Users\28576\AppData\Local\Temp\cc7g7bXT.s 			page 8


 193:../../CM7/Core/Src/stm32h7xx_it.c ****   */
 194:../../CM7/Core/Src/stm32h7xx_it.c **** void TIM6_DAC_IRQHandler(void)
 195:../../CM7/Core/Src/stm32h7xx_it.c **** {
 220              		.loc 1 195 1 is_stmt 1 view -0
 221              		.cfi_startproc
 222              		@ args = 0, pretend = 0, frame = 0
 223              		@ frame_needed = 0, uses_anonymous_args = 0
 224 0000 08B5     		push	{r3, lr}
 225              	.LCFI2:
 226              		.cfi_def_cfa_offset 8
 227              		.cfi_offset 3, -8
 228              		.cfi_offset 14, -4
 196:../../CM7/Core/Src/stm32h7xx_it.c ****   /* USER CODE BEGIN TIM6_DAC_IRQn 0 */
 197:../../CM7/Core/Src/stm32h7xx_it.c **** 
 198:../../CM7/Core/Src/stm32h7xx_it.c ****   /* USER CODE END TIM6_DAC_IRQn 0 */
 199:../../CM7/Core/Src/stm32h7xx_it.c ****   HAL_TIM_IRQHandler(&htim6);
 229              		.loc 1 199 3 view .LVU29
 230 0002 0248     		ldr	r0, .L20
 231 0004 FFF7FEFF 		bl	HAL_TIM_IRQHandler
 232              	.LVL2:
 200:../../CM7/Core/Src/stm32h7xx_it.c ****   /* USER CODE BEGIN TIM6_DAC_IRQn 1 */
 201:../../CM7/Core/Src/stm32h7xx_it.c **** 
 202:../../CM7/Core/Src/stm32h7xx_it.c ****   /* USER CODE END TIM6_DAC_IRQn 1 */
 203:../../CM7/Core/Src/stm32h7xx_it.c **** }
 233              		.loc 1 203 1 is_stmt 0 view .LVU30
 234 0008 08BD     		pop	{r3, pc}
 235              	.L21:
 236 000a 00BF     		.align	2
 237              	.L20:
 238 000c 00000000 		.word	htim6
 239              		.cfi_endproc
 240              	.LFE152:
 242              		.text
 243              	.Letext0:
 244              		.file 2 "C:/Users/28576/AppData/Roaming/xPacks/@xpack-dev-tools/arm-none-eabi-gcc/15.2.1-1.1.1/.co
 245              		.file 3 "C:/Users/28576/AppData/Roaming/xPacks/@xpack-dev-tools/arm-none-eabi-gcc/15.2.1-1.1.1/.co
 246              		.file 4 "../../Drivers/CMSIS/Device/ST/STM32H7xx/Include/stm32h747xx.h"
 247              		.file 5 "../../Drivers/STM32H7xx_HAL_Driver/Inc/stm32h7xx_hal_def.h"
 248              		.file 6 "../../Drivers/STM32H7xx_HAL_Driver/Inc/stm32h7xx_hal_dma.h"
 249              		.file 7 "../../Drivers/STM32H7xx_HAL_Driver/Inc/stm32h7xx_hal_tim.h"
 250              		.file 8 "../../Drivers/STM32H7xx_HAL_Driver/Inc/stm32h7xx_hal_uart.h"
 251              		.file 9 "../../Drivers/STM32H7xx_HAL_Driver/Inc/stm32h7xx_hal_gpio.h"
ARM GAS  C:\Users\28576\AppData\Local\Temp\cc7g7bXT.s 			page 9


DEFINED SYMBOLS
                            *ABS*:00000000 stm32h7xx_it.c
C:\Users\28576\AppData\Local\Temp\cc7g7bXT.s:20     .text.NMI_Handler:00000000 $t
C:\Users\28576\AppData\Local\Temp\cc7g7bXT.s:26     .text.NMI_Handler:00000000 NMI_Handler
C:\Users\28576\AppData\Local\Temp\cc7g7bXT.s:43     .text.HardFault_Handler:00000000 $t
C:\Users\28576\AppData\Local\Temp\cc7g7bXT.s:49     .text.HardFault_Handler:00000000 HardFault_Handler
C:\Users\28576\AppData\Local\Temp\cc7g7bXT.s:66     .text.MemManage_Handler:00000000 $t
C:\Users\28576\AppData\Local\Temp\cc7g7bXT.s:72     .text.MemManage_Handler:00000000 MemManage_Handler
C:\Users\28576\AppData\Local\Temp\cc7g7bXT.s:89     .text.BusFault_Handler:00000000 $t
C:\Users\28576\AppData\Local\Temp\cc7g7bXT.s:95     .text.BusFault_Handler:00000000 BusFault_Handler
C:\Users\28576\AppData\Local\Temp\cc7g7bXT.s:112    .text.UsageFault_Handler:00000000 $t
C:\Users\28576\AppData\Local\Temp\cc7g7bXT.s:118    .text.UsageFault_Handler:00000000 UsageFault_Handler
C:\Users\28576\AppData\Local\Temp\cc7g7bXT.s:135    .text.DebugMon_Handler:00000000 $t
C:\Users\28576\AppData\Local\Temp\cc7g7bXT.s:141    .text.DebugMon_Handler:00000000 DebugMon_Handler
C:\Users\28576\AppData\Local\Temp\cc7g7bXT.s:154    .text.EXTI9_5_IRQHandler:00000000 $t
C:\Users\28576\AppData\Local\Temp\cc7g7bXT.s:160    .text.EXTI9_5_IRQHandler:00000000 EXTI9_5_IRQHandler
C:\Users\28576\AppData\Local\Temp\cc7g7bXT.s:181    .text.USART1_IRQHandler:00000000 $t
C:\Users\28576\AppData\Local\Temp\cc7g7bXT.s:187    .text.USART1_IRQHandler:00000000 USART1_IRQHandler
C:\Users\28576\AppData\Local\Temp\cc7g7bXT.s:207    .text.USART1_IRQHandler:0000000c $d
C:\Users\28576\AppData\Local\Temp\cc7g7bXT.s:212    .text.TIM6_DAC_IRQHandler:00000000 $t
C:\Users\28576\AppData\Local\Temp\cc7g7bXT.s:218    .text.TIM6_DAC_IRQHandler:00000000 TIM6_DAC_IRQHandler
C:\Users\28576\AppData\Local\Temp\cc7g7bXT.s:238    .text.TIM6_DAC_IRQHandler:0000000c $d

UNDEFINED SYMBOLS
HAL_GPIO_EXTI_IRQHandler
HAL_UART_IRQHandler
huart1
HAL_TIM_IRQHandler
htim6
