ARM GAS  C:\Users\28576\AppData\Local\Temp\ccxSDOdU.s 			page 1


   1              		.cpu cortex-m7
   2              		.arch armv7e-m
   3              		.fpu fpv5-d16
   4              		.eabi_attribute 28, 1
   5              		.eabi_attribute 20, 1
   6              		.eabi_attribute 21, 1
   7              		.eabi_attribute 23, 3
   8              		.eabi_attribute 24, 1
   9              		.eabi_attribute 25, 1
  10              		.eabi_attribute 26, 1
  11              		.eabi_attribute 30, 1
  12              		.eabi_attribute 34, 1
  13              		.eabi_attribute 18, 4
  14              		.file	"stm32h7xx_hal_msp.c"
  15              		.text
  16              	.Ltext0:
  17              		.cfi_sections	.debug_frame
  18              		.file 1 "../../CM7/Core/Src/stm32h7xx_hal_msp.c"
  19              		.section	.text.HAL_MspInit,"ax",%progbits
  20              		.align	1
  21              		.global	HAL_MspInit
  22              		.syntax unified
  23              		.thumb
  24              		.thumb_func
  26              	HAL_MspInit:
  27              	.LFB144:
   1:../../CM7/Core/Src/stm32h7xx_hal_msp.c **** /* USER CODE BEGIN Header */
   2:../../CM7/Core/Src/stm32h7xx_hal_msp.c **** /**
   3:../../CM7/Core/Src/stm32h7xx_hal_msp.c ****   ******************************************************************************
   4:../../CM7/Core/Src/stm32h7xx_hal_msp.c ****   * @file         stm32h7xx_hal_msp.c
   5:../../CM7/Core/Src/stm32h7xx_hal_msp.c ****   * @brief        This file provides code for the MSP Initialization
   6:../../CM7/Core/Src/stm32h7xx_hal_msp.c ****   *               and de-Initialization codes.
   7:../../CM7/Core/Src/stm32h7xx_hal_msp.c ****   ******************************************************************************
   8:../../CM7/Core/Src/stm32h7xx_hal_msp.c ****   * @attention
   9:../../CM7/Core/Src/stm32h7xx_hal_msp.c ****   *
  10:../../CM7/Core/Src/stm32h7xx_hal_msp.c ****   * Copyright (c) 2026 STMicroelectronics.
  11:../../CM7/Core/Src/stm32h7xx_hal_msp.c ****   * All rights reserved.
  12:../../CM7/Core/Src/stm32h7xx_hal_msp.c ****   *
  13:../../CM7/Core/Src/stm32h7xx_hal_msp.c ****   * This software is licensed under terms that can be found in the LICENSE file
  14:../../CM7/Core/Src/stm32h7xx_hal_msp.c ****   * in the root directory of this software component.
  15:../../CM7/Core/Src/stm32h7xx_hal_msp.c ****   * If no LICENSE file comes with this software, it is provided AS-IS.
  16:../../CM7/Core/Src/stm32h7xx_hal_msp.c ****   *
  17:../../CM7/Core/Src/stm32h7xx_hal_msp.c ****   ******************************************************************************
  18:../../CM7/Core/Src/stm32h7xx_hal_msp.c ****   */
  19:../../CM7/Core/Src/stm32h7xx_hal_msp.c **** /* USER CODE END Header */
  20:../../CM7/Core/Src/stm32h7xx_hal_msp.c **** 
  21:../../CM7/Core/Src/stm32h7xx_hal_msp.c **** /* Includes ------------------------------------------------------------------*/
  22:../../CM7/Core/Src/stm32h7xx_hal_msp.c **** #include "main.h"
  23:../../CM7/Core/Src/stm32h7xx_hal_msp.c **** 
  24:../../CM7/Core/Src/stm32h7xx_hal_msp.c **** /* USER CODE BEGIN Includes */
  25:../../CM7/Core/Src/stm32h7xx_hal_msp.c **** 
  26:../../CM7/Core/Src/stm32h7xx_hal_msp.c **** /* USER CODE END Includes */
  27:../../CM7/Core/Src/stm32h7xx_hal_msp.c **** 
  28:../../CM7/Core/Src/stm32h7xx_hal_msp.c **** /* Private typedef -----------------------------------------------------------*/
  29:../../CM7/Core/Src/stm32h7xx_hal_msp.c **** /* USER CODE BEGIN TD */
  30:../../CM7/Core/Src/stm32h7xx_hal_msp.c **** 
  31:../../CM7/Core/Src/stm32h7xx_hal_msp.c **** /* USER CODE END TD */
ARM GAS  C:\Users\28576\AppData\Local\Temp\ccxSDOdU.s 			page 2


  32:../../CM7/Core/Src/stm32h7xx_hal_msp.c **** 
  33:../../CM7/Core/Src/stm32h7xx_hal_msp.c **** /* Private define ------------------------------------------------------------*/
  34:../../CM7/Core/Src/stm32h7xx_hal_msp.c **** /* USER CODE BEGIN Define */
  35:../../CM7/Core/Src/stm32h7xx_hal_msp.c **** 
  36:../../CM7/Core/Src/stm32h7xx_hal_msp.c **** /* USER CODE END Define */
  37:../../CM7/Core/Src/stm32h7xx_hal_msp.c **** 
  38:../../CM7/Core/Src/stm32h7xx_hal_msp.c **** /* Private macro -------------------------------------------------------------*/
  39:../../CM7/Core/Src/stm32h7xx_hal_msp.c **** /* USER CODE BEGIN Macro */
  40:../../CM7/Core/Src/stm32h7xx_hal_msp.c **** 
  41:../../CM7/Core/Src/stm32h7xx_hal_msp.c **** /* USER CODE END Macro */
  42:../../CM7/Core/Src/stm32h7xx_hal_msp.c **** 
  43:../../CM7/Core/Src/stm32h7xx_hal_msp.c **** /* Private variables ---------------------------------------------------------*/
  44:../../CM7/Core/Src/stm32h7xx_hal_msp.c **** /* USER CODE BEGIN PV */
  45:../../CM7/Core/Src/stm32h7xx_hal_msp.c **** 
  46:../../CM7/Core/Src/stm32h7xx_hal_msp.c **** /* USER CODE END PV */
  47:../../CM7/Core/Src/stm32h7xx_hal_msp.c **** 
  48:../../CM7/Core/Src/stm32h7xx_hal_msp.c **** /* Private function prototypes -----------------------------------------------*/
  49:../../CM7/Core/Src/stm32h7xx_hal_msp.c **** /* USER CODE BEGIN PFP */
  50:../../CM7/Core/Src/stm32h7xx_hal_msp.c **** 
  51:../../CM7/Core/Src/stm32h7xx_hal_msp.c **** /* USER CODE END PFP */
  52:../../CM7/Core/Src/stm32h7xx_hal_msp.c **** 
  53:../../CM7/Core/Src/stm32h7xx_hal_msp.c **** /* External functions --------------------------------------------------------*/
  54:../../CM7/Core/Src/stm32h7xx_hal_msp.c **** /* USER CODE BEGIN ExternalFunctions */
  55:../../CM7/Core/Src/stm32h7xx_hal_msp.c **** 
  56:../../CM7/Core/Src/stm32h7xx_hal_msp.c **** /* USER CODE END ExternalFunctions */
  57:../../CM7/Core/Src/stm32h7xx_hal_msp.c **** 
  58:../../CM7/Core/Src/stm32h7xx_hal_msp.c **** /* USER CODE BEGIN 0 */
  59:../../CM7/Core/Src/stm32h7xx_hal_msp.c **** 
  60:../../CM7/Core/Src/stm32h7xx_hal_msp.c **** /* USER CODE END 0 */
  61:../../CM7/Core/Src/stm32h7xx_hal_msp.c **** /**
  62:../../CM7/Core/Src/stm32h7xx_hal_msp.c ****   * Initializes the Global MSP.
  63:../../CM7/Core/Src/stm32h7xx_hal_msp.c ****   */
  64:../../CM7/Core/Src/stm32h7xx_hal_msp.c **** void HAL_MspInit(void)
  65:../../CM7/Core/Src/stm32h7xx_hal_msp.c **** {
  28              		.loc 1 65 1 view -0
  29              		.cfi_startproc
  30              		@ args = 0, pretend = 0, frame = 8
  31              		@ frame_needed = 0, uses_anonymous_args = 0
  32 0000 00B5     		push	{lr}
  33              	.LCFI0:
  34              		.cfi_def_cfa_offset 4
  35              		.cfi_offset 14, -4
  36 0002 83B0     		sub	sp, sp, #12
  37              	.LCFI1:
  38              		.cfi_def_cfa_offset 16
  66:../../CM7/Core/Src/stm32h7xx_hal_msp.c ****   /* USER CODE BEGIN MspInit 0 */
  67:../../CM7/Core/Src/stm32h7xx_hal_msp.c **** 
  68:../../CM7/Core/Src/stm32h7xx_hal_msp.c ****   /* USER CODE END MspInit 0 */
  69:../../CM7/Core/Src/stm32h7xx_hal_msp.c **** 
  70:../../CM7/Core/Src/stm32h7xx_hal_msp.c ****   __HAL_RCC_SYSCFG_CLK_ENABLE();
  39              		.loc 1 70 3 view .LVU1
  40              	.LBB2:
  41              		.loc 1 70 3 view .LVU2
  42              		.loc 1 70 3 view .LVU3
  43 0004 0A4B     		ldr	r3, .L3
  44 0006 D3F8F420 		ldr	r2, [r3, #244]
  45 000a 42F00202 		orr	r2, r2, #2
ARM GAS  C:\Users\28576\AppData\Local\Temp\ccxSDOdU.s 			page 3


  46 000e C3F8F420 		str	r2, [r3, #244]
  47              		.loc 1 70 3 view .LVU4
  48 0012 D3F8F430 		ldr	r3, [r3, #244]
  49 0016 03F00203 		and	r3, r3, #2
  50 001a 0193     		str	r3, [sp, #4]
  51              		.loc 1 70 3 view .LVU5
  52 001c 019B     		ldr	r3, [sp, #4]
  53              	.LBE2:
  54              		.loc 1 70 3 view .LVU6
  71:../../CM7/Core/Src/stm32h7xx_hal_msp.c **** 
  72:../../CM7/Core/Src/stm32h7xx_hal_msp.c ****   /* System interrupt init*/
  73:../../CM7/Core/Src/stm32h7xx_hal_msp.c ****   /* PendSV_IRQn interrupt configuration */
  74:../../CM7/Core/Src/stm32h7xx_hal_msp.c ****   HAL_NVIC_SetPriority(PendSV_IRQn, 15, 0);
  55              		.loc 1 74 3 view .LVU7
  56 001e 0022     		movs	r2, #0
  57 0020 0F21     		movs	r1, #15
  58 0022 6FF00100 		mvn	r0, #1
  59 0026 FFF7FEFF 		bl	HAL_NVIC_SetPriority
  60              	.LVL0:
  75:../../CM7/Core/Src/stm32h7xx_hal_msp.c **** 
  76:../../CM7/Core/Src/stm32h7xx_hal_msp.c ****   /* USER CODE BEGIN MspInit 1 */
  77:../../CM7/Core/Src/stm32h7xx_hal_msp.c **** 
  78:../../CM7/Core/Src/stm32h7xx_hal_msp.c ****   /* USER CODE END MspInit 1 */
  79:../../CM7/Core/Src/stm32h7xx_hal_msp.c **** }
  61              		.loc 1 79 1 is_stmt 0 view .LVU8
  62 002a 03B0     		add	sp, sp, #12
  63              	.LCFI2:
  64              		.cfi_def_cfa_offset 4
  65              		@ sp needed
  66 002c 00BD     		pop	{pc}
  67              	.L4:
  68 002e 00BF     		.align	2
  69              	.L3:
  70 0030 00440258 		.word	1476543488
  71              		.cfi_endproc
  72              	.LFE144:
  74              		.text
  75              	.Letext0:
  76              		.file 2 "../../Drivers/CMSIS/Device/ST/STM32H7xx/Include/stm32h747xx.h"
  77              		.file 3 "C:/Users/28576/AppData/Roaming/xPacks/@xpack-dev-tools/arm-none-eabi-gcc/15.2.1-1.1.1/.co
  78              		.file 4 "C:/Users/28576/AppData/Roaming/xPacks/@xpack-dev-tools/arm-none-eabi-gcc/15.2.1-1.1.1/.co
  79              		.file 5 "../../Drivers/STM32H7xx_HAL_Driver/Inc/stm32h7xx_hal_cortex.h"
ARM GAS  C:\Users\28576\AppData\Local\Temp\ccxSDOdU.s 			page 4


DEFINED SYMBOLS
                            *ABS*:00000000 stm32h7xx_hal_msp.c
C:\Users\28576\AppData\Local\Temp\ccxSDOdU.s:20     .text.HAL_MspInit:00000000 $t
C:\Users\28576\AppData\Local\Temp\ccxSDOdU.s:26     .text.HAL_MspInit:00000000 HAL_MspInit
C:\Users\28576\AppData\Local\Temp\ccxSDOdU.s:70     .text.HAL_MspInit:00000030 $d

UNDEFINED SYMBOLS
HAL_NVIC_SetPriority
